2026-02-16 11:31:32,012   | INFO     | BioCoin Test Script[0m
2026-02-16 11:31:32,013   | INFO     | Searching for the BioCoin device named "Biocoin"...[0m
2026-02-16 11:31:32,013   | INFO     | Scanning for devices...[0m
[34m2026-02-16 11:31:32,237   | DEBUG    | Received 40:D7:D2:F3:80:1B: .[0m
[34m2026-02-16 11:31:32,299   | DEBUG    | Received CD:89:AF:2D:2B:2B: .[0m
[34m2026-02-16 11:31:32,301   | DEBUG    | Received CD:89:AF:2D:2B:2B: BioCoin.[0m
[34m2026-02-16 11:31:32,413   | DEBUG    | Received 61:16:A8:DE:90:79: .[0m
[34m2026-02-16 11:31:32,415   | DEBUG    | Received 61:16:A8:DE:90:79: .[0m
[34m2026-02-16 11:31:32,681   | DEBUG    | Received 6C:6A:32:37:EB:4D: .[0m
[34m2026-02-16 11:31:32,682   | DEBUG    | Received 6C:6A:32:37:EB:4D: .[0m
[34m2026-02-16 11:31:32,685   | DEBUG    | Received CD:89:AF:2D:2B:2B: .[0m
[34m2026-02-16 11:31:32,688   | DEBUG    | Received CD:89:AF:2D:2B:2B: BioCoin.[0m
[34m2026-02-16 11:31:32,770   | DEBUG    | Received 55:D0:6F:77:7B:7B: .[0m
[34m2026-02-16 11:31:32,797   | DEBUG    | Received CD:89:AF:2D:2B:2B: .[0m
[34m2026-02-16 11:31:32,798   | DEBUG    | Received CD:89:AF:2D:2B:2B: BioCoin.[0m
[34m2026-02-16 11:31:32,901   | DEBUG    | Received CD:89:AF:2D:2B:2B: .[0m
[34m2026-02-16 11:31:32,904   | DEBUG    | Received CD:89:AF:2D:2B:2B: BioCoin.[0m
[34m2026-02-16 11:31:32,905   | DEBUG    | Received 25:DD:44:4B:BB:54: .[0m
[34m2026-02-16 11:31:32,914   | DEBUG    | Received 3E:55:76:6F:E6:64: .[0m
[34m2026-02-16 11:31:32,915   | DEBUG    | Received 3E:55:76:6F:E6:64: .[0m
[34m2026-02-16 11:31:33,007   | DEBUG    | Received CD:89:AF:2D:2B:2B: .[0m
[34m2026-02-16 11:31:33,009   | DEBUG    | Received CD:89:AF:2D:2B:2B: BioCoin.[0m
[34m2026-02-16 11:31:33,011   | DEBUG    | Received 7B:11:82:F4:71:D0: .[0m
[34m2026-02-16 11:31:33,012   | DEBUG    | Received 7B:11:82:F4:71:D0: .[0m
[34m2026-02-16 11:31:33,020   | DEBUG    | Received 3E:55:76:6F:E6:64: .[0m
[34m2026-02-16 11:31:33,024   | DEBUG    | Received 3E:55:76:6F:E6:64: .[0m
[34m2026-02-16 11:31:33,026   | DEBUG    | Received 3E:55:76:6F:E6:64: .[0m
[34m2026-02-16 11:31:33,037   | DEBUG    | Received CD:89:AF:2D:2B:2B: .[0m
[34m2026-02-16 11:31:33,039   | DEBUG    | Received CD:89:AF:2D:2B:2B: BioCoin.[0m
[34m2026-02-16 11:31:33,123   | DEBUG    | Received 25:DD:44:4B:BB:54: .[0m
[34m2026-02-16 11:31:33,131   | DEBUG    | Received 3E:55:76:6F:E6:64: .[0m
[34m2026-02-16 11:31:33,146   | DEBUG    | Received CD:89:AF:2D:2B:2B: .[0m
[34m2026-02-16 11:31:33,147   | DEBUG    | Received CD:89:AF:2D:2B:2B: BioCoin.[0m
[34m2026-02-16 11:31:33,359   | DEBUG    | Received CD:89:AF:2D:2B:2B: .[0m
[34m2026-02-16 11:31:33,361   | DEBUG    | Received CD:89:AF:2D:2B:2B: BioCoin.[0m
[34m2026-02-16 11:31:33,363   | DEBUG    | Received 2D:4A:43:4F:8D:68: .[0m
[34m2026-02-16 11:31:33,599   | DEBUG    | Received 55:D0:6F:77:7B:7B: .[0m
[34m2026-02-16 11:31:33,601   | DEBUG    | Received 55:D0:6F:77:7B:7B: .[0m
[34m2026-02-16 11:31:33,607   | DEBUG    | Received CD:89:AF:2D:2B:2B: .[0m
[34m2026-02-16 11:31:33,608   | DEBUG    | Received CD:89:AF:2D:2B:2B: BioCoin.[0m
[34m2026-02-16 11:31:33,621   | DEBUG    | Received 6C:6A:32:37:EB:4D: .[0m
[34m2026-02-16 11:31:33,623   | DEBUG    | Received 6C:6A:32:37:EB:4D: .[0m
[34m2026-02-16 11:31:33,722   | DEBUG    | Received 53:5D:DC:E9:00:50: .[0m
[34m2026-02-16 11:31:33,740   | DEBUG    | Received CD:89:AF:2D:2B:2B: .[0m
[34m2026-02-16 11:31:33,741   | DEBUG    | Received CD:89:AF:2D:2B:2B: BioCoin.[0m
[34m2026-02-16 11:31:33,857   | DEBUG    | Received 25:DD:44:4B:BB:54: .[0m
[34m2026-02-16 11:31:33,953   | DEBUG    | Received CD:89:AF:2D:2B:2B: .[0m
[34m2026-02-16 11:31:33,954   | DEBUG    | Received CD:89:AF:2D:2B:2B: BioCoin.[0m
[34m2026-02-16 11:31:34,078   | DEBUG    | Received 3E:55:76:6F:E6:64: .[0m
[34m2026-02-16 11:31:34,087   | DEBUG    | Received CD:89:AF:2D:2B:2B: .[0m
[34m2026-02-16 11:31:34,092   | DEBUG    | Received CD:89:AF:2D:2B:2B: BioCoin.[0m
[34m2026-02-16 11:31:34,092   | DEBUG    | Received 61:16:A8:DE:90:79: .[0m
[34m2026-02-16 11:31:34,093   | DEBUG    | Received 61:16:A8:DE:90:79: .[0m
[34m2026-02-16 11:31:34,097   | DEBUG    | Received 2D:4A:43:4F:8D:68: .[0m
[34m2026-02-16 11:31:34,216   | DEBUG    | Received 6C:6A:32:37:EB:4D: .[0m
[34m2026-02-16 11:31:34,218   | DEBUG    | Received 6C:6A:32:37:EB:4D: .[0m
[34m2026-02-16 11:31:34,302   | DEBUG    | Received 60:D6:EF:AC:52:03: .[0m
[34m2026-02-16 11:31:34,308   | DEBUG    | Received CD:89:AF:2D:2B:2B: .[0m
[34m2026-02-16 11:31:34,310   | DEBUG    | Received CD:89:AF:2D:2B:2B: BioCoin.[0m
[34m2026-02-16 11:31:34,907   | DEBUG    | Received 40:49:D7:10:84:30: .[0m
[34m2026-02-16 11:31:34,908   | DEBUG    | Received 40:49:D7:10:84:30: .[0m
[34m2026-02-16 11:31:34,919   | DEBUG    | Received CD:89:AF:2D:2B:2B: .[0m
[34m2026-02-16 11:31:34,921   | DEBUG    | Received CD:89:AF:2D:2B:2B: BioCoin.[0m
[34m2026-02-16 11:31:34,933   | DEBUG    | Received 3E:55:76:6F:E6:64: .[0m
[34m2026-02-16 11:31:34,935   | DEBUG    | Received 3E:55:76:6F:E6:64: .[0m
[34m2026-02-16 11:31:35,013   | DEBUG    | Received 61:16:A8:DE:90:79: .[0m
[34m2026-02-16 11:31:35,014   | DEBUG    | Received 61:16:A8:DE:90:79: .[0m
[34m2026-02-16 11:31:35,031   | DEBUG    | Received 3E:55:76:6F:E6:64: .[0m
[34m2026-02-16 11:31:35,035   | DEBUG    | Received 25:DD:44:4B:BB:54: .[0m
[34m2026-02-16 11:31:35,050   | DEBUG    | Received 2D:4A:43:4F:8D:68: .[0m
[34m2026-02-16 11:31:35,128   | DEBUG    | Received CD:89:AF:2D:2B:2B: .[0m
[34m2026-02-16 11:31:35,129   | DEBUG    | Received CD:89:AF:2D:2B:2B: BioCoin.[0m
[34m2026-02-16 11:31:35,140   | DEBUG    | Received 3E:55:76:6F:E6:64: .[0m
[34m2026-02-16 11:31:35,142   | DEBUG    | Received 3E:55:76:6F:E6:64: .[0m
[34m2026-02-16 11:31:35,158   | DEBUG    | Received 2D:4A:43:4F:8D:68: .[0m
[34m2026-02-16 11:31:35,164   | DEBUG    | Received CD:89:AF:2D:2B:2B: .[0m
[34m2026-02-16 11:31:35,165   | DEBUG    | Received CD:89:AF:2D:2B:2B: BioCoin.[0m
[34m2026-02-16 11:31:35,253   | DEBUG    | Received 55:D0:6F:77:7B:7B: .[0m
[34m2026-02-16 11:31:35,255   | DEBUG    | Received 55:D0:6F:77:7B:7B: .[0m
[34m2026-02-16 11:31:35,257   | DEBUG    | Received 25:DD:44:4B:BB:54: .[0m
[34m2026-02-16 11:31:35,263   | DEBUG    | Received 2D:4A:43:4F:8D:68: .[0m
[34m2026-02-16 11:31:35,283   | DEBUG    | Received 40:49:D7:10:84:30: .[0m
[34m2026-02-16 11:31:35,364   | DEBUG    | Received 2D:4A:43:4F:8D:68: .[0m
[34m2026-02-16 11:31:35,376   | DEBUG    | Received CD:89:AF:2D:2B:2B: .[0m
[34m2026-02-16 11:31:35,378   | DEBUG    | Received CD:89:AF:2D:2B:2B: BioCoin.[0m
[34m2026-02-16 11:31:35,446   | DEBUG    | Received 47:29:70:C0:26:F8: .[0m
[34m2026-02-16 11:31:35,598   | DEBUG    | Received 7B:11:82:F4:71:D0: .[0m
[34m2026-02-16 11:31:35,600   | DEBUG    | Received 7B:11:82:F4:71:D0: .[0m
[34m2026-02-16 11:31:35,617   | DEBUG    | Received CD:89:AF:2D:2B:2B: .[0m
[34m2026-02-16 11:31:35,621   | DEBUG    | Received CD:89:AF:2D:2B:2B: BioCoin.[0m
[34m2026-02-16 11:31:35,854   | DEBUG    | Received CD:89:AF:2D:2B:2B: .[0m
[34m2026-02-16 11:31:35,856   | DEBUG    | Received CD:89:AF:2D:2B:2B: BioCoin.[0m
[34m2026-02-16 11:31:35,977   | DEBUG    | Received 7B:11:82:F4:71:D0: .[0m
[34m2026-02-16 11:31:35,980   | DEBUG    | Received 7B:11:82:F4:71:D0: .[0m
[34m2026-02-16 11:31:35,982   | DEBUG    | Received 3E:55:76:6F:E6:64: .[0m
[34m2026-02-16 11:31:36,101   | DEBUG    | Received CD:89:AF:2D:2B:2B: .[0m
[34m2026-02-16 11:31:36,103   | DEBUG    | Received CD:89:AF:2D:2B:2B: BioCoin.[0m
[34m2026-02-16 11:31:36,207   | DEBUG    | Received 7C:3C:3C:50:A0:BF: .[0m
[34m2026-02-16 11:31:36,208   | DEBUG    | Received 7C:3C:3C:50:A0:BF: .[0m
[34m2026-02-16 11:31:36,326   | DEBUG    | Received 53:5D:DC:E9:00:50: .[0m
[34m2026-02-16 11:31:36,551   | DEBUG    | Received 2D:4A:43:4F:8D:68: .[0m
[34m2026-02-16 11:31:36,558   | DEBUG    | Received CD:89:AF:2D:2B:2B: .[0m
[34m2026-02-16 11:31:36,560   | DEBUG    | Received CD:89:AF:2D:2B:2B: BioCoin.[0m
[34m2026-02-16 11:31:36,675   | DEBUG    | Received 61:16:A8:DE:90:79: .[0m
[34m2026-02-16 11:31:36,727   | DEBUG    | Received CD:89:AF:2D:2B:2B: .[0m
[34m2026-02-16 11:31:36,802   | DEBUG    | Received CD:89:AF:2D:2B:2B: .[0m
[34m2026-02-16 11:31:36,803   | DEBUG    | Received CD:89:AF:2D:2B:2B: BioCoin.[0m
[34m2026-02-16 11:31:36,816   | DEBUG    | Received 3E:55:76:6F:E6:64: .[0m
[34m2026-02-16 11:31:36,900   | DEBUG    | Received 55:D0:6F:77:7B:7B: .[0m
[34m2026-02-16 11:31:36,901   | DEBUG    | Received 55:D0:6F:77:7B:7B: .[0m
[34m2026-02-16 11:31:36,904   | DEBUG    | Received CD:89:AF:2D:2B:2B: .[0m
[34m2026-02-16 11:31:36,905   | DEBUG    | Received CD:89:AF:2D:2B:2B: BioCoin.[0m
[34m2026-02-16 11:31:36,907   | DEBUG    | Received 40:D7:D2:F3:80:1B: .[0m
[34m2026-02-16 11:31:36,921   | DEBUG    | Received 3E:55:76:6F:E6:64: .[0m
[34m2026-02-16 11:31:36,923   | DEBUG    | Received 3E:55:76:6F:E6:64: .[0m
[34m2026-02-16 11:31:37,042   | DEBUG    | Received 60:D6:EF:AC:52:03: .[0m
[34m2026-02-16 11:31:37,043   | DEBUG    | Received 60:D6:EF:AC:52:03: .[0m
[34m2026-02-16 11:31:37,129   | DEBUG    | 14 devices found. Watcher status: <BluetoothLEAdvertisementWatcherStatus.STOPPED: 3>.[0m
[34m2026-02-16 11:31:37,129   | DEBUG    | 	Device: Unknown (40:D7:D2:F3:80:1B) | UUIDs: [][0m
[34m2026-02-16 11:31:37,129   | DEBUG    | 	Device: BioCoin (CD:89:AF:2D:2B:2B) | UUIDs: ['00001523-1212-efde-1523-785feabc93aa'][0m
[34m2026-02-16 11:31:37,130   | DEBUG    | 	Device: Unknown (61:16:A8:DE:90:79) | UUIDs: [][0m
[34m2026-02-16 11:31:37,130   | DEBUG    | 	Device: Unknown (6C:6A:32:37:EB:4D) | UUIDs: [][0m
[34m2026-02-16 11:31:37,130   | DEBUG    | 	Device: Unknown (55:D0:6F:77:7B:7B) | UUIDs: [][0m
[34m2026-02-16 11:31:37,130   | DEBUG    | 	Device: Unknown (25:DD:44:4B:BB:54) | UUIDs: [][0m
[34m2026-02-16 11:31:37,130   | DEBUG    | 	Device: Unknown (3E:55:76:6F:E6:64) | UUIDs: ['0000fe78-0000-1000-8000-00805f9b34fb'][0m
[34m2026-02-16 11:31:37,130   | DEBUG    | 	Device: Unknown (7B:11:82:F4:71:D0) | UUIDs: [][0m
[34m2026-02-16 11:31:37,130   | DEBUG    | 	Device: Unknown (2D:4A:43:4F:8D:68) | UUIDs: [][0m
[34m2026-02-16 11:31:37,130   | DEBUG    | 	Device: Unknown (53:5D:DC:E9:00:50) | UUIDs: [][0m
[34m2026-02-16 11:31:37,130   | DEBUG    | 	Device: Unknown (60:D6:EF:AC:52:03) | UUIDs: [][0m
[34m2026-02-16 11:31:37,130   | DEBUG    | 	Device: Unknown (40:49:D7:10:84:30) | UUIDs: [][0m
[34m2026-02-16 11:31:37,130   | DEBUG    | 	Device: Unknown (47:29:70:C0:26:F8) | UUIDs: [][0m
[34m2026-02-16 11:31:37,130   | DEBUG    | 	Device: Unknown (7C:3C:3C:50:A0:BF) | UUIDs: ['0000fe9f-0000-1000-8000-00805f9b34fb'][0m
2026-02-16 11:31:37,131   | INFO     | Found BioCoin device at CD:89:AF:2D:2B:2B![0m
[34m2026-02-16 11:31:37,166   | DEBUG    | Received 2D:4A:43:4F:8D:68: .[0m
[34m2026-02-16 11:31:37,168   | DEBUG    | Received 55:D0:6F:77:7B:7B: .[0m
[34m2026-02-16 11:31:37,280   | DEBUG    | Received 7B:11:82:F4:71:D0: .[0m
[34m2026-02-16 11:31:37,281   | DEBUG    | Received 7B:11:82:F4:71:D0: .[0m
[34m2026-02-16 11:31:37,293   | DEBUG    | Received FF:90:CA:35:A5:61: .[0m
[34m2026-02-16 11:31:37,430   | DEBUG    | Received EC:A9:07:0A:76:8E: .[0m
[34m2026-02-16 11:31:37,552   | DEBUG    | Received 3E:55:76:6F:E6:64: .[0m
[34m2026-02-16 11:31:37,554   | DEBUG    | Received 3E:55:76:6F:E6:64: .[0m
[34m2026-02-16 11:31:37,640   | DEBUG    | Received CD:89:AF:2D:2B:2B: .[0m
[34m2026-02-16 11:31:37,642   | DEBUG    | Received CD:89:AF:2D:2B:2B: BioCoin.[0m
[34m2026-02-16 11:31:37,642   | DEBUG    | 7 devices found. Watcher status: <BluetoothLEAdvertisementWatcherStatus.STOPPED: 3>.[0m
[34m2026-02-16 11:31:37,642   | DEBUG    | Connecting to BLE device @ CD:89:AF:2D:2B:2B[0m
[34m2026-02-16 11:31:37,716   | DEBUG    | getting services (service_cache_mode=None, cache_mode=None)...[0m
[34m2026-02-16 11:31:37,779   | DEBUG    | session_status_changed_event_handler: id: BluetoothLE#BluetoothLE2c:6d:c1:90:b4:0f-cd:89:af:2d:2b:2b, error: <BluetoothError.SUCCESS: 0>, status: <GattSessionStatus.ACTIVE: 1>[0m
[34m2026-02-16 11:31:37,795   | DEBUG    | max_pdu_size_changed_handler: 247[0m
[34m2026-02-16 11:31:37,873   | DEBUG    | CD:89:AF:2D:2B:2B: services changed[0m
[34m2026-02-16 11:31:38,225   | DEBUG    | CD:89:AF:2D:2B:2B: services changed[0m
2026-02-16 11:31:38,602   | INFO     | Connected to BioCoin device at CD:89:AF:2D:2B:2B.[0m
[34m2026-02-16 11:31:38,617   | DEBUG    | Read Characteristic 0022 : bytearray(b'\x00')[0m
2026-02-16 11:31:38,617   | INFO     | Battery Level: 0%[0m
2026-02-16 11:31:38,618   | INFO     | Sending IMP technique parameters...[0m
[34m2026-02-16 11:31:48,222   | DEBUG    | session_status_changed_event_handler: id: BluetoothLE#BluetoothLE2c:6d:c1:90:b4:0f-cd:89:af:2d:2b:2b, error: <BluetoothError.SUCCESS: 0>, status: <GattSessionStatus.CLOSED: 0>[0m
[34m2026-02-16 11:31:48,222   | DEBUG    | closing requester[0m
[34m2026-02-16 11:31:48,223   | DEBUG    | max_pdu_size_changed_handler: 23[0m
[34m2026-02-16 11:31:48,229   | DEBUG    | closing session[0m
[31m2026-02-16 11:31:48,231   | ERROR    | [WinError -2147023673] The operation was canceled by the user
Traceback (most recent call last):
  File "C:\Users\akoruprolu\Documents\Biocoin\software\src\main.py", line 148, in main
    await Imp.configure(
    ...<10 lines>...
        sweepLog=True)
  File "C:\Users\akoruprolu\Documents\Biocoin\software\src\biocoin\techniques\Impedance.py", line 113, in configure
    await self.device.write_technique_config(payload)
  File "C:\Users\akoruprolu\Documents\Biocoin\software\src\biocoin\device.py", line 202, in write_technique_config
    await self.client.write_gatt_char(tech_char, bytearray(config_bytes))
  File "C:\Users\akoruprolu\Documents\Biocoin\software\.venv\Lib\site-packages\bleak\__init__.py", line 786, in write_gatt_char
    await self._backend.write_gatt_char(characteristic, data, response)
  File "C:\Users\akoruprolu\Documents\Biocoin\software\.venv\Lib\site-packages\bleak\backends\winrt\client.py", line 906, in write_gatt_char
    await characteristic.obj.write_value_with_result_async(buf, response),
    ^^^^^^^^^^^^^^^^^^^^^^^^^^^^^^^^^^^^^^^^^^^^^^^^^^^^^^^^^^^^^^^^^^^^^
OSError: [WinError -2147023673] The operation was canceled by the user[0m
