2026-02-02 19:20:06,596   | INFO     | BioCoin Test Script[0m
2026-02-02 19:20:06,596   | INFO     | Searching for the BioCoin device named "Biocoin"...[0m
2026-02-02 19:20:06,597   | INFO     | Scanning for devices...[0m
[34m2026-02-02 19:20:06,771   | DEBUG    | Received 57:9F:ED:E8:42:61: .[0m
[34m2026-02-02 19:20:06,778   | DEBUG    | Received 16:5C:E3:40:0A:BF: .[0m
[34m2026-02-02 19:20:06,780   | DEBUG    | Received 84:C0:EF:0A:5E:7B: .[0m
[34m2026-02-02 19:20:06,782   | DEBUG    | Received 84:C0:EF:0A:5E:7B: [TV]Hall office TV.[0m
[34m2026-02-02 19:20:06,784   | DEBUG    | Received 1C:69:20:85:D5:DE: Fellow Aiden D5DC.[0m
[34m2026-02-02 19:20:06,795   | DEBUG    | Received 38:7C:5D:32:06:A3: .[0m
[34m2026-02-02 19:20:06,885   | DEBUG    | Received 76:6F:76:8B:06:8D: .[0m
[34m2026-02-02 19:20:06,887   | DEBUG    | Received 76:6F:76:8B:06:8D: .[0m
[34m2026-02-02 19:20:06,889   | DEBUG    | Received 84:C0:EF:0A:5E:7B: .[0m
[34m2026-02-02 19:20:06,891   | DEBUG    | Received 84:C0:EF:0A:5E:7B: [TV]Hall office TV.[0m
[34m2026-02-02 19:20:06,901   | DEBUG    | Received 19:FF:DB:0F:36:46: .[0m
[34m2026-02-02 19:20:07,006   | DEBUG    | Received 90:DE:80:E1:90:28: .[0m
[34m2026-02-02 19:20:07,010   | DEBUG    | Received D4:FE:41:68:CC:F0: .[0m
[34m2026-02-02 19:20:07,012   | DEBUG    | Received D4:FE:41:68:CC:F0: .[0m
[34m2026-02-02 19:20:07,015   | DEBUG    | Received 84:C0:EF:0A:5E:7B: .[0m
[34m2026-02-02 19:20:07,017   | DEBUG    | Received 30:DA:31:C2:FE:47: .[0m
[34m2026-02-02 19:20:07,024   | DEBUG    | Received D2:EA:A9:E1:8F:C2: .[0m
[34m2026-02-02 19:20:07,025   | DEBUG    | Received D2:EA:A9:E1:8F:C2: .[0m
[34m2026-02-02 19:20:07,028   | DEBUG    | Received 90:DE:80:E1:81:C6: .[0m
[34m2026-02-02 19:20:07,030   | DEBUG    | Received 24:D4:9A:24:48:4F: .[0m
[34m2026-02-02 19:20:07,122   | DEBUG    | Received 03:F9:84:87:02:B4: .[0m
[34m2026-02-02 19:20:07,126   | DEBUG    | Received 43:78:02:D5:96:80: .[0m
[34m2026-02-02 19:20:07,128   | DEBUG    | Received 43:78:02:D5:96:80: .[0m
[34m2026-02-02 19:20:07,240   | DEBUG    | Received 5A:72:95:58:B9:2D: .[0m
[34m2026-02-02 19:20:07,247   | DEBUG    | Received 67:C2:8F:1B:6B:64: .[0m
[34m2026-02-02 19:20:07,253   | DEBUG    | Received 67:C2:8F:1B:6B:64: .[0m
[34m2026-02-02 19:20:07,257   | DEBUG    | Received 07:46:64:F2:74:57: .[0m
[34m2026-02-02 19:20:07,258   | DEBUG    | Received 2D:C5:7E:F9:D7:6C: .[0m
[34m2026-02-02 19:20:07,261   | DEBUG    | Received 2A:ED:53:A6:B8:67: .[0m
[34m2026-02-02 19:20:07,262   | DEBUG    | Received 04:87:82:8E:E9:6B: .[0m
[34m2026-02-02 19:20:07,265   | DEBUG    | Received 32:9A:E3:6F:41:06: .[0m
[34m2026-02-02 19:20:07,357   | DEBUG    | Received 2A:ED:53:A6:B8:67: .[0m
[34m2026-02-02 19:20:07,358   | DEBUG    | Received 04:87:82:8E:E9:6B: .[0m
[34m2026-02-02 19:20:07,369   | DEBUG    | Received 7E:EB:8B:AA:5C:CF: .[0m
[34m2026-02-02 19:20:07,371   | DEBUG    | Received 7E:EB:8B:AA:5C:CF: .[0m
[34m2026-02-02 19:20:07,374   | DEBUG    | Received 63:DF:26:E1:F1:DC: .[0m
[34m2026-02-02 19:20:07,398   | DEBUG    | Received 00:E0:4C:23:99:87: .[0m
[34m2026-02-02 19:20:07,401   | DEBUG    | Received 74:9E:BE:F9:72:E0: .[0m
[34m2026-02-02 19:20:07,406   | DEBUG    | Received 84:C0:EF:0A:5E:7B: .[0m
[34m2026-02-02 19:20:07,408   | DEBUG    | Received 84:C0:EF:0A:5E:7B: [TV]Hall office TV.[0m
[34m2026-02-02 19:20:07,410   | DEBUG    | Received 1E:93:DE:50:FD:8D: .[0m
[34m2026-02-02 19:20:07,413   | DEBUG    | Received 61:98:CE:CE:60:A5: .[0m
[34m2026-02-02 19:20:07,476   | DEBUG    | Received 32:9A:E3:6F:41:06: .[0m
[34m2026-02-02 19:20:07,481   | DEBUG    | Received 84:C0:EF:0A:5E:7B: .[0m
[34m2026-02-02 19:20:07,483   | DEBUG    | Received 84:C0:EF:0A:5E:7B: [TV]Hall office TV.[0m
[34m2026-02-02 19:20:07,485   | DEBUG    | Received 50:87:8C:B9:96:FD: .[0m
[34m2026-02-02 19:20:07,491   | DEBUG    | Received 7C:F0:37:27:E2:35: .[0m
[34m2026-02-02 19:20:07,493   | DEBUG    | Received 7C:F0:37:27:E2:35: .[0m
[34m2026-02-02 19:20:07,495   | DEBUG    | Received 90:DE:80:E1:73:6A: .[0m
[34m2026-02-02 19:20:07,499   | DEBUG    | Received C8:2E:18:CF:ED:52: .[0m
[34m2026-02-02 19:20:07,595   | DEBUG    | Received 57:9F:ED:E8:42:61: .[0m
[34m2026-02-02 19:20:07,597   | DEBUG    | Received 57:9F:ED:E8:42:61: .[0m
[34m2026-02-02 19:20:07,602   | DEBUG    | Received 84:C0:EF:0A:5E:7B: .[0m
[34m2026-02-02 19:20:07,604   | DEBUG    | Received 84:C0:EF:0A:5E:7B: [TV]Hall office TV.[0m
[34m2026-02-02 19:20:07,605   | DEBUG    | Received 5A:72:95:58:B9:2D: .[0m
[34m2026-02-02 19:20:07,612   | DEBUG    | Received 16:5C:E3:40:0A:BF: .[0m
[34m2026-02-02 19:20:07,711   | DEBUG    | Received 59:15:F0:D2:F0:D2: .[0m
[34m2026-02-02 19:20:07,717   | DEBUG    | Received 16:5C:E3:40:0A:BF: .[0m
[34m2026-02-02 19:20:07,719   | DEBUG    | Received 42:AD:39:C5:16:CA: .[0m
[34m2026-02-02 19:20:07,720   | DEBUG    | Received 42:AD:39:C5:16:CA: .[0m
[34m2026-02-02 19:20:07,728   | DEBUG    | Received 90:DE:80:E1:90:28: .[0m
[34m2026-02-02 19:20:07,736   | DEBUG    | Received 4B:D7:71:37:B8:7A: .[0m
[34m2026-02-02 19:20:07,831   | DEBUG    | Received 47:D3:CB:A6:58:8F: .[0m
[34m2026-02-02 19:20:07,847   | DEBUG    | Received 76:B9:5E:7A:25:19: .[0m
[34m2026-02-02 19:20:07,849   | DEBUG    | Received 76:B9:5E:7A:25:19: .[0m
[34m2026-02-02 19:20:07,951   | DEBUG    | Received 90:DE:80:E1:81:C6: .[0m
[34m2026-02-02 19:20:07,967   | DEBUG    | Received 03:F9:84:87:02:B4: .[0m
[34m2026-02-02 19:20:08,066   | DEBUG    | Received CD:89:AF:2D:2B:2B: .[0m
[34m2026-02-02 19:20:08,069   | DEBUG    | Received CD:89:AF:2D:2B:2B: BioCoin.[0m
[34m2026-02-02 19:20:08,078   | DEBUG    | Received 84:C0:EF:0A:5E:7B: .[0m
[34m2026-02-02 19:20:08,080   | DEBUG    | Received 84:C0:EF:0A:5E:7B: [TV]Hall office TV.[0m
[34m2026-02-02 19:20:08,082   | DEBUG    | Received 04:87:82:8E:E9:6B: .[0m
[34m2026-02-02 19:20:08,084   | DEBUG    | Received C0:1F:73:FC:89:4F: .[0m
[34m2026-02-02 19:20:08,085   | DEBUG    | Received 2D:C5:7E:F9:D7:6C: .[0m
[34m2026-02-02 19:20:08,090   | DEBUG    | Received 90:DE:80:99:19:CC: .[0m
[34m2026-02-02 19:20:08,092   | DEBUG    | Received 72:70:20:88:D0:EB: .[0m
[34m2026-02-02 19:20:08,182   | DEBUG    | Received 19:FF:DB:0F:36:46: .[0m
[34m2026-02-02 19:20:08,184   | DEBUG    | Received 04:87:82:8E:E9:6B: .[0m
[34m2026-02-02 19:20:08,193   | DEBUG    | Received 84:C0:EF:0A:5E:7B: .[0m
[34m2026-02-02 19:20:08,195   | DEBUG    | Received 84:C0:EF:0A:5E:7B: [TV]Hall office TV.[0m
[34m2026-02-02 19:20:08,198   | DEBUG    | Received 90:DE:80:99:19:CC: .[0m
[34m2026-02-02 19:20:08,302   | DEBUG    | Received 90:DE:80:99:19:CC: .[0m
[34m2026-02-02 19:20:08,306   | DEBUG    | Received D4:FE:41:68:CC:F0: .[0m
[34m2026-02-02 19:20:08,308   | DEBUG    | Received D4:FE:41:68:CC:F0: .[0m
[34m2026-02-02 19:20:08,310   | DEBUG    | Received 2A:ED:53:A6:B8:67: .[0m
[34m2026-02-02 19:20:08,312   | DEBUG    | Received 32:9A:E3:6F:41:06: .[0m
[34m2026-02-02 19:20:08,314   | DEBUG    | Received 67:1F:C3:93:B7:74: .[0m
[34m2026-02-02 19:20:08,318   | DEBUG    | Received 49:58:FC:2B:28:D0: .[0m
[34m2026-02-02 19:20:08,425   | DEBUG    | Received 1C:69:20:85:D5:DE: Fellow Aiden D5DC.[0m
[34m2026-02-02 19:20:08,426   | DEBUG    | Received 1C:69:20:85:D5:DE: .[0m
[34m2026-02-02 19:20:08,428   | DEBUG    | Received 27:74:96:96:1F:A1: .[0m
[34m2026-02-02 19:20:08,431   | DEBUG    | Received 57:9F:ED:E8:42:61: .[0m
[34m2026-02-02 19:20:08,432   | DEBUG    | Received 57:9F:ED:E8:42:61: .[0m
[34m2026-02-02 19:20:08,436   | DEBUG    | Received 90:DE:80:E1:73:6A: .[0m
[34m2026-02-02 19:20:08,438   | DEBUG    | Received 00:E0:4C:23:99:87: .[0m
[34m2026-02-02 19:20:08,446   | DEBUG    | Received 16:5C:E3:40:0A:BF: .[0m
[34m2026-02-02 19:20:08,452   | DEBUG    | Received 6C:59:30:DA:31:C3: .[0m
[34m2026-02-02 19:20:08,541   | DEBUG    | Received 90:DE:80:E1:73:6A: .[0m
[34m2026-02-02 19:20:08,685   | DEBUG    | Received 84:C0:EF:0A:5E:7B: .[0m
[34m2026-02-02 19:20:08,686   | DEBUG    | Received 84:C0:EF:0A:5E:7B: [TV]Hall office TV.[0m
[34m2026-02-02 19:20:08,692   | DEBUG    | Received F1:A8:CD:CF:E1:6E: .[0m
[34m2026-02-02 19:20:08,697   | DEBUG    | Received 19:FF:DB:0F:36:46: .[0m
[34m2026-02-02 19:20:08,701   | DEBUG    | Received 6A:31:83:5C:56:E3: .[0m
[34m2026-02-02 19:20:08,774   | DEBUG    | Received 47:D3:CB:A6:58:8F: .[0m
[34m2026-02-02 19:20:08,777   | DEBUG    | Received 43:78:02:D5:96:80: .[0m
[34m2026-02-02 19:20:08,778   | DEBUG    | Received 43:78:02:D5:96:80: .[0m
[34m2026-02-02 19:20:08,780   | DEBUG    | Received 1E:93:DE:50:FD:8D: .[0m
[34m2026-02-02 19:20:08,786   | DEBUG    | Received 30:DA:31:C2:FE:47: .[0m
[34m2026-02-02 19:20:08,897   | DEBUG    | Received 07:46:64:F2:74:57: .[0m
[34m2026-02-02 19:20:08,905   | DEBUG    | Received 19:FF:DB:0F:36:46: .[0m
[34m2026-02-02 19:20:09,010   | DEBUG    | Received 42:AD:39:C5:16:CA: .[0m
[34m2026-02-02 19:20:09,017   | DEBUG    | Received 6A:31:83:5C:56:E3: .[0m
[34m2026-02-02 19:20:09,020   | DEBUG    | Received 03:F9:84:87:02:B4: .[0m
[34m2026-02-02 19:20:09,023   | DEBUG    | Received C3:64:F7:0D:F3:D6: .[0m
[34m2026-02-02 19:20:09,030   | DEBUG    | Received 38:7C:5D:32:06:A3: .[0m
[34m2026-02-02 19:20:09,036   | DEBUG    | Received 53:69:A4:FD:11:0B: .[0m
[34m2026-02-02 19:20:09,037   | DEBUG    | Received 53:69:A4:FD:11:0B: .[0m
[34m2026-02-02 19:20:09,132   | DEBUG    | Received 04:87:82:8E:E9:6B: .[0m
[34m2026-02-02 19:20:09,135   | DEBUG    | Received 43:57:3A:BB:A0:78: .[0m
[34m2026-02-02 19:20:09,136   | DEBUG    | Received 43:57:3A:BB:A0:78: .[0m
[34m2026-02-02 19:20:09,141   | DEBUG    | Received 72:70:20:88:D0:EB: .[0m
[34m2026-02-02 19:20:09,145   | DEBUG    | Received 2A:ED:53:A6:B8:67: .[0m
[34m2026-02-02 19:20:09,247   | DEBUG    | Received 90:DE:80:99:19:CC: .[0m
[34m2026-02-02 19:20:09,249   | DEBUG    | Received 38:7C:5D:32:06:A3: .[0m
[34m2026-02-02 19:20:09,252   | DEBUG    | Received 2A:ED:53:A6:B8:67: .[0m
[34m2026-02-02 19:20:09,268   | DEBUG    | Received 84:C0:EF:0A:5E:7B: .[0m
[34m2026-02-02 19:20:09,269   | DEBUG    | Received 84:C0:EF:0A:5E:7B: [TV]Hall office TV.[0m
[34m2026-02-02 19:20:09,272   | DEBUG    | Received 00:E0:4C:23:99:87: .[0m
[34m2026-02-02 19:20:09,279   | DEBUG    | Received 4B:1C:4A:8A:1E:9B: .[0m
[34m2026-02-02 19:20:09,282   | DEBUG    | Received 49:58:FC:2B:28:D0: .[0m
[34m2026-02-02 19:20:09,378   | DEBUG    | Received 42:AD:39:C5:16:CA: .[0m
[34m2026-02-02 19:20:09,381   | DEBUG    | Received 41:47:84:AD:89:D0: .[0m
[34m2026-02-02 19:20:09,382   | DEBUG    | Received 41:47:84:AD:89:D0: .[0m
[34m2026-02-02 19:20:09,384   | DEBUG    | Received 5A:BE:CF:53:BF:55: .[0m
[34m2026-02-02 19:20:09,385   | DEBUG    | Received 5A:BE:CF:53:BF:55: .[0m
[34m2026-02-02 19:20:09,486   | DEBUG    | Received CD:89:AF:2D:2B:2B: .[0m
[34m2026-02-02 19:20:09,487   | DEBUG    | Received CD:89:AF:2D:2B:2B: BioCoin.[0m
[34m2026-02-02 19:20:09,491   | DEBUG    | Received 49:58:FC:2B:28:D0: .[0m
[34m2026-02-02 19:20:09,493   | DEBUG    | Received 49:58:FC:2B:28:D0: .[0m
[34m2026-02-02 19:20:09,495   | DEBUG    | Received 5C:49:7D:76:01:05: .[0m
[34m2026-02-02 19:20:09,496   | DEBUG    | Received 53:69:A4:FD:11:0B: .[0m
[34m2026-02-02 19:20:09,498   | DEBUG    | Received 53:69:A4:FD:11:0B: .[0m
[34m2026-02-02 19:20:09,501   | DEBUG    | Received 16:5C:E3:40:0A:BF: .[0m
[34m2026-02-02 19:20:09,506   | DEBUG    | Received 90:DE:80:E1:81:C6: .[0m
[34m2026-02-02 19:20:09,508   | DEBUG    | Received 90:DE:80:E1:90:28: .[0m
[34m2026-02-02 19:20:09,512   | DEBUG    | Received 16:5F:79:42:6F:08: .[0m
[34m2026-02-02 19:20:09,516   | DEBUG    | Received 47:42:0A:42:B1:80: .[0m
[34m2026-02-02 19:20:09,606   | DEBUG    | Received 49:58:FC:2B:28:D0: .[0m
[34m2026-02-02 19:20:09,608   | DEBUG    | Received 16:5C:E3:40:0A:BF: .[0m
[34m2026-02-02 19:20:09,616   | DEBUG    | Received 67:1F:C3:93:B7:74: .[0m
[34m2026-02-02 19:20:09,618   | DEBUG    | Received 90:DE:80:E1:90:28: .[0m
[34m2026-02-02 19:20:09,624   | DEBUG    | Received 74:9E:BE:F9:72:E0: .[0m
[34m2026-02-02 19:20:09,731   | DEBUG    | Received D4:FE:41:68:CC:F0: .[0m
[34m2026-02-02 19:20:09,733   | DEBUG    | Received D4:FE:41:68:CC:F0: .[0m
[34m2026-02-02 19:20:09,735   | DEBUG    | Received 03:F9:84:87:02:B4: .[0m
[34m2026-02-02 19:20:09,840   | DEBUG    | Received 53:69:A4:FD:11:0B: .[0m
[34m2026-02-02 19:20:09,841   | DEBUG    | Received 53:69:A4:FD:11:0B: .[0m
[34m2026-02-02 19:20:09,843   | DEBUG    | Received 84:C0:EF:0A:5E:7B: .[0m
[34m2026-02-02 19:20:09,845   | DEBUG    | Received 84:C0:EF:0A:5E:7B: [TV]Hall office TV.[0m
[34m2026-02-02 19:20:09,847   | DEBUG    | Received 03:F9:84:87:02:B4: .[0m
[34m2026-02-02 19:20:09,849   | DEBUG    | Received 90:DE:80:99:19:18: .[0m
[34m2026-02-02 19:20:09,852   | DEBUG    | Received 19:FF:DB:0F:36:46: .[0m
[34m2026-02-02 19:20:09,855   | DEBUG    | Received 67:C2:8F:1B:6B:64: .[0m
[34m2026-02-02 19:20:09,857   | DEBUG    | Received 67:C2:8F:1B:6B:64: .[0m
[34m2026-02-02 19:20:09,858   | DEBUG    | Received 35:AE:62:39:37:BD: .[0m
[34m2026-02-02 19:20:09,860   | DEBUG    | Received 49:58:FC:2B:28:D0: .[0m
[34m2026-02-02 19:20:09,863   | DEBUG    | Received 6C:42:FB:34:1D:FF: .[0m
[34m2026-02-02 19:20:09,865   | DEBUG    | Received 2D:C5:7E:F9:D7:6C: .[0m
[34m2026-02-02 19:20:09,960   | DEBUG    | Received 19:FF:DB:0F:36:46: .[0m
[34m2026-02-02 19:20:09,962   | DEBUG    | Received 84:C0:EF:0A:5E:7B: .[0m
[34m2026-02-02 19:20:09,963   | DEBUG    | Received 84:C0:EF:0A:5E:7B: [TV]Hall office TV.[0m
[34m2026-02-02 19:20:09,972   | DEBUG    | Received 90:DE:80:99:19:CC: .[0m
[34m2026-02-02 19:20:09,974   | DEBUG    | Received 27:74:96:96:1F:A1: .[0m
[34m2026-02-02 19:20:09,980   | DEBUG    | Received 7C:F0:37:27:E2:35: .[0m
[34m2026-02-02 19:20:09,981   | DEBUG    | Received 7C:F0:37:27:E2:35: .[0m
[34m2026-02-02 19:20:10,076   | DEBUG    | Received 32:9A:E3:6F:41:06: .[0m
[34m2026-02-02 19:20:10,078   | DEBUG    | Received 43:59:7C:48:F1:EA: .[0m
[34m2026-02-02 19:20:10,086   | DEBUG    | Received 53:69:A4:FD:11:0B: .[0m
[34m2026-02-02 19:20:10,087   | DEBUG    | Received 53:69:A4:FD:11:0B: .[0m
[34m2026-02-02 19:20:10,089   | DEBUG    | Received C0:1F:73:FC:89:4F: .[0m
[34m2026-02-02 19:20:10,091   | DEBUG    | Received 57:9F:ED:E8:42:61: .[0m
[34m2026-02-02 19:20:10,093   | DEBUG    | Received 57:9F:ED:E8:42:61: .[0m
[34m2026-02-02 19:20:10,095   | DEBUG    | Received CD:89:AF:2D:2B:2B: .[0m
[34m2026-02-02 19:20:10,097   | DEBUG    | Received CD:89:AF:2D:2B:2B: BioCoin.[0m
[34m2026-02-02 19:20:10,209   | DEBUG    | Received 2A:ED:53:A6:B8:67: .[0m
[34m2026-02-02 19:20:10,212   | DEBUG    | Received 90:DE:80:E1:73:6A: .[0m
[34m2026-02-02 19:20:10,213   | DEBUG    | Received 59:15:F0:D2:F0:D2: .[0m
[34m2026-02-02 19:20:10,217   | DEBUG    | Received 07:46:64:F2:74:57: .[0m
[34m2026-02-02 19:20:10,223   | DEBUG    | Received 00:E0:4C:23:99:87: .[0m
[34m2026-02-02 19:20:10,227   | DEBUG    | Received 53:69:A4:FD:11:0B: .[0m
[34m2026-02-02 19:20:10,229   | DEBUG    | Received 53:69:A4:FD:11:0B: .[0m
[34m2026-02-02 19:20:10,236   | DEBUG    | Received 84:C0:EF:0A:5E:7B: .[0m
[34m2026-02-02 19:20:10,313   | DEBUG    | Received 53:69:A4:FD:11:0B: .[0m
[34m2026-02-02 19:20:10,315   | DEBUG    | Received 90:DE:80:E1:73:6A: .[0m
[34m2026-02-02 19:20:10,317   | DEBUG    | Received 42:AD:39:C5:16:CA: .[0m
[34m2026-02-02 19:20:10,323   | DEBUG    | Received 07:46:64:F2:74:57: .[0m
[34m2026-02-02 19:20:10,329   | DEBUG    | Received 76:B9:5E:7A:25:19: .[0m
[34m2026-02-02 19:20:10,331   | DEBUG    | Received 76:B9:5E:7A:25:19: .[0m
[34m2026-02-02 19:20:10,332   | DEBUG    | Received 49:FF:63:9C:C1:EC: .[0m
[34m2026-02-02 19:20:10,428   | DEBUG    | Received 07:46:64:F2:74:57: .[0m
[34m2026-02-02 19:20:10,432   | DEBUG    | Received C8:2E:18:CF:ED:52: .[0m
[34m2026-02-02 19:20:10,433   | DEBUG    | Received C8:2E:18:CF:ED:52: classic300s.[0m
[34m2026-02-02 19:20:10,438   | DEBUG    | Received 00:E0:4C:23:99:87: .[0m
[34m2026-02-02 19:20:10,447   | DEBUG    | Received 16:5C:E3:40:0A:BF: .[0m
[34m2026-02-02 19:20:10,449   | DEBUG    | Received 53:69:A4:FD:11:0B: .[0m
[34m2026-02-02 19:20:10,451   | DEBUG    | Received 53:69:A4:FD:11:0B: .[0m
[34m2026-02-02 19:20:10,452   | DEBUG    | Received 47:D3:CB:A6:58:8F: .[0m
[34m2026-02-02 19:20:10,552   | DEBUG    | Received 00:E0:4C:23:99:87: .[0m
[34m2026-02-02 19:20:10,553   | DEBUG    | Received 1E:93:DE:50:FD:8D: .[0m
[34m2026-02-02 19:20:10,556   | DEBUG    | Received DE:B8:73:C1:4A:83: .[0m
[34m2026-02-02 19:20:10,598   | DEBUG    | Received E5:07:A0:40:4F:AF: .[0m
[34m2026-02-02 19:20:10,601   | DEBUG    | Received E5:07:A0:40:4F:AF: .[0m
[34m2026-02-02 19:20:10,603   | DEBUG    | Received 76:B9:5E:7A:25:19: .[0m
[34m2026-02-02 19:20:10,605   | DEBUG    | Received 76:B9:5E:7A:25:19: .[0m
[34m2026-02-02 19:20:10,606   | DEBUG    | Received 2D:C5:7E:F9:D7:6C: .[0m
[34m2026-02-02 19:20:10,609   | DEBUG    | Received 67:C2:8F:1B:6B:64: .[0m
[34m2026-02-02 19:20:10,610   | DEBUG    | Received 67:C2:8F:1B:6B:64: .[0m
[34m2026-02-02 19:20:10,663   | DEBUG    | Received 47:D3:CB:A6:58:8F: .[0m
[34m2026-02-02 19:20:10,666   | DEBUG    | Received 49:58:FC:2B:28:D0: .[0m
[34m2026-02-02 19:20:10,673   | DEBUG    | Received 03:F9:84:87:02:B4: .[0m
[34m2026-02-02 19:20:10,679   | DEBUG    | Received 90:DE:80:E1:90:28: .[0m
[34m2026-02-02 19:20:10,681   | DEBUG    | Received 74:9E:BE:F9:72:E0: .[0m
[34m2026-02-02 19:20:10,682   | DEBUG    | Received 19:FF:DB:0F:36:46: .[0m
[34m2026-02-02 19:20:10,689   | DEBUG    | Received 04:87:82:8E:E9:6B: .[0m
[34m2026-02-02 19:20:10,788   | DEBUG    | Received 19:FF:DB:0F:36:46: .[0m
[34m2026-02-02 19:20:10,790   | DEBUG    | Received 04:87:82:8E:E9:6B: .[0m
[34m2026-02-02 19:20:10,795   | DEBUG    | Received 67:C2:8F:1B:6B:64: .[0m
[34m2026-02-02 19:20:10,796   | DEBUG    | Received 67:C2:8F:1B:6B:64: .[0m
[34m2026-02-02 19:20:10,901   | DEBUG    | Received 04:87:82:8E:E9:6B: .[0m
[34m2026-02-02 19:20:10,904   | DEBUG    | Received 57:9F:ED:E8:42:61: .[0m
[34m2026-02-02 19:20:10,907   | DEBUG    | Received 1C:69:20:85:D5:DE: Fellow Aiden D5DC.[0m
[34m2026-02-02 19:20:10,908   | DEBUG    | Received 1C:69:20:85:D5:DE: .[0m
[34m2026-02-02 19:20:10,911   | DEBUG    | Received 76:6F:76:8B:06:8D: .[0m
[34m2026-02-02 19:20:10,913   | DEBUG    | Received 2D:C5:7E:F9:D7:6C: .[0m
[34m2026-02-02 19:20:10,915   | DEBUG    | Received D4:FE:41:68:CC:F0: .[0m
[34m2026-02-02 19:20:10,917   | DEBUG    | Received D4:FE:41:68:CC:F0: .[0m
[34m2026-02-02 19:20:10,919   | DEBUG    | Received CD:89:AF:2D:2B:2B: .[0m
[34m2026-02-02 19:20:10,921   | DEBUG    | Received CD:89:AF:2D:2B:2B: BioCoin.[0m
[34m2026-02-02 19:20:10,923   | DEBUG    | Received 6A:31:83:5C:56:E3: .[0m
[34m2026-02-02 19:20:10,924   | DEBUG    | Received 84:C0:EF:0A:5E:7B: .[0m
[34m2026-02-02 19:20:10,926   | DEBUG    | Received 84:C0:EF:0A:5E:7B: [TV]Hall office TV.[0m
[34m2026-02-02 19:20:10,930   | DEBUG    | Received 67:1F:C3:93:B7:74: .[0m
[34m2026-02-02 19:20:10,931   | DEBUG    | Received 67:1F:C3:93:B7:74: .[0m
[34m2026-02-02 19:20:10,934   | DEBUG    | Received 6C:59:30:DA:31:C3: .[0m
[34m2026-02-02 19:20:10,938   | DEBUG    | Received 38:7C:5D:32:06:A3: .[0m
[34m2026-02-02 19:20:11,021   | DEBUG    | Received 47:42:0A:42:B1:80: .[0m
[34m2026-02-02 19:20:11,024   | DEBUG    | Received 50:87:8C:B9:96:FD: .[0m
[34m2026-02-02 19:20:11,027   | DEBUG    | Received 32:9A:E3:6F:41:06: .[0m
[34m2026-02-02 19:20:11,030   | DEBUG    | Received 27:74:96:96:1F:A1: .[0m
[34m2026-02-02 19:20:11,039   | DEBUG    | Received D4:FE:41:68:CC:F0: .[0m
[34m2026-02-02 19:20:11,041   | DEBUG    | Received D4:FE:41:68:CC:F0: .[0m
[34m2026-02-02 19:20:11,148   | DEBUG    | Received 38:7C:5D:32:06:A3: .[0m
[34m2026-02-02 19:20:11,152   | DEBUG    | Received 84:C0:EF:0A:5E:7B: .[0m
[34m2026-02-02 19:20:11,153   | DEBUG    | Received 84:C0:EF:0A:5E:7B: [TV]Hall office TV.[0m
[34m2026-02-02 19:20:11,157   | DEBUG    | Received 2A:ED:53:A6:B8:67: .[0m
[34m2026-02-02 19:20:11,163   | DEBUG    | Received 90:DE:80:E1:73:6A: .[0m
[34m2026-02-02 19:20:11,255   | DEBUG    | Received 42:AD:39:C5:16:CA: .[0m
[34m2026-02-02 19:20:11,260   | DEBUG    | Received 59:15:F0:D2:F0:D2: .[0m
[34m2026-02-02 19:20:11,262   | DEBUG    | Received 2A:ED:53:A6:B8:67: .[0m
[34m2026-02-02 19:20:11,264   | DEBUG    | Received 09:59:B2:E2:C9:6F: .[0m
[34m2026-02-02 19:20:11,270   | DEBUG    | Received 63:DF:26:E1:F1:DC: .[0m
[34m2026-02-02 19:20:11,272   | DEBUG    | Received 00:E0:4C:23:99:87: .[0m
[34m2026-02-02 19:20:11,275   | DEBUG    | Received 53:69:A4:FD:11:0B: .[0m
[34m2026-02-02 19:20:11,276   | DEBUG    | Received 53:69:A4:FD:11:0B: .[0m
[34m2026-02-02 19:20:11,278   | DEBUG    | Received 4B:D7:71:37:B8:7A: .[0m
[34m2026-02-02 19:20:11,374   | DEBUG    | Received D3:5D:BD:31:5E:FB: .[0m
[34m2026-02-02 19:20:11,377   | DEBUG    | Received 7F:09:18:00:94:4F: .[0m
[34m2026-02-02 19:20:11,381   | DEBUG    | Received 90:DE:80:E1:81:C6: .[0m
[34m2026-02-02 19:20:11,383   | DEBUG    | Received 16:5C:E3:40:0A:BF: .[0m
[34m2026-02-02 19:20:11,393   | DEBUG    | Received 38:7C:5D:32:06:A3: .[0m
[34m2026-02-02 19:20:11,395   | DEBUG    | Received 47:42:0A:42:B1:80: .[0m
[34m2026-02-02 19:20:11,493   | DEBUG    | Received 67:1F:C3:93:B7:74: .[0m
[34m2026-02-02 19:20:11,493   | DEBUG    | Received 67:1F:C3:93:B7:74: .[0m
[34m2026-02-02 19:20:11,499   | DEBUG    | Received 38:7C:5D:32:06:A3: .[0m
[34m2026-02-02 19:20:11,504   | DEBUG    | Received 4B:D7:71:37:B8:7A: .[0m
[34m2026-02-02 19:20:11,505   | DEBUG    | Received 4B:D7:71:37:B8:7A: LE_WH-1000XM6.[0m
[34m2026-02-02 19:20:11,614   | DEBUG    | Received 38:7C:5D:32:06:A3: .[0m
[34m2026-02-02 19:20:11,617   | DEBUG    | Received 7C:F0:37:27:E2:35: .[0m
[34m2026-02-02 19:20:11,619   | DEBUG    | Received 7C:F0:37:27:E2:35: .[0m
[34m2026-02-02 19:20:11,621   | DEBUG    | Received 03:F9:84:87:02:B4: .[0m
[34m2026-02-02 19:20:11,622   | DEBUG    | Received 35:AE:62:39:37:BD: .[0m
[34m2026-02-02 19:20:11,624   | DEBUG    | Received 74:9E:BE:F9:72:E0: .[0m
[34m2026-02-02 19:20:11,714   | DEBUG    | 66 devices found. Watcher status: <BluetoothLEAdvertisementWatcherStatus.STOPPED: 3>.[0m
[34m2026-02-02 19:20:11,714   | DEBUG    | 	Device: Unknown (57:9F:ED:E8:42:61) | UUIDs: [][0m
[34m2026-02-02 19:20:11,715   | DEBUG    | 	Device: Unknown (16:5C:E3:40:0A:BF) | UUIDs: [][0m
[34m2026-02-02 19:20:11,715   | DEBUG    | 	Device: [TV]Hall office TV (84:C0:EF:0A:5E:7B) | UUIDs: [][0m
[34m2026-02-02 19:20:11,715   | DEBUG    | 	Device: Fellow Aiden D5DC (1C:69:20:85:D5:DE) | UUIDs: ['0000ffff-0000-1000-8000-00805f9b34fb'][0m
[34m2026-02-02 19:20:11,715   | DEBUG    | 	Device: Unknown (38:7C:5D:32:06:A3) | UUIDs: [][0m
[34m2026-02-02 19:20:11,715   | DEBUG    | 	Device: Unknown (76:6F:76:8B:06:8D) | UUIDs: [][0m
[34m2026-02-02 19:20:11,715   | DEBUG    | 	Device: Unknown (19:FF:DB:0F:36:46) | UUIDs: [][0m
[34m2026-02-02 19:20:11,715   | DEBUG    | 	Device: Unknown (90:DE:80:E1:90:28) | UUIDs: [][0m
[34m2026-02-02 19:20:11,715   | DEBUG    | 	Device: Unknown (D4:FE:41:68:CC:F0) | UUIDs: [][0m
[34m2026-02-02 19:20:11,715   | DEBUG    | 	Device: Unknown (30:DA:31:C2:FE:47) | UUIDs: [][0m
[34m2026-02-02 19:20:11,715   | DEBUG    | 	Device: Unknown (D2:EA:A9:E1:8F:C2) | UUIDs: [][0m
[34m2026-02-02 19:20:11,715   | DEBUG    | 	Device: Unknown (90:DE:80:E1:81:C6) | UUIDs: [][0m
[34m2026-02-02 19:20:11,715   | DEBUG    | 	Device: Unknown (24:D4:9A:24:48:4F) | UUIDs: [][0m
[34m2026-02-02 19:20:11,715   | DEBUG    | 	Device: Unknown (03:F9:84:87:02:B4) | UUIDs: [][0m
[34m2026-02-02 19:20:11,715   | DEBUG    | 	Device: Unknown (43:78:02:D5:96:80) | UUIDs: [][0m
[34m2026-02-02 19:20:11,715   | DEBUG    | 	Device: Unknown (5A:72:95:58:B9:2D) | UUIDs: [][0m
[34m2026-02-02 19:20:11,716   | DEBUG    | 	Device: Unknown (67:C2:8F:1B:6B:64) | UUIDs: [][0m
[34m2026-02-02 19:20:11,716   | DEBUG    | 	Device: Unknown (07:46:64:F2:74:57) | UUIDs: [][0m
[34m2026-02-02 19:20:11,716   | DEBUG    | 	Device: Unknown (2D:C5:7E:F9:D7:6C) | UUIDs: [][0m
[34m2026-02-02 19:20:11,716   | DEBUG    | 	Device: Unknown (2A:ED:53:A6:B8:67) | UUIDs: [][0m
[34m2026-02-02 19:20:11,716   | DEBUG    | 	Device: Unknown (04:87:82:8E:E9:6B) | UUIDs: [][0m
[34m2026-02-02 19:20:11,716   | DEBUG    | 	Device: Unknown (32:9A:E3:6F:41:06) | UUIDs: [][0m
[34m2026-02-02 19:20:11,716   | DEBUG    | 	Device: Unknown (7E:EB:8B:AA:5C:CF) | UUIDs: [][0m
[34m2026-02-02 19:20:11,716   | DEBUG    | 	Device: Unknown (63:DF:26:E1:F1:DC) | UUIDs: [][0m
[34m2026-02-02 19:20:11,716   | DEBUG    | 	Device: Unknown (00:E0:4C:23:99:87) | UUIDs: [][0m
[34m2026-02-02 19:20:11,716   | DEBUG    | 	Device: Unknown (74:9E:BE:F9:72:E0) | UUIDs: [][0m
[34m2026-02-02 19:20:11,716   | DEBUG    | 	Device: Unknown (1E:93:DE:50:FD:8D) | UUIDs: [][0m
[34m2026-02-02 19:20:11,716   | DEBUG    | 	Device: Unknown (61:98:CE:CE:60:A5) | UUIDs: [][0m
[34m2026-02-02 19:20:11,716   | DEBUG    | 	Device: Unknown (50:87:8C:B9:96:FD) | UUIDs: [][0m
[34m2026-02-02 19:20:11,716   | DEBUG    | 	Device: Unknown (7C:F0:37:27:E2:35) | UUIDs: [][0m
[34m2026-02-02 19:20:11,716   | DEBUG    | 	Device: Unknown (90:DE:80:E1:73:6A) | UUIDs: [][0m
[34m2026-02-02 19:20:11,716   | DEBUG    | 	Device: classic300s (C8:2E:18:CF:ED:52) | UUIDs: [][0m
[34m2026-02-02 19:20:11,716   | DEBUG    | 	Device: Unknown (59:15:F0:D2:F0:D2) | UUIDs: [][0m
[34m2026-02-02 19:20:11,716   | DEBUG    | 	Device: Unknown (42:AD:39:C5:16:CA) | UUIDs: [][0m
[34m2026-02-02 19:20:11,716   | DEBUG    | 	Device: LE_WH-1000XM6 (4B:D7:71:37:B8:7A) | UUIDs: ['0000fd2a-0000-1000-8000-00805f9b34fb'][0m
[34m2026-02-02 19:20:11,716   | DEBUG    | 	Device: Unknown (47:D3:CB:A6:58:8F) | UUIDs: [][0m
[34m2026-02-02 19:20:11,716   | DEBUG    | 	Device: Unknown (76:B9:5E:7A:25:19) | UUIDs: [][0m
[34m2026-02-02 19:20:11,716   | DEBUG    | 	Device: BioCoin (CD:89:AF:2D:2B:2B) | UUIDs: ['00001523-1212-efde-1523-785feabc93aa'][0m
[34m2026-02-02 19:20:11,716   | DEBUG    | 	Device: Unknown (C0:1F:73:FC:89:4F) | UUIDs: [][0m
[34m2026-02-02 19:20:11,716   | DEBUG    | 	Device: Unknown (90:DE:80:99:19:CC) | UUIDs: [][0m
[34m2026-02-02 19:20:11,716   | DEBUG    | 	Device: Unknown (72:70:20:88:D0:EB) | UUIDs: ['0000180a-0000-1000-8000-00805f9b34fb', '3ae9452b-677f-4dfc-97c4-0e0320de2a27'][0m
[34m2026-02-02 19:20:11,717   | DEBUG    | 	Device: Unknown (67:1F:C3:93:B7:74) | UUIDs: [][0m
[34m2026-02-02 19:20:11,717   | DEBUG    | 	Device: Unknown (49:58:FC:2B:28:D0) | UUIDs: [][0m
[34m2026-02-02 19:20:11,717   | DEBUG    | 	Device: Unknown (27:74:96:96:1F:A1) | UUIDs: [][0m
[34m2026-02-02 19:20:11,717   | DEBUG    | 	Device: Unknown (6C:59:30:DA:31:C3) | UUIDs: [][0m
[34m2026-02-02 19:20:11,717   | DEBUG    | 	Device: Unknown (F1:A8:CD:CF:E1:6E) | UUIDs: [][0m
[34m2026-02-02 19:20:11,717   | DEBUG    | 	Device: Unknown (6A:31:83:5C:56:E3) | UUIDs: [][0m
[34m2026-02-02 19:20:11,717   | DEBUG    | 	Device: Unknown (C3:64:F7:0D:F3:D6) | UUIDs: [][0m
[34m2026-02-02 19:20:11,717   | DEBUG    | 	Device: Unknown (53:69:A4:FD:11:0B) | UUIDs: [][0m
[34m2026-02-02 19:20:11,717   | DEBUG    | 	Device: Unknown (43:57:3A:BB:A0:78) | UUIDs: [][0m
[34m2026-02-02 19:20:11,717   | DEBUG    | 	Device: Unknown (4B:1C:4A:8A:1E:9B) | UUIDs: [][0m
[34m2026-02-02 19:20:11,717   | DEBUG    | 	Device: Unknown (41:47:84:AD:89:D0) | UUIDs: [][0m
[34m2026-02-02 19:20:11,717   | DEBUG    | 	Device: Unknown (5A:BE:CF:53:BF:55) | UUIDs: [][0m
[34m2026-02-02 19:20:11,717   | DEBUG    | 	Device: Unknown (5C:49:7D:76:01:05) | UUIDs: [][0m
[34m2026-02-02 19:20:11,717   | DEBUG    | 	Device: Unknown (16:5F:79:42:6F:08) | UUIDs: [][0m
[34m2026-02-02 19:20:11,717   | DEBUG    | 	Device: Unknown (47:42:0A:42:B1:80) | UUIDs: [][0m
[34m2026-02-02 19:20:11,717   | DEBUG    | 	Device: Unknown (90:DE:80:99:19:18) | UUIDs: [][0m
[34m2026-02-02 19:20:11,717   | DEBUG    | 	Device: Unknown (35:AE:62:39:37:BD) | UUIDs: [][0m
[34m2026-02-02 19:20:11,717   | DEBUG    | 	Device: Unknown (6C:42:FB:34:1D:FF) | UUIDs: [][0m
[34m2026-02-02 19:20:11,717   | DEBUG    | 	Device: Unknown (43:59:7C:48:F1:EA) | UUIDs: [][0m
[34m2026-02-02 19:20:11,717   | DEBUG    | 	Device: Unknown (49:FF:63:9C:C1:EC) | UUIDs: [][0m
[34m2026-02-02 19:20:11,717   | DEBUG    | 	Device: Unknown (DE:B8:73:C1:4A:83) | UUIDs: [][0m
[34m2026-02-02 19:20:11,717   | DEBUG    | 	Device: Unknown (E5:07:A0:40:4F:AF) | UUIDs: [][0m
[34m2026-02-02 19:20:11,717   | DEBUG    | 	Device: Unknown (09:59:B2:E2:C9:6F) | UUIDs: [][0m
[34m2026-02-02 19:20:11,717   | DEBUG    | 	Device: Unknown (D3:5D:BD:31:5E:FB) | UUIDs: [][0m
[34m2026-02-02 19:20:11,717   | DEBUG    | 	Device: Unknown (7F:09:18:00:94:4F) | UUIDs: [][0m
2026-02-02 19:20:11,718   | INFO     | Found BioCoin device at CD:89:AF:2D:2B:2B![0m
[34m2026-02-02 19:20:11,757   | DEBUG    | Received 19:FF:DB:0F:36:46: .[0m
[34m2026-02-02 19:20:11,764   | DEBUG    | Received 90:DE:80:99:19:CC: .[0m
[34m2026-02-02 19:20:11,776   | DEBUG    | Received 27:74:96:96:1F:A1: .[0m
[34m2026-02-02 19:20:11,779   | DEBUG    | Received 2A:ED:53:A6:B8:67: .[0m
[34m2026-02-02 19:20:11,781   | DEBUG    | Received 59:15:F0:D2:F0:D2: .[0m
[34m2026-02-02 19:20:11,880   | DEBUG    | Received 27:74:96:96:1F:A1: .[0m
[34m2026-02-02 19:20:11,884   | DEBUG    | Received 4B:D7:71:37:B8:7A: .[0m
[34m2026-02-02 19:20:11,886   | DEBUG    | Received 2A:ED:53:A6:B8:67: .[0m
[34m2026-02-02 19:20:11,889   | DEBUG    | Received 67:3D:87:2E:97:EF: .[0m
[34m2026-02-02 19:20:11,902   | DEBUG    | Received 90:DE:80:E1:81:C6: .[0m
[34m2026-02-02 19:20:11,993   | DEBUG    | Received 09:59:B2:E2:C9:6F: .[0m
[34m2026-02-02 19:20:12,000   | DEBUG    | Received 90:DE:80:E1:73:6A: .[0m
[34m2026-02-02 19:20:12,002   | DEBUG    | Received 90:DE:80:E1:81:C6: .[0m
[34m2026-02-02 19:20:12,005   | DEBUG    | Received 84:C0:EF:0A:5E:7B: .[0m
[34m2026-02-02 19:20:12,006   | DEBUG    | Received 24:D4:9A:24:48:4F: .[0m
[34m2026-02-02 19:20:12,009   | DEBUG    | Received 75:09:CA:E5:1E:5E: .[0m
[34m2026-02-02 19:20:12,011   | DEBUG    | Received 43:59:7C:48:F1:EA: .[0m
[34m2026-02-02 19:20:12,015   | DEBUG    | Received 42:AD:39:C5:16:CA: .[0m
[34m2026-02-02 19:20:12,016   | DEBUG    | Received 42:AD:39:C5:16:CA: .[0m
[34m2026-02-02 19:20:12,018   | DEBUG    | Received 30:DA:31:C2:FE:47: .[0m
[34m2026-02-02 19:20:12,027   | DEBUG    | Received 03:F9:84:87:02:B4: .[0m
[34m2026-02-02 19:20:12,029   | DEBUG    | Received 53:69:A4:FD:11:0B: .[0m
[34m2026-02-02 19:20:12,030   | DEBUG    | Received 53:69:A4:FD:11:0B: .[0m
[34m2026-02-02 19:20:12,110   | DEBUG    | Received 90:DE:80:E1:81:C6: .[0m
[34m2026-02-02 19:20:12,117   | DEBUG    | Received 00:E0:4C:23:99:87: .[0m
[34m2026-02-02 19:20:12,120   | DEBUG    | Received 16:5C:E3:40:0A:BF: .[0m
[34m2026-02-02 19:20:12,235   | DEBUG    | Received 47:D3:CB:A6:58:8F: .[0m
[34m2026-02-02 19:20:12,238   | DEBUG    | Received 67:1F:C3:93:B7:74: .[0m
[34m2026-02-02 19:20:12,240   | DEBUG    | Received 03:F9:84:87:02:B4: .[0m
[34m2026-02-02 19:20:12,246   | DEBUG    | Received 84:C0:EF:0A:5E:7B: .[0m
[34m2026-02-02 19:20:12,248   | DEBUG    | Received 84:C0:EF:0A:5E:7B: [TV]Hall office TV.[0m
[34m2026-02-02 19:20:12,348   | DEBUG    | Received 1E:93:DE:50:FD:8D: .[0m
[34m2026-02-02 19:20:12,350   | DEBUG    | Received 03:F9:84:87:02:B4: .[0m
[34m2026-02-02 19:20:12,352   | DEBUG    | Received 7D:7C:A9:5C:B8:F7: .[0m
[34m2026-02-02 19:20:12,354   | DEBUG    | Received 7D:7C:A9:5C:B8:F7: .[0m
[34m2026-02-02 19:20:12,356   | DEBUG    | Received A4:83:E7:D6:E4:D0: .[0m
[34m2026-02-02 19:20:12,357   | DEBUG    | Received A4:83:E7:D6:E4:D0: .[0m
[34m2026-02-02 19:20:12,362   | DEBUG    | Received 90:DE:80:E1:90:28: .[0m
[34m2026-02-02 19:20:12,363   | DEBUG    | Received 04:87:82:8E:E9:6B: .[0m
[34m2026-02-02 19:20:12,367   | DEBUG    | Received 74:9E:BE:F9:72:E0: .[0m
[34m2026-02-02 19:20:12,372   | DEBUG    | Received 2D:C5:7E:F9:D7:6C: .[0m
[34m2026-02-02 19:20:12,375   | DEBUG    | Received 90:DE:80:99:19:18: .[0m
[34m2026-02-02 19:20:12,483   | DEBUG    | Received 67:C2:8F:1B:6B:64: .[0m
[34m2026-02-02 19:20:12,484   | DEBUG    | Received 67:C2:8F:1B:6B:64: .[0m
[34m2026-02-02 19:20:12,486   | DEBUG    | Received 6A:31:83:5C:56:E3: .[0m
[34m2026-02-02 19:20:12,584   | DEBUG    | Received 7D:7C:A9:5C:B8:F7: .[0m
[34m2026-02-02 19:20:12,591   | DEBUG    | Received D4:FE:41:68:CC:F0: .[0m
[34m2026-02-02 19:20:12,595   | DEBUG    | Received 90:DE:80:99:19:CC: .[0m
[34m2026-02-02 19:20:12,597   | DEBUG    | Received 19:FF:DB:0F:36:46: .[0m
[34m2026-02-02 19:20:12,600   | DEBUG    | Received 32:9A:E3:6F:41:06: .[0m
[34m2026-02-02 19:20:12,609   | DEBUG    | Received 67:1F:C3:93:B7:74: .[0m
[34m2026-02-02 19:20:12,705   | DEBUG    | Received 43:57:3A:BB:A0:78: .[0m
[34m2026-02-02 19:20:12,706   | DEBUG    | Received 43:57:3A:BB:A0:78: .[0m
[34m2026-02-02 19:20:12,721   | DEBUG    | Received 7C:F0:37:27:E2:35: .[0m
[34m2026-02-02 19:20:12,723   | DEBUG    | Received 7C:F0:37:27:E2:35: .[0m
[34m2026-02-02 19:20:12,726   | DEBUG    | Received 1C:69:20:85:D5:DE: Fellow Aiden D5DC.[0m
[34m2026-02-02 19:20:12,727   | DEBUG    | Received 1C:69:20:85:D5:DE: .[0m
[34m2026-02-02 19:20:12,729   | DEBUG    | Received D4:FE:41:68:CC:F0: .[0m
[34m2026-02-02 19:20:12,731   | DEBUG    | Received D4:FE:41:68:CC:F0: .[0m
[34m2026-02-02 19:20:12,732   | DEBUG    | Received 09:59:B2:E2:C9:6F: .[0m
[34m2026-02-02 19:20:12,734   | DEBUG    | Received 59:15:F0:D2:F0:D2: .[0m
[34m2026-02-02 19:20:12,736   | DEBUG    | Received 74:9E:BE:F9:72:E0: .[0m
[34m2026-02-02 19:20:12,738   | DEBUG    | Received 00:E0:4C:23:99:87: .[0m
[34m2026-02-02 19:20:12,829   | DEBUG    | Received 27:74:96:96:1F:A1: .[0m
[34m2026-02-02 19:20:12,831   | DEBUG    | Received 2A:ED:53:A6:B8:67: .[0m
[34m2026-02-02 19:20:12,942   | DEBUG    | Received 2A:ED:53:A6:B8:67: .[0m
[34m2026-02-02 19:20:12,943   | DEBUG    | Received 07:46:64:F2:74:57: .[0m
[34m2026-02-02 19:20:12,945   | DEBUG    | Received 00:E0:4C:23:99:87: .[0m
[34m2026-02-02 19:20:12,950   | DEBUG    | Received 90:DE:80:E1:81:C6: .[0m
[34m2026-02-02 19:20:12,959   | DEBUG    | Received 53:69:A4:FD:11:0B: .[0m
[34m2026-02-02 19:20:12,963   | DEBUG    | Received 16:5C:E3:40:0A:BF: .[0m
[34m2026-02-02 19:20:13,096   | DEBUG    | Received 90:DE:80:E1:73:6A: .[0m
[34m2026-02-02 19:20:13,099   | DEBUG    | Received 47:42:0A:42:B1:80: .[0m
[34m2026-02-02 19:20:13,102   | DEBUG    | Received 03:F9:84:87:02:B4: .[0m
[34m2026-02-02 19:20:13,104   | DEBUG    | Received 16:5C:E3:40:0A:BF: .[0m
[34m2026-02-02 19:20:13,108   | DEBUG    | Received 43:57:3A:BB:A0:78: .[0m
[34m2026-02-02 19:20:13,109   | DEBUG    | Received 43:57:3A:BB:A0:78: .[0m
[34m2026-02-02 19:20:13,111   | DEBUG    | Received 1E:93:DE:50:FD:8D: .[0m
[34m2026-02-02 19:20:13,174   | DEBUG    | Received 16:5C:E3:40:0A:BF: .[0m
[34m2026-02-02 19:20:13,176   | DEBUG    | Received 43:78:02:D5:96:80: .[0m
[34m2026-02-02 19:20:13,178   | DEBUG    | Received 43:78:02:D5:96:80: .[0m
[34m2026-02-02 19:20:13,179   | DEBUG    | Received 47:D3:CB:A6:58:8F: .[0m
[34m2026-02-02 19:20:13,187   | DEBUG    | Received 84:C0:EF:0A:5E:7B: .[0m
[34m2026-02-02 19:20:13,190   | DEBUG    | Received 84:C0:EF:0A:5E:7B: [TV]Hall office TV.[0m
[34m2026-02-02 19:20:13,192   | DEBUG    | Received 90:DE:80:E1:90:28: .[0m
[34m2026-02-02 19:20:13,199   | DEBUG    | Received 04:87:82:8E:E9:6B: .[0m
[34m2026-02-02 19:20:13,300   | DEBUG    | Received EB:9A:4D:C2:58:CE: .[0m
[34m2026-02-02 19:20:13,308   | DEBUG    | Received 04:87:82:8E:E9:6B: .[0m
[34m2026-02-02 19:20:13,313   | DEBUG    | Received 42:AD:39:C5:16:CA: .[0m
[34m2026-02-02 19:20:13,316   | DEBUG    | Received 42:AD:39:C5:16:CA: .[0m
[34m2026-02-02 19:20:13,415   | DEBUG    | Received 67:C2:8F:1B:6B:64: .[0m
[34m2026-02-02 19:20:13,418   | DEBUG    | Received 67:C2:8F:1B:6B:64: .[0m
[34m2026-02-02 19:20:13,420   | DEBUG    | Received 04:87:82:8E:E9:6B: .[0m
[34m2026-02-02 19:20:13,422   | DEBUG    | Received 6A:31:83:5C:56:E3: .[0m
[34m2026-02-02 19:20:13,423   | DEBUG    | Received 2D:C5:7E:F9:D7:6C: .[0m
[34m2026-02-02 19:20:13,426   | DEBUG    | Received 38:7C:5D:32:06:A3: .[0m
[34m2026-02-02 19:20:13,431   | DEBUG    | Received 54:F1:61:D0:F1:A0: .[0m
[34m2026-02-02 19:20:13,434   | DEBUG    | Received 54:F1:61:D0:F1:A0: .[0m
[34m2026-02-02 19:20:13,436   | DEBUG    | Received 84:C0:EF:0A:5E:7B: .[0m
[34m2026-02-02 19:20:13,438   | DEBUG    | Received 19:FF:DB:0F:36:46: .[0m
[34m2026-02-02 19:20:13,440   | DEBUG    | Received 47:42:0A:42:B1:80: .[0m
[34m2026-02-02 19:20:13,444   | DEBUG    | Received 24:D4:9A:24:48:4F: .[0m
[34m2026-02-02 19:20:13,447   | DEBUG    | Received 49:58:FC:2B:28:D0: .[0m
[34m2026-02-02 19:20:13,451   | DEBUG    | Received 43:78:02:D5:96:80: .[0m
[34m2026-02-02 19:20:13,452   | DEBUG    | Received 43:78:02:D5:96:80: .[0m
[34m2026-02-02 19:20:13,532   | DEBUG    | Received 90:DE:80:2C:2E:10: .[0m
[34m2026-02-02 19:20:13,534   | DEBUG    | Received 50:87:8C:B9:96:FD: .[0m
[34m2026-02-02 19:20:13,536   | DEBUG    | Received 67:1F:C3:93:B7:74: .[0m
[34m2026-02-02 19:20:13,538   | DEBUG    | Received 67:1F:C3:93:B7:74: .[0m
[34m2026-02-02 19:20:13,549   | DEBUG    | Received 32:9A:E3:6F:41:06: .[0m
[34m2026-02-02 19:20:13,553   | DEBUG    | Received 27:74:96:96:1F:A1: .[0m
[34m2026-02-02 19:20:13,651   | DEBUG    | Received 74:9E:BE:F9:72:E0: .[0m
[34m2026-02-02 19:20:13,658   | DEBUG    | Received A4:83:E7:D6:E4:D0: .[0m
[34m2026-02-02 19:20:13,664   | DEBUG    | Received 5A:72:95:58:B9:2D: .[0m
[34m2026-02-02 19:20:13,667   | DEBUG    | Received 4B:D7:71:37:B8:7A: .[0m
[34m2026-02-02 19:20:13,670   | DEBUG    | Received C8:2E:18:CF:ED:52: .[0m
[34m2026-02-02 19:20:13,672   | DEBUG    | Received C8:2E:18:CF:ED:52: classic300s.[0m
[34m2026-02-02 19:20:13,675   | DEBUG    | Received 57:9F:ED:E8:42:61: .[0m
[34m2026-02-02 19:20:13,677   | DEBUG    | Received 6C:59:30:DA:31:C3: .[0m
[34m2026-02-02 19:20:13,771   | DEBUG    | Received 13:8F:65:0C:DB:79: .[0m
[34m2026-02-02 19:20:13,801   | DEBUG    | Received 54:F1:61:D0:F1:A0: .[0m
[34m2026-02-02 19:20:13,802   | DEBUG    | Received 54:F1:61:D0:F1:A0: .[0m
[34m2026-02-02 19:20:13,806   | DEBUG    | Received 42:AD:39:C5:16:CA: .[0m
[34m2026-02-02 19:20:13,808   | DEBUG    | Received 42:AD:39:C5:16:CA: .[0m
[34m2026-02-02 19:20:13,810   | DEBUG    | Received 03:F9:84:87:02:B4: .[0m
[34m2026-02-02 19:20:13,813   | DEBUG    | Received 4B:D7:71:37:B8:7A: .[0m
[34m2026-02-02 19:20:13,817   | DEBUG    | Received 90:DE:80:E1:90:28: .[0m
[34m2026-02-02 19:20:13,819   | DEBUG    | Received 1E:93:DE:50:FD:8D: .[0m
[34m2026-02-02 19:20:13,883   | DEBUG    | Received 2A:ED:53:A6:B8:67: .[0m
[34m2026-02-02 19:20:13,888   | DEBUG    | Received 84:C0:EF:0A:5E:7B: .[0m
[34m2026-02-02 19:20:13,889   | DEBUG    | Received 84:C0:EF:0A:5E:7B: [TV]Hall office TV.[0m
[34m2026-02-02 19:20:13,891   | DEBUG    | Received 00:E0:4C:23:99:87: .[0m
[34m2026-02-02 19:20:14,002   | DEBUG    | Received 90:DE:80:E1:72:A4: .[0m
[34m2026-02-02 19:20:14,004   | DEBUG    | Received 67:1F:C3:93:B7:74: .[0m
[34m2026-02-02 19:20:14,008   | DEBUG    | Received 49:58:FC:2B:28:D0: .[0m
[34m2026-02-02 19:20:14,009   | DEBUG    | Received 49:58:FC:2B:28:D0: .[0m
[34m2026-02-02 19:20:14,011   | DEBUG    | Received 90:DE:80:E1:73:6A: .[0m
[34m2026-02-02 19:20:14,014   | DEBUG    | Received D4:FE:41:68:CC:F0: .[0m
[34m2026-02-02 19:20:14,016   | DEBUG    | Received 03:F9:84:87:02:B4: .[0m
[34m2026-02-02 19:20:14,022   | DEBUG    | Received 47:D3:CB:A6:58:8F: .[0m
[34m2026-02-02 19:20:14,122   | DEBUG    | Received 03:F9:84:87:02:B4: .[0m
[34m2026-02-02 19:20:14,124   | DEBUG    | Received 16:5F:79:42:6F:08: .[0m
[34m2026-02-02 19:20:14,135   | DEBUG    | Received 84:C0:EF:0A:5E:7B: .[0m
[34m2026-02-02 19:20:14,143   | DEBUG    | Received 67:1F:C3:93:B7:74: .[0m
[34m2026-02-02 19:20:14,147   | DEBUG    | Received 49:FF:63:9C:C1:EC: .[0m
[34m2026-02-02 19:20:14,250   | DEBUG    | Received 67:1F:C3:93:B7:74: .[0m
[34m2026-02-02 19:20:14,252   | DEBUG    | Received 50:8C:CB:6E:DF:13: .[0m
[34m2026-02-02 19:20:14,256   | DEBUG    | Received 24:D4:9A:24:48:4F: .[0m
[34m2026-02-02 19:20:14,362   | DEBUG    | Received 67:1F:C3:93:B7:74: .[0m
[34m2026-02-02 19:20:14,364   | DEBUG    | Received 67:1F:C3:93:B7:74: .[0m
[34m2026-02-02 19:20:14,366   | DEBUG    | Received 6A:31:83:5C:56:E3: .[0m
[34m2026-02-02 19:20:14,381   | DEBUG    | Received CD:89:AF:2D:2B:2B: .[0m
[34m2026-02-02 19:20:14,383   | DEBUG    | 56 devices found. Watcher status: <BluetoothLEAdvertisementWatcherStatus.STOPPED: 3>.[0m
[34m2026-02-02 19:20:14,383   | DEBUG    | Connecting to BLE device @ CD:89:AF:2D:2B:2B[0m
[34m2026-02-02 19:20:14,467   | DEBUG    | getting services (service_cache_mode=None, cache_mode=None)...[0m
[34m2026-02-02 19:20:14,790   | DEBUG    | session_status_changed_event_handler: id: BluetoothLE#BluetoothLE2c:6d:c1:90:b4:0f-cd:89:af:2d:2b:2b, error: <BluetoothError.SUCCESS: 0>, status: <GattSessionStatus.ACTIVE: 1>[0m
[34m2026-02-02 19:20:14,813   | DEBUG    | max_pdu_size_changed_handler: 247[0m
[34m2026-02-02 19:20:14,894   | DEBUG    | CD:89:AF:2D:2B:2B: services changed[0m
[34m2026-02-02 19:20:15,240   | DEBUG    | CD:89:AF:2D:2B:2B: services changed[0m
2026-02-02 19:20:15,628   | INFO     | Connected to BioCoin device at CD:89:AF:2D:2B:2B.[0m
[34m2026-02-02 19:20:15,643   | DEBUG    | Read Characteristic 0022 : bytearray(b'd')[0m
2026-02-02 19:20:15,643   | INFO     | Battery Level: 100%[0m
2026-02-02 19:20:15,643   | INFO     | Sending IMP technique parameters...[0m
[34m2026-02-02 19:20:16,670   | DEBUG    | Read Characteristic 0026 : bytearray(b'\x00')[0m
[34m2026-02-02 19:20:16,670   | DEBUG    | Device status read: NOT_RUNNING (0)[0m
2026-02-02 19:20:16,685   | INFO     | Notification handler registered successfully.[0m
[34m2026-02-02 19:20:46,967   | DEBUG    | Received: bytearray(b'A\x19\xbc@\x08\xc7\x88\xbf')[0m
[34m2026-02-02 19:20:46,967   | DEBUG    | Received IMP value: Mag=5.878082752227783, Phase=-61.224777531240456[0m
2026-02-02 19:20:52,905   | INFO     | Received 1 data points from IMP.[0m
2026-02-02 19:20:52,905   | INFO     | Imp Data:
 [[  5.87808275 -61.22477753]][0m
[34m2026-02-02 19:20:52,906   | DEBUG    | Disconnecting from BLE device...[0m
[34m2026-02-02 19:20:56,127   | DEBUG    | max_pdu_size_changed_handler: 23[0m
[34m2026-02-02 19:20:56,127   | DEBUG    | session_status_changed_event_handler: id: BluetoothLE#BluetoothLE2c:6d:c1:90:b4:0f-cd:89:af:2d:2b:2b, error: <BluetoothError.SUCCESS: 0>, status: <GattSessionStatus.CLOSED: 0>[0m
[34m2026-02-02 19:20:56,128   | DEBUG    | closing requester[0m
[34m2026-02-02 19:20:56,128   | DEBUG    | closing session[0m
2026-02-02 19:20:56,129   | INFO     | Disconnected from BioCoin device.[0m
