2025-12-03 15:32:04,401   | INFO     | BioCoin Test Script[0m
2025-12-03 15:32:04,403   | INFO     | Searching for the BioCoin device named "Biocoin"...[0m
2025-12-03 15:32:04,403   | INFO     | Scanning for devices...[0m
[34m2025-12-03 15:32:04,645   | DEBUG    | Received E4:FC:0D:DD:8A:4C: .[0m
[34m2025-12-03 15:32:04,664   | DEBUG    | Received E4:FC:0D:DD:8A:4C: .[0m
[34m2025-12-03 15:32:04,886   | DEBUG    | Received 43:E8:A8:3C:B9:9B: .[0m
[34m2025-12-03 15:32:05,351   | DEBUG    | Received 47:3D:1D:7E:38:8A: .[0m
[34m2025-12-03 15:32:05,355   | DEBUG    | Received 47:3D:1D:7E:38:8A: .[0m
[34m2025-12-03 15:32:05,360   | DEBUG    | Received 68:FC:CA:05:66:49: .[0m
[34m2025-12-03 15:32:06,197   | DEBUG    | Received 43:E8:A8:3C:B9:9B: .[0m
[34m2025-12-03 15:32:06,428   | DEBUG    | Received A8:51:AB:8B:CB:46: .[0m
[34m2025-12-03 15:32:06,432   | DEBUG    | Received A8:51:AB:8B:CB:46: .[0m
[34m2025-12-03 15:32:06,662   | DEBUG    | Received 61:E2:29:6B:CB:22: .[0m
[34m2025-12-03 15:32:06,663   | DEBUG    | Received 61:E2:29:6B:CB:22: .[0m
[34m2025-12-03 15:32:06,898   | DEBUG    | Received 78:E5:F9:B4:5E:D6: .[0m
[34m2025-12-03 15:32:06,900   | DEBUG    | Received 78:E5:F9:B4:5E:D6: .[0m
[34m2025-12-03 15:32:07,373   | DEBUG    | Received 68:FC:CA:05:66:49: .[0m
[34m2025-12-03 15:32:07,385   | DEBUG    | Received F2:2C:52:61:FC:6A: .[0m
[34m2025-12-03 15:32:07,389   | DEBUG    | Received F2:2C:52:61:FC:6A: BioCoin.[0m
[34m2025-12-03 15:32:07,482   | DEBUG    | Received CA:A1:D1:5C:46:51: .[0m
[34m2025-12-03 15:32:07,484   | DEBUG    | Received CA:A1:D1:5C:46:51: .[0m
[34m2025-12-03 15:32:07,489   | DEBUG    | Received 61:E2:29:6B:CB:22: .[0m
[34m2025-12-03 15:32:07,490   | DEBUG    | Received 61:E2:29:6B:CB:22: .[0m
[34m2025-12-03 15:32:07,729   | DEBUG    | Received 78:E5:F9:B4:5E:D6: .[0m
[34m2025-12-03 15:32:07,731   | DEBUG    | Received 78:E5:F9:B4:5E:D6: .[0m
[34m2025-12-03 15:32:07,839   | DEBUG    | Received 68:FC:CA:05:66:49: .[0m
[34m2025-12-03 15:32:07,969   | DEBUG    | Received C4:D2:9A:64:54:E1: .[0m
[34m2025-12-03 15:32:08,093   | DEBUG    | Received A8:51:AB:8B:CB:46: .[0m
[34m2025-12-03 15:32:08,096   | DEBUG    | Received A8:51:AB:8B:CB:46: .[0m
[34m2025-12-03 15:32:08,811   | DEBUG    | Received A8:51:AB:8B:CB:46: .[0m
[34m2025-12-03 15:32:08,815   | DEBUG    | Received 43:E8:A8:3C:B9:9B: .[0m
[34m2025-12-03 15:32:08,819   | DEBUG    | Received F2:2C:52:61:FC:6A: .[0m
[34m2025-12-03 15:32:08,821   | DEBUG    | Received F2:2C:52:61:FC:6A: BioCoin.[0m
[34m2025-12-03 15:32:08,927   | DEBUG    | Received 30:AF:7E:32:18:A7: .[0m
[34m2025-12-03 15:32:08,929   | DEBUG    | Received 30:AF:7E:32:18:A7: .[0m
[34m2025-12-03 15:32:09,405   | DEBUG    | Received A8:51:AB:8B:CB:46: .[0m
[34m2025-12-03 15:32:09,520   | DEBUG    | 11 devices found. Watcher status: <BluetoothLEAdvertisementWatcherStatus.STOPPED: 3>.[0m
[34m2025-12-03 15:32:09,521   | DEBUG    | 	Device: Unknown (E4:FC:0D:DD:8A:4C) | UUIDs: [][0m
[34m2025-12-03 15:32:09,521   | DEBUG    | 	Device: Unknown (43:E8:A8:3C:B9:9B) | UUIDs: [][0m
[34m2025-12-03 15:32:09,521   | DEBUG    | 	Device: Unknown (47:3D:1D:7E:38:8A) | UUIDs: [][0m
[34m2025-12-03 15:32:09,522   | DEBUG    | 	Device: Unknown (68:FC:CA:05:66:49) | UUIDs: [][0m
[34m2025-12-03 15:32:09,522   | DEBUG    | 	Device: Unknown (A8:51:AB:8B:CB:46) | UUIDs: [][0m
[34m2025-12-03 15:32:09,522   | DEBUG    | 	Device: Unknown (61:E2:29:6B:CB:22) | UUIDs: [][0m
[34m2025-12-03 15:32:09,522   | DEBUG    | 	Device: Unknown (78:E5:F9:B4:5E:D6) | UUIDs: [][0m
[34m2025-12-03 15:32:09,522   | DEBUG    | 	Device: BioCoin (F2:2C:52:61:FC:6A) | UUIDs: ['00001523-1212-efde-1523-785feabc93aa'][0m
[34m2025-12-03 15:32:09,522   | DEBUG    | 	Device: Unknown (CA:A1:D1:5C:46:51) | UUIDs: [][0m
[34m2025-12-03 15:32:09,522   | DEBUG    | 	Device: Unknown (C4:D2:9A:64:54:E1) | UUIDs: [][0m
[34m2025-12-03 15:32:09,522   | DEBUG    | 	Device: Unknown (30:AF:7E:32:18:A7) | UUIDs: ['b42e90a2-ade7-11e4-89d3-123b93f75cba'][0m
2025-12-03 15:32:09,522   | INFO     | Found BioCoin device at F2:2C:52:61:FC:6A![0m
[34m2025-12-03 15:32:09,587   | DEBUG    | Received A8:51:AB:8B:CB:46: .[0m
[34m2025-12-03 15:32:09,729   | DEBUG    | Received 43:E8:A8:3C:B9:9B: .[0m
[34m2025-12-03 15:32:09,769   | DEBUG    | Received A8:51:AB:8B:CB:46: .[0m
[34m2025-12-03 15:32:09,770   | DEBUG    | Received A8:51:AB:8B:CB:46: .[0m
[34m2025-12-03 15:32:09,847   | DEBUG    | Received 47:3D:1D:7E:38:8A: .[0m
[34m2025-12-03 15:32:09,850   | DEBUG    | Received 47:3D:1D:7E:38:8A: .[0m
[34m2025-12-03 15:32:09,952   | DEBUG    | Received A8:51:AB:8B:CB:46: .[0m
[34m2025-12-03 15:32:09,955   | DEBUG    | Received A8:51:AB:8B:CB:46: .[0m
[34m2025-12-03 15:32:10,205   | DEBUG    | Received 78:E5:F9:B4:5E:D6: .[0m
[34m2025-12-03 15:32:10,209   | DEBUG    | Received 78:E5:F9:B4:5E:D6: .[0m
[34m2025-12-03 15:32:10,320   | DEBUG    | Received A8:51:AB:8B:CB:46: .[0m
[34m2025-12-03 15:32:10,325   | DEBUG    | Received A8:51:AB:8B:CB:46: .[0m
[34m2025-12-03 15:32:10,778   | DEBUG    | Received 61:E2:29:6B:CB:22: .[0m
[34m2025-12-03 15:32:10,780   | DEBUG    | Received 61:E2:29:6B:CB:22: .[0m
[34m2025-12-03 15:32:10,792   | DEBUG    | Received 68:FC:CA:05:66:49: .[0m
[34m2025-12-03 15:32:11,039   | DEBUG    | Received 43:E8:A8:3C:B9:9B: .[0m
[34m2025-12-03 15:32:11,052   | DEBUG    | Received F2:2C:52:61:FC:6A: .[0m
[34m2025-12-03 15:32:11,054   | DEBUG    | Received F2:2C:52:61:FC:6A: BioCoin.[0m
[34m2025-12-03 15:32:11,055   | DEBUG    | 7 devices found. Watcher status: <BluetoothLEAdvertisementWatcherStatus.STOPPED: 3>.[0m
[34m2025-12-03 15:32:11,055   | DEBUG    | Connecting to BLE device @ F2:2C:52:61:FC:6A[0m
[34m2025-12-03 15:32:11,124   | DEBUG    | getting services (service_cache_mode=None, cache_mode=None)...[0m
[34m2025-12-03 15:32:11,271   | DEBUG    | session_status_changed_event_handler: id: BluetoothLE#BluetoothLEfc:b0:de:31:dc:fe-f2:2c:52:61:fc:6a, error: <BluetoothError.SUCCESS: 0>, status: <GattSessionStatus.ACTIVE: 1>[0m
[34m2025-12-03 15:32:11,428   | DEBUG    | max_pdu_size_changed_handler: 247[0m
[34m2025-12-03 15:32:11,728   | DEBUG    | F2:2C:52:61:FC:6A: services changed[0m
[34m2025-12-03 15:32:15,726   | DEBUG    | F2:2C:52:61:FC:6A: services changed[0m
2025-12-03 15:32:19,584   | INFO     | Connected to BioCoin device at F2:2C:52:61:FC:6A.[0m
[34m2025-12-03 15:32:19,786   | DEBUG    | Read Characteristic 0022 : bytearray(b'd')[0m
2025-12-03 15:32:19,786   | INFO     | Battery Level: 100%[0m
2025-12-03 15:32:19,787   | INFO     | Sending SWV technique parameters...[0m
[34m2025-12-03 15:32:21,384   | DEBUG    | Read Characteristic 0026 : bytearray(b'\x00')[0m
[34m2025-12-03 15:32:21,384   | DEBUG    | Device status read: NOT_RUNNING (0)[0m
2025-12-03 15:32:21,581   | INFO     | Notification handler registered successfully.[0m
[34m2025-12-03 15:32:22,184   | DEBUG    | Read Characteristic 0026 : bytearray(b'\x03')[0m
[34m2025-12-03 15:32:22,184   | DEBUG    | Device status read: ERROR (3)[0m
2025-12-03 15:32:22,485   | INFO     | Received 0 data points from SWV.[0m
[31m2025-12-03 15:32:22,488   | ERROR    | all the input array dimensions except for the concatenation axis must match exactly, but along dimension 0, the array at index 0 has size 3 and the array at index 1 has size 0
Traceback (most recent call last):
  File "e:\Dropbox\Work in Progress\Research Projects\BioCoin\Design (on Repo)\software\src\main.py", line 140, in main
    SWV_data = await SWV.run()
               ^^^^^^^^^^^^^^^
  File "e:\Dropbox\Work in Progress\Research Projects\BioCoin\Design (on Repo)\software\src\biocoin\techniques\SWV.py", line 208, in run
    return np.column_stack((self.V, diffs))
           ~~~~~~~~~~~~~~~^^^^^^^^^^^^^^^^^
  File "e:\Dropbox\Work in Progress\Research Projects\BioCoin\Design (on Repo)\software\.venv\Lib\site-packages\numpy\lib\_shape_base_impl.py", line 669, in column_stack
    return _nx.concatenate(arrays, 1)
           ~~~~~~~~~~~~~~~^^^^^^^^^^^
ValueError: all the input array dimensions except for the concatenation axis must match exactly, but along dimension 0, the array at index 0 has size 3 and the array at index 1 has size 0[0m
[34m2025-12-03 15:32:22,494   | DEBUG    | Disconnecting from BLE device...[0m
[34m2025-12-03 15:32:25,686   | DEBUG    | max_pdu_size_changed_handler: 23[0m
[34m2025-12-03 15:32:25,687   | DEBUG    | session_status_changed_event_handler: id: BluetoothLE#BluetoothLEfc:b0:de:31:dc:fe-f2:2c:52:61:fc:6a, error: <BluetoothError.SUCCESS: 0>, status: <GattSessionStatus.CLOSED: 0>[0m
[34m2025-12-03 15:32:25,688   | DEBUG    | closing requester[0m
[34m2025-12-03 15:32:25,689   | DEBUG    | closing session[0m
2025-12-03 15:32:25,694   | INFO     | Disconnected from BioCoin device.[0m
