2025-12-03 15:56:19,773   | INFO     | BioCoin Test Script[0m
2025-12-03 15:56:19,775   | INFO     | Searching for the BioCoin device named "Biocoin"...[0m
2025-12-03 15:56:19,775   | INFO     | Scanning for devices...[0m
[34m2025-12-03 15:56:20,140   | DEBUG    | Received 4D:8B:04:B3:07:D0: .[0m
[34m2025-12-03 15:56:20,155   | DEBUG    | Received 4D:8B:04:B3:07:D0: .[0m
[34m2025-12-03 15:56:20,378   | DEBUG    | Received 30:AF:7E:32:18:A7: .[0m
[34m2025-12-03 15:56:20,379   | DEBUG    | Received 30:AF:7E:32:18:A7: .[0m
[34m2025-12-03 15:56:20,388   | DEBUG    | Received A8:51:AB:8B:CB:46: .[0m
[34m2025-12-03 15:56:20,389   | DEBUG    | Received A8:51:AB:8B:CB:46: .[0m
[34m2025-12-03 15:56:21,258   | DEBUG    | Received F2:2C:52:61:FC:6A: .[0m
[34m2025-12-03 15:56:21,262   | DEBUG    | Received F2:2C:52:61:FC:6A: BioCoin.[0m
[34m2025-12-03 15:56:21,338   | DEBUG    | Received 41:0B:FF:99:76:02: .[0m
[34m2025-12-03 15:56:21,341   | DEBUG    | Received 68:FC:CA:05:66:49: .[0m
[34m2025-12-03 15:56:21,455   | DEBUG    | Received 46:4E:3D:B9:E6:C3: .[0m
[34m2025-12-03 15:56:21,456   | DEBUG    | Received 46:4E:3D:B9:E6:C3: .[0m
[34m2025-12-03 15:56:21,550   | DEBUG    | Received D3:8A:F2:EB:98:4B: .[0m
[34m2025-12-03 15:56:21,561   | DEBUG    | Received F6:84:7A:40:E1:92: .[0m
[34m2025-12-03 15:56:21,683   | DEBUG    | Received F2:2C:52:61:FC:6A: .[0m
[34m2025-12-03 15:56:21,685   | DEBUG    | Received F2:2C:52:61:FC:6A: BioCoin.[0m
[34m2025-12-03 15:56:21,799   | DEBUG    | Received F2:2C:52:61:FC:6A: .[0m
[34m2025-12-03 15:56:22,029   | DEBUG    | Received F2:2C:52:61:FC:6A: .[0m
[34m2025-12-03 15:56:22,031   | DEBUG    | Received F2:2C:52:61:FC:6A: BioCoin.[0m
[34m2025-12-03 15:56:22,162   | DEBUG    | Received F2:2C:52:61:FC:6A: .[0m
[34m2025-12-03 15:56:22,166   | DEBUG    | Received F2:2C:52:61:FC:6A: BioCoin.[0m
[34m2025-12-03 15:56:22,410   | DEBUG    | Received 46:4E:3D:B9:E6:C3: .[0m
[34m2025-12-03 15:56:22,417   | DEBUG    | Received F2:2C:52:61:FC:6A: .[0m
[34m2025-12-03 15:56:22,419   | DEBUG    | Received F2:2C:52:61:FC:6A: BioCoin.[0m
[34m2025-12-03 15:56:22,636   | DEBUG    | Received 41:0B:FF:99:76:02: .[0m
[34m2025-12-03 15:56:22,747   | DEBUG    | Received F2:2C:52:61:FC:6A: .[0m
[34m2025-12-03 15:56:22,751   | DEBUG    | Received F2:2C:52:61:FC:6A: BioCoin.[0m
[34m2025-12-03 15:56:22,877   | DEBUG    | Received F2:2C:52:61:FC:6A: .[0m
[34m2025-12-03 15:56:22,882   | DEBUG    | Received FB:DC:1A:55:D8:A2: .[0m
[34m2025-12-03 15:56:22,884   | DEBUG    | Received FB:DC:1A:55:D8:A2: .[0m
[34m2025-12-03 15:56:22,982   | DEBUG    | Received 78:73:73:1D:1E:23: .[0m
[34m2025-12-03 15:56:22,987   | DEBUG    | Received A8:51:AB:8B:CB:46: .[0m
[34m2025-12-03 15:56:22,988   | DEBUG    | Received A8:51:AB:8B:CB:46: .[0m
[34m2025-12-03 15:56:23,092   | DEBUG    | Received 46:4E:3D:B9:E6:C3: .[0m
[34m2025-12-03 15:56:23,093   | DEBUG    | Received 46:4E:3D:B9:E6:C3: .[0m
[34m2025-12-03 15:56:23,221   | DEBUG    | Received F2:2C:52:61:FC:6A: .[0m
[34m2025-12-03 15:56:23,224   | DEBUG    | Received F2:2C:52:61:FC:6A: BioCoin.[0m
[34m2025-12-03 15:56:23,347   | DEBUG    | Received 68:FC:CA:05:66:49: .[0m
[34m2025-12-03 15:56:23,359   | DEBUG    | Received F2:2C:52:61:FC:6A: .[0m
[34m2025-12-03 15:56:23,362   | DEBUG    | Received F2:2C:52:61:FC:6A: BioCoin.[0m
[34m2025-12-03 15:56:23,365   | DEBUG    | Received A8:51:AB:8B:CB:46: .[0m
[34m2025-12-03 15:56:23,367   | DEBUG    | Received A8:51:AB:8B:CB:46: .[0m
[34m2025-12-03 15:56:23,584   | DEBUG    | Received F2:2C:52:61:FC:6A: .[0m
[34m2025-12-03 15:56:23,586   | DEBUG    | Received F2:2C:52:61:FC:6A: BioCoin.[0m
[34m2025-12-03 15:56:23,812   | DEBUG    | Received 78:73:73:1D:1E:23: .[0m
[34m2025-12-03 15:56:23,813   | DEBUG    | Received 78:73:73:1D:1E:23: .[0m
[34m2025-12-03 15:56:23,815   | DEBUG    | Received 68:FC:CA:05:66:49: .[0m
[34m2025-12-03 15:56:23,824   | DEBUG    | Received F2:2C:52:61:FC:6A: .[0m
[34m2025-12-03 15:56:23,826   | DEBUG    | Received F2:2C:52:61:FC:6A: BioCoin.[0m
[34m2025-12-03 15:56:23,936   | DEBUG    | Received 41:0B:FF:99:76:02: .[0m
[34m2025-12-03 15:56:24,174   | DEBUG    | Received F2:2C:52:61:FC:6A: .[0m
[34m2025-12-03 15:56:24,176   | DEBUG    | Received F2:2C:52:61:FC:6A: BioCoin.[0m
[34m2025-12-03 15:56:24,307   | DEBUG    | Received F2:2C:52:61:FC:6A: .[0m
[34m2025-12-03 15:56:24,309   | DEBUG    | Received F2:2C:52:61:FC:6A: BioCoin.[0m
[34m2025-12-03 15:56:24,884   | DEBUG    | Received 68:FC:CA:05:66:49: .[0m
[34m2025-12-03 15:56:24,886   | DEBUG    | 11 devices found. Watcher status: <BluetoothLEAdvertisementWatcherStatus.STOPPED: 3>.[0m
[34m2025-12-03 15:56:24,887   | DEBUG    | 	Device: Unknown (4D:8B:04:B3:07:D0) | UUIDs: [][0m
[34m2025-12-03 15:56:24,887   | DEBUG    | 	Device: Unknown (30:AF:7E:32:18:A7) | UUIDs: ['b42e90a2-ade7-11e4-89d3-123b93f75cba'][0m
[34m2025-12-03 15:56:24,887   | DEBUG    | 	Device: Unknown (A8:51:AB:8B:CB:46) | UUIDs: [][0m
[34m2025-12-03 15:56:24,887   | DEBUG    | 	Device: BioCoin (F2:2C:52:61:FC:6A) | UUIDs: ['00001523-1212-efde-1523-785feabc93aa'][0m
[34m2025-12-03 15:56:24,887   | DEBUG    | 	Device: Unknown (41:0B:FF:99:76:02) | UUIDs: [][0m
[34m2025-12-03 15:56:24,887   | DEBUG    | 	Device: Unknown (68:FC:CA:05:66:49) | UUIDs: [][0m
[34m2025-12-03 15:56:24,887   | DEBUG    | 	Device: Unknown (46:4E:3D:B9:E6:C3) | UUIDs: [][0m
[34m2025-12-03 15:56:24,887   | DEBUG    | 	Device: Unknown (D3:8A:F2:EB:98:4B) | UUIDs: [][0m
[34m2025-12-03 15:56:24,887   | DEBUG    | 	Device: Unknown (F6:84:7A:40:E1:92) | UUIDs: [][0m
[34m2025-12-03 15:56:24,887   | DEBUG    | 	Device: Unknown (FB:DC:1A:55:D8:A2) | UUIDs: [][0m
[34m2025-12-03 15:56:24,887   | DEBUG    | 	Device: Unknown (78:73:73:1D:1E:23) | UUIDs: [][0m
2025-12-03 15:56:24,887   | INFO     | Found BioCoin device at F2:2C:52:61:FC:6A![0m
[34m2025-12-03 15:56:24,943   | DEBUG    | Received F2:2C:52:61:FC:6A: .[0m
[34m2025-12-03 15:56:24,945   | DEBUG    | 1 devices found. Watcher status: <BluetoothLEAdvertisementWatcherStatus.STOPPED: 3>.[0m
[34m2025-12-03 15:56:24,945   | DEBUG    | Connecting to BLE device @ F2:2C:52:61:FC:6A[0m
[34m2025-12-03 15:56:24,985   | DEBUG    | getting services (service_cache_mode=None, cache_mode=None)...[0m
[34m2025-12-03 15:56:25,122   | DEBUG    | session_status_changed_event_handler: id: BluetoothLE#BluetoothLEfc:b0:de:31:dc:fe-f2:2c:52:61:fc:6a, error: <BluetoothError.SUCCESS: 0>, status: <GattSessionStatus.ACTIVE: 1>[0m
[34m2025-12-03 15:56:25,222   | DEBUG    | max_pdu_size_changed_handler: 247[0m
[34m2025-12-03 15:56:25,518   | DEBUG    | F2:2C:52:61:FC:6A: services changed[0m
[34m2025-12-03 15:56:32,529   | DEBUG    | F2:2C:52:61:FC:6A: services changed[0m
2025-12-03 15:56:35,864   | INFO     | Connected to BioCoin device at F2:2C:52:61:FC:6A.[0m
[34m2025-12-03 15:56:36,062   | DEBUG    | Read Characteristic 0022 : bytearray(b'd')[0m
2025-12-03 15:56:36,063   | INFO     | Battery Level: 100%[0m
2025-12-03 15:56:36,064   | INFO     | Sending SWV technique parameters...[0m
