2026-02-15 17:16:37,495   | INFO     | BioCoin Test Script[0m
2026-02-15 17:16:37,496   | INFO     | Searching for the BioCoin device named "Biocoin"...[0m
2026-02-15 17:16:37,496   | INFO     | Scanning for devices...[0m
[34m2026-02-15 17:16:37,705   | DEBUG    | Received 52:DD:B5:0E:25:A2: .[0m
[34m2026-02-15 17:16:37,711   | DEBUG    | Received 26:48:2C:B7:5A:DB: .[0m
[34m2026-02-15 17:16:37,715   | DEBUG    | Received 84:C0:EF:0A:5E:7B: .[0m
[34m2026-02-15 17:16:37,717   | DEBUG    | Received 84:C0:EF:0A:5E:7B: [TV]Hall office TV.[0m
[34m2026-02-15 17:16:37,720   | DEBUG    | Received 70:71:E1:1F:7F:2F: .[0m
[34m2026-02-15 17:16:37,731   | DEBUG    | Received 70:71:E1:1F:7F:2F: .[0m
[34m2026-02-15 17:16:37,785   | DEBUG    | Received 1F:FA:81:DC:59:C0: .[0m
[34m2026-02-15 17:16:37,788   | DEBUG    | Received C8:2E:18:CF:ED:52: .[0m
[34m2026-02-15 17:16:37,790   | DEBUG    | Received C8:2E:18:CF:ED:52: classic300s.[0m
[34m2026-02-15 17:16:37,792   | DEBUG    | Received 3B:70:23:74:F9:42: .[0m
[34m2026-02-15 17:16:37,794   | DEBUG    | Received 5B:29:C0:42:19:F9: .[0m
[34m2026-02-15 17:16:37,796   | DEBUG    | Received 5B:29:C0:42:19:F9: .[0m
[34m2026-02-15 17:16:37,798   | DEBUG    | Received 90:DE:80:E1:81:C6: .[0m
[34m2026-02-15 17:16:37,800   | DEBUG    | Received 34:DF:A9:C1:EF:51: .[0m
[34m2026-02-15 17:16:37,810   | DEBUG    | Received 6C:56:D5:8E:C0:AD: .[0m
[34m2026-02-15 17:16:37,812   | DEBUG    | Received 6C:56:D5:8E:C0:AD: .[0m
[34m2026-02-15 17:16:37,814   | DEBUG    | Received 26:48:2C:B7:5A:DB: .[0m
[34m2026-02-15 17:16:37,816   | DEBUG    | Received 69:E1:D8:E6:2E:CC: .[0m
[34m2026-02-15 17:16:37,818   | DEBUG    | Received 69:10:3E:3F:5A:4E: .[0m
[34m2026-02-15 17:16:37,821   | DEBUG    | Received 84:C0:EF:0A:5E:7B: .[0m
[34m2026-02-15 17:16:37,823   | DEBUG    | Received 84:C0:EF:0A:5E:7B: [TV]Hall office TV.[0m
[34m2026-02-15 17:16:37,904   | DEBUG    | Received 90:DE:80:E1:81:C6: .[0m
[34m2026-02-15 17:16:37,906   | DEBUG    | Received 90:DE:80:E1:73:6A: .[0m
[34m2026-02-15 17:16:37,909   | DEBUG    | Received 34:DF:A9:C1:EF:51: .[0m
[34m2026-02-15 17:16:37,911   | DEBUG    | Received 57:BB:5D:DC:AD:D5: .[0m
[34m2026-02-15 17:16:37,912   | DEBUG    | Received 57:BB:5D:DC:AD:D5: .[0m
[34m2026-02-15 17:16:37,914   | DEBUG    | Received F9:7A:CD:37:CC:3A: .[0m
[34m2026-02-15 17:16:37,916   | DEBUG    | Received 42:4D:81:01:5A:D2: .[0m
[34m2026-02-15 17:16:37,926   | DEBUG    | Received 4F:05:BF:25:CF:46: .[0m
[34m2026-02-15 17:16:37,928   | DEBUG    | Received 4F:05:BF:25:CF:46: .[0m
[34m2026-02-15 17:16:37,930   | DEBUG    | Received 35:B1:D5:E1:B6:DF: .[0m
[34m2026-02-15 17:16:38,141   | DEBUG    | Received 45:28:A2:36:22:EB: .[0m
[34m2026-02-15 17:16:38,155   | DEBUG    | Received 1A:09:D1:25:93:F7: .[0m
[34m2026-02-15 17:16:38,160   | DEBUG    | Received 90:DE:80:99:18:82: .[0m
[34m2026-02-15 17:16:38,162   | DEBUG    | Received 84:C0:EF:0A:5E:7B: .[0m
[34m2026-02-15 17:16:38,163   | DEBUG    | Received 84:C0:EF:0A:5E:7B: [TV]Hall office TV.[0m
[34m2026-02-15 17:16:38,257   | DEBUG    | Received 1A:09:D1:25:93:F7: .[0m
[34m2026-02-15 17:16:38,261   | DEBUG    | Received 5B:29:C0:42:19:F9: .[0m
[34m2026-02-15 17:16:38,263   | DEBUG    | Received 5B:29:C0:42:19:F9: .[0m
[34m2026-02-15 17:16:38,265   | DEBUG    | Received 84:C0:EF:0A:5E:7B: .[0m
[34m2026-02-15 17:16:38,267   | DEBUG    | Received 84:C0:EF:0A:5E:7B: [TV]Hall office TV.[0m
[34m2026-02-15 17:16:38,268   | DEBUG    | Received 23:CC:59:84:A2:78: .[0m
[34m2026-02-15 17:16:38,271   | DEBUG    | Received CD:89:AF:2D:2B:2B: .[0m
[34m2026-02-15 17:16:38,272   | DEBUG    | Received 18:E5:95:17:6C:A4: .[0m
[34m2026-02-15 17:16:38,279   | DEBUG    | Received 16:5F:79:42:6F:08: .[0m
[34m2026-02-15 17:16:38,283   | DEBUG    | Received 42:4D:81:01:5A:D2: .[0m
[34m2026-02-15 17:16:38,377   | DEBUG    | Received CD:89:AF:2D:2B:2B: .[0m
[34m2026-02-15 17:16:38,379   | DEBUG    | Received CD:89:AF:2D:2B:2B: BioCoin.[0m
[34m2026-02-15 17:16:38,387   | DEBUG    | Received 61:67:ED:89:3B:C0: .[0m
[34m2026-02-15 17:16:38,389   | DEBUG    | Received 61:67:ED:89:3B:C0: .[0m
[34m2026-02-15 17:16:38,500   | DEBUG    | Received 7B:C0:7E:F3:65:21: .[0m
[34m2026-02-15 17:16:38,501   | DEBUG    | Received 7B:C0:7E:F3:65:21: .[0m
[34m2026-02-15 17:16:38,504   | DEBUG    | Received 57:BB:5D:DC:AD:D5: .[0m
[34m2026-02-15 17:16:38,506   | DEBUG    | Received 57:BB:5D:DC:AD:D5: .[0m
[34m2026-02-15 17:16:38,508   | DEBUG    | Received 84:C0:EF:0A:5E:7B: .[0m
[34m2026-02-15 17:16:38,510   | DEBUG    | Received 84:C0:EF:0A:5E:7B: [TV]Hall office TV.[0m
[34m2026-02-15 17:16:38,513   | DEBUG    | Received 1F:FA:81:DC:59:C0: .[0m
[34m2026-02-15 17:16:38,517   | DEBUG    | Received 42:30:6F:C8:B2:87: .[0m
[34m2026-02-15 17:16:38,622   | DEBUG    | Received 5E:77:73:10:3D:CB: .[0m
[34m2026-02-15 17:16:38,624   | DEBUG    | Received 5E:77:73:10:3D:CB: .[0m
[34m2026-02-15 17:16:38,626   | DEBUG    | Received CD:89:AF:2D:2B:2B: .[0m
[34m2026-02-15 17:16:38,628   | DEBUG    | Received CD:89:AF:2D:2B:2B: BioCoin.[0m
[34m2026-02-15 17:16:38,630   | DEBUG    | Received EE:0E:35:99:FA:D9: .[0m
[34m2026-02-15 17:16:38,634   | DEBUG    | Received 1C:69:20:85:D5:DE: Fellow Aiden D5DC.[0m
[34m2026-02-15 17:16:38,635   | DEBUG    | Received 1C:69:20:85:D5:DE: .[0m
[34m2026-02-15 17:16:38,732   | DEBUG    | Received 57:C2:F9:29:A6:94: .[0m
[34m2026-02-15 17:16:38,733   | DEBUG    | Received 57:C2:F9:29:A6:94: .[0m
[34m2026-02-15 17:16:38,744   | DEBUG    | Received 4A:25:45:2E:DC:05: .[0m
[34m2026-02-15 17:16:38,746   | DEBUG    | Received 4A:25:45:2E:DC:05: LE-Bose QuietComfort 45.[0m
[34m2026-02-15 17:16:38,754   | DEBUG    | Received 26:48:2C:B7:5A:DB: .[0m
[34m2026-02-15 17:16:38,755   | DEBUG    | Received 69:10:3E:3F:5A:4E: .[0m
[34m2026-02-15 17:16:38,854   | DEBUG    | Received 50:79:7F:9F:FE:DF: .[0m
[34m2026-02-15 17:16:38,856   | DEBUG    | Received 90:DE:80:E1:81:C6: .[0m
[34m2026-02-15 17:16:38,869   | DEBUG    | Received CD:89:AF:2D:2B:2B: .[0m
[34m2026-02-15 17:16:38,871   | DEBUG    | Received CD:89:AF:2D:2B:2B: BioCoin.[0m
[34m2026-02-15 17:16:38,873   | DEBUG    | Received 5D:DD:A3:FA:5E:CB: .[0m
[34m2026-02-15 17:16:38,875   | DEBUG    | Received 5D:DD:A3:FA:5E:CB: .[0m
[34m2026-02-15 17:16:38,876   | DEBUG    | Received 2A:EF:7E:11:5D:C5: .[0m
[34m2026-02-15 17:16:38,982   | DEBUG    | Received EC:42:BE:8A:8E:34: .[0m
[34m2026-02-15 17:16:38,984   | DEBUG    | Received 15:3A:FE:B8:83:91: .[0m
[34m2026-02-15 17:16:38,986   | DEBUG    | Received 23:CC:59:84:A2:78: .[0m
[34m2026-02-15 17:16:38,996   | DEBUG    | Received 5E:77:73:10:3D:CB: .[0m
[34m2026-02-15 17:16:38,999   | DEBUG    | Received 1A:09:D1:25:93:F7: .[0m
[34m2026-02-15 17:16:39,001   | DEBUG    | Received 18:E5:95:17:6C:A4: .[0m
[34m2026-02-15 17:16:39,005   | DEBUG    | Received 57:C2:F9:29:A6:94: .[0m
[34m2026-02-15 17:16:39,006   | DEBUG    | Received 57:C2:F9:29:A6:94: .[0m
[34m2026-02-15 17:16:39,085   | DEBUG    | Received C8:2E:18:CF:ED:52: .[0m
[34m2026-02-15 17:16:39,088   | DEBUG    | Received C5:A9:AD:4B:60:4A: .[0m
[34m2026-02-15 17:16:39,089   | DEBUG    | Received C5:A9:AD:4B:60:4A: .[0m
[34m2026-02-15 17:16:39,096   | DEBUG    | Received 90:DE:80:99:19:CC: .[0m
[34m2026-02-15 17:16:39,100   | DEBUG    | Received 70:71:E1:1F:7F:2F: .[0m
[34m2026-02-15 17:16:39,101   | DEBUG    | Received 70:71:E1:1F:7F:2F: .[0m
[34m2026-02-15 17:16:39,103   | DEBUG    | Received 18:E5:95:17:6C:A4: .[0m
[34m2026-02-15 17:16:39,107   | DEBUG    | Received D4:FE:41:68:CC:F0: .[0m
[34m2026-02-15 17:16:39,205   | DEBUG    | Received 1A:09:D1:25:93:F7: .[0m
[34m2026-02-15 17:16:39,223   | DEBUG    | Received 50:79:7F:9F:FE:DF: .[0m
[34m2026-02-15 17:16:39,336   | DEBUG    | Received 5E:18:5B:EA:25:33: .[0m
[34m2026-02-15 17:16:39,346   | DEBUG    | Received 52:DD:B5:0E:25:A2: .[0m
[34m2026-02-15 17:16:39,350   | DEBUG    | Received 52:DD:B5:0E:25:A2: .[0m
[34m2026-02-15 17:16:39,353   | DEBUG    | Received 90:DE:80:E1:90:28: .[0m
[34m2026-02-15 17:16:39,356   | DEBUG    | Received CD:89:AF:2D:2B:2B: .[0m
[34m2026-02-15 17:16:39,366   | DEBUG    | Received CD:89:AF:2D:2B:2B: BioCoin.[0m
[34m2026-02-15 17:16:39,368   | DEBUG    | Received 3B:70:23:74:F9:42: .[0m
[34m2026-02-15 17:16:39,440   | DEBUG    | Received CD:89:AF:2D:2B:2B: .[0m
[34m2026-02-15 17:16:39,443   | DEBUG    | Received CD:89:AF:2D:2B:2B: BioCoin.[0m
[34m2026-02-15 17:16:39,445   | DEBUG    | Received 3B:70:23:74:F9:42: .[0m
[34m2026-02-15 17:16:39,455   | DEBUG    | Received 6C:56:D5:8E:C0:AD: .[0m
[34m2026-02-15 17:16:39,456   | DEBUG    | Received 6C:56:D5:8E:C0:AD: .[0m
[34m2026-02-15 17:16:39,577   | DEBUG    | Received 34:DF:A9:C1:EF:51: .[0m
[34m2026-02-15 17:16:39,618   | DEBUG    | Received 59:69:1B:B0:40:E6: .[0m
[34m2026-02-15 17:16:39,627   | DEBUG    | Received CD:89:AF:2D:2B:2B: .[0m
[34m2026-02-15 17:16:39,629   | DEBUG    | Received CD:89:AF:2D:2B:2B: BioCoin.[0m
[34m2026-02-15 17:16:39,632   | DEBUG    | Received 84:C0:EF:0A:5E:7B: .[0m
[34m2026-02-15 17:16:39,634   | DEBUG    | Received 84:C0:EF:0A:5E:7B: [TV]Hall office TV.[0m
[34m2026-02-15 17:16:39,637   | DEBUG    | Received 45:28:A2:36:22:EB: .[0m
[34m2026-02-15 17:16:39,678   | DEBUG    | Received 00:E0:4C:23:99:87: .[0m
[34m2026-02-15 17:16:39,680   | DEBUG    | Received 34:DF:A9:C1:EF:51: .[0m
[34m2026-02-15 17:16:39,687   | DEBUG    | Received 90:DE:80:E1:73:6A: .[0m
[34m2026-02-15 17:16:39,698   | DEBUG    | Received 84:C0:EF:0A:5E:7B: .[0m
[34m2026-02-15 17:16:39,700   | DEBUG    | Received 84:C0:EF:0A:5E:7B: [TV]Hall office TV.[0m
[34m2026-02-15 17:16:39,702   | DEBUG    | Received 72:0D:5A:CA:6E:8E: .[0m
[34m2026-02-15 17:16:39,799   | DEBUG    | Received 69:10:3E:3F:5A:4E: .[0m
[34m2026-02-15 17:16:39,808   | DEBUG    | Received 59:69:1B:B0:40:E6: .[0m
[34m2026-02-15 17:16:39,812   | DEBUG    | Received 84:C0:EF:0A:5E:7B: .[0m
[34m2026-02-15 17:16:39,813   | DEBUG    | Received 84:C0:EF:0A:5E:7B: [TV]Hall office TV.[0m
[34m2026-02-15 17:16:39,815   | DEBUG    | Received CD:89:AF:2D:2B:2B: .[0m
[34m2026-02-15 17:16:39,817   | DEBUG    | Received CD:89:AF:2D:2B:2B: BioCoin.[0m
[34m2026-02-15 17:16:39,818   | DEBUG    | Received 26:48:2C:B7:5A:DB: .[0m
[34m2026-02-15 17:16:39,916   | DEBUG    | Received F9:7A:CD:37:CC:3A: .[0m
[34m2026-02-15 17:16:39,920   | DEBUG    | Received 57:BB:5D:DC:AD:D5: .[0m
[34m2026-02-15 17:16:39,922   | DEBUG    | Received CD:89:AF:2D:2B:2B: .[0m
[34m2026-02-15 17:16:39,925   | DEBUG    | Received CD:89:AF:2D:2B:2B: BioCoin.[0m
[34m2026-02-15 17:16:39,928   | DEBUG    | Received 70:71:E1:1F:7F:2F: .[0m
[34m2026-02-15 17:16:39,929   | DEBUG    | Received 70:71:E1:1F:7F:2F: .[0m
[34m2026-02-15 17:16:39,932   | DEBUG    | Received 90:DE:80:99:19:CC: .[0m
[34m2026-02-15 17:16:39,939   | DEBUG    | Received 44:24:53:A5:41:98: .[0m
[34m2026-02-15 17:16:39,941   | DEBUG    | Received 44:24:53:A5:41:98: .[0m
[34m2026-02-15 17:16:40,031   | DEBUG    | Received 26:48:2C:B7:5A:DB: .[0m
[34m2026-02-15 17:16:40,034   | DEBUG    | Received CD:89:AF:2D:2B:2B: .[0m
[34m2026-02-15 17:16:40,037   | DEBUG    | Received CD:89:AF:2D:2B:2B: BioCoin.[0m
[34m2026-02-15 17:16:40,044   | DEBUG    | Received 4A:25:45:2E:DC:05: .[0m
[34m2026-02-15 17:16:40,047   | DEBUG    | Received 4A:25:45:2E:DC:05: LE-Bose QuietComfort 45.[0m
[34m2026-02-15 17:16:40,050   | DEBUG    | Received 15:3A:FE:B8:83:91: .[0m
[34m2026-02-15 17:16:40,052   | DEBUG    | Received 18:E5:95:17:6C:A4: .[0m
[34m2026-02-15 17:16:40,159   | DEBUG    | Received 1A:09:D1:25:93:F7: .[0m
[34m2026-02-15 17:16:40,165   | DEBUG    | Received CD:89:AF:2D:2B:2B: .[0m
[34m2026-02-15 17:16:40,265   | DEBUG    | Received 1A:09:D1:25:93:F7: .[0m
[34m2026-02-15 17:16:40,276   | DEBUG    | Received 0C:8D:52:55:54:DF: .[0m
[34m2026-02-15 17:16:40,390   | DEBUG    | Received C8:2E:18:CF:ED:52: .[0m
[34m2026-02-15 17:16:40,399   | DEBUG    | Received 6A:82:C1:46:64:1E: .[0m
[34m2026-02-15 17:16:40,401   | DEBUG    | Received 5C:26:9E:F5:D9:0C: .[0m
[34m2026-02-15 17:16:40,402   | DEBUG    | Received 5C:26:9E:F5:D9:0C: .[0m
[34m2026-02-15 17:16:40,404   | DEBUG    | Received 16:5F:79:42:6F:08: .[0m
[34m2026-02-15 17:16:40,405   | DEBUG    | Received 84:C0:EF:0A:5E:7B: .[0m
[34m2026-02-15 17:16:40,407   | DEBUG    | Received 84:C0:EF:0A:5E:7B: [TV]Hall office TV.[0m
[34m2026-02-15 17:16:40,410   | DEBUG    | Received D4:FE:41:68:CC:F0: .[0m
[34m2026-02-15 17:16:40,412   | DEBUG    | Received D4:FE:41:68:CC:F0: .[0m
[34m2026-02-15 17:16:40,414   | DEBUG    | Received 90:DE:80:E1:73:6A: .[0m
[34m2026-02-15 17:16:40,517   | DEBUG    | Received 90:DE:80:E1:73:6A: .[0m
[34m2026-02-15 17:16:40,519   | DEBUG    | Received 34:DF:A9:C1:EF:51: .[0m
[34m2026-02-15 17:16:40,521   | DEBUG    | Received 1F:FA:81:DC:59:C0: .[0m
[34m2026-02-15 17:16:40,524   | DEBUG    | Received 5D:DD:A3:FA:5E:CB: .[0m
[34m2026-02-15 17:16:40,619   | DEBUG    | Received 34:DF:A9:C1:EF:51: .[0m
[34m2026-02-15 17:16:40,621   | DEBUG    | Received 00:E0:4C:23:99:87: .[0m
[34m2026-02-15 17:16:40,623   | DEBUG    | Received 1F:FA:81:DC:59:C0: .[0m
[34m2026-02-15 17:16:40,630   | DEBUG    | Received 90:DE:80:E1:81:C6: .[0m
[34m2026-02-15 17:16:40,633   | DEBUG    | Received 72:0D:5A:CA:6E:8E: .[0m
[34m2026-02-15 17:16:40,636   | DEBUG    | Received CD:89:AF:2D:2B:2B: .[0m
[34m2026-02-15 17:16:40,638   | DEBUG    | Received CD:89:AF:2D:2B:2B: BioCoin.[0m
[34m2026-02-15 17:16:40,645   | DEBUG    | Received 67:1C:B4:29:55:79: .[0m
[34m2026-02-15 17:16:40,743   | DEBUG    | Received CD:89:AF:2D:2B:2B: .[0m
[34m2026-02-15 17:16:40,745   | DEBUG    | Received CD:89:AF:2D:2B:2B: BioCoin.[0m
[34m2026-02-15 17:16:40,747   | DEBUG    | Received 70:71:E1:1F:7F:2F: .[0m
[34m2026-02-15 17:16:40,748   | DEBUG    | Received 70:71:E1:1F:7F:2F: .[0m
[34m2026-02-15 17:16:40,868   | DEBUG    | Received 18:E5:95:17:6C:A4: .[0m
[34m2026-02-15 17:16:40,983   | DEBUG    | Received 15:3A:FE:B8:83:91: .[0m
[34m2026-02-15 17:16:40,986   | DEBUG    | Received 26:48:2C:B7:5A:DB: .[0m
[34m2026-02-15 17:16:40,988   | DEBUG    | Received EC:42:BE:8A:8E:34: .[0m
[34m2026-02-15 17:16:40,991   | DEBUG    | Received 84:C0:EF:0A:5E:7B: .[0m
[34m2026-02-15 17:16:40,994   | DEBUG    | Received 1A:09:D1:25:93:F7: .[0m
[34m2026-02-15 17:16:40,997   | DEBUG    | Received 52:DD:B5:0E:25:A2: .[0m
[34m2026-02-15 17:16:40,999   | DEBUG    | Received 52:DD:B5:0E:25:A2: .[0m
[34m2026-02-15 17:16:41,095   | DEBUG    | Received C5:A9:AD:4B:60:4A: .[0m
[34m2026-02-15 17:16:41,097   | DEBUG    | Received C5:A9:AD:4B:60:4A: .[0m
[34m2026-02-15 17:16:41,100   | DEBUG    | Received 1A:09:D1:25:93:F7: .[0m
[34m2026-02-15 17:16:41,105   | DEBUG    | Received 1C:69:20:85:D5:DE: Fellow Aiden D5DC.[0m
[34m2026-02-15 17:16:41,106   | DEBUG    | Received 1C:69:20:85:D5:DE: .[0m
[34m2026-02-15 17:16:41,110   | DEBUG    | Received 90:DE:80:E1:90:28: .[0m
[34m2026-02-15 17:16:41,112   | DEBUG    | Received 0C:8D:52:55:54:DF: .[0m
[34m2026-02-15 17:16:41,237   | DEBUG    | Received 34:DF:A9:C1:EF:51: .[0m
[34m2026-02-15 17:16:41,331   | DEBUG    | Received 45:A2:C3:67:34:AA: .[0m
[34m2026-02-15 17:16:41,354   | DEBUG    | Received 5B:29:C0:42:19:F9: .[0m
[34m2026-02-15 17:16:41,355   | DEBUG    | Received 5B:29:C0:42:19:F9: .[0m
[34m2026-02-15 17:16:41,356   | DEBUG    | Received 33:A0:2C:10:27:23: .[0m
[34m2026-02-15 17:16:41,447   | DEBUG    | Received 34:DF:A9:C1:EF:51: .[0m
[34m2026-02-15 17:16:41,455   | DEBUG    | Received 75:27:CC:D3:26:9E: .[0m
[34m2026-02-15 17:16:41,457   | DEBUG    | Received 75:27:CC:D3:26:9E: .[0m
[34m2026-02-15 17:16:41,459   | DEBUG    | Received 33:A0:2C:10:27:23: .[0m
[34m2026-02-15 17:16:41,572   | DEBUG    | Received 84:C0:EF:0A:5E:7B: .[0m
[34m2026-02-15 17:16:41,575   | DEBUG    | Received 1F:FA:81:DC:59:C0: .[0m
[34m2026-02-15 17:16:41,581   | DEBUG    | Received 84:C0:EF:0A:5E:7B: .[0m
[34m2026-02-15 17:16:41,583   | DEBUG    | Received 84:C0:EF:0A:5E:7B: [TV]Hall office TV.[0m
[34m2026-02-15 17:16:41,586   | DEBUG    | Received D4:FE:41:68:CC:F0: .[0m
[34m2026-02-15 17:16:41,685   | DEBUG    | Received 84:C0:EF:0A:5E:7B: .[0m
[34m2026-02-15 17:16:41,687   | DEBUG    | Received 84:C0:EF:0A:5E:7B: [TV]Hall office TV.[0m
[34m2026-02-15 17:16:41,689   | DEBUG    | Received C8:2E:18:CF:ED:52: .[0m
[34m2026-02-15 17:16:41,690   | DEBUG    | Received C8:2E:18:CF:ED:52: classic300s.[0m
[34m2026-02-15 17:16:41,699   | DEBUG    | Received 90:DE:80:99:19:1A: .[0m
[34m2026-02-15 17:16:41,801   | DEBUG    | Received 72:0D:5A:CA:6E:8E: .[0m
[34m2026-02-15 17:16:41,805   | DEBUG    | Received 7B:C0:7E:F3:65:21: .[0m
[34m2026-02-15 17:16:41,806   | DEBUG    | Received 7B:C0:7E:F3:65:21: .[0m
[34m2026-02-15 17:16:41,809   | DEBUG    | Received 15:3A:FE:B8:83:91: .[0m
[34m2026-02-15 17:16:41,811   | DEBUG    | Received 40:31:E5:E0:06:E0: .[0m
[34m2026-02-15 17:16:41,813   | DEBUG    | Received CD:89:AF:2D:2B:2B: .[0m
[34m2026-02-15 17:16:41,815   | DEBUG    | Received CD:89:AF:2D:2B:2B: BioCoin.[0m
[34m2026-02-15 17:16:41,818   | DEBUG    | Received 45:28:A2:36:22:EB: .[0m
[34m2026-02-15 17:16:41,820   | DEBUG    | Received 5B:29:C0:42:19:F9: .[0m
[34m2026-02-15 17:16:41,822   | DEBUG    | Received 5B:29:C0:42:19:F9: .[0m
[34m2026-02-15 17:16:41,830   | DEBUG    | Received 52:DD:B5:0E:25:A2: .[0m
[34m2026-02-15 17:16:41,831   | DEBUG    | Received 52:DD:B5:0E:25:A2: .[0m
[34m2026-02-15 17:16:41,920   | DEBUG    | Received F9:7A:CD:37:CC:3A: .[0m
[34m2026-02-15 17:16:41,928   | DEBUG    | Received 6C:56:D5:8E:C0:AD: .[0m
[34m2026-02-15 17:16:41,929   | DEBUG    | Received 6C:56:D5:8E:C0:AD: .[0m
[34m2026-02-15 17:16:42,043   | DEBUG    | Received 3B:70:23:74:F9:42: .[0m
[34m2026-02-15 17:16:42,048   | DEBUG    | Received 26:48:2C:B7:5A:DB: .[0m
[34m2026-02-15 17:16:42,050   | DEBUG    | Received 57:C2:F9:29:A6:94: .[0m
[34m2026-02-15 17:16:42,052   | DEBUG    | Received 57:C2:F9:29:A6:94: .[0m
[34m2026-02-15 17:16:42,055   | DEBUG    | Received 1A:09:D1:25:93:F7: .[0m
[34m2026-02-15 17:16:42,057   | DEBUG    | Received 2A:EF:7E:11:5D:C5: .[0m
[34m2026-02-15 17:16:42,062   | DEBUG    | Received 75:27:CC:D3:26:9E: .[0m
[34m2026-02-15 17:16:42,063   | DEBUG    | Received 90:DE:80:E1:90:28: .[0m
[34m2026-02-15 17:16:42,179   | DEBUG    | Received 34:DF:A9:C1:EF:51: .[0m
[34m2026-02-15 17:16:42,191   | DEBUG    | Received 00:E0:4C:23:99:87: .[0m
[34m2026-02-15 17:16:42,204   | DEBUG    | Received 4A:25:45:2E:DC:05: .[0m
[34m2026-02-15 17:16:42,205   | DEBUG    | Received 4A:25:45:2E:DC:05: LE-Bose QuietComfort 45.[0m
[34m2026-02-15 17:16:42,281   | DEBUG    | Received 34:DF:A9:C1:EF:51: .[0m
[34m2026-02-15 17:16:42,293   | DEBUG    | Received 00:E0:4C:23:99:87: .[0m
[34m2026-02-15 17:16:42,295   | DEBUG    | Received 5B:29:C0:42:19:F9: .[0m
[34m2026-02-15 17:16:42,395   | DEBUG    | Received 00:E0:4C:23:99:87: .[0m
[34m2026-02-15 17:16:42,397   | DEBUG    | Received 70:71:E1:1F:7F:2F: .[0m
[34m2026-02-15 17:16:42,399   | DEBUG    | Received 70:71:E1:1F:7F:2F: .[0m
[34m2026-02-15 17:16:42,401   | DEBUG    | Received 33:A0:2C:10:27:23: .[0m
[34m2026-02-15 17:16:42,403   | DEBUG    | Received 50:79:7F:9F:FE:DF: .[0m
[34m2026-02-15 17:16:42,405   | DEBUG    | Received 57:BB:5D:DC:AD:D5: .[0m
[34m2026-02-15 17:16:42,407   | DEBUG    | Received 57:BB:5D:DC:AD:D5: .[0m
[34m2026-02-15 17:16:42,409   | DEBUG    | Received 65:8B:6E:B1:D0:CD: .[0m
[34m2026-02-15 17:16:42,410   | DEBUG    | Received 65:8B:6E:B1:D0:CD: .[0m
[34m2026-02-15 17:16:42,518   | DEBUG    | Received 45:F3:DF:9B:89:39: .[0m
[34m2026-02-15 17:16:42,528   | DEBUG    | Received 1F:FA:81:DC:59:C0: .[0m
[34m2026-02-15 17:16:42,622   | DEBUG    | 59 devices found. Watcher status: <BluetoothLEAdvertisementWatcherStatus.STOPPED: 3>.[0m
[34m2026-02-15 17:16:42,623   | DEBUG    | 	Device: Unknown (52:DD:B5:0E:25:A2) | UUIDs: [][0m
[34m2026-02-15 17:16:42,623   | DEBUG    | 	Device: Unknown (26:48:2C:B7:5A:DB) | UUIDs: [][0m
[34m2026-02-15 17:16:42,623   | DEBUG    | 	Device: [TV]Hall office TV (84:C0:EF:0A:5E:7B) | UUIDs: [][0m
[34m2026-02-15 17:16:42,623   | DEBUG    | 	Device: Unknown (70:71:E1:1F:7F:2F) | UUIDs: [][0m
[34m2026-02-15 17:16:42,623   | DEBUG    | 	Device: Unknown (1F:FA:81:DC:59:C0) | UUIDs: [][0m
[34m2026-02-15 17:16:42,623   | DEBUG    | 	Device: classic300s (C8:2E:18:CF:ED:52) | UUIDs: [][0m
[34m2026-02-15 17:16:42,623   | DEBUG    | 	Device: Unknown (3B:70:23:74:F9:42) | UUIDs: [][0m
[34m2026-02-15 17:16:42,623   | DEBUG    | 	Device: Unknown (5B:29:C0:42:19:F9) | UUIDs: ['0000fd82-0000-1000-8000-00805f9b34fb'][0m
[34m2026-02-15 17:16:42,623   | DEBUG    | 	Device: Unknown (90:DE:80:E1:81:C6) | UUIDs: [][0m
[34m2026-02-15 17:16:42,623   | DEBUG    | 	Device: Unknown (34:DF:A9:C1:EF:51) | UUIDs: [][0m
[34m2026-02-15 17:16:42,623   | DEBUG    | 	Device: Unknown (6C:56:D5:8E:C0:AD) | UUIDs: [][0m
[34m2026-02-15 17:16:42,623   | DEBUG    | 	Device: Unknown (69:E1:D8:E6:2E:CC) | UUIDs: [][0m
[34m2026-02-15 17:16:42,623   | DEBUG    | 	Device: Unknown (69:10:3E:3F:5A:4E) | UUIDs: [][0m
[34m2026-02-15 17:16:42,623   | DEBUG    | 	Device: Unknown (90:DE:80:E1:73:6A) | UUIDs: [][0m
[34m2026-02-15 17:16:42,623   | DEBUG    | 	Device: Unknown (57:BB:5D:DC:AD:D5) | UUIDs: [][0m
[34m2026-02-15 17:16:42,623   | DEBUG    | 	Device: Unknown (F9:7A:CD:37:CC:3A) | UUIDs: [][0m
[34m2026-02-15 17:16:42,623   | DEBUG    | 	Device: Unknown (42:4D:81:01:5A:D2) | UUIDs: [][0m
[34m2026-02-15 17:16:42,623   | DEBUG    | 	Device: Unknown (4F:05:BF:25:CF:46) | UUIDs: [][0m
[34m2026-02-15 17:16:42,624   | DEBUG    | 	Device: Unknown (35:B1:D5:E1:B6:DF) | UUIDs: [][0m
[34m2026-02-15 17:16:42,624   | DEBUG    | 	Device: Unknown (45:28:A2:36:22:EB) | UUIDs: [][0m
[34m2026-02-15 17:16:42,624   | DEBUG    | 	Device: Unknown (1A:09:D1:25:93:F7) | UUIDs: [][0m
[34m2026-02-15 17:16:42,624   | DEBUG    | 	Device: Unknown (90:DE:80:99:18:82) | UUIDs: [][0m
[34m2026-02-15 17:16:42,624   | DEBUG    | 	Device: Unknown (23:CC:59:84:A2:78) | UUIDs: [][0m
[34m2026-02-15 17:16:42,624   | DEBUG    | 	Device: BioCoin (CD:89:AF:2D:2B:2B) | UUIDs: ['00001523-1212-efde-1523-785feabc93aa'][0m
[34m2026-02-15 17:16:42,624   | DEBUG    | 	Device: Unknown (18:E5:95:17:6C:A4) | UUIDs: [][0m
[34m2026-02-15 17:16:42,624   | DEBUG    | 	Device: Unknown (16:5F:79:42:6F:08) | UUIDs: [][0m
[34m2026-02-15 17:16:42,624   | DEBUG    | 	Device: Unknown (61:67:ED:89:3B:C0) | UUIDs: [][0m
[34m2026-02-15 17:16:42,624   | DEBUG    | 	Device: Unknown (7B:C0:7E:F3:65:21) | UUIDs: [][0m
[34m2026-02-15 17:16:42,624   | DEBUG    | 	Device: Unknown (42:30:6F:C8:B2:87) | UUIDs: [][0m
[34m2026-02-15 17:16:42,624   | DEBUG    | 	Device: Unknown (5E:77:73:10:3D:CB) | UUIDs: [][0m
[34m2026-02-15 17:16:42,624   | DEBUG    | 	Device: Unknown (EE:0E:35:99:FA:D9) | UUIDs: [][0m
[34m2026-02-15 17:16:42,624   | DEBUG    | 	Device: Fellow Aiden D5DC (1C:69:20:85:D5:DE) | UUIDs: ['0000ffff-0000-1000-8000-00805f9b34fb'][0m
[34m2026-02-15 17:16:42,624   | DEBUG    | 	Device: Unknown (57:C2:F9:29:A6:94) | UUIDs: [][0m
[34m2026-02-15 17:16:42,624   | DEBUG    | 	Device: LE-Bose QuietComfort 45 (4A:25:45:2E:DC:05) | UUIDs: ['0000febe-0000-1000-8000-00805f9b34fb'][0m
[34m2026-02-15 17:16:42,624   | DEBUG    | 	Device: Unknown (50:79:7F:9F:FE:DF) | UUIDs: [][0m
[34m2026-02-15 17:16:42,624   | DEBUG    | 	Device: Unknown (5D:DD:A3:FA:5E:CB) | UUIDs: [][0m
[34m2026-02-15 17:16:42,624   | DEBUG    | 	Device: Unknown (2A:EF:7E:11:5D:C5) | UUIDs: [][0m
[34m2026-02-15 17:16:42,624   | DEBUG    | 	Device: Unknown (EC:42:BE:8A:8E:34) | UUIDs: [][0m
[34m2026-02-15 17:16:42,624   | DEBUG    | 	Device: Unknown (15:3A:FE:B8:83:91) | UUIDs: [][0m
[34m2026-02-15 17:16:42,624   | DEBUG    | 	Device: Unknown (C5:A9:AD:4B:60:4A) | UUIDs: [][0m
[34m2026-02-15 17:16:42,624   | DEBUG    | 	Device: Unknown (90:DE:80:99:19:CC) | UUIDs: [][0m
[34m2026-02-15 17:16:42,624   | DEBUG    | 	Device: Unknown (D4:FE:41:68:CC:F0) | UUIDs: [][0m
[34m2026-02-15 17:16:42,624   | DEBUG    | 	Device: Unknown (5E:18:5B:EA:25:33) | UUIDs: [][0m
[34m2026-02-15 17:16:42,624   | DEBUG    | 	Device: Unknown (90:DE:80:E1:90:28) | UUIDs: [][0m
[34m2026-02-15 17:16:42,624   | DEBUG    | 	Device: Unknown (59:69:1B:B0:40:E6) | UUIDs: [][0m
[34m2026-02-15 17:16:42,624   | DEBUG    | 	Device: Unknown (00:E0:4C:23:99:87) | UUIDs: [][0m
[34m2026-02-15 17:16:42,625   | DEBUG    | 	Device: Unknown (72:0D:5A:CA:6E:8E) | UUIDs: [][0m
[34m2026-02-15 17:16:42,625   | DEBUG    | 	Device: Unknown (44:24:53:A5:41:98) | UUIDs: [][0m
[34m2026-02-15 17:16:42,625   | DEBUG    | 	Device: Unknown (0C:8D:52:55:54:DF) | UUIDs: [][0m
[34m2026-02-15 17:16:42,625   | DEBUG    | 	Device: Unknown (6A:82:C1:46:64:1E) | UUIDs: [][0m
[34m2026-02-15 17:16:42,625   | DEBUG    | 	Device: Unknown (5C:26:9E:F5:D9:0C) | UUIDs: [][0m
[34m2026-02-15 17:16:42,625   | DEBUG    | 	Device: Unknown (67:1C:B4:29:55:79) | UUIDs: [][0m
[34m2026-02-15 17:16:42,625   | DEBUG    | 	Device: Unknown (45:A2:C3:67:34:AA) | UUIDs: [][0m
[34m2026-02-15 17:16:42,625   | DEBUG    | 	Device: Unknown (33:A0:2C:10:27:23) | UUIDs: [][0m
[34m2026-02-15 17:16:42,625   | DEBUG    | 	Device: Unknown (75:27:CC:D3:26:9E) | UUIDs: [][0m
[34m2026-02-15 17:16:42,625   | DEBUG    | 	Device: Unknown (90:DE:80:99:19:1A) | UUIDs: [][0m
[34m2026-02-15 17:16:42,625   | DEBUG    | 	Device: Unknown (40:31:E5:E0:06:E0) | UUIDs: [][0m
[34m2026-02-15 17:16:42,625   | DEBUG    | 	Device: Unknown (65:8B:6E:B1:D0:CD) | UUIDs: [][0m
[34m2026-02-15 17:16:42,625   | DEBUG    | 	Device: Unknown (45:F3:DF:9B:89:39) | UUIDs: [][0m
2026-02-15 17:16:42,626   | INFO     | Found BioCoin device at CD:89:AF:2D:2B:2B![0m
[34m2026-02-15 17:16:42,666   | DEBUG    | Received 84:C0:EF:0A:5E:7B: .[0m
[34m2026-02-15 17:16:42,667   | DEBUG    | Received 84:C0:EF:0A:5E:7B: [TV]Hall office TV.[0m
[34m2026-02-15 17:16:42,668   | DEBUG    | Received 26:48:2C:B7:5A:DB: .[0m
[34m2026-02-15 17:16:42,672   | DEBUG    | Received 84:C0:EF:0A:5E:7B: .[0m
[34m2026-02-15 17:16:42,674   | DEBUG    | Received 84:C0:EF:0A:5E:7B: [TV]Hall office TV.[0m
[34m2026-02-15 17:16:42,677   | DEBUG    | Received 70:71:E1:1F:7F:2F: .[0m
[34m2026-02-15 17:16:42,679   | DEBUG    | Received 70:71:E1:1F:7F:2F: .[0m
[34m2026-02-15 17:16:42,681   | DEBUG    | Received 65:8B:6E:B1:D0:CD: .[0m
[34m2026-02-15 17:16:42,689   | DEBUG    | Received C0:F8:17:FF:A4:7D: .[0m
[34m2026-02-15 17:16:42,691   | DEBUG    | Received 1A:09:D1:25:93:F7: .[0m
[34m2026-02-15 17:16:42,782   | DEBUG    | Received 5C:CD:59:CE:D3:35: .[0m
[34m2026-02-15 17:16:42,822   | DEBUG    | Received 45:28:A2:36:22:EB: .[0m
[34m2026-02-15 17:16:42,827   | DEBUG    | Received 69:10:3E:3F:5A:4E: .[0m
[34m2026-02-15 17:16:42,837   | DEBUG    | Received CD:89:AF:2D:2B:2B: .[0m
[34m2026-02-15 17:16:42,839   | DEBUG    | 10 devices found. Watcher status: <BluetoothLEAdvertisementWatcherStatus.STOPPED: 3>.[0m
[34m2026-02-15 17:16:42,839   | DEBUG    | Connecting to BLE device @ CD:89:AF:2D:2B:2B[0m
[34m2026-02-15 17:16:42,840   | DEBUG    | Received CD:89:AF:2D:2B:2B: BioCoin.[0m
[34m2026-02-15 17:16:42,904   | DEBUG    | getting services (service_cache_mode=None, cache_mode=None)...[0m
[34m2026-02-15 17:16:43,246   | DEBUG    | session_status_changed_event_handler: id: BluetoothLE#BluetoothLE2c:6d:c1:90:b4:0f-cd:89:af:2d:2b:2b, error: <BluetoothError.SUCCESS: 0>, status: <GattSessionStatus.ACTIVE: 1>[0m
[34m2026-02-15 17:16:43,268   | DEBUG    | max_pdu_size_changed_handler: 247[0m
[34m2026-02-15 17:16:43,348   | DEBUG    | CD:89:AF:2D:2B:2B: services changed[0m
[34m2026-02-15 17:16:43,711   | DEBUG    | CD:89:AF:2D:2B:2B: services changed[0m
2026-02-15 17:16:44,049   | INFO     | Connected to BioCoin device at CD:89:AF:2D:2B:2B.[0m
[34m2026-02-15 17:16:44,064   | DEBUG    | Read Characteristic 0022 : bytearray(b'\x00')[0m
2026-02-15 17:16:44,064   | INFO     | Battery Level: 0%[0m
2026-02-15 17:16:44,065   | INFO     | Sending IMP technique parameters...[0m
[34m2026-02-15 17:16:45,114   | DEBUG    | Read Characteristic 0026 : bytearray(b'\x00')[0m
[34m2026-02-15 17:16:45,114   | DEBUG    | Device status read: NOT_RUNNING (0)[0m
2026-02-15 17:16:45,129   | INFO     | Notification handler registered successfully.[0m
[34m2026-02-15 17:16:51,621   | DEBUG    | Received: bytearray(b')\xd2\x9dD\xdf;\xd7\xbf')[0m
[34m2026-02-15 17:16:51,622   | DEBUG    | Received IMP value: Mag=1262.5675048828125, Phase=-96.34369096028925[0m
[34m2026-02-15 17:16:56,452   | DEBUG    | Received: bytearray(b'\x00\x00\x00\x00\x1df\x16?')[0m
[34m2026-02-15 17:16:56,452   | DEBUG    | Received IMP value: Mag=0.0, Phase=33.661019795993326[0m
[34m2026-02-15 17:17:01,570   | DEBUG    | Received: bytearray(b'-0SE\xe8\xd6\x19\xbf')[0m
[34m2026-02-15 17:17:01,571   | DEBUG    | Received IMP value: Mag=3379.010986328125, Phase=-34.43106556830432[0m
2026-02-15 17:17:06,289   | INFO     | Received 3 data points from IMP.[0m
2026-02-15 17:17:06,290   | INFO     | Imp Data:
 [[1262.56750488  -96.34369096]
 [   0.           33.6610198 ]
 [3379.01098633  -34.43106557]][0m
[34m2026-02-15 17:17:06,291   | DEBUG    | Disconnecting from BLE device...[0m
[34m2026-02-15 17:17:09,512   | DEBUG    | max_pdu_size_changed_handler: 23[0m
[34m2026-02-15 17:17:09,512   | DEBUG    | session_status_changed_event_handler: id: BluetoothLE#BluetoothLE2c:6d:c1:90:b4:0f-cd:89:af:2d:2b:2b, error: <BluetoothError.SUCCESS: 0>, status: <GattSessionStatus.CLOSED: 0>[0m
[34m2026-02-15 17:17:09,512   | DEBUG    | closing requester[0m
[34m2026-02-15 17:17:09,513   | DEBUG    | closing session[0m
2026-02-15 17:17:09,515   | INFO     | Disconnected from BioCoin device.[0m
