2026-02-16 11:30:23,800   | INFO     | BioCoin Test Script[0m
2026-02-16 11:30:23,800   | INFO     | Searching for the BioCoin device named "Biocoin"...[0m
2026-02-16 11:30:23,801   | INFO     | Scanning for devices...[0m
[34m2026-02-16 11:30:23,940   | DEBUG    | Received 47:29:70:C0:26:F8: .[0m
[34m2026-02-16 11:30:23,946   | DEBUG    | Received CD:89:AF:2D:2B:2B: .[0m
[34m2026-02-16 11:30:23,946   | DEBUG    | Received CD:89:AF:2D:2B:2B: BioCoin.[0m
[34m2026-02-16 11:30:23,947   | DEBUG    | Received 7B:11:82:F4:71:D0: .[0m
[34m2026-02-16 11:30:23,949   | DEBUG    | Received 7B:11:82:F4:71:D0: .[0m
[34m2026-02-16 11:30:24,032   | DEBUG    | Received 55:D0:6F:77:7B:7B: .[0m
[34m2026-02-16 11:30:24,034   | DEBUG    | Received 55:D0:6F:77:7B:7B: .[0m
[34m2026-02-16 11:30:24,045   | DEBUG    | Received CD:89:AF:2D:2B:2B: .[0m
[34m2026-02-16 11:30:24,047   | DEBUG    | Received CD:89:AF:2D:2B:2B: BioCoin.[0m
[34m2026-02-16 11:30:24,141   | DEBUG    | Received 53:5D:DC:E9:00:50: .[0m
[34m2026-02-16 11:30:24,271   | DEBUG    | Received 25:DD:44:4B:BB:54: .[0m
[34m2026-02-16 11:30:24,284   | DEBUG    | Received 40:D7:D2:F3:80:1B: .[0m
[34m2026-02-16 11:30:24,422   | DEBUG    | Received 3E:55:76:6F:E6:64: .[0m
[34m2026-02-16 11:30:24,424   | DEBUG    | Received 3E:55:76:6F:E6:64: .[0m
[34m2026-02-16 11:30:24,427   | DEBUG    | Received CD:89:AF:2D:2B:2B: .[0m
[34m2026-02-16 11:30:24,429   | DEBUG    | Received CD:89:AF:2D:2B:2B: BioCoin.[0m
[34m2026-02-16 11:30:24,495   | DEBUG    | Received 47:29:70:C0:26:F8: .[0m
[34m2026-02-16 11:30:24,522   | DEBUG    | Received 3E:55:76:6F:E6:64: .[0m
[34m2026-02-16 11:30:24,626   | DEBUG    | Received 3E:55:76:6F:E6:64: .[0m
[34m2026-02-16 11:30:24,783   | DEBUG    | Received CD:89:AF:2D:2B:2B: .[0m
[34m2026-02-16 11:30:24,785   | DEBUG    | Received CD:89:AF:2D:2B:2B: BioCoin.[0m
[34m2026-02-16 11:30:24,797   | DEBUG    | Received 40:49:D7:10:84:30: .[0m
[34m2026-02-16 11:30:24,799   | DEBUG    | Received 40:49:D7:10:84:30: .[0m
[34m2026-02-16 11:30:24,882   | DEBUG    | Received 2D:4A:43:4F:8D:68: .[0m
[34m2026-02-16 11:30:24,983   | DEBUG    | Received 2D:4A:43:4F:8D:68: .[0m
[34m2026-02-16 11:30:25,034   | DEBUG    | Received CD:89:AF:2D:2B:2B: .[0m
[34m2026-02-16 11:30:25,036   | DEBUG    | Received CD:89:AF:2D:2B:2B: BioCoin.[0m
[34m2026-02-16 11:30:25,090   | DEBUG    | Received 2D:4A:43:4F:8D:68: .[0m
[34m2026-02-16 11:30:25,109   | DEBUG    | Received 25:DD:44:4B:BB:54: .[0m
[34m2026-02-16 11:30:25,121   | DEBUG    | Received 40:D7:D2:F3:80:1B: .[0m
[34m2026-02-16 11:30:25,123   | DEBUG    | Received 40:D7:D2:F3:80:1B: .[0m
[34m2026-02-16 11:30:25,328   | DEBUG    | Received 61:16:A8:DE:90:79: .[0m
[34m2026-02-16 11:30:25,329   | DEBUG    | Received 61:16:A8:DE:90:79: .[0m
[34m2026-02-16 11:30:25,448   | DEBUG    | Received 53:5D:DC:E9:00:50: .[0m
[34m2026-02-16 11:30:25,718   | DEBUG    | Received CD:89:AF:2D:2B:2B: .[0m
[34m2026-02-16 11:30:25,720   | DEBUG    | Received CD:89:AF:2D:2B:2B: BioCoin.[0m
[34m2026-02-16 11:30:25,817   | DEBUG    | Received 53:5D:DC:E9:00:50: .[0m
[34m2026-02-16 11:30:25,831   | DEBUG    | Received CD:89:AF:2D:2B:2B: .[0m
[34m2026-02-16 11:30:25,833   | DEBUG    | Received CD:89:AF:2D:2B:2B: BioCoin.[0m
[34m2026-02-16 11:30:25,928   | DEBUG    | Received 2D:4A:43:4F:8D:68: .[0m
[34m2026-02-16 11:30:25,939   | DEBUG    | Received CD:89:AF:2D:2B:2B: .[0m
[34m2026-02-16 11:30:25,940   | DEBUG    | Received CD:89:AF:2D:2B:2B: BioCoin.[0m
[34m2026-02-16 11:30:26,159   | DEBUG    | Received 7B:11:82:F4:71:D0: .[0m
[34m2026-02-16 11:30:26,160   | DEBUG    | Received 7B:11:82:F4:71:D0: .[0m
[34m2026-02-16 11:30:26,176   | DEBUG    | Received 25:DD:44:4B:BB:54: .[0m
[34m2026-02-16 11:30:26,178   | DEBUG    | Received CD:89:AF:2D:2B:2B: .[0m
[34m2026-02-16 11:30:26,180   | DEBUG    | Received CD:89:AF:2D:2B:2B: BioCoin.[0m
[34m2026-02-16 11:30:26,325   | DEBUG    | Received 4A:ED:7D:28:CB:0A: .[0m
[34m2026-02-16 11:30:26,326   | DEBUG    | Received 4A:ED:7D:28:CB:0A: .[0m
[34m2026-02-16 11:30:26,387   | DEBUG    | Received CD:89:AF:2D:2B:2B: .[0m
[34m2026-02-16 11:30:26,388   | DEBUG    | Received CD:89:AF:2D:2B:2B: BioCoin.[0m
[34m2026-02-16 11:30:26,396   | DEBUG    | Received 3E:55:76:6F:E6:64: .[0m
[34m2026-02-16 11:30:26,398   | DEBUG    | Received 3E:55:76:6F:E6:64: .[0m
[34m2026-02-16 11:30:26,505   | DEBUG    | Received 3E:55:76:6F:E6:64: .[0m
[34m2026-02-16 11:30:26,508   | DEBUG    | Received 3E:55:76:6F:E6:64: .[0m
[34m2026-02-16 11:30:26,524   | DEBUG    | Received CD:89:AF:2D:2B:2B: .[0m
[34m2026-02-16 11:30:26,525   | DEBUG    | Received CD:89:AF:2D:2B:2B: BioCoin.[0m
[34m2026-02-16 11:30:26,542   | DEBUG    | Received 7C:3C:3C:50:A0:BF: .[0m
[34m2026-02-16 11:30:26,627   | DEBUG    | Received CD:89:AF:2D:2B:2B: .[0m
[34m2026-02-16 11:30:26,629   | DEBUG    | Received CD:89:AF:2D:2B:2B: BioCoin.[0m
[34m2026-02-16 11:30:26,655   | DEBUG    | Received 2D:4A:43:4F:8D:68: .[0m
[34m2026-02-16 11:30:26,749   | DEBUG    | Received 53:5D:DC:E9:00:50: .[0m
[34m2026-02-16 11:30:26,756   | DEBUG    | Received CD:89:AF:2D:2B:2B: .[0m
[34m2026-02-16 11:30:26,762   | DEBUG    | Received 2D:4A:43:4F:8D:68: .[0m
[34m2026-02-16 11:30:26,774   | DEBUG    | Received 55:D0:6F:77:7B:7B: .[0m
[34m2026-02-16 11:30:26,858   | DEBUG    | Received 6C:6A:32:37:EB:4D: .[0m
[34m2026-02-16 11:30:26,868   | DEBUG    | Received CD:89:AF:2D:2B:2B: .[0m
[34m2026-02-16 11:30:26,870   | DEBUG    | Received CD:89:AF:2D:2B:2B: BioCoin.[0m
[34m2026-02-16 11:30:26,895   | DEBUG    | Received 7B:11:82:F4:71:D0: .[0m
[34m2026-02-16 11:30:26,896   | DEBUG    | Received 7B:11:82:F4:71:D0: .[0m
[34m2026-02-16 11:30:27,011   | DEBUG    | Received 61:16:A8:DE:90:79: .[0m
[34m2026-02-16 11:30:27,012   | DEBUG    | Received 61:16:A8:DE:90:79: .[0m
[34m2026-02-16 11:30:27,022   | DEBUG    | Received 25:DD:44:4B:BB:54: .[0m
[34m2026-02-16 11:30:27,117   | DEBUG    | Received CD:89:AF:2D:2B:2B: .[0m
[34m2026-02-16 11:30:27,121   | DEBUG    | Received 53:5D:DC:E9:00:50: .[0m
[34m2026-02-16 11:30:27,220   | DEBUG    | Received CD:89:AF:2D:2B:2B: .[0m
[34m2026-02-16 11:30:27,222   | DEBUG    | Received CD:89:AF:2D:2B:2B: BioCoin.[0m
[34m2026-02-16 11:30:27,248   | DEBUG    | Received 3E:55:76:6F:E6:64: .[0m
[34m2026-02-16 11:30:27,346   | DEBUG    | Received 25:DD:44:4B:BB:54: .[0m
[34m2026-02-16 11:30:27,361   | DEBUG    | Received 40:49:D7:10:84:30: .[0m
[34m2026-02-16 11:30:27,362   | DEBUG    | Received 40:49:D7:10:84:30: .[0m
[34m2026-02-16 11:30:27,455   | DEBUG    | Received 7B:11:82:F4:71:D0: .[0m
[34m2026-02-16 11:30:27,456   | DEBUG    | Received 7B:11:82:F4:71:D0: .[0m
[34m2026-02-16 11:30:27,464   | DEBUG    | Received CD:89:AF:2D:2B:2B: .[0m
[34m2026-02-16 11:30:27,466   | DEBUG    | Received CD:89:AF:2D:2B:2B: BioCoin.[0m
[34m2026-02-16 11:30:27,483   | DEBUG    | Received 3E:55:76:6F:E6:64: .[0m
[34m2026-02-16 11:30:27,486   | DEBUG    | Received 3E:55:76:6F:E6:64: .[0m
[34m2026-02-16 11:30:27,601   | DEBUG    | Received CD:89:AF:2D:2B:2B: .[0m
[34m2026-02-16 11:30:27,603   | DEBUG    | Received CD:89:AF:2D:2B:2B: BioCoin.[0m
[34m2026-02-16 11:30:27,605   | DEBUG    | Received 55:D0:6F:77:7B:7B: .[0m
[34m2026-02-16 11:30:27,606   | DEBUG    | Received 55:D0:6F:77:7B:7B: .[0m
[34m2026-02-16 11:30:27,611   | DEBUG    | Received 6C:6A:32:37:EB:4D: .[0m
[34m2026-02-16 11:30:27,714   | DEBUG    | Received CD:89:AF:2D:2B:2B: .[0m
[34m2026-02-16 11:30:27,715   | DEBUG    | Received CD:89:AF:2D:2B:2B: BioCoin.[0m
[34m2026-02-16 11:30:27,820   | DEBUG    | Received CD:89:AF:2D:2B:2B: .[0m
[34m2026-02-16 11:30:27,822   | DEBUG    | Received CD:89:AF:2D:2B:2B: BioCoin.[0m
[34m2026-02-16 11:30:27,835   | DEBUG    | Received 7B:11:82:F4:71:D0: .[0m
[34m2026-02-16 11:30:27,837   | DEBUG    | Received 7B:11:82:F4:71:D0: .[0m
[34m2026-02-16 11:30:27,926   | DEBUG    | Received CD:89:AF:2D:2B:2B: .[0m
[34m2026-02-16 11:30:27,927   | DEBUG    | Received CD:89:AF:2D:2B:2B: BioCoin.[0m
[34m2026-02-16 11:30:27,962   | DEBUG    | Received CD:89:AF:2D:2B:2B: .[0m
[34m2026-02-16 11:30:27,963   | DEBUG    | Received CD:89:AF:2D:2B:2B: BioCoin.[0m
[34m2026-02-16 11:30:28,065   | DEBUG    | Received CD:89:AF:2D:2B:2B: .[0m
[34m2026-02-16 11:30:28,067   | DEBUG    | Received CD:89:AF:2D:2B:2B: BioCoin.[0m
[34m2026-02-16 11:30:28,076   | DEBUG    | Received 25:DD:44:4B:BB:54: .[0m
[34m2026-02-16 11:30:28,290   | DEBUG    | Received 25:DD:44:4B:BB:54: .[0m
[34m2026-02-16 11:30:28,301   | DEBUG    | Received 3E:55:76:6F:E6:64: .[0m
[34m2026-02-16 11:30:28,306   | DEBUG    | Received 40:49:D7:10:84:30: .[0m
[34m2026-02-16 11:30:28,308   | DEBUG    | Received 40:49:D7:10:84:30: .[0m
[34m2026-02-16 11:30:28,408   | DEBUG    | Received CD:89:AF:2D:2B:2B: .[0m
[34m2026-02-16 11:30:28,410   | DEBUG    | Received CD:89:AF:2D:2B:2B: BioCoin.[0m
[34m2026-02-16 11:30:28,413   | DEBUG    | Received 3E:55:76:6F:E6:64: .[0m
[34m2026-02-16 11:30:28,547   | DEBUG    | Received CD:89:AF:2D:2B:2B: .[0m
[34m2026-02-16 11:30:28,548   | DEBUG    | Received CD:89:AF:2D:2B:2B: BioCoin.[0m
[34m2026-02-16 11:30:28,662   | DEBUG    | Received 2D:4A:43:4F:8D:68: .[0m
[34m2026-02-16 11:30:28,759   | DEBUG    | Received CD:89:AF:2D:2B:2B: .[0m
[34m2026-02-16 11:30:28,761   | DEBUG    | Received CD:89:AF:2D:2B:2B: BioCoin.[0m
[34m2026-02-16 11:30:28,770   | DEBUG    | Received 3E:55:76:6F:E6:64: .[0m
[34m2026-02-16 11:30:28,773   | DEBUG    | Received 3E:55:76:6F:E6:64: .[0m
[34m2026-02-16 11:30:28,885   | DEBUG    | Received CD:89:AF:2D:2B:2B: .[0m
[34m2026-02-16 11:30:28,887   | DEBUG    | Received CD:89:AF:2D:2B:2B: BioCoin.[0m
[34m2026-02-16 11:30:28,927   | DEBUG    | 14 devices found. Watcher status: <BluetoothLEAdvertisementWatcherStatus.STOPPED: 3>.[0m
[34m2026-02-16 11:30:28,928   | DEBUG    | 	Device: Unknown (47:29:70:C0:26:F8) | UUIDs: [][0m
[34m2026-02-16 11:30:28,928   | DEBUG    | 	Device: BioCoin (CD:89:AF:2D:2B:2B) | UUIDs: ['00001523-1212-efde-1523-785feabc93aa'][0m
[34m2026-02-16 11:30:28,928   | DEBUG    | 	Device: Unknown (7B:11:82:F4:71:D0) | UUIDs: [][0m
[34m2026-02-16 11:30:28,928   | DEBUG    | 	Device: Unknown (55:D0:6F:77:7B:7B) | UUIDs: [][0m
[34m2026-02-16 11:30:28,928   | DEBUG    | 	Device: Unknown (53:5D:DC:E9:00:50) | UUIDs: [][0m
[34m2026-02-16 11:30:28,928   | DEBUG    | 	Device: Unknown (25:DD:44:4B:BB:54) | UUIDs: [][0m
[34m2026-02-16 11:30:28,928   | DEBUG    | 	Device: Unknown (40:D7:D2:F3:80:1B) | UUIDs: [][0m
[34m2026-02-16 11:30:28,928   | DEBUG    | 	Device: Unknown (3E:55:76:6F:E6:64) | UUIDs: ['0000fe78-0000-1000-8000-00805f9b34fb'][0m
[34m2026-02-16 11:30:28,928   | DEBUG    | 	Device: Unknown (40:49:D7:10:84:30) | UUIDs: [][0m
[34m2026-02-16 11:30:28,928   | DEBUG    | 	Device: Unknown (2D:4A:43:4F:8D:68) | UUIDs: [][0m
[34m2026-02-16 11:30:28,928   | DEBUG    | 	Device: Unknown (61:16:A8:DE:90:79) | UUIDs: [][0m
[34m2026-02-16 11:30:28,928   | DEBUG    | 	Device: Unknown (4A:ED:7D:28:CB:0A) | UUIDs: [][0m
[34m2026-02-16 11:30:28,928   | DEBUG    | 	Device: Unknown (7C:3C:3C:50:A0:BF) | UUIDs: ['0000fe9f-0000-1000-8000-00805f9b34fb'][0m
[34m2026-02-16 11:30:28,928   | DEBUG    | 	Device: Unknown (6C:6A:32:37:EB:4D) | UUIDs: [][0m
2026-02-16 11:30:28,928   | INFO     | Found BioCoin device at CD:89:AF:2D:2B:2B![0m
[34m2026-02-16 11:30:28,978   | DEBUG    | Received 55:D0:6F:77:7B:7B: .[0m
[34m2026-02-16 11:30:28,979   | DEBUG    | Received 55:D0:6F:77:7B:7B: .[0m
[34m2026-02-16 11:30:28,981   | DEBUG    | Received 2D:4A:43:4F:8D:68: .[0m
[34m2026-02-16 11:30:28,983   | DEBUG    | Received 53:5D:DC:E9:00:50: .[0m
[34m2026-02-16 11:30:29,085   | DEBUG    | Received 2D:4A:43:4F:8D:68: .[0m
[34m2026-02-16 11:30:29,198   | DEBUG    | Received CD:89:AF:2D:2B:2B: .[0m
[34m2026-02-16 11:30:29,199   | DEBUG    | 4 devices found. Watcher status: <BluetoothLEAdvertisementWatcherStatus.STOPPED: 3>.[0m
[34m2026-02-16 11:30:29,199   | DEBUG    | Connecting to BLE device @ CD:89:AF:2D:2B:2B[0m
[34m2026-02-16 11:30:29,279   | DEBUG    | getting services (service_cache_mode=None, cache_mode=None)...[0m
[34m2026-02-16 11:30:29,351   | DEBUG    | session_status_changed_event_handler: id: BluetoothLE#BluetoothLE2c:6d:c1:90:b4:0f-cd:89:af:2d:2b:2b, error: <BluetoothError.SUCCESS: 0>, status: <GattSessionStatus.ACTIVE: 1>[0m
[34m2026-02-16 11:30:29,482   | DEBUG    | max_pdu_size_changed_handler: 247[0m
[34m2026-02-16 11:30:29,575   | DEBUG    | CD:89:AF:2D:2B:2B: services changed[0m
[34m2026-02-16 11:30:29,950   | DEBUG    | CD:89:AF:2D:2B:2B: services changed[0m
2026-02-16 11:30:30,419   | INFO     | Connected to BioCoin device at CD:89:AF:2D:2B:2B.[0m
[34m2026-02-16 11:30:30,432   | DEBUG    | Read Characteristic 0022 : bytearray(b'\x00')[0m
2026-02-16 11:30:30,432   | INFO     | Battery Level: 0%[0m
2026-02-16 11:30:30,433   | INFO     | Sending IMP technique parameters...[0m
[34m2026-02-16 11:30:40,036   | DEBUG    | session_status_changed_event_handler: id: BluetoothLE#BluetoothLE2c:6d:c1:90:b4:0f-cd:89:af:2d:2b:2b, error: <BluetoothError.SUCCESS: 0>, status: <GattSessionStatus.CLOSED: 0>[0m
[34m2026-02-16 11:30:40,037   | DEBUG    | closing requester[0m
[34m2026-02-16 11:30:40,045   | DEBUG    | max_pdu_size_changed_handler: 23[0m
[34m2026-02-16 11:30:40,045   | DEBUG    | closing session[0m
[31m2026-02-16 11:30:40,046   | ERROR    | [WinError -2147023673] The operation was canceled by the user
Traceback (most recent call last):
  File "c:\Users\akoruprolu\Documents\Biocoin\software\src\main.py", line 148, in main
    await Imp.configure(
    ...<10 lines>...
        sweepLog=True)
  File "c:\Users\akoruprolu\Documents\Biocoin\software\src\biocoin\techniques\Impedance.py", line 113, in configure
    await self.device.write_technique_config(payload)
  File "c:\Users\akoruprolu\Documents\Biocoin\software\src\biocoin\device.py", line 202, in write_technique_config
    await self.client.write_gatt_char(tech_char, bytearray(config_bytes))
  File "C:\Users\akoruprolu\Documents\Biocoin\software\.venv\Lib\site-packages\bleak\__init__.py", line 786, in write_gatt_char
    await self._backend.write_gatt_char(characteristic, data, response)
  File "C:\Users\akoruprolu\Documents\Biocoin\software\.venv\Lib\site-packages\bleak\backends\winrt\client.py", line 906, in write_gatt_char
    await characteristic.obj.write_value_with_result_async(buf, response),
    ^^^^^^^^^^^^^^^^^^^^^^^^^^^^^^^^^^^^^^^^^^^^^^^^^^^^^^^^^^^^^^^^^^^^^
OSError: [WinError -2147023673] The operation was canceled by the user[0m
