2026-02-02 19:35:18,752   | INFO     | BioCoin Test Script[0m
2026-02-02 19:35:18,752   | INFO     | Searching for the BioCoin device named "Biocoin"...[0m
2026-02-02 19:35:18,752   | INFO     | Scanning for devices...[0m
[34m2026-02-02 19:35:18,924   | DEBUG    | Received 90:DE:80:E1:73:6A: .[0m
[34m2026-02-02 19:35:18,937   | DEBUG    | Received 6D:04:87:48:8E:82: .[0m
[34m2026-02-02 19:35:18,938   | DEBUG    | Received 6D:04:87:48:8E:82: .[0m
[34m2026-02-02 19:35:18,942   | DEBUG    | Received 84:C0:EF:0A:5E:7B: .[0m
[34m2026-02-02 19:35:18,943   | DEBUG    | Received 84:C0:EF:0A:5E:7B: [TV]Hall office TV.[0m
[34m2026-02-02 19:35:19,038   | DEBUG    | Received 90:DE:80:E1:81:C6: .[0m
[34m2026-02-02 19:35:19,045   | DEBUG    | Received 79:6C:F9:E3:08:5E: .[0m
[34m2026-02-02 19:35:19,046   | DEBUG    | Received 79:6C:F9:E3:08:5E: .[0m
[34m2026-02-02 19:35:19,049   | DEBUG    | Received 84:C0:EF:0A:5E:7B: .[0m
[34m2026-02-02 19:35:19,050   | DEBUG    | Received 84:C0:EF:0A:5E:7B: [TV]Hall office TV.[0m
[34m2026-02-02 19:35:19,052   | DEBUG    | Received 69:8E:13:13:F7:9C: .[0m
[34m2026-02-02 19:35:19,058   | DEBUG    | Received 61:3B:88:16:37:42: .[0m
[34m2026-02-02 19:35:19,060   | DEBUG    | Received 61:3B:88:16:37:42: .[0m
[34m2026-02-02 19:35:19,062   | DEBUG    | Received 90:DE:80:99:18:82: .[0m
[34m2026-02-02 19:35:19,063   | DEBUG    | Received 77:5F:60:ED:A0:AC: .[0m
[34m2026-02-02 19:35:19,067   | DEBUG    | Received 3B:B9:C9:D4:0C:A9: .[0m
[34m2026-02-02 19:35:19,160   | DEBUG    | Received 84:C0:EF:0A:5E:7B: .[0m
[34m2026-02-02 19:35:19,161   | DEBUG    | Received 84:C0:EF:0A:5E:7B: [TV]Hall office TV.[0m
[34m2026-02-02 19:35:19,165   | DEBUG    | Received 3A:FE:26:0E:D5:1F: .[0m
[34m2026-02-02 19:35:19,167   | DEBUG    | Received 90:DE:80:99:18:82: .[0m
[34m2026-02-02 19:35:19,172   | DEBUG    | Received 2C:56:74:D8:C0:19: .[0m
[34m2026-02-02 19:35:19,276   | DEBUG    | Received 54:0D:D0:4A:F2:85: .[0m
[34m2026-02-02 19:35:19,278   | DEBUG    | Received 54:0D:D0:4A:F2:85: .[0m
[34m2026-02-02 19:35:19,284   | DEBUG    | Received CD:89:AF:2D:2B:2B: .[0m
[34m2026-02-02 19:35:19,285   | DEBUG    | Received CD:89:AF:2D:2B:2B: BioCoin.[0m
[34m2026-02-02 19:35:19,392   | DEBUG    | Received CD:89:AF:2D:2B:2B: .[0m
[34m2026-02-02 19:35:19,394   | DEBUG    | Received CD:89:AF:2D:2B:2B: BioCoin.[0m
[34m2026-02-02 19:35:19,400   | DEBUG    | Received 3D:8D:C3:A9:24:A0: .[0m
[34m2026-02-02 19:35:19,444   | DEBUG    | Received 84:C0:EF:0A:5E:7B: .[0m
[34m2026-02-02 19:35:19,446   | DEBUG    | Received 84:C0:EF:0A:5E:7B: [TV]Hall office TV.[0m
[34m2026-02-02 19:35:19,448   | DEBUG    | Received 0A:ED:37:F3:19:DA: .[0m
[34m2026-02-02 19:35:19,450   | DEBUG    | Received 31:8E:CF:2A:65:2C: .[0m
[34m2026-02-02 19:35:19,452   | DEBUG    | Received 15:3C:EF:DE:FA:6F: .[0m
[34m2026-02-02 19:35:19,454   | DEBUG    | Received 79:6C:F9:E3:08:5E: .[0m
[34m2026-02-02 19:35:19,457   | DEBUG    | Received 4B:D5:F8:41:DE:01: .[0m
[34m2026-02-02 19:35:19,459   | DEBUG    | Received 4B:D5:F8:41:DE:01: .[0m
[34m2026-02-02 19:35:19,462   | DEBUG    | Received CD:89:AF:2D:2B:2B: .[0m
[34m2026-02-02 19:35:19,464   | DEBUG    | Received CD:89:AF:2D:2B:2B: BioCoin.[0m
[34m2026-02-02 19:35:19,511   | DEBUG    | Received 5D:EB:05:9F:AB:92: .[0m
[34m2026-02-02 19:35:19,512   | DEBUG    | Received 5D:EB:05:9F:AB:92: .[0m
[34m2026-02-02 19:35:19,519   | DEBUG    | Received 20:61:98:92:2F:7C: .[0m
[34m2026-02-02 19:35:19,528   | DEBUG    | Received CD:89:AF:2D:2B:2B: .[0m
[34m2026-02-02 19:35:19,530   | DEBUG    | Received CD:89:AF:2D:2B:2B: BioCoin.[0m
[34m2026-02-02 19:35:19,534   | DEBUG    | Received 11:B9:A6:DF:91:3E: .[0m
[34m2026-02-02 19:35:19,535   | DEBUG    | Received 0F:C6:2B:FE:F4:5A: .[0m
[34m2026-02-02 19:35:19,630   | DEBUG    | Received CD:89:AF:2D:2B:2B: .[0m
[34m2026-02-02 19:35:19,632   | DEBUG    | Received CD:89:AF:2D:2B:2B: BioCoin.[0m
[34m2026-02-02 19:35:19,634   | DEBUG    | Received 0A:ED:37:F3:19:DA: .[0m
[34m2026-02-02 19:35:19,645   | DEBUG    | Received 57:9F:ED:E8:42:61: .[0m
[34m2026-02-02 19:35:19,646   | DEBUG    | Received 57:9F:ED:E8:42:61: .[0m
[34m2026-02-02 19:35:19,653   | DEBUG    | Received 4A:12:0B:01:6E:0D: .[0m
[34m2026-02-02 19:35:19,752   | DEBUG    | Received 11:B9:A6:DF:91:3E: .[0m
[34m2026-02-02 19:35:19,756   | DEBUG    | Received 15:3C:EF:DE:FA:6F: .[0m
[34m2026-02-02 19:35:19,760   | DEBUG    | Received 90:DE:80:E1:81:C6: .[0m
[34m2026-02-02 19:35:19,869   | DEBUG    | Received 70:61:EE:06:0F:24: .[0m
[34m2026-02-02 19:35:19,871   | DEBUG    | Received CD:89:AF:2D:2B:2B: .[0m
[34m2026-02-02 19:35:19,873   | DEBUG    | Received CD:89:AF:2D:2B:2B: BioCoin.[0m
[34m2026-02-02 19:35:19,875   | DEBUG    | Received 90:DE:80:99:19:1A: .[0m
[34m2026-02-02 19:35:19,882   | DEBUG    | Received 5D:EB:05:9F:AB:92: .[0m
[34m2026-02-02 19:35:19,883   | DEBUG    | Received 69:8E:13:13:F7:9C: .[0m
[34m2026-02-02 19:35:19,985   | DEBUG    | Received 00:E0:4C:23:99:87: .[0m
[34m2026-02-02 19:35:19,992   | DEBUG    | Received 69:8E:13:13:F7:9C: .[0m
[34m2026-02-02 19:35:20,003   | DEBUG    | Received 84:C0:EF:0A:5E:7B: .[0m
[34m2026-02-02 19:35:20,005   | DEBUG    | Received 84:C0:EF:0A:5E:7B: [TV]Hall office TV.[0m
[34m2026-02-02 19:35:20,104   | DEBUG    | Received 52:0A:AC:C5:95:3A: .[0m
[34m2026-02-02 19:35:20,106   | DEBUG    | Received 6F:9B:21:BC:59:BF: .[0m
[34m2026-02-02 19:35:20,109   | DEBUG    | Received 84:C0:EF:0A:5E:7B: .[0m
[34m2026-02-02 19:35:20,111   | DEBUG    | Received 84:C0:EF:0A:5E:7B: [TV]Hall office TV.[0m
[34m2026-02-02 19:35:20,113   | DEBUG    | Received 90:DE:80:99:18:82: .[0m
[34m2026-02-02 19:35:20,117   | DEBUG    | Received EB:AA:10:AB:4E:92: .[0m
[34m2026-02-02 19:35:20,119   | DEBUG    | Received 0A:85:00:3B:A6:BC: .[0m
[34m2026-02-02 19:35:20,123   | DEBUG    | Received 6D:7E:A5:A6:DD:2E: .[0m
[34m2026-02-02 19:35:20,124   | DEBUG    | Received 6D:7E:A5:A6:DD:2E: .[0m
[34m2026-02-02 19:35:20,221   | DEBUG    | Received D4:FE:41:68:CC:F0: .[0m
[34m2026-02-02 19:35:20,223   | DEBUG    | Received D4:FE:41:68:CC:F0: .[0m
[34m2026-02-02 19:35:20,224   | DEBUG    | Received 2C:56:74:D8:C0:19: .[0m
[34m2026-02-02 19:35:20,230   | DEBUG    | Received CD:89:AF:2D:2B:2B: .[0m
[34m2026-02-02 19:35:20,232   | DEBUG    | Received CD:89:AF:2D:2B:2B: BioCoin.[0m
[34m2026-02-02 19:35:20,235   | DEBUG    | Received 1C:69:20:85:D5:DE: Fellow Aiden D5DC.[0m
[34m2026-02-02 19:35:20,236   | DEBUG    | Received 1C:69:20:85:D5:DE: .[0m
[34m2026-02-02 19:35:20,239   | DEBUG    | Received 3D:8D:C3:A9:24:A0: .[0m
[34m2026-02-02 19:35:20,246   | DEBUG    | Received 20:61:98:92:2F:7C: .[0m
[34m2026-02-02 19:35:20,248   | DEBUG    | Received 5F:9A:ED:36:DC:B6: .[0m
[34m2026-02-02 19:35:20,251   | DEBUG    | Received 5D:EB:05:9F:AB:92: .[0m
[34m2026-02-02 19:35:20,255   | DEBUG    | Received 6D:04:87:48:8E:82: .[0m
[34m2026-02-02 19:35:20,338   | DEBUG    | Received CD:89:AF:2D:2B:2B: .[0m
[34m2026-02-02 19:35:20,341   | DEBUG    | Received CD:89:AF:2D:2B:2B: BioCoin.[0m
[34m2026-02-02 19:35:20,350   | DEBUG    | Received 20:61:98:92:2F:7C: .[0m
[34m2026-02-02 19:35:20,458   | DEBUG    | Received 20:61:98:92:2F:7C: .[0m
[34m2026-02-02 19:35:20,466   | DEBUG    | Received 57:9F:ED:E8:42:61: .[0m
[34m2026-02-02 19:35:20,467   | DEBUG    | Received 57:9F:ED:E8:42:61: .[0m
[34m2026-02-02 19:35:20,470   | DEBUG    | Received 4C:C1:FF:47:68:42: .[0m
[34m2026-02-02 19:35:20,471   | DEBUG    | Received 4C:C1:FF:47:68:42: .[0m
[34m2026-02-02 19:35:20,474   | DEBUG    | Received 90:DE:80:99:19:CC: .[0m
[34m2026-02-02 19:35:20,480   | DEBUG    | Received D4:FE:41:68:CC:F0: .[0m
[34m2026-02-02 19:35:20,482   | DEBUG    | Received D4:FE:41:68:CC:F0: .[0m
[34m2026-02-02 19:35:20,577   | DEBUG    | Received 1D:5B:76:BF:51:C7: .[0m
[34m2026-02-02 19:35:20,580   | DEBUG    | Received 90:DE:80:99:19:CC: .[0m
[34m2026-02-02 19:35:20,584   | DEBUG    | Received 6C:42:FB:34:1D:FF: .[0m
[34m2026-02-02 19:35:20,586   | DEBUG    | Received CD:89:AF:2D:2B:2B: .[0m
[34m2026-02-02 19:35:20,587   | DEBUG    | Received CD:89:AF:2D:2B:2B: BioCoin.[0m
[34m2026-02-02 19:35:20,590   | DEBUG    | Received 4C:C1:50:19:63:80: .[0m
[34m2026-02-02 19:35:20,592   | DEBUG    | Received 15:3C:EF:DE:FA:6F: .[0m
[34m2026-02-02 19:35:20,595   | DEBUG    | Received 31:8E:CF:2A:65:2C: .[0m
[34m2026-02-02 19:35:20,718   | DEBUG    | Received 69:8E:13:13:F7:9C: .[0m
[34m2026-02-02 19:35:20,722   | DEBUG    | Received 84:C0:EF:0A:5E:7B: .[0m
[34m2026-02-02 19:35:20,725   | DEBUG    | Received 84:C0:EF:0A:5E:7B: [TV]Hall office TV.[0m
[34m2026-02-02 19:35:20,727   | DEBUG    | Received CD:89:AF:2D:2B:2B: .[0m
[34m2026-02-02 19:35:20,730   | DEBUG    | Received CD:89:AF:2D:2B:2B: BioCoin.[0m
[34m2026-02-02 19:35:20,731   | DEBUG    | Received 3B:B9:C9:D4:0C:A9: .[0m
[34m2026-02-02 19:35:20,735   | DEBUG    | Received 0A:85:00:3B:A6:BC: .[0m
[34m2026-02-02 19:35:20,739   | DEBUG    | Received 57:9F:ED:E8:42:61: .[0m
[34m2026-02-02 19:35:20,741   | DEBUG    | Received 57:9F:ED:E8:42:61: .[0m
[34m2026-02-02 19:35:20,810   | DEBUG    | Received 31:8E:CF:2A:65:2C: .[0m
[34m2026-02-02 19:35:20,812   | DEBUG    | Received 84:C0:EF:0A:5E:7B: .[0m
[34m2026-02-02 19:35:20,813   | DEBUG    | Received 84:C0:EF:0A:5E:7B: [TV]Hall office TV.[0m
[34m2026-02-02 19:35:20,817   | DEBUG    | Received 90:DE:80:E1:73:6A: .[0m
[34m2026-02-02 19:35:20,822   | DEBUG    | Received 84:C0:EF:0A:5E:7B: .[0m
[34m2026-02-02 19:35:20,824   | DEBUG    | Received 84:C0:EF:0A:5E:7B: [TV]Hall office TV.[0m
[34m2026-02-02 19:35:20,825   | DEBUG    | Received 69:8E:13:13:F7:9C: .[0m
[34m2026-02-02 19:35:20,829   | DEBUG    | Received CD:89:AF:2D:2B:2B: .[0m
[34m2026-02-02 19:35:20,831   | DEBUG    | Received CD:89:AF:2D:2B:2B: BioCoin.[0m
[34m2026-02-02 19:35:20,833   | DEBUG    | Received 3B:B9:C9:D4:0C:A9: .[0m
[34m2026-02-02 19:35:20,933   | DEBUG    | Received 69:8E:13:13:F7:9C: .[0m
[34m2026-02-02 19:35:20,936   | DEBUG    | Received 3B:B9:C9:D4:0C:A9: .[0m
[34m2026-02-02 19:35:20,940   | DEBUG    | Received 6D:7E:A5:A6:DD:2E: .[0m
[34m2026-02-02 19:35:20,941   | DEBUG    | Received 6D:7E:A5:A6:DD:2E: .[0m
[34m2026-02-02 19:35:20,942   | DEBUG    | Received 0A:85:00:3B:A6:BC: .[0m
[34m2026-02-02 19:35:20,949   | DEBUG    | Received 0A:ED:37:F3:19:DA: .[0m
[34m2026-02-02 19:35:21,046   | DEBUG    | Received 0A:85:00:3B:A6:BC: .[0m
[34m2026-02-02 19:35:21,052   | DEBUG    | Received 5C:D7:90:04:76:3D: .[0m
[34m2026-02-02 19:35:21,057   | DEBUG    | Received FA:4B:63:EF:39:2F: .[0m
[34m2026-02-02 19:35:21,060   | DEBUG    | Received 54:F1:61:D0:F1:A0: .[0m
[34m2026-02-02 19:35:21,164   | DEBUG    | Received D0:75:1C:30:B9:07: .[0m
[34m2026-02-02 19:35:21,175   | DEBUG    | Received 5D:EB:05:9F:AB:92: .[0m
[34m2026-02-02 19:35:21,177   | DEBUG    | Received 5D:EB:05:9F:AB:92: .[0m
[34m2026-02-02 19:35:21,179   | DEBUG    | Received 84:C0:EF:0A:5E:7B: .[0m
[34m2026-02-02 19:35:21,181   | DEBUG    | Received 84:C0:EF:0A:5E:7B: [TV]Hall office TV.[0m
[34m2026-02-02 19:35:21,299   | DEBUG    | Received 42:F8:9A:92:61:F8: .[0m
[34m2026-02-02 19:35:21,313   | DEBUG    | Received 50:D3:93:E2:03:F6: .[0m
[34m2026-02-02 19:35:21,318   | DEBUG    | Received CD:89:AF:2D:2B:2B: .[0m
[34m2026-02-02 19:35:21,319   | DEBUG    | Received CD:89:AF:2D:2B:2B: BioCoin.[0m
[34m2026-02-02 19:35:21,321   | DEBUG    | Received 84:C0:EF:0A:5E:7B: .[0m
[34m2026-02-02 19:35:21,323   | DEBUG    | Received 84:C0:EF:0A:5E:7B: [TV]Hall office TV.[0m
[34m2026-02-02 19:35:21,325   | DEBUG    | Received 15:3C:EF:DE:FA:6F: .[0m
[34m2026-02-02 19:35:21,401   | DEBUG    | Received 3D:8D:C3:A9:24:A0: .[0m
[34m2026-02-02 19:35:21,408   | DEBUG    | Received 54:0D:D0:4A:F2:85: .[0m
[34m2026-02-02 19:35:21,410   | DEBUG    | Received 54:0D:D0:4A:F2:85: .[0m
[34m2026-02-02 19:35:21,422   | DEBUG    | Received 65:BA:78:36:60:A9: .[0m
[34m2026-02-02 19:35:21,423   | DEBUG    | Received 65:BA:78:36:60:A9: .[0m
[34m2026-02-02 19:35:21,425   | DEBUG    | Received 5C:D7:90:04:76:3D: .[0m
[34m2026-02-02 19:35:21,519   | DEBUG    | Received 84:C0:EF:0A:5E:7B: .[0m
[34m2026-02-02 19:35:21,522   | DEBUG    | Received 84:C0:EF:0A:5E:7B: [TV]Hall office TV.[0m
[34m2026-02-02 19:35:21,524   | DEBUG    | Received CD:89:AF:2D:2B:2B: .[0m
[34m2026-02-02 19:35:21,526   | DEBUG    | Received CD:89:AF:2D:2B:2B: BioCoin.[0m
[34m2026-02-02 19:35:21,535   | DEBUG    | Received 11:B9:A6:DF:91:3E: .[0m
[34m2026-02-02 19:35:21,537   | DEBUG    | Received 90:DE:80:E1:81:C6: .[0m
[34m2026-02-02 19:35:21,539   | DEBUG    | Received 15:3C:EF:DE:FA:6F: .[0m
[34m2026-02-02 19:35:21,646   | DEBUG    | Received 11:00:4C:EF:D3:0F: .[0m
[34m2026-02-02 19:35:21,655   | DEBUG    | Received D4:FE:41:68:CC:F0: .[0m
[34m2026-02-02 19:35:21,657   | DEBUG    | Received D4:FE:41:68:CC:F0: .[0m
[34m2026-02-02 19:35:21,659   | DEBUG    | Received 31:8E:CF:2A:65:2C: .[0m
[34m2026-02-02 19:35:21,757   | DEBUG    | Received 3B:B9:C9:D4:0C:A9: .[0m
[34m2026-02-02 19:35:21,768   | DEBUG    | Received 6D:7E:A5:A6:DD:2E: .[0m
[34m2026-02-02 19:35:21,769   | DEBUG    | Received 6D:7E:A5:A6:DD:2E: .[0m
[34m2026-02-02 19:35:21,771   | DEBUG    | Received 90:DE:80:E1:73:6A: .[0m
[34m2026-02-02 19:35:21,773   | DEBUG    | Received 69:8E:13:13:F7:9C: .[0m
[34m2026-02-02 19:35:21,775   | DEBUG    | Received 76:0A:C5:16:A9:1C: .[0m
[34m2026-02-02 19:35:21,779   | DEBUG    | Received 0A:85:00:3B:A6:BC: .[0m
[34m2026-02-02 19:35:21,879   | DEBUG    | Received 69:8E:13:13:F7:9C: .[0m
[34m2026-02-02 19:35:21,890   | DEBUG    | Received 0A:85:00:3B:A6:BC: .[0m
[34m2026-02-02 19:35:21,892   | DEBUG    | Received 0A:ED:37:F3:19:DA: .[0m
[34m2026-02-02 19:35:21,998   | DEBUG    | Received 0A:85:00:3B:A6:BC: .[0m
[34m2026-02-02 19:35:22,002   | DEBUG    | Received 2C:56:74:D8:C0:19: .[0m
[34m2026-02-02 19:35:22,005   | DEBUG    | Received 90:DE:80:99:18:82: .[0m
[34m2026-02-02 19:35:22,014   | DEBUG    | Received 90:DE:80:E1:90:28: .[0m
[34m2026-02-02 19:35:22,017   | DEBUG    | Received 20:61:98:92:2F:7C: .[0m
[34m2026-02-02 19:35:22,018   | DEBUG    | Received 16:5F:79:42:6F:08: .[0m
[34m2026-02-02 19:35:22,112   | DEBUG    | Received 84:C0:EF:0A:5E:7B: .[0m
[34m2026-02-02 19:35:22,113   | DEBUG    | Received 84:C0:EF:0A:5E:7B: [TV]Hall office TV.[0m
[34m2026-02-02 19:35:22,122   | DEBUG    | Received 20:61:98:92:2F:7C: .[0m
[34m2026-02-02 19:35:22,124   | DEBUG    | Received CD:89:AF:2D:2B:2B: .[0m
[34m2026-02-02 19:35:22,126   | DEBUG    | Received CD:89:AF:2D:2B:2B: BioCoin.[0m
[34m2026-02-02 19:35:22,127   | DEBUG    | Received 3D:8D:C3:A9:24:A0: .[0m
[34m2026-02-02 19:35:22,129   | DEBUG    | Received EB:AA:10:AB:4E:92: .[0m
[34m2026-02-02 19:35:22,131   | DEBUG    | Received 5F:9A:ED:36:DC:B6: .[0m
[34m2026-02-02 19:35:22,227   | DEBUG    | Received 16:5F:79:42:6F:08: .[0m
[34m2026-02-02 19:35:22,229   | DEBUG    | Received 20:61:98:92:2F:7C: .[0m
[34m2026-02-02 19:35:22,234   | DEBUG    | Received 54:0D:D0:4A:F2:85: .[0m
[34m2026-02-02 19:35:22,236   | DEBUG    | Received 54:0D:D0:4A:F2:85: .[0m
[34m2026-02-02 19:35:22,252   | DEBUG    | Received 44:78:8A:C0:D8:3E: .[0m
[34m2026-02-02 19:35:22,345   | DEBUG    | Received 5F:9A:ED:36:DC:B6: .[0m
[34m2026-02-02 19:35:22,356   | DEBUG    | Received 1F:DD:2D:65:49:02: .[0m
[34m2026-02-02 19:35:22,364   | DEBUG    | Received 54:F1:61:D0:F1:A0: .[0m
[34m2026-02-02 19:35:22,366   | DEBUG    | Received 0F:C6:2B:FE:F4:5A: .[0m
[34m2026-02-02 19:35:22,472   | DEBUG    | Received 1D:5B:76:BF:51:C7: .[0m
[34m2026-02-02 19:35:22,474   | DEBUG    | Received 0F:C6:2B:FE:F4:5A: .[0m
[34m2026-02-02 19:35:22,476   | DEBUG    | Received 5D:EB:05:9F:AB:92: .[0m
[34m2026-02-02 19:35:22,478   | DEBUG    | Received 5D:EB:05:9F:AB:92: .[0m
[34m2026-02-02 19:35:22,480   | DEBUG    | Received 4B:D5:F8:41:DE:01: .[0m
[34m2026-02-02 19:35:22,482   | DEBUG    | Received 4B:D5:F8:41:DE:01: .[0m
[34m2026-02-02 19:35:22,488   | DEBUG    | Received 84:C0:EF:0A:5E:7B: .[0m
[34m2026-02-02 19:35:22,490   | DEBUG    | Received 84:C0:EF:0A:5E:7B: [TV]Hall office TV.[0m
[34m2026-02-02 19:35:22,585   | DEBUG    | Received 11:B9:A6:DF:91:3E: .[0m
[34m2026-02-02 19:35:22,587   | DEBUG    | Received 15:3C:EF:DE:FA:6F: .[0m
[34m2026-02-02 19:35:22,592   | DEBUG    | Received 61:3B:88:16:37:42: .[0m
[34m2026-02-02 19:35:22,593   | DEBUG    | Received 61:3B:88:16:37:42: .[0m
[34m2026-02-02 19:35:22,595   | DEBUG    | Received 6D:7E:A5:A6:DD:2E: .[0m
[34m2026-02-02 19:35:22,598   | DEBUG    | Received 6D:7E:A5:A6:DD:2E: .[0m
[34m2026-02-02 19:35:22,600   | DEBUG    | Received 84:C0:EF:0A:5E:7B: .[0m
[34m2026-02-02 19:35:22,602   | DEBUG    | Received 84:C0:EF:0A:5E:7B: [TV]Hall office TV.[0m
[34m2026-02-02 19:35:22,640   | DEBUG    | Received 20:61:98:92:2F:7C: .[0m
[34m2026-02-02 19:35:22,700   | DEBUG    | Received 3B:B9:C9:D4:0C:A9: .[0m
[34m2026-02-02 19:35:22,702   | DEBUG    | Received A4:83:E7:D6:E4:D0: .[0m
[34m2026-02-02 19:35:22,704   | DEBUG    | Received 69:8E:13:13:F7:9C: .[0m
[34m2026-02-02 19:35:22,714   | DEBUG    | Received 31:8E:CF:2A:65:2C: .[0m
[34m2026-02-02 19:35:22,717   | DEBUG    | Received 3A:FE:26:0E:D5:1F: .[0m
[34m2026-02-02 19:35:22,722   | DEBUG    | Received 2C:56:74:D8:C0:19: .[0m
[34m2026-02-02 19:35:22,726   | DEBUG    | Received 5C:D7:90:04:76:3D: .[0m
[34m2026-02-02 19:35:22,946   | DEBUG    | Received D4:FE:41:68:CC:F0: .[0m
[34m2026-02-02 19:35:22,947   | DEBUG    | Received 20:61:98:92:2F:7C: .[0m
[34m2026-02-02 19:35:22,949   | DEBUG    | Received 31:8E:CF:2A:65:2C: .[0m
[34m2026-02-02 19:35:23,053   | DEBUG    | Received 31:8E:CF:2A:65:2C: .[0m
[34m2026-02-02 19:35:23,055   | DEBUG    | Received C0:54:13:9B:38:BC: .[0m
[34m2026-02-02 19:35:23,058   | DEBUG    | Received 54:0D:D0:4A:F2:85: .[0m
[34m2026-02-02 19:35:23,060   | DEBUG    | Received 54:0D:D0:4A:F2:85: .[0m
[34m2026-02-02 19:35:23,061   | DEBUG    | Received FA:4B:63:EF:39:2F: .[0m
[34m2026-02-02 19:35:23,064   | DEBUG    | Received 16:5F:79:42:6F:08: .[0m
[34m2026-02-02 19:35:23,071   | DEBUG    | Received A4:83:E7:D6:E4:D0: .[0m
[34m2026-02-02 19:35:23,072   | DEBUG    | Received A4:83:E7:D6:E4:D0: .[0m
[34m2026-02-02 19:35:23,074   | DEBUG    | Received 5F:9A:ED:36:DC:B6: .[0m
[34m2026-02-02 19:35:23,076   | DEBUG    | Received D4:FE:41:68:CC:F0: .[0m
[34m2026-02-02 19:35:23,079   | DEBUG    | Received D4:FE:41:68:CC:F0: .[0m
[34m2026-02-02 19:35:23,085   | DEBUG    | Received 49:5B:C7:9A:D5:24: .[0m
[34m2026-02-02 19:35:23,087   | DEBUG    | Received 49:5B:C7:9A:D5:24: .[0m
[34m2026-02-02 19:35:23,089   | DEBUG    | Received 84:C0:EF:0A:5E:7B: .[0m
[34m2026-02-02 19:35:23,093   | DEBUG    | Received 5C:D7:90:04:76:3D: .[0m
[34m2026-02-02 19:35:23,172   | DEBUG    | Received 84:C0:EF:0A:5E:7B: .[0m
[34m2026-02-02 19:35:23,174   | DEBUG    | Received 84:C0:EF:0A:5E:7B: [TV]Hall office TV.[0m
[34m2026-02-02 19:35:23,176   | DEBUG    | Received 5F:9A:ED:36:DC:B6: .[0m
[34m2026-02-02 19:35:23,184   | DEBUG    | Received 84:C0:EF:0A:5E:7B: .[0m
[34m2026-02-02 19:35:23,185   | DEBUG    | Received 84:C0:EF:0A:5E:7B: [TV]Hall office TV.[0m
[34m2026-02-02 19:35:23,189   | DEBUG    | Received 0A:ED:37:F3:19:DA: .[0m
[34m2026-02-02 19:35:23,300   | DEBUG    | Received 49:C4:22:ED:2F:F5: .[0m
[34m2026-02-02 19:35:23,302   | DEBUG    | Received 4B:D5:F8:41:DE:01: .[0m
[34m2026-02-02 19:35:23,303   | DEBUG    | Received 4B:D5:F8:41:DE:01: .[0m
[34m2026-02-02 19:35:23,408   | DEBUG    | Received EC:4A:AE:73:08:D9: .[0m
[34m2026-02-02 19:35:23,410   | DEBUG    | Received 1F:DD:2D:65:49:02: .[0m
[34m2026-02-02 19:35:23,417   | DEBUG    | Received 1D:5B:76:BF:51:C7: .[0m
[34m2026-02-02 19:35:23,419   | DEBUG    | Received 90:DE:80:99:19:CC: .[0m
[34m2026-02-02 19:35:23,422   | DEBUG    | Received 15:3C:EF:DE:FA:6F: .[0m
[34m2026-02-02 19:35:23,426   | DEBUG    | Received 00:E0:4C:23:99:87: .[0m
[34m2026-02-02 19:35:23,427   | DEBUG    | Received 69:8E:13:13:F7:9C: .[0m
[34m2026-02-02 19:35:23,530   | DEBUG    | Received 61:3B:88:16:37:42: .[0m
[34m2026-02-02 19:35:23,532   | DEBUG    | Received 61:3B:88:16:37:42: .[0m
[34m2026-02-02 19:35:23,534   | DEBUG    | Received 00:E0:4C:23:99:87: .[0m
[34m2026-02-02 19:35:23,536   | DEBUG    | Received 69:8E:13:13:F7:9C: .[0m
[34m2026-02-02 19:35:23,538   | DEBUG    | Received 4A:12:0B:01:6E:0D: .[0m
[34m2026-02-02 19:35:23,539   | DEBUG    | Received 90:DE:80:E1:81:C6: .[0m
[34m2026-02-02 19:35:23,644   | DEBUG    | Received 90:DE:80:E1:81:C6: .[0m
[34m2026-02-02 19:35:23,648   | DEBUG    | Received 5C:D7:90:04:76:3D: .[0m
[34m2026-02-02 19:35:23,663   | DEBUG    | Received 49:C4:22:ED:2F:F5: .[0m
[34m2026-02-02 19:35:23,666   | DEBUG    | Received 54:F1:61:D0:F1:A0: .[0m
[34m2026-02-02 19:35:23,668   | DEBUG    | Received 90:DE:80:E1:73:6A: .[0m
[34m2026-02-02 19:35:23,763   | DEBUG    | Received 11:00:4C:EF:D3:0F: .[0m
[34m2026-02-02 19:35:23,766   | DEBUG    | Received 3A:FE:26:0E:D5:1F: .[0m
[34m2026-02-02 19:35:23,771   | DEBUG    | Received CD:89:AF:2D:2B:2B: .[0m
[34m2026-02-02 19:35:23,773   | DEBUG    | Received CD:89:AF:2D:2B:2B: BioCoin.[0m
[34m2026-02-02 19:35:23,775   | DEBUG    | Received 90:DE:80:E1:73:6A: .[0m
[34m2026-02-02 19:35:23,776   | DEBUG    | Received 31:8E:CF:2A:65:2C: .[0m
[34m2026-02-02 19:35:23,778   | DEBUG    | Received 2C:56:74:D8:C0:19: .[0m
[34m2026-02-02 19:35:23,787   | DEBUG    | Received 90:DE:80:E1:90:28: .[0m
[34m2026-02-02 19:35:23,861   | DEBUG    | 59 devices found. Watcher status: <BluetoothLEAdvertisementWatcherStatus.STOPPED: 3>.[0m
[34m2026-02-02 19:35:23,862   | DEBUG    | 	Device: Unknown (90:DE:80:E1:73:6A) | UUIDs: [][0m
[34m2026-02-02 19:35:23,862   | DEBUG    | 	Device: Unknown (6D:04:87:48:8E:82) | UUIDs: [][0m
[34m2026-02-02 19:35:23,862   | DEBUG    | 	Device: [TV]Hall office TV (84:C0:EF:0A:5E:7B) | UUIDs: [][0m
[34m2026-02-02 19:35:23,862   | DEBUG    | 	Device: Unknown (90:DE:80:E1:81:C6) | UUIDs: [][0m
[34m2026-02-02 19:35:23,862   | DEBUG    | 	Device: Unknown (79:6C:F9:E3:08:5E) | UUIDs: [][0m
[34m2026-02-02 19:35:23,863   | DEBUG    | 	Device: Unknown (69:8E:13:13:F7:9C) | UUIDs: [][0m
[34m2026-02-02 19:35:23,863   | DEBUG    | 	Device: Unknown (61:3B:88:16:37:42) | UUIDs: [][0m
[34m2026-02-02 19:35:23,863   | DEBUG    | 	Device: Unknown (90:DE:80:99:18:82) | UUIDs: [][0m
[34m2026-02-02 19:35:23,863   | DEBUG    | 	Device: Unknown (77:5F:60:ED:A0:AC) | UUIDs: [][0m
[34m2026-02-02 19:35:23,863   | DEBUG    | 	Device: Unknown (3B:B9:C9:D4:0C:A9) | UUIDs: [][0m
[34m2026-02-02 19:35:23,863   | DEBUG    | 	Device: Unknown (3A:FE:26:0E:D5:1F) | UUIDs: [][0m
[34m2026-02-02 19:35:23,863   | DEBUG    | 	Device: Unknown (2C:56:74:D8:C0:19) | UUIDs: [][0m
[34m2026-02-02 19:35:23,863   | DEBUG    | 	Device: Unknown (54:0D:D0:4A:F2:85) | UUIDs: [][0m
[34m2026-02-02 19:35:23,864   | DEBUG    | 	Device: BioCoin (CD:89:AF:2D:2B:2B) | UUIDs: ['00001523-1212-efde-1523-785feabc93aa'][0m
[34m2026-02-02 19:35:23,864   | DEBUG    | 	Device: Unknown (3D:8D:C3:A9:24:A0) | UUIDs: [][0m
[34m2026-02-02 19:35:23,864   | DEBUG    | 	Device: Unknown (0A:ED:37:F3:19:DA) | UUIDs: [][0m
[34m2026-02-02 19:35:23,864   | DEBUG    | 	Device: Unknown (31:8E:CF:2A:65:2C) | UUIDs: [][0m
[34m2026-02-02 19:35:23,864   | DEBUG    | 	Device: Unknown (15:3C:EF:DE:FA:6F) | UUIDs: [][0m
[34m2026-02-02 19:35:23,864   | DEBUG    | 	Device: Unknown (4B:D5:F8:41:DE:01) | UUIDs: [][0m
[34m2026-02-02 19:35:23,864   | DEBUG    | 	Device: Unknown (5D:EB:05:9F:AB:92) | UUIDs: [][0m
[34m2026-02-02 19:35:23,864   | DEBUG    | 	Device: Unknown (20:61:98:92:2F:7C) | UUIDs: [][0m
[34m2026-02-02 19:35:23,864   | DEBUG    | 	Device: Unknown (11:B9:A6:DF:91:3E) | UUIDs: [][0m
[34m2026-02-02 19:35:23,864   | DEBUG    | 	Device: Unknown (0F:C6:2B:FE:F4:5A) | UUIDs: [][0m
[34m2026-02-02 19:35:23,864   | DEBUG    | 	Device: Unknown (57:9F:ED:E8:42:61) | UUIDs: [][0m
[34m2026-02-02 19:35:23,864   | DEBUG    | 	Device: Unknown (4A:12:0B:01:6E:0D) | UUIDs: [][0m
[34m2026-02-02 19:35:23,864   | DEBUG    | 	Device: Unknown (70:61:EE:06:0F:24) | UUIDs: ['00000002-0000-1000-8000-00805f9b34fb', '0000fef5-0000-1000-8000-00805f9b34fb'][0m
[34m2026-02-02 19:35:23,865   | DEBUG    | 	Device: Unknown (90:DE:80:99:19:1A) | UUIDs: [][0m
[34m2026-02-02 19:35:23,865   | DEBUG    | 	Device: Unknown (00:E0:4C:23:99:87) | UUIDs: [][0m
[34m2026-02-02 19:35:23,865   | DEBUG    | 	Device: Unknown (52:0A:AC:C5:95:3A) | UUIDs: [][0m
[34m2026-02-02 19:35:23,865   | DEBUG    | 	Device: Unknown (6F:9B:21:BC:59:BF) | UUIDs: [][0m
[34m2026-02-02 19:35:23,865   | DEBUG    | 	Device: Unknown (EB:AA:10:AB:4E:92) | UUIDs: [][0m
[34m2026-02-02 19:35:23,865   | DEBUG    | 	Device: Unknown (0A:85:00:3B:A6:BC) | UUIDs: [][0m
[34m2026-02-02 19:35:23,865   | DEBUG    | 	Device: Unknown (6D:7E:A5:A6:DD:2E) | UUIDs: [][0m
[34m2026-02-02 19:35:23,865   | DEBUG    | 	Device: Unknown (D4:FE:41:68:CC:F0) | UUIDs: [][0m
[34m2026-02-02 19:35:23,865   | DEBUG    | 	Device: Fellow Aiden D5DC (1C:69:20:85:D5:DE) | UUIDs: ['0000ffff-0000-1000-8000-00805f9b34fb'][0m
[34m2026-02-02 19:35:23,865   | DEBUG    | 	Device: Unknown (5F:9A:ED:36:DC:B6) | UUIDs: [][0m
[34m2026-02-02 19:35:23,865   | DEBUG    | 	Device: Unknown (4C:C1:FF:47:68:42) | UUIDs: [][0m
[34m2026-02-02 19:35:23,865   | DEBUG    | 	Device: Unknown (90:DE:80:99:19:CC) | UUIDs: [][0m
[34m2026-02-02 19:35:23,866   | DEBUG    | 	Device: Unknown (1D:5B:76:BF:51:C7) | UUIDs: [][0m
[34m2026-02-02 19:35:23,866   | DEBUG    | 	Device: Unknown (6C:42:FB:34:1D:FF) | UUIDs: [][0m
[34m2026-02-02 19:35:23,866   | DEBUG    | 	Device: Unknown (4C:C1:50:19:63:80) | UUIDs: [][0m
[34m2026-02-02 19:35:23,866   | DEBUG    | 	Device: Unknown (5C:D7:90:04:76:3D) | UUIDs: [][0m
[34m2026-02-02 19:35:23,866   | DEBUG    | 	Device: Unknown (FA:4B:63:EF:39:2F) | UUIDs: [][0m
[34m2026-02-02 19:35:23,866   | DEBUG    | 	Device: Unknown (54:F1:61:D0:F1:A0) | UUIDs: [][0m
[34m2026-02-02 19:35:23,866   | DEBUG    | 	Device: Unknown (D0:75:1C:30:B9:07) | UUIDs: [][0m
[34m2026-02-02 19:35:23,866   | DEBUG    | 	Device: Unknown (42:F8:9A:92:61:F8) | UUIDs: [][0m
[34m2026-02-02 19:35:23,866   | DEBUG    | 	Device: Unknown (50:D3:93:E2:03:F6) | UUIDs: [][0m
[34m2026-02-02 19:35:23,866   | DEBUG    | 	Device: Unknown (65:BA:78:36:60:A9) | UUIDs: [][0m
[34m2026-02-02 19:35:23,866   | DEBUG    | 	Device: Unknown (11:00:4C:EF:D3:0F) | UUIDs: [][0m
[34m2026-02-02 19:35:23,866   | DEBUG    | 	Device: Unknown (76:0A:C5:16:A9:1C) | UUIDs: [][0m
[34m2026-02-02 19:35:23,866   | DEBUG    | 	Device: Unknown (90:DE:80:E1:90:28) | UUIDs: [][0m
[34m2026-02-02 19:35:23,866   | DEBUG    | 	Device: Unknown (16:5F:79:42:6F:08) | UUIDs: [][0m
[34m2026-02-02 19:35:23,866   | DEBUG    | 	Device: Unknown (44:78:8A:C0:D8:3E) | UUIDs: [][0m
[34m2026-02-02 19:35:23,866   | DEBUG    | 	Device: Unknown (1F:DD:2D:65:49:02) | UUIDs: [][0m
[34m2026-02-02 19:35:23,866   | DEBUG    | 	Device: Unknown (A4:83:E7:D6:E4:D0) | UUIDs: [][0m
[34m2026-02-02 19:35:23,867   | DEBUG    | 	Device: Unknown (C0:54:13:9B:38:BC) | UUIDs: [][0m
[34m2026-02-02 19:35:23,867   | DEBUG    | 	Device: Unknown (49:5B:C7:9A:D5:24) | UUIDs: [][0m
[34m2026-02-02 19:35:23,867   | DEBUG    | 	Device: Unknown (49:C4:22:ED:2F:F5) | UUIDs: [][0m
[34m2026-02-02 19:35:23,867   | DEBUG    | 	Device: Unknown (EC:4A:AE:73:08:D9) | UUIDs: [][0m
2026-02-02 19:35:23,867   | INFO     | Found BioCoin device at CD:89:AF:2D:2B:2B![0m
[34m2026-02-02 19:35:23,936   | DEBUG    | Received 15:3C:EF:DE:FA:6F: .[0m
[34m2026-02-02 19:35:23,943   | DEBUG    | Received 90:DE:80:99:19:CC: .[0m
[34m2026-02-02 19:35:23,950   | DEBUG    | Received 00:E0:4C:23:99:87: .[0m
[34m2026-02-02 19:35:23,952   | DEBUG    | Received 69:8E:13:13:F7:9C: .[0m
[34m2026-02-02 19:35:23,953   | DEBUG    | Received 4A:12:0B:01:6E:0D: .[0m
[34m2026-02-02 19:35:24,052   | DEBUG    | Received 00:E0:4C:23:99:87: .[0m
[34m2026-02-02 19:35:24,055   | DEBUG    | Received 3B:B9:C9:D4:0C:A9: .[0m
[34m2026-02-02 19:35:24,060   | DEBUG    | Received 11:B9:A6:DF:91:3E: .[0m
[34m2026-02-02 19:35:24,064   | DEBUG    | Received 90:DE:80:E1:81:C6: .[0m
[34m2026-02-02 19:35:24,171   | DEBUG    | Received 11:B9:A6:DF:91:3E: .[0m
[34m2026-02-02 19:35:24,173   | DEBUG    | Received A4:83:E7:D6:E4:D0: .[0m
[34m2026-02-02 19:35:24,176   | DEBUG    | Received 84:C0:EF:0A:5E:7B: .[0m
[34m2026-02-02 19:35:24,177   | DEBUG    | Received 84:C0:EF:0A:5E:7B: [TV]Hall office TV.[0m
[34m2026-02-02 19:35:24,182   | DEBUG    | Received CD:89:AF:2D:2B:2B: .[0m
[34m2026-02-02 19:35:24,183   | DEBUG    | 11 devices found. Watcher status: <BluetoothLEAdvertisementWatcherStatus.STOPPED: 3>.[0m
[34m2026-02-02 19:35:24,183   | DEBUG    | Connecting to BLE device @ CD:89:AF:2D:2B:2B[0m
[34m2026-02-02 19:35:24,271   | DEBUG    | getting services (service_cache_mode=None, cache_mode=None)...[0m
[34m2026-02-02 19:35:24,590   | DEBUG    | session_status_changed_event_handler: id: BluetoothLE#BluetoothLE2c:6d:c1:90:b4:0f-cd:89:af:2d:2b:2b, error: <BluetoothError.SUCCESS: 0>, status: <GattSessionStatus.ACTIVE: 1>[0m
[34m2026-02-02 19:35:24,611   | DEBUG    | max_pdu_size_changed_handler: 247[0m
[34m2026-02-02 19:35:24,691   | DEBUG    | CD:89:AF:2D:2B:2B: services changed[0m
[34m2026-02-02 19:35:25,046   | DEBUG    | CD:89:AF:2D:2B:2B: services changed[0m
2026-02-02 19:35:25,432   | INFO     | Connected to BioCoin device at CD:89:AF:2D:2B:2B.[0m
[34m2026-02-02 19:35:25,470   | DEBUG    | Read Characteristic 0022 : bytearray(b'd')[0m
2026-02-02 19:35:25,470   | INFO     | Battery Level: 100%[0m
2026-02-02 19:35:25,470   | INFO     | Sending IMP technique parameters...[0m
[34m2026-02-02 19:35:26,504   | DEBUG    | Read Characteristic 0026 : bytearray(b'\x00')[0m
[34m2026-02-02 19:35:26,504   | DEBUG    | Device status read: NOT_RUNNING (0)[0m
2026-02-02 19:35:26,519   | INFO     | Notification handler registered successfully.[0m
2026-02-02 19:35:37,934   | INFO     | Received 0 data points from IMP.[0m
2026-02-02 19:35:37,935   | INFO     | Imp Data:
 [][0m
2026-02-02 19:35:37,935   | INFO     | Sending IMP technique parameters...[0m
[34m2026-02-02 19:35:38,972   | DEBUG    | Read Characteristic 0026 : bytearray(b'\x00')[0m
[34m2026-02-02 19:35:38,972   | DEBUG    | Device status read: NOT_RUNNING (0)[0m
2026-02-02 19:35:38,993   | INFO     | Notification handler registered successfully.[0m
2026-02-02 19:35:50,253   | INFO     | Received 0 data points from IMP.[0m
2026-02-02 19:35:50,253   | INFO     | Imp Data:
 [][0m
2026-02-02 19:35:50,254   | INFO     | Sending IMP technique parameters...[0m
[34m2026-02-02 19:35:51,293   | DEBUG    | Read Characteristic 0026 : bytearray(b'\x00')[0m
[34m2026-02-02 19:35:51,294   | DEBUG    | Device status read: NOT_RUNNING (0)[0m
2026-02-02 19:35:51,313   | INFO     | Notification handler registered successfully.[0m
2026-02-02 19:36:02,553   | INFO     | Received 0 data points from IMP.[0m
2026-02-02 19:36:02,554   | INFO     | Imp Data:
 [][0m
[34m2026-02-02 19:36:02,555   | DEBUG    | Disconnecting from BLE device...[0m
[34m2026-02-02 19:36:05,855   | DEBUG    | max_pdu_size_changed_handler: 23[0m
[34m2026-02-02 19:36:05,856   | DEBUG    | session_status_changed_event_handler: id: BluetoothLE#BluetoothLE2c:6d:c1:90:b4:0f-cd:89:af:2d:2b:2b, error: <BluetoothError.SUCCESS: 0>, status: <GattSessionStatus.CLOSED: 0>[0m
[34m2026-02-02 19:36:05,856   | DEBUG    | closing requester[0m
[34m2026-02-02 19:36:05,856   | DEBUG    | closing session[0m
2026-02-02 19:36:05,857   | INFO     | Disconnected from BioCoin device.[0m
