2026-02-16 14:55:07,321   | INFO     | BioCoin Test Script[0m
2026-02-16 14:55:07,322   | INFO     | Searching for the BioCoin device named "Biocoin"...[0m
2026-02-16 14:55:07,322   | INFO     | Scanning for devices...[0m
[34m2026-02-16 14:55:07,511   | DEBUG    | Received 3A:3D:C5:59:F8:CB: .[0m
[34m2026-02-16 14:55:07,517   | DEBUG    | Received D4:FE:41:68:CC:F0: .[0m
[34m2026-02-16 14:55:07,517   | DEBUG    | Received 1A:29:C2:32:01:CB: .[0m
[34m2026-02-16 14:55:07,522   | DEBUG    | Received 14:A6:CF:B7:A6:83: .[0m
[34m2026-02-16 14:55:07,528   | DEBUG    | Received CD:89:AF:2D:2B:2B: .[0m
[34m2026-02-16 14:55:07,539   | DEBUG    | Received CD:89:AF:2D:2B:2B: BioCoin.[0m
[34m2026-02-16 14:55:07,626   | DEBUG    | Received D0:3E:C6:C5:11:0E: .[0m
[34m2026-02-16 14:55:07,636   | DEBUG    | Received 55:3C:78:1E:74:59: .[0m
[34m2026-02-16 14:55:07,638   | DEBUG    | Received 55:3C:78:1E:74:59: .[0m
[34m2026-02-16 14:55:07,640   | DEBUG    | Received D4:FE:41:68:CC:F0: .[0m
[34m2026-02-16 14:55:07,641   | DEBUG    | Received D4:FE:41:68:CC:F0: .[0m
[34m2026-02-16 14:55:07,647   | DEBUG    | Received 57:07:D2:C8:0D:3E: .[0m
[34m2026-02-16 14:55:07,652   | DEBUG    | Received 5C:F9:20:8E:32:DC: .[0m
[34m2026-02-16 14:55:07,653   | DEBUG    | Received 5C:F9:20:8E:32:DC: .[0m
[34m2026-02-16 14:55:07,743   | DEBUG    | Received 63:BE:89:47:70:43: .[0m
[34m2026-02-16 14:55:07,745   | DEBUG    | Received 63:BE:89:47:70:43: .[0m
[34m2026-02-16 14:55:07,747   | DEBUG    | Received 3A:24:CF:3E:EE:1A: .[0m
[34m2026-02-16 14:55:07,757   | DEBUG    | Received 90:DE:80:E1:73:6A: .[0m
[34m2026-02-16 14:55:07,758   | DEBUG    | Received F9:24:D4:A0:D3:60: .[0m
[34m2026-02-16 14:55:07,761   | DEBUG    | Received 1B:AC:E6:61:85:3B: .[0m
[34m2026-02-16 14:55:07,764   | DEBUG    | Received 84:C0:EF:0A:5E:7B: .[0m
[34m2026-02-16 14:55:07,766   | DEBUG    | Received 84:C0:EF:0A:5E:7B: [TV]Hall office TV.[0m
[34m2026-02-16 14:55:07,768   | DEBUG    | Received CD:89:AF:2D:2B:2B: .[0m
[34m2026-02-16 14:55:07,770   | DEBUG    | Received CD:89:AF:2D:2B:2B: BioCoin.[0m
[34m2026-02-16 14:55:07,771   | DEBUG    | Received 2E:0B:D5:D9:2F:2B: .[0m
[34m2026-02-16 14:55:07,861   | DEBUG    | Received 62:2A:6B:C4:93:D9: .[0m
[34m2026-02-16 14:55:07,863   | DEBUG    | Received 62:2A:6B:C4:93:D9: .[0m
[34m2026-02-16 14:55:07,865   | DEBUG    | Received 03:0F:4C:E3:4C:E9: .[0m
[34m2026-02-16 14:55:07,868   | DEBUG    | Received 2E:0B:D5:D9:2F:2B: .[0m
[34m2026-02-16 14:55:07,872   | DEBUG    | Received 77:50:85:BB:8B:FE: .[0m
[34m2026-02-16 14:55:07,874   | DEBUG    | Received 77:50:85:BB:8B:FE: .[0m
[34m2026-02-16 14:55:07,879   | DEBUG    | Received 4C:0C:82:DA:69:79: .[0m
[34m2026-02-16 14:55:07,882   | DEBUG    | Received 75:A0:8F:EE:61:D3: .[0m
[34m2026-02-16 14:55:07,977   | DEBUG    | Received 2E:0B:D5:D9:2F:2B: .[0m
[34m2026-02-16 14:55:07,982   | DEBUG    | Received 4C:0C:82:DA:69:79: .[0m
[34m2026-02-16 14:55:07,988   | DEBUG    | Received EB:CB:77:10:19:00: .[0m
[34m2026-02-16 14:55:07,991   | DEBUG    | Received 07:39:EA:35:97:32: .[0m
[34m2026-02-16 14:55:08,000   | DEBUG    | Received CD:89:AF:2D:2B:2B: .[0m
[34m2026-02-16 14:55:08,002   | DEBUG    | Received CD:89:AF:2D:2B:2B: BioCoin.[0m
[34m2026-02-16 14:55:08,098   | DEBUG    | Received 16:5F:79:42:6F:08: .[0m
[34m2026-02-16 14:55:08,213   | DEBUG    | Received 90:DE:80:E1:81:C6: .[0m
[34m2026-02-16 14:55:08,215   | DEBUG    | Received 5C:F9:20:8E:32:DC: .[0m
[34m2026-02-16 14:55:08,217   | DEBUG    | Received 5C:F9:20:8E:32:DC: .[0m
[34m2026-02-16 14:55:08,227   | DEBUG    | Received FD:F5:D1:84:9F:62: .[0m
[34m2026-02-16 14:55:08,229   | DEBUG    | Received FD:F5:D1:84:9F:62: .[0m
[34m2026-02-16 14:55:08,231   | DEBUG    | Received 90:DE:80:99:19:CC: .[0m
[34m2026-02-16 14:55:08,238   | DEBUG    | Received CD:89:AF:2D:2B:2B: .[0m
[34m2026-02-16 14:55:08,240   | DEBUG    | Received CD:89:AF:2D:2B:2B: BioCoin.[0m
[34m2026-02-16 14:55:08,359   | DEBUG    | Received 84:C0:EF:0A:5E:7B: .[0m
[34m2026-02-16 14:55:08,362   | DEBUG    | Received 84:C0:EF:0A:5E:7B: [TV]Hall office TV.[0m
[34m2026-02-16 14:55:08,365   | DEBUG    | Received CD:89:AF:2D:2B:2B: .[0m
[34m2026-02-16 14:55:08,366   | DEBUG    | Received CD:89:AF:2D:2B:2B: BioCoin.[0m
[34m2026-02-16 14:55:08,368   | DEBUG    | Received 14:A6:CF:B7:A6:83: .[0m
[34m2026-02-16 14:55:08,383   | DEBUG    | Received 47:D3:BC:ED:60:C0: .[0m
[34m2026-02-16 14:55:08,385   | DEBUG    | Received 47:D3:BC:ED:60:C0: .[0m
[34m2026-02-16 14:55:08,387   | DEBUG    | Received 55:3C:78:1E:74:59: .[0m
[34m2026-02-16 14:55:08,454   | DEBUG    | Received 84:C0:EF:0A:5E:7B: .[0m
[34m2026-02-16 14:55:08,455   | DEBUG    | Received 22:E5:FB:0D:FD:7C: .[0m
[34m2026-02-16 14:55:08,460   | DEBUG    | Received 6B:BE:1C:A0:78:73: .[0m
[34m2026-02-16 14:55:08,462   | DEBUG    | Received 2B:37:A5:C1:11:1E: .[0m
[34m2026-02-16 14:55:08,474   | DEBUG    | Received CD:89:AF:2D:2B:2B: .[0m
[34m2026-02-16 14:55:08,476   | DEBUG    | Received CD:89:AF:2D:2B:2B: BioCoin.[0m
[34m2026-02-16 14:55:08,479   | DEBUG    | Received 7A:30:B9:85:26:9E: .[0m
[34m2026-02-16 14:55:08,481   | DEBUG    | Received 7A:30:B9:85:26:9E: .[0m
[34m2026-02-16 14:55:08,482   | DEBUG    | Received 6E:5E:23:61:D7:E7: .[0m
[34m2026-02-16 14:55:08,582   | DEBUG    | Received CD:89:AF:2D:2B:2B: .[0m
[34m2026-02-16 14:55:08,583   | DEBUG    | Received CD:89:AF:2D:2B:2B: BioCoin.[0m
[34m2026-02-16 14:55:08,585   | DEBUG    | Received 45:CE:9E:42:D3:DD: .[0m
[34m2026-02-16 14:55:08,598   | DEBUG    | Received 58:B8:8A:09:F0:01: .[0m
[34m2026-02-16 14:55:08,600   | DEBUG    | Received 58:B8:8A:09:F0:01: .[0m
[34m2026-02-16 14:55:08,688   | DEBUG    | Received CD:89:AF:2D:2B:2B: .[0m
[34m2026-02-16 14:55:08,690   | DEBUG    | Received CD:89:AF:2D:2B:2B: BioCoin.[0m
[34m2026-02-16 14:55:08,699   | DEBUG    | Received 5A:79:06:0B:0A:DE: .[0m
[34m2026-02-16 14:55:08,701   | DEBUG    | Received 5A:79:06:0B:0A:DE: LE-Bose QuietComfort 45.[0m
[34m2026-02-16 14:55:08,704   | DEBUG    | Received 77:50:85:BB:8B:FE: .[0m
[34m2026-02-16 14:55:08,705   | DEBUG    | Received 77:50:85:BB:8B:FE: .[0m
[34m2026-02-16 14:55:08,707   | DEBUG    | Received 16:99:F3:4F:6D:70: .[0m
[34m2026-02-16 14:55:08,709   | DEBUG    | Received 2E:0B:D5:D9:2F:2B: .[0m
[34m2026-02-16 14:55:08,712   | DEBUG    | Received 1B:AC:E6:61:85:3B: .[0m
[34m2026-02-16 14:55:08,718   | DEBUG    | Received CD:89:AF:2D:2B:2B: .[0m
[34m2026-02-16 14:55:08,720   | DEBUG    | Received CD:89:AF:2D:2B:2B: BioCoin.[0m
[34m2026-02-16 14:55:08,722   | DEBUG    | Received 00:E0:4C:23:99:87: .[0m
[34m2026-02-16 14:55:08,808   | DEBUG    | Received 16:99:F3:4F:6D:70: .[0m
[34m2026-02-16 14:55:08,813   | DEBUG    | Received 03:0F:4C:E3:4C:E9: .[0m
[34m2026-02-16 14:55:08,817   | DEBUG    | Received 2E:0B:D5:D9:2F:2B: .[0m
[34m2026-02-16 14:55:08,821   | DEBUG    | Received CD:89:AF:2D:2B:2B: .[0m
[34m2026-02-16 14:55:08,823   | DEBUG    | Received CD:89:AF:2D:2B:2B: BioCoin.[0m
[34m2026-02-16 14:55:08,829   | DEBUG    | Received 4C:0C:82:DA:69:79: .[0m
[34m2026-02-16 14:55:08,931   | DEBUG    | Received 47:D3:BC:ED:60:C0: .[0m
[34m2026-02-16 14:55:08,932   | DEBUG    | Received 47:D3:BC:ED:60:C0: .[0m
[34m2026-02-16 14:55:08,934   | DEBUG    | Received 68:3B:2F:D4:CA:2C: .[0m
[34m2026-02-16 14:55:08,938   | DEBUG    | Received 84:C0:EF:0A:5E:7B: .[0m
[34m2026-02-16 14:55:08,940   | DEBUG    | Received 84:C0:EF:0A:5E:7B: [TV]Hall office TV.[0m
[34m2026-02-16 14:55:08,941   | DEBUG    | Received 07:39:EA:35:97:32: .[0m
[34m2026-02-16 14:55:08,945   | DEBUG    | Received 68:F6:B5:A5:C0:9F: .[0m
[34m2026-02-16 14:55:08,947   | DEBUG    | Received 68:F6:B5:A5:C0:9F: .[0m
[34m2026-02-16 14:55:08,949   | DEBUG    | Received 90:DE:80:E1:81:C6: .[0m
[34m2026-02-16 14:55:08,951   | DEBUG    | Received 55:3C:78:1E:74:59: .[0m
[34m2026-02-16 14:55:08,952   | DEBUG    | Received 55:3C:78:1E:74:59: .[0m
[34m2026-02-16 14:55:09,042   | DEBUG    | Received 07:39:EA:35:97:32: .[0m
[34m2026-02-16 14:55:09,052   | DEBUG    | Received 16:5F:79:42:6F:08: .[0m
[34m2026-02-16 14:55:09,055   | DEBUG    | Received 90:DE:80:99:19:CC: .[0m
[34m2026-02-16 14:55:09,063   | DEBUG    | Received 3A:3D:C5:59:F8:CB: .[0m
[34m2026-02-16 14:55:09,168   | DEBUG    | Received 17:73:41:1F:E3:0A: .[0m
[34m2026-02-16 14:55:09,169   | DEBUG    | Received 3A:3D:C5:59:F8:CB: .[0m
[34m2026-02-16 14:55:09,172   | DEBUG    | Received 1C:69:20:85:D5:DE: Fellow Aiden D5DC.[0m
[34m2026-02-16 14:55:09,174   | DEBUG    | Received CD:89:AF:2D:2B:2B: .[0m
[34m2026-02-16 14:55:09,176   | DEBUG    | Received CD:89:AF:2D:2B:2B: BioCoin.[0m
[34m2026-02-16 14:55:09,179   | DEBUG    | Received D4:FE:41:68:CC:F0: .[0m
[34m2026-02-16 14:55:09,181   | DEBUG    | Received D4:FE:41:68:CC:F0: .[0m
[34m2026-02-16 14:55:09,289   | DEBUG    | Received CD:89:AF:2D:2B:2B: .[0m
[34m2026-02-16 14:55:09,291   | DEBUG    | Received CD:89:AF:2D:2B:2B: BioCoin.[0m
[34m2026-02-16 14:55:09,294   | DEBUG    | Received 7F:7A:62:7C:9A:5B: .[0m
[34m2026-02-16 14:55:09,296   | DEBUG    | Received 7F:7A:62:7C:9A:5B: .[0m
[34m2026-02-16 14:55:09,400   | DEBUG    | Received 6A:C8:36:F6:58:C9: .[0m
[34m2026-02-16 14:55:09,402   | DEBUG    | Received 2B:37:A5:C1:11:1E: .[0m
[34m2026-02-16 14:55:09,404   | DEBUG    | Received 57:07:D2:C8:0D:3E: .[0m
[34m2026-02-16 14:55:09,405   | DEBUG    | Received 57:07:D2:C8:0D:3E: .[0m
[34m2026-02-16 14:55:09,406   | DEBUG    | Received 6B:BE:1C:A0:78:73: .[0m
[34m2026-02-16 14:55:09,423   | DEBUG    | Received 1A:29:C2:32:01:CB: .[0m
[34m2026-02-16 14:55:09,514   | DEBUG    | Received 6B:BE:1C:A0:78:73: .[0m
[34m2026-02-16 14:55:09,519   | DEBUG    | Received CD:89:AF:2D:2B:2B: .[0m
[34m2026-02-16 14:55:09,520   | DEBUG    | Received CD:89:AF:2D:2B:2B: BioCoin.[0m
[34m2026-02-16 14:55:09,525   | DEBUG    | Received 77:50:85:BB:8B:FE: .[0m
[34m2026-02-16 14:55:09,526   | DEBUG    | Received 77:50:85:BB:8B:FE: .[0m
[34m2026-02-16 14:55:09,528   | DEBUG    | Received 0F:EB:B1:7B:37:19: .[0m
[34m2026-02-16 14:55:09,535   | DEBUG    | Received 08:AC:47:67:04:0C: .[0m
[34m2026-02-16 14:55:09,539   | DEBUG    | Received 63:BE:89:47:70:43: .[0m
[34m2026-02-16 14:55:09,540   | DEBUG    | Received 63:BE:89:47:70:43: .[0m
[34m2026-02-16 14:55:09,543   | DEBUG    | Received 71:DC:68:98:1C:72: .[0m
[34m2026-02-16 14:55:09,546   | DEBUG    | Received 16:99:F3:4F:6D:70: .[0m
[34m2026-02-16 14:55:09,547   | DEBUG    | Received 03:0F:4C:E3:4C:E9: .[0m
[34m2026-02-16 14:55:09,549   | DEBUG    | Received 2E:0B:D5:D9:2F:2B: .[0m
[34m2026-02-16 14:55:09,645   | DEBUG    | Received 03:0F:4C:E3:4C:E9: .[0m
[34m2026-02-16 14:55:09,647   | DEBUG    | Received 2E:0B:D5:D9:2F:2B: .[0m
[34m2026-02-16 14:55:09,659   | DEBUG    | Received CD:89:AF:2D:2B:2B: .[0m
[34m2026-02-16 14:55:09,661   | DEBUG    | Received CD:89:AF:2D:2B:2B: BioCoin.[0m
[34m2026-02-16 14:55:09,750   | DEBUG    | Received 16:99:F3:4F:6D:70: .[0m
[34m2026-02-16 14:55:09,751   | DEBUG    | Received 2E:0B:D5:D9:2F:2B: .[0m
[34m2026-02-16 14:55:09,755   | DEBUG    | Received CD:89:AF:2D:2B:2B: .[0m
[34m2026-02-16 14:55:09,757   | DEBUG    | Received CD:89:AF:2D:2B:2B: BioCoin.[0m
[34m2026-02-16 14:55:09,759   | DEBUG    | Received 84:C0:EF:0A:5E:7B: .[0m
[34m2026-02-16 14:55:09,761   | DEBUG    | Received 84:C0:EF:0A:5E:7B: [TV]Hall office TV.[0m
[34m2026-02-16 14:55:09,762   | DEBUG    | Received 1B:AC:E6:61:85:3B: .[0m
[34m2026-02-16 14:55:09,769   | DEBUG    | Received 84:C0:EF:0A:5E:7B: .[0m
[34m2026-02-16 14:55:09,772   | DEBUG    | Received 7E:12:5C:3E:CB:C0: .[0m
[34m2026-02-16 14:55:09,773   | DEBUG    | Received 7E:12:5C:3E:CB:C0: .[0m
[34m2026-02-16 14:55:09,775   | DEBUG    | Received 90:DE:80:99:19:CC: .[0m
[34m2026-02-16 14:55:09,778   | DEBUG    | Received 57:07:D2:C8:0D:3E: .[0m
[34m2026-02-16 14:55:09,780   | DEBUG    | Received 56:D7:9F:02:67:A2: .[0m
[34m2026-02-16 14:55:09,781   | DEBUG    | Received 56:D7:9F:02:67:A2: .[0m
[34m2026-02-16 14:55:09,870   | DEBUG    | Received 84:C0:EF:0A:5E:7B: .[0m
[34m2026-02-16 14:55:09,872   | DEBUG    | Received 84:C0:EF:0A:5E:7B: [TV]Hall office TV.[0m
[34m2026-02-16 14:55:09,874   | DEBUG    | Received 1B:AC:E6:61:85:3B: .[0m
[34m2026-02-16 14:55:09,875   | DEBUG    | Received 68:4F:2A:FF:95:1A: .[0m
[34m2026-02-16 14:55:09,882   | DEBUG    | Received 90:DE:80:99:19:CC: .[0m
[34m2026-02-16 14:55:09,894   | DEBUG    | Received 17:73:41:1F:E3:0A: .[0m
[34m2026-02-16 14:55:09,990   | DEBUG    | Received 07:39:EA:35:97:32: .[0m
[34m2026-02-16 14:55:09,992   | DEBUG    | Received C5:A9:B8:AD:47:9B: .[0m
[34m2026-02-16 14:55:09,994   | DEBUG    | Received C5:A9:B8:AD:47:9B: JBL Wave Beam 2-LE.[0m
[34m2026-02-16 14:55:09,998   | DEBUG    | Received CD:89:AF:2D:2B:2B: .[0m
[34m2026-02-16 14:55:09,999   | DEBUG    | Received CD:89:AF:2D:2B:2B: BioCoin.[0m
[34m2026-02-16 14:55:10,001   | DEBUG    | Received 3A:3D:C5:59:F8:CB: .[0m
[34m2026-02-16 14:55:10,009   | DEBUG    | Received 84:C0:EF:0A:5E:7B: .[0m
[34m2026-02-16 14:55:10,011   | DEBUG    | Received 84:C0:EF:0A:5E:7B: [TV]Hall office TV.[0m
[34m2026-02-16 14:55:10,107   | DEBUG    | Received 11:CA:48:64:2F:4B: .[0m
[34m2026-02-16 14:55:10,115   | DEBUG    | Received 75:A0:8F:EE:61:D3: .[0m
[34m2026-02-16 14:55:10,128   | DEBUG    | Received 5C:F9:20:8E:32:DC: .[0m
[34m2026-02-16 14:55:10,130   | DEBUG    | Received 5C:F9:20:8E:32:DC: .[0m
[34m2026-02-16 14:55:10,231   | DEBUG    | Received 68:3B:2F:D4:CA:2C: .[0m
[34m2026-02-16 14:55:10,234   | DEBUG    | Received 00:E0:4C:23:99:87: .[0m
[34m2026-02-16 14:55:10,241   | DEBUG    | Received 90:DE:80:E1:90:28: .[0m
[34m2026-02-16 14:55:10,244   | DEBUG    | Received CD:89:AF:2D:2B:2B: .[0m
[34m2026-02-16 14:55:10,247   | DEBUG    | Received CD:89:AF:2D:2B:2B: BioCoin.[0m
[34m2026-02-16 14:55:10,249   | DEBUG    | Received 68:4F:2A:FF:95:1A: .[0m
[34m2026-02-16 14:55:10,345   | DEBUG    | Received 57:07:D2:C8:0D:3E: .[0m
[34m2026-02-16 14:55:10,347   | DEBUG    | Received 57:07:D2:C8:0D:3E: .[0m
[34m2026-02-16 14:55:10,349   | DEBUG    | Received 77:50:85:BB:8B:FE: .[0m
[34m2026-02-16 14:55:10,350   | DEBUG    | Received 77:50:85:BB:8B:FE: .[0m
[34m2026-02-16 14:55:10,353   | DEBUG    | Received D4:FE:41:68:CC:F0: .[0m
[34m2026-02-16 14:55:10,356   | DEBUG    | Received CD:89:AF:2D:2B:2B: .[0m
[34m2026-02-16 14:55:10,357   | DEBUG    | Received CD:89:AF:2D:2B:2B: BioCoin.[0m
[34m2026-02-16 14:55:10,359   | DEBUG    | Received D1:54:AF:9C:F0:D4: .[0m
[34m2026-02-16 14:55:10,361   | DEBUG    | Received 14:A6:CF:B7:A6:83: .[0m
[34m2026-02-16 14:55:10,363   | DEBUG    | Received 90:DE:80:E1:73:6A: .[0m
[34m2026-02-16 14:55:10,458   | DEBUG    | Received 22:E5:FB:0D:FD:7C: .[0m
[34m2026-02-16 14:55:10,461   | DEBUG    | Received CD:89:AF:2D:2B:2B: .[0m
[34m2026-02-16 14:55:10,463   | DEBUG    | Received CD:89:AF:2D:2B:2B: BioCoin.[0m
[34m2026-02-16 14:55:10,464   | DEBUG    | Received 14:A6:CF:B7:A6:83: .[0m
[34m2026-02-16 14:55:10,466   | DEBUG    | Received 32:06:15:61:E2:38: .[0m
[34m2026-02-16 14:55:10,468   | DEBUG    | Received 90:DE:80:E1:90:0E: .[0m
[34m2026-02-16 14:55:10,470   | DEBUG    | Received 76:5D:5F:BA:8E:7F: .[0m
[34m2026-02-16 14:55:10,480   | DEBUG    | Received 1C:69:20:85:D5:DE: Fellow Aiden D5DC.[0m
[34m2026-02-16 14:55:10,482   | DEBUG    | Received 08:AC:47:67:04:0C: .[0m
[34m2026-02-16 14:55:10,484   | DEBUG    | Received 2E:0B:D5:D9:2F:2B: .[0m
[34m2026-02-16 14:55:10,488   | DEBUG    | Received 03:0F:4C:E3:4C:E9: .[0m
[34m2026-02-16 14:55:10,493   | DEBUG    | Received CD:89:AF:2D:2B:2B: .[0m
[34m2026-02-16 14:55:10,496   | DEBUG    | Received CD:89:AF:2D:2B:2B: BioCoin.[0m
[34m2026-02-16 14:55:10,499   | DEBUG    | Received C5:A9:B8:AD:47:9B: .[0m
[34m2026-02-16 14:55:10,500   | DEBUG    | Received C5:A9:B8:AD:47:9B: JBL Wave Beam 2-LE.[0m
[34m2026-02-16 14:55:10,502   | DEBUG    | Received 84:C0:EF:0A:5E:7B: .[0m
[34m2026-02-16 14:55:10,504   | DEBUG    | Received 84:C0:EF:0A:5E:7B: [TV]Hall office TV.[0m
[34m2026-02-16 14:55:10,580   | DEBUG    | Received 47:D3:BC:ED:60:C0: .[0m
[34m2026-02-16 14:55:10,581   | DEBUG    | Received 47:D3:BC:ED:60:C0: .[0m
[34m2026-02-16 14:55:10,587   | DEBUG    | Received 16:99:F3:4F:6D:70: .[0m
[34m2026-02-16 14:55:10,589   | DEBUG    | Received 2E:0B:D5:D9:2F:2B: .[0m
[34m2026-02-16 14:55:10,594   | DEBUG    | Received 4C:0C:82:DA:69:79: .[0m
[34m2026-02-16 14:55:10,598   | DEBUG    | Received 56:D7:9F:02:67:A2: .[0m
[34m2026-02-16 14:55:10,599   | DEBUG    | Received 56:D7:9F:02:67:A2: .[0m
[34m2026-02-16 14:55:10,603   | DEBUG    | Received 7E:12:5C:3E:CB:C0: .[0m
[34m2026-02-16 14:55:10,604   | DEBUG    | Received 7E:12:5C:3E:CB:C0: .[0m
[34m2026-02-16 14:55:10,607   | DEBUG    | Received 84:C0:EF:0A:5E:7B: .[0m
[34m2026-02-16 14:55:10,609   | DEBUG    | Received 84:C0:EF:0A:5E:7B: [TV]Hall office TV.[0m
[34m2026-02-16 14:55:10,610   | DEBUG    | Received 1B:AC:E6:61:85:3B: .[0m
[34m2026-02-16 14:55:10,612   | DEBUG    | Received 90:DE:80:99:19:CC: .[0m
[34m2026-02-16 14:55:10,700   | DEBUG    | Received 84:C0:EF:0A:5E:7B: .[0m
[34m2026-02-16 14:55:10,701   | DEBUG    | Received 84:C0:EF:0A:5E:7B: [TV]Hall office TV.[0m
[34m2026-02-16 14:55:10,704   | DEBUG    | Received CD:89:AF:2D:2B:2B: .[0m
[34m2026-02-16 14:55:10,705   | DEBUG    | Received CD:89:AF:2D:2B:2B: BioCoin.[0m
[34m2026-02-16 14:55:10,707   | DEBUG    | Received 30:70:CC:99:EA:85: .[0m
[34m2026-02-16 14:55:10,709   | DEBUG    | Received 00:E0:4C:23:99:87: .[0m
[34m2026-02-16 14:55:10,816   | DEBUG    | Received 1B:AC:E6:61:85:3B: .[0m
[34m2026-02-16 14:55:10,822   | DEBUG    | Received 58:B8:8A:09:F0:01: .[0m
[34m2026-02-16 14:55:10,823   | DEBUG    | Received 58:B8:8A:09:F0:01: .[0m
[34m2026-02-16 14:55:10,826   | DEBUG    | Received 90:DE:80:99:18:82: .[0m
[34m2026-02-16 14:55:10,834   | DEBUG    | Received 07:39:EA:35:97:32: .[0m
[34m2026-02-16 14:55:10,933   | DEBUG    | Received 17:73:41:1F:E3:0A: .[0m
[34m2026-02-16 14:55:10,938   | DEBUG    | Received 3A:3D:C5:59:F8:CB: .[0m
[34m2026-02-16 14:55:10,939   | DEBUG    | Received 07:39:EA:35:97:32: .[0m
[34m2026-02-16 14:55:10,942   | DEBUG    | Received 57:07:D2:C8:0D:3E: .[0m
[34m2026-02-16 14:55:10,944   | DEBUG    | Received 57:07:D2:C8:0D:3E: .[0m
[34m2026-02-16 14:55:10,948   | DEBUG    | Received 90:DE:80:E1:81:C6: .[0m
[34m2026-02-16 14:55:11,051   | DEBUG    | Received CD:89:AF:2D:2B:2B: .[0m
[34m2026-02-16 14:55:11,053   | DEBUG    | Received CD:89:AF:2D:2B:2B: BioCoin.[0m
[34m2026-02-16 14:55:11,066   | DEBUG    | Received 5A:79:06:0B:0A:DE: .[0m
[34m2026-02-16 14:55:11,068   | DEBUG    | Received 5A:79:06:0B:0A:DE: LE-Bose QuietComfort 45.[0m
[34m2026-02-16 14:55:11,169   | DEBUG    | Received 16:5F:79:42:6F:08: .[0m
[34m2026-02-16 14:55:11,178   | DEBUG    | Received 68:4F:2A:FF:95:1A: .[0m
[34m2026-02-16 14:55:11,182   | DEBUG    | Received 14:A6:CF:B7:A6:83: .[0m
[34m2026-02-16 14:55:11,186   | DEBUG    | Received 32:06:15:61:E2:38: .[0m
[34m2026-02-16 14:55:11,190   | DEBUG    | Received 55:3C:78:1E:74:59: .[0m
[34m2026-02-16 14:55:11,192   | DEBUG    | Received 55:3C:78:1E:74:59: .[0m
[34m2026-02-16 14:55:11,286   | DEBUG    | Received 14:A6:CF:B7:A6:83: .[0m
[34m2026-02-16 14:55:11,289   | DEBUG    | Received 79:60:B7:CF:19:2A: .[0m
[34m2026-02-16 14:55:11,291   | DEBUG    | Received 90:DE:80:2C:2E:10: .[0m
[34m2026-02-16 14:55:11,298   | DEBUG    | Received CD:89:AF:2D:2B:2B: .[0m
[34m2026-02-16 14:55:11,300   | DEBUG    | Received CD:89:AF:2D:2B:2B: BioCoin.[0m
[34m2026-02-16 14:55:11,302   | DEBUG    | Received 84:C0:EF:0A:5E:7B: .[0m
[34m2026-02-16 14:55:11,304   | DEBUG    | Received 0F:EB:B1:7B:37:19: .[0m
[34m2026-02-16 14:55:11,307   | DEBUG    | Received 1C:69:20:85:D5:DE: Fellow Aiden D5DC.[0m
[34m2026-02-16 14:55:11,308   | DEBUG    | Received 1C:69:20:85:D5:DE: .[0m
[34m2026-02-16 14:55:11,318   | DEBUG    | Received 4C:0C:82:DA:69:79: .[0m
[34m2026-02-16 14:55:11,406   | DEBUG    | Received 22:E5:FB:0D:FD:7C: .[0m
[34m2026-02-16 14:55:11,410   | DEBUG    | Received 75:A0:8F:EE:61:D3: .[0m
[34m2026-02-16 14:55:11,420   | DEBUG    | Received 08:AC:47:67:04:0C: .[0m
[34m2026-02-16 14:55:11,427   | DEBUG    | Received 7E:12:5C:3E:CB:C0: .[0m
[34m2026-02-16 14:55:11,428   | DEBUG    | Received 7E:12:5C:3E:CB:C0: .[0m
[34m2026-02-16 14:55:11,430   | DEBUG    | Received 90:DE:80:99:19:CC: .[0m
[34m2026-02-16 14:55:11,434   | DEBUG    | Received CD:89:AF:2D:2B:2B: .[0m
[34m2026-02-16 14:55:11,435   | DEBUG    | Received CD:89:AF:2D:2B:2B: BioCoin.[0m
[34m2026-02-16 14:55:11,528   | DEBUG    | Received 6B:BE:1C:A0:78:73: .[0m
[34m2026-02-16 14:55:11,531   | DEBUG    | Received 90:DE:80:99:19:CC: .[0m
[34m2026-02-16 14:55:11,556   | DEBUG    | Received 90:DE:80:99:18:82: .[0m
[34m2026-02-16 14:55:11,563   | DEBUG    | Received 45:CE:9E:42:D3:DD: .[0m
[34m2026-02-16 14:55:11,567   | DEBUG    | Received 55:3C:78:1E:74:59: .[0m
[34m2026-02-16 14:55:11,569   | DEBUG    | Received 55:3C:78:1E:74:59: .[0m
[34m2026-02-16 14:55:11,572   | DEBUG    | Received 90:DE:80:E1:81:C6: .[0m
[34m2026-02-16 14:55:11,639   | DEBUG    | Received 1A:29:C2:32:01:CB: .[0m
[34m2026-02-16 14:55:11,642   | DEBUG    | Received 71:DC:68:98:1C:72: .[0m
[34m2026-02-16 14:55:11,644   | DEBUG    | Received 71:DC:68:98:1C:72: .[0m
[34m2026-02-16 14:55:11,657   | DEBUG    | Received 90:DE:80:99:18:82: .[0m
[34m2026-02-16 14:55:11,762   | DEBUG    | Received 00:E0:4C:23:99:87: .[0m
[34m2026-02-16 14:55:11,769   | DEBUG    | Received 62:2A:6B:C4:93:D9: .[0m
[34m2026-02-16 14:55:11,773   | DEBUG    | Received 3A:3D:C5:59:F8:CB: .[0m
[34m2026-02-16 14:55:11,775   | DEBUG    | Received F9:24:D4:A0:D3:60: .[0m
[34m2026-02-16 14:55:11,779   | DEBUG    | Received 75:A0:8F:EE:61:D3: .[0m
[34m2026-02-16 14:55:11,783   | DEBUG    | Received CD:89:AF:2D:2B:2B: .[0m
[34m2026-02-16 14:55:11,784   | DEBUG    | Received CD:89:AF:2D:2B:2B: BioCoin.[0m
[34m2026-02-16 14:55:11,880   | DEBUG    | Received 57:07:D2:C8:0D:3E: .[0m
[34m2026-02-16 14:55:11,881   | DEBUG    | Received 57:07:D2:C8:0D:3E: .[0m
[34m2026-02-16 14:55:11,883   | DEBUG    | Received 3A:3D:C5:59:F8:CB: .[0m
[34m2026-02-16 14:55:11,889   | DEBUG    | Received CD:89:AF:2D:2B:2B: .[0m
[34m2026-02-16 14:55:11,890   | DEBUG    | Received CD:89:AF:2D:2B:2B: BioCoin.[0m
[34m2026-02-16 14:55:11,892   | DEBUG    | Received 68:3B:2F:D4:CA:2C: .[0m
[34m2026-02-16 14:55:11,900   | DEBUG    | Received 07:39:EA:35:97:32: .[0m
[34m2026-02-16 14:55:12,000   | DEBUG    | Received CD:89:AF:2D:2B:2B: .[0m
[34m2026-02-16 14:55:12,001   | DEBUG    | Received CD:89:AF:2D:2B:2B: BioCoin.[0m
[34m2026-02-16 14:55:12,003   | DEBUG    | Received DE:E5:27:42:86:BE: .[0m
[34m2026-02-16 14:55:12,005   | DEBUG    | Received C5:A9:B8:AD:47:9B: .[0m
[34m2026-02-16 14:55:12,007   | DEBUG    | Received C5:A9:B8:AD:47:9B: JBL Wave Beam 2-LE.[0m
[34m2026-02-16 14:55:12,124   | DEBUG    | Received 32:06:15:61:E2:38: .[0m
[34m2026-02-16 14:55:12,126   | DEBUG    | Received 14:A6:CF:B7:A6:83: .[0m
[34m2026-02-16 14:55:12,131   | DEBUG    | Received 84:C0:EF:0A:5E:7B: .[0m
[34m2026-02-16 14:55:12,132   | DEBUG    | Received 84:C0:EF:0A:5E:7B: [TV]Hall office TV.[0m
[34m2026-02-16 14:55:12,235   | DEBUG    | Received 14:A6:CF:B7:A6:83: .[0m
[34m2026-02-16 14:55:12,240   | DEBUG    | Received 90:DE:80:E1:73:6A: .[0m
[34m2026-02-16 14:55:12,249   | DEBUG    | Received CD:89:AF:2D:2B:2B: .[0m
[34m2026-02-16 14:55:12,251   | DEBUG    | Received CD:89:AF:2D:2B:2B: BioCoin.[0m
[34m2026-02-16 14:55:12,254   | DEBUG    | Received 84:C0:EF:0A:5E:7B: .[0m
[34m2026-02-16 14:55:12,256   | DEBUG    | Received 84:C0:EF:0A:5E:7B: [TV]Hall office TV.[0m
[34m2026-02-16 14:55:12,258   | DEBUG    | Received 7E:12:5C:3E:CB:C0: .[0m
[34m2026-02-16 14:55:12,260   | DEBUG    | Received 7E:12:5C:3E:CB:C0: .[0m
[34m2026-02-16 14:55:12,262   | DEBUG    | Received 56:D7:9F:02:67:A2: .[0m
[34m2026-02-16 14:55:12,263   | DEBUG    | Received 56:D7:9F:02:67:A2: .[0m
[34m2026-02-16 14:55:12,265   | DEBUG    | Received 57:07:D2:C8:0D:3E: .[0m
[34m2026-02-16 14:55:12,266   | DEBUG    | Received 57:07:D2:C8:0D:3E: .[0m
[34m2026-02-16 14:55:12,268   | DEBUG    | Received 5B:8B:FC:B4:A2:5C: .[0m
[34m2026-02-16 14:55:12,270   | DEBUG    | Received 5B:8B:FC:B4:A2:5C: .[0m
[34m2026-02-16 14:55:12,272   | DEBUG    | Received 08:AC:47:67:04:0C: .[0m
[34m2026-02-16 14:55:12,352   | DEBUG    | Received 5C:F9:20:8E:32:DC: .[0m
[34m2026-02-16 14:55:12,353   | DEBUG    | Received 5C:F9:20:8E:32:DC: .[0m
[34m2026-02-16 14:55:12,355   | DEBUG    | Received CD:89:AF:2D:2B:2B: .[0m
[34m2026-02-16 14:55:12,357   | DEBUG    | Received CD:89:AF:2D:2B:2B: BioCoin.[0m
[34m2026-02-16 14:55:12,360   | DEBUG    | Received 5A:79:06:0B:0A:DE: .[0m
[34m2026-02-16 14:55:12,362   | DEBUG    | Received 5A:79:06:0B:0A:DE: LE-Bose QuietComfort 45.[0m
[34m2026-02-16 14:55:12,363   | DEBUG    | Received 4C:0C:82:DA:69:79: .[0m
[34m2026-02-16 14:55:12,365   | DEBUG    | Received 6B:BE:1C:A0:78:73: .[0m
[34m2026-02-16 14:55:12,367   | DEBUG    | Received D1:54:AF:9C:F0:D4: .[0m
[34m2026-02-16 14:55:12,370   | DEBUG    | Received 84:C0:EF:0A:5E:7B: .[0m
[34m2026-02-16 14:55:12,371   | DEBUG    | Received 84:C0:EF:0A:5E:7B: [TV]Hall office TV.[0m
[34m2026-02-16 14:55:12,373   | DEBUG    | Received 57:07:D2:C8:0D:3E: .[0m
[34m2026-02-16 14:55:12,374   | DEBUG    | Received 57:07:D2:C8:0D:3E: .[0m
[34m2026-02-16 14:55:12,377   | DEBUG    | Received 16:99:F3:4F:6D:70: .[0m
[34m2026-02-16 14:55:12,378   | DEBUG    | Received 03:0F:4C:E3:4C:E9: .[0m
[34m2026-02-16 14:55:12,459   | DEBUG    | 63 devices found. Watcher status: <BluetoothLEAdvertisementWatcherStatus.STOPPED: 3>.[0m
[34m2026-02-16 14:55:12,459   | DEBUG    | 	Device: Unknown (3A:3D:C5:59:F8:CB) | UUIDs: [][0m
[34m2026-02-16 14:55:12,459   | DEBUG    | 	Device: Unknown (D4:FE:41:68:CC:F0) | UUIDs: [][0m
[34m2026-02-16 14:55:12,460   | DEBUG    | 	Device: Unknown (1A:29:C2:32:01:CB) | UUIDs: [][0m
[34m2026-02-16 14:55:12,460   | DEBUG    | 	Device: Unknown (14:A6:CF:B7:A6:83) | UUIDs: [][0m
[34m2026-02-16 14:55:12,460   | DEBUG    | 	Device: BioCoin (CD:89:AF:2D:2B:2B) | UUIDs: ['00001523-1212-efde-1523-785feabc93aa'][0m
[34m2026-02-16 14:55:12,460   | DEBUG    | 	Device: Unknown (D0:3E:C6:C5:11:0E) | UUIDs: [][0m
[34m2026-02-16 14:55:12,460   | DEBUG    | 	Device: Unknown (55:3C:78:1E:74:59) | UUIDs: [][0m
[34m2026-02-16 14:55:12,460   | DEBUG    | 	Device: Unknown (57:07:D2:C8:0D:3E) | UUIDs: [][0m
[34m2026-02-16 14:55:12,460   | DEBUG    | 	Device: Unknown (5C:F9:20:8E:32:DC) | UUIDs: [][0m
[34m2026-02-16 14:55:12,460   | DEBUG    | 	Device: Unknown (63:BE:89:47:70:43) | UUIDs: [][0m
[34m2026-02-16 14:55:12,460   | DEBUG    | 	Device: Unknown (3A:24:CF:3E:EE:1A) | UUIDs: [][0m
[34m2026-02-16 14:55:12,460   | DEBUG    | 	Device: Unknown (90:DE:80:E1:73:6A) | UUIDs: [][0m
[34m2026-02-16 14:55:12,460   | DEBUG    | 	Device: Unknown (F9:24:D4:A0:D3:60) | UUIDs: [][0m
[34m2026-02-16 14:55:12,460   | DEBUG    | 	Device: Unknown (1B:AC:E6:61:85:3B) | UUIDs: [][0m
[34m2026-02-16 14:55:12,460   | DEBUG    | 	Device: [TV]Hall office TV (84:C0:EF:0A:5E:7B) | UUIDs: [][0m
[34m2026-02-16 14:55:12,460   | DEBUG    | 	Device: Unknown (2E:0B:D5:D9:2F:2B) | UUIDs: [][0m
[34m2026-02-16 14:55:12,460   | DEBUG    | 	Device: Unknown (62:2A:6B:C4:93:D9) | UUIDs: [][0m
[34m2026-02-16 14:55:12,460   | DEBUG    | 	Device: Unknown (03:0F:4C:E3:4C:E9) | UUIDs: [][0m
[34m2026-02-16 14:55:12,460   | DEBUG    | 	Device: Unknown (77:50:85:BB:8B:FE) | UUIDs: [][0m
[34m2026-02-16 14:55:12,460   | DEBUG    | 	Device: Unknown (4C:0C:82:DA:69:79) | UUIDs: [][0m
[34m2026-02-16 14:55:12,460   | DEBUG    | 	Device: Unknown (75:A0:8F:EE:61:D3) | UUIDs: [][0m
[34m2026-02-16 14:55:12,460   | DEBUG    | 	Device: Unknown (EB:CB:77:10:19:00) | UUIDs: [][0m
[34m2026-02-16 14:55:12,460   | DEBUG    | 	Device: Unknown (07:39:EA:35:97:32) | UUIDs: [][0m
[34m2026-02-16 14:55:12,460   | DEBUG    | 	Device: Unknown (16:5F:79:42:6F:08) | UUIDs: [][0m
[34m2026-02-16 14:55:12,460   | DEBUG    | 	Device: Unknown (90:DE:80:E1:81:C6) | UUIDs: [][0m
[34m2026-02-16 14:55:12,461   | DEBUG    | 	Device: Unknown (FD:F5:D1:84:9F:62) | UUIDs: [][0m
[34m2026-02-16 14:55:12,461   | DEBUG    | 	Device: Unknown (90:DE:80:99:19:CC) | UUIDs: [][0m
[34m2026-02-16 14:55:12,461   | DEBUG    | 	Device: Unknown (47:D3:BC:ED:60:C0) | UUIDs: [][0m
[34m2026-02-16 14:55:12,461   | DEBUG    | 	Device: Unknown (22:E5:FB:0D:FD:7C) | UUIDs: [][0m
[34m2026-02-16 14:55:12,461   | DEBUG    | 	Device: Unknown (6B:BE:1C:A0:78:73) | UUIDs: [][0m
[34m2026-02-16 14:55:12,461   | DEBUG    | 	Device: Unknown (2B:37:A5:C1:11:1E) | UUIDs: [][0m
[34m2026-02-16 14:55:12,461   | DEBUG    | 	Device: Unknown (7A:30:B9:85:26:9E) | UUIDs: [][0m
[34m2026-02-16 14:55:12,461   | DEBUG    | 	Device: Unknown (6E:5E:23:61:D7:E7) | UUIDs: [][0m
[34m2026-02-16 14:55:12,461   | DEBUG    | 	Device: Unknown (45:CE:9E:42:D3:DD) | UUIDs: [][0m
[34m2026-02-16 14:55:12,461   | DEBUG    | 	Device: Unknown (58:B8:8A:09:F0:01) | UUIDs: [][0m
[34m2026-02-16 14:55:12,461   | DEBUG    | 	Device: LE-Bose QuietComfort 45 (5A:79:06:0B:0A:DE) | UUIDs: ['0000febe-0000-1000-8000-00805f9b34fb'][0m
[34m2026-02-16 14:55:12,461   | DEBUG    | 	Device: Unknown (16:99:F3:4F:6D:70) | UUIDs: [][0m
[34m2026-02-16 14:55:12,461   | DEBUG    | 	Device: Unknown (00:E0:4C:23:99:87) | UUIDs: [][0m
[34m2026-02-16 14:55:12,461   | DEBUG    | 	Device: Unknown (68:3B:2F:D4:CA:2C) | UUIDs: [][0m
[34m2026-02-16 14:55:12,461   | DEBUG    | 	Device: Unknown (68:F6:B5:A5:C0:9F) | UUIDs: [][0m
[34m2026-02-16 14:55:12,461   | DEBUG    | 	Device: Unknown (17:73:41:1F:E3:0A) | UUIDs: [][0m
[34m2026-02-16 14:55:12,461   | DEBUG    | 	Device: Fellow Aiden D5DC (1C:69:20:85:D5:DE) | UUIDs: ['0000ffff-0000-1000-8000-00805f9b34fb'][0m
[34m2026-02-16 14:55:12,461   | DEBUG    | 	Device: Unknown (7F:7A:62:7C:9A:5B) | UUIDs: [][0m
[34m2026-02-16 14:55:12,461   | DEBUG    | 	Device: Unknown (6A:C8:36:F6:58:C9) | UUIDs: [][0m
[34m2026-02-16 14:55:12,461   | DEBUG    | 	Device: Unknown (0F:EB:B1:7B:37:19) | UUIDs: [][0m
[34m2026-02-16 14:55:12,461   | DEBUG    | 	Device: Unknown (08:AC:47:67:04:0C) | UUIDs: [][0m
[34m2026-02-16 14:55:12,461   | DEBUG    | 	Device: Unknown (71:DC:68:98:1C:72) | UUIDs: [][0m
[34m2026-02-16 14:55:12,461   | DEBUG    | 	Device: Unknown (7E:12:5C:3E:CB:C0) | UUIDs: [][0m
[34m2026-02-16 14:55:12,461   | DEBUG    | 	Device: Unknown (56:D7:9F:02:67:A2) | UUIDs: [][0m
[34m2026-02-16 14:55:12,461   | DEBUG    | 	Device: Unknown (68:4F:2A:FF:95:1A) | UUIDs: [][0m
[34m2026-02-16 14:55:12,461   | DEBUG    | 	Device: JBL Wave Beam 2-LE (C5:A9:B8:AD:47:9B) | UUIDs: ['0000fddf-0000-1000-8000-00805f9b34fb'][0m
[34m2026-02-16 14:55:12,461   | DEBUG    | 	Device: Unknown (11:CA:48:64:2F:4B) | UUIDs: [][0m
[34m2026-02-16 14:55:12,461   | DEBUG    | 	Device: Unknown (90:DE:80:E1:90:28) | UUIDs: [][0m
[34m2026-02-16 14:55:12,461   | DEBUG    | 	Device: Unknown (D1:54:AF:9C:F0:D4) | UUIDs: [][0m
[34m2026-02-16 14:55:12,461   | DEBUG    | 	Device: Unknown (32:06:15:61:E2:38) | UUIDs: [][0m
[34m2026-02-16 14:55:12,461   | DEBUG    | 	Device: Unknown (90:DE:80:E1:90:0E) | UUIDs: [][0m
[34m2026-02-16 14:55:12,462   | DEBUG    | 	Device: Unknown (76:5D:5F:BA:8E:7F) | UUIDs: [][0m
[34m2026-02-16 14:55:12,462   | DEBUG    | 	Device: Unknown (30:70:CC:99:EA:85) | UUIDs: [][0m
[34m2026-02-16 14:55:12,462   | DEBUG    | 	Device: Unknown (90:DE:80:99:18:82) | UUIDs: [][0m
[34m2026-02-16 14:55:12,462   | DEBUG    | 	Device: Unknown (79:60:B7:CF:19:2A) | UUIDs: [][0m
[34m2026-02-16 14:55:12,462   | DEBUG    | 	Device: Unknown (90:DE:80:2C:2E:10) | UUIDs: [][0m
[34m2026-02-16 14:55:12,462   | DEBUG    | 	Device: Unknown (DE:E5:27:42:86:BE) | UUIDs: [][0m
[34m2026-02-16 14:55:12,462   | DEBUG    | 	Device: Unknown (5B:8B:FC:B4:A2:5C) | UUIDs: [][0m
2026-02-16 14:55:12,462   | INFO     | Found BioCoin device at CD:89:AF:2D:2B:2B![0m
[34m2026-02-16 14:55:12,505   | DEBUG    | Received 47:D3:BC:ED:60:C0: .[0m
[34m2026-02-16 14:55:12,506   | DEBUG    | Received 3A:3D:C5:59:F8:CB: .[0m
[34m2026-02-16 14:55:12,508   | DEBUG    | Received 62:2A:6B:C4:93:D9: .[0m
[34m2026-02-16 14:55:12,510   | DEBUG    | Received 62:2A:6B:C4:93:D9: .[0m
[34m2026-02-16 14:55:12,512   | DEBUG    | Received 59:35:25:A8:6D:8A: .[0m
[34m2026-02-16 14:55:12,515   | DEBUG    | Received CD:89:AF:2D:2B:2B: .[0m
[34m2026-02-16 14:55:12,516   | DEBUG    | 5 devices found. Watcher status: <BluetoothLEAdvertisementWatcherStatus.STOPPED: 3>.[0m
[34m2026-02-16 14:55:12,516   | DEBUG    | Connecting to BLE device @ CD:89:AF:2D:2B:2B[0m
[34m2026-02-16 14:55:12,569   | DEBUG    | getting services (service_cache_mode=None, cache_mode=None)...[0m
[34m2026-02-16 14:55:12,621   | DEBUG    | session_status_changed_event_handler: id: BluetoothLE#BluetoothLE2c:6d:c1:90:b4:0f-cd:89:af:2d:2b:2b, error: <BluetoothError.SUCCESS: 0>, status: <GattSessionStatus.ACTIVE: 1>[0m
[34m2026-02-16 14:55:12,642   | DEBUG    | max_pdu_size_changed_handler: 247[0m
[34m2026-02-16 14:55:12,722   | DEBUG    | CD:89:AF:2D:2B:2B: services changed[0m
[34m2026-02-16 14:55:13,068   | DEBUG    | CD:89:AF:2D:2B:2B: services changed[0m
2026-02-16 14:55:13,456   | INFO     | Connected to BioCoin device at CD:89:AF:2D:2B:2B.[0m
[34m2026-02-16 14:55:13,471   | DEBUG    | Read Characteristic 0022 : bytearray(b'\x00')[0m
2026-02-16 14:55:13,471   | INFO     | Battery Level: 0%[0m
[31m2026-02-16 14:55:13,471   | ERROR    | Impedance.configure() missing 4 required positional arguments: 'sweepEnabled', 'sweepStopFreq', 'sweepPoints', and 'sweepLog'
Traceback (most recent call last):
  File "C:\Users\akoruprolu\Documents\Biocoin\software\src\main.py", line 148, in main
    await Imp.configure(
          ~~~~~~~~~~~~~^
        sampling_interval=5.0,
        ^^^^^^^^^^^^^^^^^^^^^^
    ...<4 lines>...
        E_ac=100.0,
        ^^^^^^^^^^^
        frequency=1000.0)
        ^^^^^^^^^^^^^^^^^
TypeError: Impedance.configure() missing 4 required positional arguments: 'sweepEnabled', 'sweepStopFreq', 'sweepPoints', and 'sweepLog'[0m
[34m2026-02-16 14:55:13,472   | DEBUG    | Disconnecting from BLE device...[0m
[34m2026-02-16 14:55:16,675   | DEBUG    | max_pdu_size_changed_handler: 23[0m
[34m2026-02-16 14:55:16,676   | DEBUG    | session_status_changed_event_handler: id: BluetoothLE#BluetoothLE2c:6d:c1:90:b4:0f-cd:89:af:2d:2b:2b, error: <BluetoothError.SUCCESS: 0>, status: <GattSessionStatus.CLOSED: 0>[0m
[34m2026-02-16 14:55:16,676   | DEBUG    | closing requester[0m
[34m2026-02-16 14:55:16,676   | DEBUG    | closing session[0m
2026-02-16 14:55:16,677   | INFO     | Disconnected from BioCoin device.[0m
