2026-02-16 14:57:17,499   | INFO     | BioCoin Test Script[0m
2026-02-16 14:57:17,499   | INFO     | Searching for the BioCoin device named "Biocoin"...[0m
2026-02-16 14:57:17,500   | INFO     | Scanning for devices...[0m
[34m2026-02-16 14:57:17,664   | DEBUG    | Received 57:07:D2:C8:0D:3E: .[0m
[34m2026-02-16 14:57:17,669   | DEBUG    | Received 84:C0:EF:0A:5E:7B: .[0m
[34m2026-02-16 14:57:17,670   | DEBUG    | Received 84:C0:EF:0A:5E:7B: [TV]Hall office TV.[0m
[34m2026-02-16 14:57:17,670   | DEBUG    | Received 3D:65:62:F9:99:7F: .[0m
[34m2026-02-16 14:57:17,671   | DEBUG    | Received 03:0F:4C:E3:4C:E9: .[0m
[34m2026-02-16 14:57:17,682   | DEBUG    | Received 68:4F:2A:FF:95:1A: .[0m
[34m2026-02-16 14:57:17,686   | DEBUG    | Received 07:39:EA:35:97:32: .[0m
[34m2026-02-16 14:57:17,783   | DEBUG    | Received 68:4F:2A:FF:95:1A: .[0m
[34m2026-02-16 14:57:17,784   | DEBUG    | Received 68:4F:2A:FF:95:1A: .[0m
[34m2026-02-16 14:57:17,789   | DEBUG    | Received 68:F6:B5:A5:C0:9F: .[0m
[34m2026-02-16 14:57:17,790   | DEBUG    | Received 68:F6:B5:A5:C0:9F: .[0m
[34m2026-02-16 14:57:17,793   | DEBUG    | Received 07:39:EA:35:97:32: .[0m
[34m2026-02-16 14:57:17,798   | DEBUG    | Received 32:06:15:61:E2:38: .[0m
[34m2026-02-16 14:57:17,799   | DEBUG    | Received 6B:BE:1C:A0:78:73: .[0m
[34m2026-02-16 14:57:17,802   | DEBUG    | Received 47:D3:BC:ED:60:C0: .[0m
[34m2026-02-16 14:57:17,805   | DEBUG    | Received 3A:3D:C5:59:F8:CB: .[0m
[34m2026-02-16 14:57:17,897   | DEBUG    | Received 90:DE:80:2C:2E:10: .[0m
[34m2026-02-16 14:57:17,900   | DEBUG    | Received 90:DE:80:99:19:CC: .[0m
[34m2026-02-16 14:57:17,915   | DEBUG    | Received 3A:3D:C5:59:F8:CB: .[0m
[34m2026-02-16 14:57:17,918   | DEBUG    | Received 4D:03:F6:56:9E:74: .[0m
[34m2026-02-16 14:57:17,920   | DEBUG    | Received 58:46:DF:CC:14:EB: .[0m
[34m2026-02-16 14:57:17,921   | DEBUG    | Received 58:46:DF:CC:14:EB: .[0m
[34m2026-02-16 14:57:17,923   | DEBUG    | Received 90:DE:80:E1:72:A4: .[0m
[34m2026-02-16 14:57:17,925   | DEBUG    | Received 3A:24:CF:3E:EE:1A: .[0m
[34m2026-02-16 14:57:18,017   | DEBUG    | Received 5B:8B:FC:B4:A2:5C: .[0m
[34m2026-02-16 14:57:18,019   | DEBUG    | Received 5B:8B:FC:B4:A2:5C: .[0m
[34m2026-02-16 14:57:18,022   | DEBUG    | Received C8:2E:18:CF:ED:52: .[0m
[34m2026-02-16 14:57:18,024   | DEBUG    | Received 68:4F:2A:FF:95:1A: .[0m
[34m2026-02-16 14:57:18,025   | DEBUG    | Received 68:4F:2A:FF:95:1A: .[0m
[34m2026-02-16 14:57:18,027   | DEBUG    | Received 08:AC:47:67:04:0C: .[0m
[34m2026-02-16 14:57:18,031   | DEBUG    | Received 84:C0:EF:0A:5E:7B: .[0m
[34m2026-02-16 14:57:18,032   | DEBUG    | Received 84:C0:EF:0A:5E:7B: [TV]Hall office TV.[0m
[34m2026-02-16 14:57:18,036   | DEBUG    | Received 1A:29:C2:32:01:CB: .[0m
[34m2026-02-16 14:57:18,041   | DEBUG    | Received 90:DE:80:E1:81:C6: .[0m
[34m2026-02-16 14:57:18,045   | DEBUG    | Received 90:DE:80:E1:90:28: .[0m
[34m2026-02-16 14:57:18,132   | DEBUG    | Received 08:AC:47:67:04:0C: .[0m
[34m2026-02-16 14:57:18,136   | DEBUG    | Received 1B:AC:E6:61:85:3B: .[0m
[34m2026-02-16 14:57:18,143   | DEBUG    | Received 3A:24:CF:3E:EE:1A: .[0m
[34m2026-02-16 14:57:18,150   | DEBUG    | Received 5B:C9:7E:10:22:BB: .[0m
[34m2026-02-16 14:57:18,151   | DEBUG    | Received 5B:C9:7E:10:22:BB: .[0m
[34m2026-02-16 14:57:18,251   | DEBUG    | Received 7A:30:B9:85:26:9E: .[0m
[34m2026-02-16 14:57:18,255   | DEBUG    | Received 5B:C9:7E:10:22:BB: .[0m
[34m2026-02-16 14:57:18,257   | DEBUG    | Received 5B:C9:7E:10:22:BB: .[0m
[34m2026-02-16 14:57:18,286   | DEBUG    | Received 16:99:F3:4F:6D:70: .[0m
[34m2026-02-16 14:57:18,288   | DEBUG    | Received 5B:8B:FC:B4:A2:5C: .[0m
[34m2026-02-16 14:57:18,290   | DEBUG    | Received 5B:8B:FC:B4:A2:5C: .[0m
[34m2026-02-16 14:57:18,293   | DEBUG    | Received 84:C0:EF:0A:5E:7B: .[0m
[34m2026-02-16 14:57:18,296   | DEBUG    | Received 09:34:D4:8A:1E:5A: .[0m
[34m2026-02-16 14:57:18,301   | DEBUG    | Received 68:3B:2F:D4:CA:2C: .[0m
[34m2026-02-16 14:57:18,371   | DEBUG    | Received 5A:79:06:0B:0A:DE: .[0m
[34m2026-02-16 14:57:18,372   | DEBUG    | Received 5A:79:06:0B:0A:DE: LE-Bose QuietComfort 45.[0m
[34m2026-02-16 14:57:18,379   | DEBUG    | Received 62:2A:6B:C4:93:D9: .[0m
[34m2026-02-16 14:57:18,381   | DEBUG    | Received 62:2A:6B:C4:93:D9: .[0m
[34m2026-02-16 14:57:18,387   | DEBUG    | Received 23:61:9E:90:19:ED: .[0m
[34m2026-02-16 14:57:18,490   | DEBUG    | Received 68:3B:2F:D4:CA:2C: .[0m
[34m2026-02-16 14:57:18,492   | DEBUG    | Received 23:61:9E:90:19:ED: .[0m
[34m2026-02-16 14:57:18,495   | DEBUG    | Received 16:99:F3:4F:6D:70: .[0m
[34m2026-02-16 14:57:18,501   | DEBUG    | Received 68:4F:2A:FF:95:1A: .[0m
[34m2026-02-16 14:57:18,503   | DEBUG    | Received 68:4F:2A:FF:95:1A: .[0m
[34m2026-02-16 14:57:18,505   | DEBUG    | Received F2:91:4C:FD:F2:68: .[0m
[34m2026-02-16 14:57:18,507   | DEBUG    | Received 5B:C9:7E:10:22:BB: .[0m
[34m2026-02-16 14:57:18,509   | DEBUG    | Received 5B:C9:7E:10:22:BB: .[0m
[34m2026-02-16 14:57:18,511   | DEBUG    | Received 3D:65:62:F9:99:7F: .[0m
[34m2026-02-16 14:57:18,513   | DEBUG    | Received 2A:D4:15:1D:D0:D2: .[0m
[34m2026-02-16 14:57:18,514   | DEBUG    | Received 03:0F:4C:E3:4C:E9: .[0m
[34m2026-02-16 14:57:18,609   | DEBUG    | Received 68:F6:B5:A5:C0:9F: .[0m
[34m2026-02-16 14:57:18,610   | DEBUG    | Received 68:F6:B5:A5:C0:9F: .[0m
[34m2026-02-16 14:57:18,612   | DEBUG    | Received 3D:65:62:F9:99:7F: .[0m
[34m2026-02-16 14:57:18,619   | DEBUG    | Received 1C:69:20:85:D5:DE: Fellow Aiden D5DC.[0m
[34m2026-02-16 14:57:18,621   | DEBUG    | Received 1C:69:20:85:D5:DE: .[0m
[34m2026-02-16 14:57:18,623   | DEBUG    | Received 5B:C9:7E:10:22:BB: .[0m
[34m2026-02-16 14:57:18,624   | DEBUG    | Received 5B:C9:7E:10:22:BB: .[0m
[34m2026-02-16 14:57:18,626   | DEBUG    | Received 2A:D4:15:1D:D0:D2: .[0m
[34m2026-02-16 14:57:18,629   | DEBUG    | Received 6E:5E:23:61:D7:E7: .[0m
[34m2026-02-16 14:57:18,631   | DEBUG    | Received 6B:BE:1C:A0:78:73: .[0m
[34m2026-02-16 14:57:18,633   | DEBUG    | Received 6A:C8:36:F6:58:C9: .[0m
[34m2026-02-16 14:57:18,634   | DEBUG    | Received 07:39:EA:35:97:32: .[0m
[34m2026-02-16 14:57:18,636   | DEBUG    | Received 75:A0:8F:EE:61:D3: .[0m
[34m2026-02-16 14:57:18,723   | DEBUG    | Received 76:5D:5F:BA:8E:7F: .[0m
[34m2026-02-16 14:57:18,728   | DEBUG    | Received 5B:C9:7E:10:22:BB: .[0m
[34m2026-02-16 14:57:18,737   | DEBUG    | Received 07:39:EA:35:97:32: .[0m
[34m2026-02-16 14:57:18,746   | DEBUG    | Received 58:46:DF:CC:14:EB: .[0m
[34m2026-02-16 14:57:18,747   | DEBUG    | Received 58:46:DF:CC:14:EB: .[0m
[34m2026-02-16 14:57:18,841   | DEBUG    | Received D4:FE:41:68:CC:F0: .[0m
[34m2026-02-16 14:57:18,843   | DEBUG    | Received D4:FE:41:68:CC:F0: .[0m
[34m2026-02-16 14:57:18,847   | DEBUG    | Received 84:C0:EF:0A:5E:7B: .[0m
[34m2026-02-16 14:57:18,858   | DEBUG    | Received 08:AC:47:67:04:0C: .[0m
[34m2026-02-16 14:57:18,861   | DEBUG    | Received 2E:0B:D5:D9:2F:2B: .[0m
[34m2026-02-16 14:57:18,863   | DEBUG    | Received 68:3B:2F:D4:CA:2C: .[0m
[34m2026-02-16 14:57:18,970   | DEBUG    | Received 2E:0B:D5:D9:2F:2B: .[0m
[34m2026-02-16 14:57:18,974   | DEBUG    | Received 1A:29:C2:32:01:CB: .[0m
[34m2026-02-16 14:57:18,976   | DEBUG    | Received 32:06:15:61:E2:38: .[0m
[34m2026-02-16 14:57:19,079   | DEBUG    | Received 3A:3D:C5:59:F8:CB: .[0m
[34m2026-02-16 14:57:19,081   | DEBUG    | Received D1:54:AF:9C:F0:D4: .[0m
[34m2026-02-16 14:57:19,084   | DEBUG    | Received 55:3C:78:1E:74:59: .[0m
[34m2026-02-16 14:57:19,085   | DEBUG    | Received 55:3C:78:1E:74:59: .[0m
[34m2026-02-16 14:57:19,087   | DEBUG    | Received 32:06:15:61:E2:38: .[0m
[34m2026-02-16 14:57:19,088   | DEBUG    | Received 5B:C9:7E:10:22:BB: .[0m
[34m2026-02-16 14:57:19,096   | DEBUG    | Received 7E:12:5C:3E:CB:C0: .[0m
[34m2026-02-16 14:57:19,100   | DEBUG    | Received D4:FE:41:68:CC:F0: .[0m
[34m2026-02-16 14:57:19,196   | DEBUG    | Received 6D:35:1C:19:F2:CC: .[0m
[34m2026-02-16 14:57:19,199   | DEBUG    | Received 69:17:58:07:83:1D: .[0m
[34m2026-02-16 14:57:19,202   | DEBUG    | Received 5B:C9:7E:10:22:BB: .[0m
[34m2026-02-16 14:57:19,204   | DEBUG    | Received 5B:C9:7E:10:22:BB: .[0m
[34m2026-02-16 14:57:19,207   | DEBUG    | Received 45:B4:D4:3A:C0:45: .[0m
[34m2026-02-16 14:57:19,208   | DEBUG    | Received 45:B4:D4:3A:C0:45: .[0m
[34m2026-02-16 14:57:19,211   | DEBUG    | Received 84:C0:EF:0A:5E:7B: .[0m
[34m2026-02-16 14:57:19,213   | DEBUG    | Received 84:C0:EF:0A:5E:7B: [TV]Hall office TV.[0m
[34m2026-02-16 14:57:19,214   | DEBUG    | Received 20:F1:7B:82:33:B5: .[0m
[34m2026-02-16 14:57:19,220   | DEBUG    | Received 59:35:25:A8:6D:8A: .[0m
[34m2026-02-16 14:57:19,315   | DEBUG    | Received 5B:C9:7E:10:22:BB: .[0m
[34m2026-02-16 14:57:19,316   | DEBUG    | Received 5B:C9:7E:10:22:BB: .[0m
[34m2026-02-16 14:57:19,318   | DEBUG    | Received 20:F1:7B:82:33:B5: .[0m
[34m2026-02-16 14:57:19,326   | DEBUG    | Received 62:2A:6B:C4:93:D9: .[0m
[34m2026-02-16 14:57:19,327   | DEBUG    | Received 62:2A:6B:C4:93:D9: .[0m
[34m2026-02-16 14:57:19,333   | DEBUG    | Received 68:4F:2A:FF:95:1A: .[0m
[34m2026-02-16 14:57:19,335   | DEBUG    | Received 16:99:F3:4F:6D:70: .[0m
[34m2026-02-16 14:57:19,336   | DEBUG    | Received 23:61:9E:90:19:ED: .[0m
[34m2026-02-16 14:57:19,339   | DEBUG    | Received CD:89:AF:2D:2B:2B: .[0m
[34m2026-02-16 14:57:19,340   | DEBUG    | Received CD:89:AF:2D:2B:2B: BioCoin.[0m
[34m2026-02-16 14:57:19,343   | DEBUG    | Received 79:60:B7:CF:19:2A: .[0m
[34m2026-02-16 14:57:19,347   | DEBUG    | Received 5B:C9:7E:10:22:BB: .[0m
[34m2026-02-16 14:57:19,436   | DEBUG    | Received 68:F6:B5:A5:C0:9F: .[0m
[34m2026-02-16 14:57:19,437   | DEBUG    | Received 68:F6:B5:A5:C0:9F: .[0m
[34m2026-02-16 14:57:19,439   | DEBUG    | Received 16:99:F3:4F:6D:70: .[0m
[34m2026-02-16 14:57:19,442   | DEBUG    | Received 23:61:9E:90:19:ED: .[0m
[34m2026-02-16 14:57:19,455   | DEBUG    | Received 47:D3:BC:ED:60:C0: .[0m
[34m2026-02-16 14:57:19,456   | DEBUG    | Received 47:D3:BC:ED:60:C0: .[0m
[34m2026-02-16 14:57:19,459   | DEBUG    | Received 03:0F:4C:E3:4C:E9: .[0m
[34m2026-02-16 14:57:19,462   | DEBUG    | Received 07:39:EA:35:97:32: .[0m
[34m2026-02-16 14:57:19,567   | DEBUG    | Received 03:0F:4C:E3:4C:E9: .[0m
[34m2026-02-16 14:57:19,570   | DEBUG    | Received 07:39:EA:35:97:32: .[0m
[34m2026-02-16 14:57:19,574   | DEBUG    | Received 69:17:58:07:83:1D: .[0m
[34m2026-02-16 14:57:19,580   | DEBUG    | Received 68:4F:2A:FF:95:1A: .[0m
[34m2026-02-16 14:57:19,582   | DEBUG    | Received 68:4F:2A:FF:95:1A: .[0m
[34m2026-02-16 14:57:19,584   | DEBUG    | Received 5B:C9:7E:10:22:BB: .[0m
[34m2026-02-16 14:57:19,585   | DEBUG    | Received 5B:C9:7E:10:22:BB: .[0m
[34m2026-02-16 14:57:19,670   | DEBUG    | Received 03:0F:4C:E3:4C:E9: .[0m
[34m2026-02-16 14:57:19,674   | DEBUG    | Received 68:4F:2A:FF:95:1A: .[0m
[34m2026-02-16 14:57:19,676   | DEBUG    | Received 07:39:EA:35:97:32: .[0m
[34m2026-02-16 14:57:19,678   | DEBUG    | Received 16:5F:79:42:6F:08: .[0m
[34m2026-02-16 14:57:19,681   | DEBUG    | Received 90:DE:80:E1:73:6A: .[0m
[34m2026-02-16 14:57:19,693   | DEBUG    | Received 2A:D4:15:1D:D0:D2: .[0m
[34m2026-02-16 14:57:19,695   | DEBUG    | Received 90:DE:80:2C:2E:10: .[0m
[34m2026-02-16 14:57:19,795   | DEBUG    | Received 2A:D4:15:1D:D0:D2: .[0m
[34m2026-02-16 14:57:19,803   | DEBUG    | Received 2E:0B:D5:D9:2F:2B: .[0m
[34m2026-02-16 14:57:19,805   | DEBUG    | Received 32:06:15:61:E2:38: .[0m
[34m2026-02-16 14:57:19,914   | DEBUG    | Received 2E:0B:D5:D9:2F:2B: .[0m
[34m2026-02-16 14:57:19,917   | DEBUG    | Received 7E:12:5C:3E:CB:C0: .[0m
[34m2026-02-16 14:57:19,925   | DEBUG    | Received 5B:C9:7E:10:22:BB: .[0m
[34m2026-02-16 14:57:19,928   | DEBUG    | Received 1B:AC:E6:61:85:3B: .[0m
[34m2026-02-16 14:57:20,044   | DEBUG    | Received 59:35:25:A8:6D:8A: .[0m
[34m2026-02-16 14:57:20,054   | DEBUG    | Received 59:35:25:A8:6D:8A: .[0m
[34m2026-02-16 14:57:20,055   | DEBUG    | Received 90:DE:80:E1:90:28: .[0m
[34m2026-02-16 14:57:20,055   | DEBUG    | Received 90:DE:80:E1:72:A4: .[0m
[34m2026-02-16 14:57:20,055   | DEBUG    | Received 20:F1:7B:82:33:B5: .[0m
[34m2026-02-16 14:57:20,057   | DEBUG    | Received 00:E0:4C:23:99:87: .[0m
[34m2026-02-16 14:57:20,059   | DEBUG    | Received EB:E4:16:51:E1:29: .[0m
[34m2026-02-16 14:57:20,066   | DEBUG    | Received 23:61:9E:90:19:ED: .[0m
[34m2026-02-16 14:57:20,146   | DEBUG    | Received 2A:D4:15:1D:D0:D2: .[0m
[34m2026-02-16 14:57:20,153   | DEBUG    | Received CD:89:AF:2D:2B:2B: .[0m
[34m2026-02-16 14:57:20,155   | DEBUG    | Received CD:89:AF:2D:2B:2B: BioCoin.[0m
[34m2026-02-16 14:57:20,158   | DEBUG    | Received 00:E0:4C:23:99:87: .[0m
[34m2026-02-16 14:57:20,260   | DEBUG    | Received D4:FE:41:68:CC:F0: .[0m
[34m2026-02-16 14:57:20,263   | DEBUG    | Received D4:FE:41:68:CC:F0: .[0m
[34m2026-02-16 14:57:20,265   | DEBUG    | Received 68:F6:B5:A5:C0:9F: .[0m
[34m2026-02-16 14:57:20,266   | DEBUG    | Received 68:F6:B5:A5:C0:9F: .[0m
[34m2026-02-16 14:57:20,268   | DEBUG    | Received 16:99:F3:4F:6D:70: .[0m
[34m2026-02-16 14:57:20,272   | DEBUG    | Received 62:2A:6B:C4:93:D9: .[0m
[34m2026-02-16 14:57:20,273   | DEBUG    | Received 62:2A:6B:C4:93:D9: .[0m
[34m2026-02-16 14:57:20,276   | DEBUG    | Received 1C:69:20:85:D5:DE: Fellow Aiden D5DC.[0m
[34m2026-02-16 14:57:20,280   | DEBUG    | Received 23:61:9E:90:19:ED: .[0m
[34m2026-02-16 14:57:20,284   | DEBUG    | Received 5B:C9:7E:10:22:BB: .[0m
[34m2026-02-16 14:57:20,383   | DEBUG    | Received 23:61:9E:90:19:ED: .[0m
[34m2026-02-16 14:57:20,391   | DEBUG    | Received 68:4F:2A:FF:95:1A: .[0m
[34m2026-02-16 14:57:20,393   | DEBUG    | Received 68:4F:2A:FF:95:1A: .[0m
[34m2026-02-16 14:57:20,395   | DEBUG    | Received 84:C0:EF:0A:5E:7B: .[0m
[34m2026-02-16 14:57:20,397   | DEBUG    | Received 84:C0:EF:0A:5E:7B: [TV]Hall office TV.[0m
[34m2026-02-16 14:57:20,399   | DEBUG    | Received 5B:C9:7E:10:22:BB: .[0m
[34m2026-02-16 14:57:20,500   | DEBUG    | Received 4C:0C:82:DA:69:79: .[0m
[34m2026-02-16 14:57:20,503   | DEBUG    | Received 03:0F:4C:E3:4C:E9: .[0m
[34m2026-02-16 14:57:20,505   | DEBUG    | Received 07:39:EA:35:97:32: .[0m
[34m2026-02-16 14:57:20,508   | DEBUG    | Received F2:91:4C:FD:F2:68: .[0m
[34m2026-02-16 14:57:20,516   | DEBUG    | Received D4:FE:41:68:CC:F0: .[0m
[34m2026-02-16 14:57:20,518   | DEBUG    | Received 90:DE:80:E1:73:6A: .[0m
[34m2026-02-16 14:57:20,521   | DEBUG    | Received 84:C0:EF:0A:5E:7B: .[0m
[34m2026-02-16 14:57:20,523   | DEBUG    | Received 84:C0:EF:0A:5E:7B: [TV]Hall office TV.[0m
[34m2026-02-16 14:57:20,526   | DEBUG    | Received 5B:C9:7E:10:22:BB: .[0m
[34m2026-02-16 14:57:20,528   | DEBUG    | Received 68:3B:2F:D4:CA:2C: .[0m
[34m2026-02-16 14:57:20,615   | DEBUG    | Received 90:DE:80:99:19:18: .[0m
[34m2026-02-16 14:57:20,620   | DEBUG    | Received 84:C0:EF:0A:5E:7B: .[0m
[34m2026-02-16 14:57:20,629   | DEBUG    | Received 90:DE:80:99:19:CC: .[0m
[34m2026-02-16 14:57:20,631   | DEBUG    | Received 90:DE:80:99:18:82: .[0m
[34m2026-02-16 14:57:20,633   | DEBUG    | Received 6B:BE:1C:A0:78:73: .[0m
[34m2026-02-16 14:57:20,635   | DEBUG    | Received 32:06:15:61:E2:38: .[0m
[34m2026-02-16 14:57:20,733   | DEBUG    | Received 90:DE:80:99:19:CC: .[0m
[34m2026-02-16 14:57:20,737   | DEBUG    | Received 7E:12:5C:3E:CB:C0: .[0m
[34m2026-02-16 14:57:20,739   | DEBUG    | Received 7E:12:5C:3E:CB:C0: .[0m
[34m2026-02-16 14:57:20,741   | DEBUG    | Received 32:06:15:61:E2:38: .[0m
[34m2026-02-16 14:57:20,745   | DEBUG    | Received 6B:BE:1C:A0:78:73: .[0m
[34m2026-02-16 14:57:20,748   | DEBUG    | Received 5A:79:06:0B:0A:DE: .[0m
[34m2026-02-16 14:57:20,750   | DEBUG    | Received 5A:79:06:0B:0A:DE: LE-Bose QuietComfort 45.[0m
[34m2026-02-16 14:57:20,752   | DEBUG    | Received 77:50:85:BB:8B:FE: .[0m
[34m2026-02-16 14:57:20,754   | DEBUG    | Received 77:50:85:BB:8B:FE: .[0m
[34m2026-02-16 14:57:20,755   | DEBUG    | Received 08:AC:47:67:04:0C: .[0m
[34m2026-02-16 14:57:20,759   | DEBUG    | Received 55:3C:78:1E:74:59: .[0m
[34m2026-02-16 14:57:20,761   | DEBUG    | Received 1B:AC:E6:61:85:3B: .[0m
[34m2026-02-16 14:57:20,766   | DEBUG    | Received 2A:D4:15:1D:D0:D2: .[0m
[34m2026-02-16 14:57:20,770   | DEBUG    | Received 90:DE:80:E1:72:A4: .[0m
[34m2026-02-16 14:57:20,773   | DEBUG    | Received 68:4F:2A:FF:95:1A: .[0m
[34m2026-02-16 14:57:20,774   | DEBUG    | Received 68:4F:2A:FF:95:1A: .[0m
[34m2026-02-16 14:57:20,777   | DEBUG    | Received 76:5D:5F:BA:8E:7F: .[0m
[34m2026-02-16 14:57:20,857   | DEBUG    | Received 2E:0B:D5:D9:2F:2B: .[0m
[34m2026-02-16 14:57:20,868   | DEBUG    | Received 1B:AC:E6:61:85:3B: .[0m
[34m2026-02-16 14:57:20,975   | DEBUG    | Received 5B:C9:7E:10:22:BB: .[0m
[34m2026-02-16 14:57:20,976   | DEBUG    | Received 5B:C9:7E:10:22:BB: .[0m
[34m2026-02-16 14:57:20,979   | DEBUG    | Received CD:89:AF:2D:2B:2B: .[0m
[34m2026-02-16 14:57:20,981   | DEBUG    | Received CD:89:AF:2D:2B:2B: BioCoin.[0m
[34m2026-02-16 14:57:20,984   | DEBUG    | Received 68:4F:2A:FF:95:1A: .[0m
[34m2026-02-16 14:57:20,986   | DEBUG    | Received 68:4F:2A:FF:95:1A: .[0m
[34m2026-02-16 14:57:20,987   | DEBUG    | Received 3A:3D:C5:59:F8:CB: .[0m
[34m2026-02-16 14:57:20,989   | DEBUG    | Received 2A:D4:15:1D:D0:D2: .[0m
[34m2026-02-16 14:57:20,992   | DEBUG    | Received 7A:D6:03:E3:26:EB: .[0m
[34m2026-02-16 14:57:20,994   | DEBUG    | Received 84:C0:EF:0A:5E:7B: .[0m
[34m2026-02-16 14:57:20,996   | DEBUG    | Received 84:C0:EF:0A:5E:7B: [TV]Hall office TV.[0m
[34m2026-02-16 14:57:21,089   | DEBUG    | Received 3A:3D:C5:59:F8:CB: .[0m
[34m2026-02-16 14:57:21,091   | DEBUG    | Received 1A:29:C2:32:01:CB: .[0m
[34m2026-02-16 14:57:21,095   | DEBUG    | Received 84:C0:EF:0A:5E:7B: .[0m
[34m2026-02-16 14:57:21,096   | DEBUG    | Received 84:C0:EF:0A:5E:7B: [TV]Hall office TV.[0m
[34m2026-02-16 14:57:21,098   | DEBUG    | Received 6A:C8:36:F6:58:C9: .[0m
[34m2026-02-16 14:57:21,100   | DEBUG    | Received 2A:D4:15:1D:D0:D2: .[0m
[34m2026-02-16 14:57:21,102   | DEBUG    | Received 16:99:F3:4F:6D:70: .[0m
[34m2026-02-16 14:57:21,105   | DEBUG    | Received 4D:03:F6:56:9E:74: .[0m
[34m2026-02-16 14:57:21,106   | DEBUG    | Received 4D:03:F6:56:9E:74: .[0m
[34m2026-02-16 14:57:21,108   | DEBUG    | Received 1C:69:20:85:D5:DE: Fellow Aiden D5DC.[0m
[34m2026-02-16 14:57:21,110   | DEBUG    | Received 1C:69:20:85:D5:DE: .[0m
[34m2026-02-16 14:57:21,112   | DEBUG    | Received 00:E0:4C:23:99:87: .[0m
[34m2026-02-16 14:57:21,113   | DEBUG    | Received 20:F1:7B:82:33:B5: .[0m
[34m2026-02-16 14:57:21,116   | DEBUG    | Received 90:DE:80:99:19:1A: .[0m
[34m2026-02-16 14:57:21,119   | DEBUG    | Received 09:34:D4:8A:1E:5A: .[0m
[34m2026-02-16 14:57:21,207   | DEBUG    | Received 16:99:F3:4F:6D:70: .[0m
[34m2026-02-16 14:57:21,210   | DEBUG    | Received 5B:C9:7E:10:22:BB: .[0m
[34m2026-02-16 14:57:21,214   | DEBUG    | Received 00:E0:4C:23:99:87: .[0m
[34m2026-02-16 14:57:21,220   | DEBUG    | Received 84:C0:EF:0A:5E:7B: .[0m
[34m2026-02-16 14:57:21,221   | DEBUG    | Received 84:C0:EF:0A:5E:7B: [TV]Hall office TV.[0m
[34m2026-02-16 14:57:21,224   | DEBUG    | Received 58:46:DF:CC:14:EB: .[0m
[34m2026-02-16 14:57:21,225   | DEBUG    | Received 58:46:DF:CC:14:EB: .[0m
[34m2026-02-16 14:57:21,227   | DEBUG    | Received 07:39:EA:35:97:32: .[0m
[34m2026-02-16 14:57:21,329   | DEBUG    | Received 07:39:EA:35:97:32: .[0m
[34m2026-02-16 14:57:21,332   | DEBUG    | Received 5B:8B:FC:B4:A2:5C: .[0m
[34m2026-02-16 14:57:21,333   | DEBUG    | Received 5B:8B:FC:B4:A2:5C: .[0m
[34m2026-02-16 14:57:21,342   | DEBUG    | Received 5B:C9:7E:10:22:BB: .[0m
[34m2026-02-16 14:57:21,446   | DEBUG    | Received 68:4F:2A:FF:95:1A: .[0m
[34m2026-02-16 14:57:21,448   | DEBUG    | Received 68:4F:2A:FF:95:1A: .[0m
[34m2026-02-16 14:57:21,449   | DEBUG    | Received 68:3B:2F:D4:CA:2C: .[0m
[34m2026-02-16 14:57:21,483   | DEBUG    | Received 2E:0B:D5:D9:2F:2B: .[0m
[34m2026-02-16 14:57:21,492   | DEBUG    | Received 57:07:D2:C8:0D:3E: .[0m
[34m2026-02-16 14:57:21,561   | DEBUG    | Received 7E:12:5C:3E:CB:C0: .[0m
[34m2026-02-16 14:57:21,562   | DEBUG    | Received 7E:12:5C:3E:CB:C0: .[0m
[34m2026-02-16 14:57:21,564   | DEBUG    | Received D4:FE:41:68:CC:F0: .[0m
[34m2026-02-16 14:57:21,566   | DEBUG    | Received D4:FE:41:68:CC:F0: .[0m
[34m2026-02-16 14:57:21,568   | DEBUG    | Received 90:DE:80:E1:73:6A: .[0m
[34m2026-02-16 14:57:21,570   | DEBUG    | Received 32:06:15:61:E2:38: .[0m
[34m2026-02-16 14:57:21,575   | DEBUG    | Received 77:50:85:BB:8B:FE: .[0m
[34m2026-02-16 14:57:21,576   | DEBUG    | Received 77:50:85:BB:8B:FE: .[0m
[34m2026-02-16 14:57:21,580   | DEBUG    | Received 5B:C9:7E:10:22:BB: .[0m
[34m2026-02-16 14:57:21,581   | DEBUG    | Received 5B:C9:7E:10:22:BB: .[0m
[34m2026-02-16 14:57:21,583   | DEBUG    | Received 84:C0:EF:0A:5E:7B: .[0m
[34m2026-02-16 14:57:21,586   | DEBUG    | Received D8:6A:FE:56:B1:D1: .[0m
[34m2026-02-16 14:57:21,682   | DEBUG    | Received 7F:7A:62:7C:9A:5B: .[0m
[34m2026-02-16 14:57:21,684   | DEBUG    | Received 7F:7A:62:7C:9A:5B: .[0m
[34m2026-02-16 14:57:21,686   | DEBUG    | Received 32:06:15:61:E2:38: .[0m
[34m2026-02-16 14:57:21,688   | DEBUG    | Received 47:D3:BC:ED:60:C0: .[0m
[34m2026-02-16 14:57:21,690   | DEBUG    | Received 47:D3:BC:ED:60:C0: .[0m
[34m2026-02-16 14:57:21,691   | DEBUG    | Received 75:A0:8F:EE:61:D3: .[0m
[34m2026-02-16 14:57:21,694   | DEBUG    | Received 68:4F:2A:FF:95:1A: .[0m
[34m2026-02-16 14:57:21,696   | DEBUG    | Received 68:4F:2A:FF:95:1A: .[0m
[34m2026-02-16 14:57:21,698   | DEBUG    | Received 5B:C9:7E:10:22:BB: .[0m
[34m2026-02-16 14:57:21,699   | DEBUG    | Received 5B:C9:7E:10:22:BB: .[0m
[34m2026-02-16 14:57:21,700   | DEBUG    | Received 1B:AC:E6:61:85:3B: .[0m
[34m2026-02-16 14:57:21,706   | DEBUG    | Received 76:5D:5F:BA:8E:7F: .[0m
[34m2026-02-16 14:57:21,709   | DEBUG    | Received 69:17:58:07:83:1D: .[0m
[34m2026-02-16 14:57:21,714   | DEBUG    | Received 1A:29:C2:32:01:CB: .[0m
[34m2026-02-16 14:57:21,798   | DEBUG    | Received CD:89:AF:2D:2B:2B: .[0m
[34m2026-02-16 14:57:21,799   | DEBUG    | Received CD:89:AF:2D:2B:2B: BioCoin.[0m
[34m2026-02-16 14:57:21,804   | DEBUG    | Received 1B:AC:E6:61:85:3B: .[0m
[34m2026-02-16 14:57:21,819   | DEBUG    | Received 90:DE:80:E1:90:28: .[0m
[34m2026-02-16 14:57:21,822   | DEBUG    | Received 3A:3D:C5:59:F8:CB: .[0m
[34m2026-02-16 14:57:21,825   | DEBUG    | Received 68:3B:2F:D4:CA:2C: .[0m
[34m2026-02-16 14:57:21,922   | DEBUG    | Received 1A:29:C2:32:01:CB: .[0m
[34m2026-02-16 14:57:21,927   | DEBUG    | Received 16:99:F3:4F:6D:70: .[0m
[34m2026-02-16 14:57:21,929   | DEBUG    | Received 2A:D4:15:1D:D0:D2: .[0m
[34m2026-02-16 14:57:22,031   | DEBUG    | Received 3A:3D:C5:59:F8:CB: .[0m
[34m2026-02-16 14:57:22,037   | DEBUG    | Received 1A:29:C2:32:01:CB: .[0m
[34m2026-02-16 14:57:22,039   | DEBUG    | Received 6A:C8:36:F6:58:C9: .[0m
[34m2026-02-16 14:57:22,041   | DEBUG    | Received 00:E0:4C:23:99:87: .[0m
[34m2026-02-16 14:57:22,045   | DEBUG    | Received 58:46:DF:CC:14:EB: .[0m
[34m2026-02-16 14:57:22,047   | DEBUG    | Received 58:46:DF:CC:14:EB: .[0m
[34m2026-02-16 14:57:22,052   | DEBUG    | Received 5B:C9:7E:10:22:BB: .[0m
[34m2026-02-16 14:57:22,053   | DEBUG    | Received 5B:C9:7E:10:22:BB: .[0m
[34m2026-02-16 14:57:22,057   | DEBUG    | Received 20:F1:7B:82:33:B5: .[0m
[34m2026-02-16 14:57:22,061   | DEBUG    | Received 07:39:EA:35:97:32: .[0m
[34m2026-02-16 14:57:22,156   | DEBUG    | Received 2A:D4:15:1D:D0:D2: .[0m
[34m2026-02-16 14:57:22,161   | DEBUG    | Received 5B:C9:7E:10:22:BB: .[0m
[34m2026-02-16 14:57:22,167   | DEBUG    | Received 23:61:9E:90:19:ED: .[0m
[34m2026-02-16 14:57:22,173   | DEBUG    | Received 84:C0:EF:0A:5E:7B: .[0m
[34m2026-02-16 14:57:22,174   | DEBUG    | Received 84:C0:EF:0A:5E:7B: [TV]Hall office TV.[0m
[34m2026-02-16 14:57:22,272   | DEBUG    | Received 68:4F:2A:FF:95:1A: .[0m
[34m2026-02-16 14:57:22,274   | DEBUG    | Received 23:61:9E:90:19:ED: .[0m
[34m2026-02-16 14:57:22,275   | DEBUG    | Received 07:39:EA:35:97:32: .[0m
[34m2026-02-16 14:57:22,386   | DEBUG    | Received 6B:BE:1C:A0:78:73: .[0m
[34m2026-02-16 14:57:22,399   | DEBUG    | Received 5B:C9:7E:10:22:BB: .[0m
[34m2026-02-16 14:57:22,400   | DEBUG    | Received 3D:65:62:F9:99:7F: .[0m
[34m2026-02-16 14:57:22,403   | DEBUG    | Received 90:DE:80:99:19:CC: .[0m
[34m2026-02-16 14:57:22,407   | DEBUG    | Received 77:50:85:BB:8B:FE: .[0m
[34m2026-02-16 14:57:22,409   | DEBUG    | Received 90:DE:80:E1:73:6A: .[0m
[34m2026-02-16 14:57:22,412   | DEBUG    | Received 32:06:15:61:E2:38: .[0m
[34m2026-02-16 14:57:22,504   | DEBUG    | Received 90:DE:80:99:19:CC: .[0m
[34m2026-02-16 14:57:22,506   | DEBUG    | Received 03:0F:4C:E3:4C:E9: .[0m
[34m2026-02-16 14:57:22,523   | DEBUG    | Received 90:DE:80:2C:2E:10: .[0m
[34m2026-02-16 14:57:22,616   | DEBUG    | 63 devices found. Watcher status: <BluetoothLEAdvertisementWatcherStatus.STOPPED: 3>.[0m
[34m2026-02-16 14:57:22,616   | DEBUG    | 	Device: Unknown (57:07:D2:C8:0D:3E) | UUIDs: [][0m
[34m2026-02-16 14:57:22,616   | DEBUG    | 	Device: [TV]Hall office TV (84:C0:EF:0A:5E:7B) | UUIDs: [][0m
[34m2026-02-16 14:57:22,616   | DEBUG    | 	Device: Unknown (3D:65:62:F9:99:7F) | UUIDs: [][0m
[34m2026-02-16 14:57:22,616   | DEBUG    | 	Device: Unknown (03:0F:4C:E3:4C:E9) | UUIDs: [][0m
[34m2026-02-16 14:57:22,616   | DEBUG    | 	Device: Unknown (68:4F:2A:FF:95:1A) | UUIDs: [][0m
[34m2026-02-16 14:57:22,616   | DEBUG    | 	Device: Unknown (07:39:EA:35:97:32) | UUIDs: [][0m
[34m2026-02-16 14:57:22,616   | DEBUG    | 	Device: Unknown (68:F6:B5:A5:C0:9F) | UUIDs: [][0m
[34m2026-02-16 14:57:22,617   | DEBUG    | 	Device: Unknown (32:06:15:61:E2:38) | UUIDs: [][0m
[34m2026-02-16 14:57:22,617   | DEBUG    | 	Device: Unknown (6B:BE:1C:A0:78:73) | UUIDs: [][0m
[34m2026-02-16 14:57:22,617   | DEBUG    | 	Device: Unknown (47:D3:BC:ED:60:C0) | UUIDs: [][0m
[34m2026-02-16 14:57:22,617   | DEBUG    | 	Device: Unknown (3A:3D:C5:59:F8:CB) | UUIDs: [][0m
[34m2026-02-16 14:57:22,617   | DEBUG    | 	Device: Unknown (90:DE:80:2C:2E:10) | UUIDs: [][0m
[34m2026-02-16 14:57:22,617   | DEBUG    | 	Device: Unknown (90:DE:80:99:19:CC) | UUIDs: [][0m
[34m2026-02-16 14:57:22,617   | DEBUG    | 	Device: Unknown (4D:03:F6:56:9E:74) | UUIDs: [][0m
[34m2026-02-16 14:57:22,617   | DEBUG    | 	Device: Unknown (58:46:DF:CC:14:EB) | UUIDs: [][0m
[34m2026-02-16 14:57:22,617   | DEBUG    | 	Device: Unknown (90:DE:80:E1:72:A4) | UUIDs: [][0m
[34m2026-02-16 14:57:22,617   | DEBUG    | 	Device: Unknown (3A:24:CF:3E:EE:1A) | UUIDs: [][0m
[34m2026-02-16 14:57:22,617   | DEBUG    | 	Device: Unknown (5B:8B:FC:B4:A2:5C) | UUIDs: [][0m
[34m2026-02-16 14:57:22,617   | DEBUG    | 	Device: Unknown (C8:2E:18:CF:ED:52) | UUIDs: [][0m
[34m2026-02-16 14:57:22,617   | DEBUG    | 	Device: Unknown (08:AC:47:67:04:0C) | UUIDs: [][0m
[34m2026-02-16 14:57:22,617   | DEBUG    | 	Device: Unknown (1A:29:C2:32:01:CB) | UUIDs: [][0m
[34m2026-02-16 14:57:22,617   | DEBUG    | 	Device: Unknown (90:DE:80:E1:81:C6) | UUIDs: [][0m
[34m2026-02-16 14:57:22,617   | DEBUG    | 	Device: Unknown (90:DE:80:E1:90:28) | UUIDs: [][0m
[34m2026-02-16 14:57:22,617   | DEBUG    | 	Device: Unknown (1B:AC:E6:61:85:3B) | UUIDs: [][0m
[34m2026-02-16 14:57:22,617   | DEBUG    | 	Device: Unknown (5B:C9:7E:10:22:BB) | UUIDs: [][0m
[34m2026-02-16 14:57:22,617   | DEBUG    | 	Device: Unknown (7A:30:B9:85:26:9E) | UUIDs: [][0m
[34m2026-02-16 14:57:22,617   | DEBUG    | 	Device: Unknown (16:99:F3:4F:6D:70) | UUIDs: [][0m
[34m2026-02-16 14:57:22,617   | DEBUG    | 	Device: Unknown (09:34:D4:8A:1E:5A) | UUIDs: [][0m
[34m2026-02-16 14:57:22,618   | DEBUG    | 	Device: Unknown (68:3B:2F:D4:CA:2C) | UUIDs: [][0m
[34m2026-02-16 14:57:22,618   | DEBUG    | 	Device: LE-Bose QuietComfort 45 (5A:79:06:0B:0A:DE) | UUIDs: ['0000febe-0000-1000-8000-00805f9b34fb'][0m
[34m2026-02-16 14:57:22,618   | DEBUG    | 	Device: Unknown (62:2A:6B:C4:93:D9) | UUIDs: [][0m
[34m2026-02-16 14:57:22,618   | DEBUG    | 	Device: Unknown (23:61:9E:90:19:ED) | UUIDs: [][0m
[34m2026-02-16 14:57:22,618   | DEBUG    | 	Device: Unknown (F2:91:4C:FD:F2:68) | UUIDs: [][0m
[34m2026-02-16 14:57:22,618   | DEBUG    | 	Device: Unknown (2A:D4:15:1D:D0:D2) | UUIDs: [][0m
[34m2026-02-16 14:57:22,618   | DEBUG    | 	Device: Fellow Aiden D5DC (1C:69:20:85:D5:DE) | UUIDs: ['0000ffff-0000-1000-8000-00805f9b34fb'][0m
[34m2026-02-16 14:57:22,618   | DEBUG    | 	Device: Unknown (6E:5E:23:61:D7:E7) | UUIDs: [][0m
[34m2026-02-16 14:57:22,618   | DEBUG    | 	Device: Unknown (6A:C8:36:F6:58:C9) | UUIDs: [][0m
[34m2026-02-16 14:57:22,618   | DEBUG    | 	Device: Unknown (75:A0:8F:EE:61:D3) | UUIDs: [][0m
[34m2026-02-16 14:57:22,618   | DEBUG    | 	Device: Unknown (76:5D:5F:BA:8E:7F) | UUIDs: [][0m
[34m2026-02-16 14:57:22,618   | DEBUG    | 	Device: Unknown (D4:FE:41:68:CC:F0) | UUIDs: [][0m
[34m2026-02-16 14:57:22,618   | DEBUG    | 	Device: Unknown (2E:0B:D5:D9:2F:2B) | UUIDs: [][0m
[34m2026-02-16 14:57:22,618   | DEBUG    | 	Device: Unknown (D1:54:AF:9C:F0:D4) | UUIDs: [][0m
[34m2026-02-16 14:57:22,618   | DEBUG    | 	Device: Unknown (55:3C:78:1E:74:59) | UUIDs: [][0m
[34m2026-02-16 14:57:22,618   | DEBUG    | 	Device: Unknown (7E:12:5C:3E:CB:C0) | UUIDs: [][0m
[34m2026-02-16 14:57:22,618   | DEBUG    | 	Device: Unknown (6D:35:1C:19:F2:CC) | UUIDs: [][0m
[34m2026-02-16 14:57:22,618   | DEBUG    | 	Device: Unknown (69:17:58:07:83:1D) | UUIDs: [][0m
[34m2026-02-16 14:57:22,618   | DEBUG    | 	Device: Unknown (45:B4:D4:3A:C0:45) | UUIDs: [][0m
[34m2026-02-16 14:57:22,618   | DEBUG    | 	Device: Unknown (20:F1:7B:82:33:B5) | UUIDs: [][0m
[34m2026-02-16 14:57:22,618   | DEBUG    | 	Device: Unknown (59:35:25:A8:6D:8A) | UUIDs: [][0m
[34m2026-02-16 14:57:22,618   | DEBUG    | 	Device: BioCoin (CD:89:AF:2D:2B:2B) | UUIDs: ['00001523-1212-efde-1523-785feabc93aa'][0m
[34m2026-02-16 14:57:22,618   | DEBUG    | 	Device: Unknown (79:60:B7:CF:19:2A) | UUIDs: [][0m
[34m2026-02-16 14:57:22,618   | DEBUG    | 	Device: Unknown (16:5F:79:42:6F:08) | UUIDs: [][0m
[34m2026-02-16 14:57:22,618   | DEBUG    | 	Device: Unknown (90:DE:80:E1:73:6A) | UUIDs: [][0m
[34m2026-02-16 14:57:22,618   | DEBUG    | 	Device: Unknown (00:E0:4C:23:99:87) | UUIDs: [][0m
[34m2026-02-16 14:57:22,618   | DEBUG    | 	Device: Unknown (EB:E4:16:51:E1:29) | UUIDs: [][0m
[34m2026-02-16 14:57:22,618   | DEBUG    | 	Device: Unknown (4C:0C:82:DA:69:79) | UUIDs: [][0m
[34m2026-02-16 14:57:22,618   | DEBUG    | 	Device: Unknown (90:DE:80:99:19:18) | UUIDs: [][0m
[34m2026-02-16 14:57:22,618   | DEBUG    | 	Device: Unknown (90:DE:80:99:18:82) | UUIDs: [][0m
[34m2026-02-16 14:57:22,618   | DEBUG    | 	Device: Unknown (77:50:85:BB:8B:FE) | UUIDs: [][0m
[34m2026-02-16 14:57:22,618   | DEBUG    | 	Device: Unknown (7A:D6:03:E3:26:EB) | UUIDs: [][0m
[34m2026-02-16 14:57:22,619   | DEBUG    | 	Device: Unknown (90:DE:80:99:19:1A) | UUIDs: [][0m
[34m2026-02-16 14:57:22,619   | DEBUG    | 	Device: Unknown (D8:6A:FE:56:B1:D1) | UUIDs: [][0m
[34m2026-02-16 14:57:22,619   | DEBUG    | 	Device: Unknown (7F:7A:62:7C:9A:5B) | UUIDs: [][0m
2026-02-16 14:57:22,619   | INFO     | Found BioCoin device at CD:89:AF:2D:2B:2B![0m
[34m2026-02-16 14:57:22,665   | DEBUG    | Received 84:C0:EF:0A:5E:7B: .[0m
[34m2026-02-16 14:57:22,667   | DEBUG    | Received 84:C0:EF:0A:5E:7B: [TV]Hall office TV.[0m
[34m2026-02-16 14:57:22,670   | DEBUG    | Received 16:99:F3:4F:6D:70: .[0m
[34m2026-02-16 14:57:22,671   | DEBUG    | Received 1A:29:C2:32:01:CB: .[0m
[34m2026-02-16 14:57:22,673   | DEBUG    | Received 2A:D4:15:1D:D0:D2: .[0m
[34m2026-02-16 14:57:22,773   | DEBUG    | Received 84:C0:EF:0A:5E:7B: .[0m
[34m2026-02-16 14:57:22,779   | DEBUG    | Received 84:C0:EF:0A:5E:7B: [TV]Hall office TV.[0m
[34m2026-02-16 14:57:22,780   | DEBUG    | Received 16:99:F3:4F:6D:70: .[0m
[34m2026-02-16 14:57:22,781   | DEBUG    | Received 1C:69:20:85:D5:DE: Fellow Aiden D5DC.[0m
[34m2026-02-16 14:57:22,784   | DEBUG    | Received 7F:7A:62:7C:9A:5B: .[0m
[34m2026-02-16 14:57:22,785   | DEBUG    | Received 7F:7A:62:7C:9A:5B: .[0m
[34m2026-02-16 14:57:22,789   | DEBUG    | Received 47:D3:BC:ED:60:C0: .[0m
[34m2026-02-16 14:57:22,790   | DEBUG    | Received 47:D3:BC:ED:60:C0: .[0m
[34m2026-02-16 14:57:22,793   | DEBUG    | Received 84:C0:EF:0A:5E:7B: .[0m
[34m2026-02-16 14:57:22,795   | DEBUG    | Received 84:C0:EF:0A:5E:7B: [TV]Hall office TV.[0m
[34m2026-02-16 14:57:22,797   | DEBUG    | Received 75:A0:8F:EE:61:D3: .[0m
[34m2026-02-16 14:57:22,800   | DEBUG    | Received 45:CE:9E:42:D3:DD: .[0m
[34m2026-02-16 14:57:22,802   | DEBUG    | Received 23:61:9E:90:19:ED: .[0m
[34m2026-02-16 14:57:22,807   | DEBUG    | Received 59:35:25:A8:6D:8A: .[0m
[34m2026-02-16 14:57:22,808   | DEBUG    | Received 59:35:25:A8:6D:8A: .[0m
[34m2026-02-16 14:57:22,901   | DEBUG    | Received 68:4F:2A:FF:95:1A: .[0m
[34m2026-02-16 14:57:22,903   | DEBUG    | Received 68:4F:2A:FF:95:1A: .[0m
[34m2026-02-16 14:57:22,906   | DEBUG    | Received 5B:C9:7E:10:22:BB: .[0m
[34m2026-02-16 14:57:22,907   | DEBUG    | Received 07:39:EA:35:97:32: .[0m
[34m2026-02-16 14:57:22,910   | DEBUG    | Received 2A:D4:15:1D:D0:D2: .[0m
[34m2026-02-16 14:57:23,011   | DEBUG    | Received 5C:F9:20:8E:32:DC: .[0m
[34m2026-02-16 14:57:23,012   | DEBUG    | Received 5C:F9:20:8E:32:DC: .[0m
[34m2026-02-16 14:57:23,015   | DEBUG    | Received 07:39:EA:35:97:32: .[0m
[34m2026-02-16 14:57:23,017   | DEBUG    | Received 5B:C9:7E:10:22:BB: .[0m
[34m2026-02-16 14:57:23,126   | DEBUG    | Received F2:91:4C:FD:F2:68: .[0m
[34m2026-02-16 14:57:23,132   | DEBUG    | Received 5B:C9:7E:10:22:BB: .[0m
[34m2026-02-16 14:57:23,133   | DEBUG    | Received DA:46:17:32:07:22: .[0m
[34m2026-02-16 14:57:23,139   | DEBUG    | Received 2A:D4:15:1D:D0:D2: .[0m
[34m2026-02-16 14:57:23,146   | DEBUG    | Received 90:DE:80:E1:73:6A: .[0m
[34m2026-02-16 14:57:23,149   | DEBUG    | Received 08:AC:47:67:04:0C: .[0m
[34m2026-02-16 14:57:23,245   | DEBUG    | Received 3D:65:62:F9:99:7F: .[0m
[34m2026-02-16 14:57:23,250   | DEBUG    | Received 6E:5E:23:61:D7:E7: .[0m
[34m2026-02-16 14:57:23,253   | DEBUG    | Received 68:4F:2A:FF:95:1A: .[0m
[34m2026-02-16 14:57:23,254   | DEBUG    | Received 00:E0:4C:23:99:87: .[0m
[34m2026-02-16 14:57:23,263   | DEBUG    | Received 6D:35:1C:19:F2:CC: .[0m
[34m2026-02-16 14:57:23,265   | DEBUG    | Received 62:2A:6B:C4:93:D9: .[0m
[34m2026-02-16 14:57:23,267   | DEBUG    | Received 62:2A:6B:C4:93:D9: .[0m
[34m2026-02-16 14:57:23,269   | DEBUG    | Received 1B:AC:E6:61:85:3B: .[0m
[34m2026-02-16 14:57:23,362   | DEBUG    | Received 08:AC:47:67:04:0C: .[0m
[34m2026-02-16 14:57:23,366   | DEBUG    | Received 55:3C:78:1E:74:59: .[0m
[34m2026-02-16 14:57:23,367   | DEBUG    | Received 55:3C:78:1E:74:59: .[0m
[34m2026-02-16 14:57:23,371   | DEBUG    | Received 90:DE:80:E1:81:C6: .[0m
[34m2026-02-16 14:57:23,406   | DEBUG    | Received 3A:3D:C5:59:F8:CB: .[0m
[34m2026-02-16 14:57:23,415   | DEBUG    | Received 90:DE:80:E1:90:28: .[0m
[34m2026-02-16 14:57:23,484   | DEBUG    | Received 7E:12:5C:3E:CB:C0: .[0m
[34m2026-02-16 14:57:23,492   | DEBUG    | Received 6D:35:1C:19:F2:CC: .[0m
[34m2026-02-16 14:57:23,496   | DEBUG    | Received 68:4F:2A:FF:95:1A: .[0m
[34m2026-02-16 14:57:23,500   | DEBUG    | Received 68:4F:2A:FF:95:1A: .[0m
[34m2026-02-16 14:57:23,504   | DEBUG    | Received 68:3B:2F:D4:CA:2C: .[0m
[34m2026-02-16 14:57:23,505   | DEBUG    | Received D7:8F:07:18:36:10: .[0m
[34m2026-02-16 14:57:23,507   | DEBUG    | Received 3A:3D:C5:59:F8:CB: .[0m
[34m2026-02-16 14:57:23,598   | DEBUG    | Received D8:6A:FE:56:B1:D1: .[0m
[34m2026-02-16 14:57:23,602   | DEBUG    | Received 1C:69:20:85:D5:DE: Fellow Aiden D5DC.[0m
[34m2026-02-16 14:57:23,603   | DEBUG    | Received 1C:69:20:85:D5:DE: .[0m
[34m2026-02-16 14:57:23,616   | DEBUG    | Received 3A:3D:C5:59:F8:CB: .[0m
[34m2026-02-16 14:57:23,619   | DEBUG    | Received 20:F1:7B:82:33:B5: .[0m
[34m2026-02-16 14:57:23,621   | DEBUG    | Received 16:99:F3:4F:6D:70: .[0m
[34m2026-02-16 14:57:23,623   | DEBUG    | Received 6E:5E:23:61:D7:E7: .[0m
[34m2026-02-16 14:57:23,729   | DEBUG    | Received 16:99:F3:4F:6D:70: .[0m
[34m2026-02-16 14:57:23,731   | DEBUG    | Received 75:A0:8F:EE:61:D3: .[0m
[34m2026-02-16 14:57:23,834   | DEBUG    | Received DE:E5:27:42:86:BE: .[0m
[34m2026-02-16 14:57:23,836   | DEBUG    | Received CD:89:AF:2D:2B:2B: .[0m
[34m2026-02-16 14:57:23,837   | DEBUG    | 36 devices found. Watcher status: <BluetoothLEAdvertisementWatcherStatus.STOPPED: 3>.[0m
[34m2026-02-16 14:57:23,837   | DEBUG    | Connecting to BLE device @ CD:89:AF:2D:2B:2B[0m
[34m2026-02-16 14:57:23,838   | DEBUG    | Received CD:89:AF:2D:2B:2B: BioCoin.[0m
[34m2026-02-16 14:57:23,897   | DEBUG    | getting services (service_cache_mode=None, cache_mode=None)...[0m
[34m2026-02-16 14:57:24,245   | DEBUG    | session_status_changed_event_handler: id: BluetoothLE#BluetoothLE2c:6d:c1:90:b4:0f-cd:89:af:2d:2b:2b, error: <BluetoothError.SUCCESS: 0>, status: <GattSessionStatus.ACTIVE: 1>[0m
[34m2026-02-16 14:57:24,267   | DEBUG    | max_pdu_size_changed_handler: 247[0m
[34m2026-02-16 14:57:24,346   | DEBUG    | CD:89:AF:2D:2B:2B: services changed[0m
[34m2026-02-16 14:57:24,697   | DEBUG    | CD:89:AF:2D:2B:2B: services changed[0m
2026-02-16 14:57:25,071   | INFO     | Connected to BioCoin device at CD:89:AF:2D:2B:2B.[0m
[34m2026-02-16 14:57:25,085   | DEBUG    | Read Characteristic 0022 : bytearray(b'd')[0m
2026-02-16 14:57:25,085   | INFO     | Battery Level: 100%[0m
2026-02-16 14:57:25,086   | INFO     | Sending IMP technique parameters...[0m
[31m2026-02-16 14:57:25,086   | ERROR    | name 'sweepEnabled' is not defined
Traceback (most recent call last):
  File "C:\Users\akoruprolu\Documents\Biocoin\software\src\main.py", line 148, in main
    await Imp.configure(
    ...<6 lines>...
        frequency=1000.0)
  File "C:\Users\akoruprolu\Documents\Biocoin\software\src\biocoin\techniques\Impedance.py", line 75, in configure
    if sweepEnabled:
       ^^^^^^^^^^^^
NameError: name 'sweepEnabled' is not defined[0m
[34m2026-02-16 14:57:25,088   | DEBUG    | Disconnecting from BLE device...[0m
[34m2026-02-16 14:57:28,310   | DEBUG    | session_status_changed_event_handler: id: BluetoothLE#BluetoothLE2c:6d:c1:90:b4:0f-cd:89:af:2d:2b:2b, error: <BluetoothError.SUCCESS: 0>, status: <GattSessionStatus.CLOSED: 0>[0m
[34m2026-02-16 14:57:28,311   | DEBUG    | max_pdu_size_changed_handler: 23[0m
[34m2026-02-16 14:57:28,311   | DEBUG    | closing requester[0m
[34m2026-02-16 14:57:28,311   | DEBUG    | closing session[0m
2026-02-16 14:57:28,313   | INFO     | Disconnected from BioCoin device.[0m
