2026-02-16 11:57:35,694   | INFO     | BioCoin Test Script[0m
2026-02-16 11:57:35,695   | INFO     | Searching for the BioCoin device named "Biocoin"...[0m
2026-02-16 11:57:35,696   | INFO     | Scanning for devices...[0m
[34m2026-02-16 11:57:37,035   | DEBUG    | Received 6C:3A:03:A2:D6:ED: .[0m
[34m2026-02-16 11:57:37,499   | DEBUG    | Received 6C:3A:03:A2:D6:ED: .[0m
[34m2026-02-16 11:57:37,499   | DEBUG    | Received 7C:BC:96:E5:9E:61: .[0m
[34m2026-02-16 11:57:37,500   | DEBUG    | Received 7C:BC:96:E5:9E:61: .[0m
[34m2026-02-16 11:57:37,500   | DEBUG    | Received 51:7C:21:CB:81:6C: .[0m
[34m2026-02-16 11:57:37,501   | DEBUG    | Received 3E:55:76:6F:E6:64: .[0m
[34m2026-02-16 11:57:37,501   | DEBUG    | Received 3E:55:76:6F:E6:64: .[0m
[34m2026-02-16 11:57:37,502   | DEBUG    | Received 3E:55:76:6F:E6:64: .[0m
[34m2026-02-16 11:57:37,502   | DEBUG    | Received 3E:55:76:6F:E6:64: .[0m
[34m2026-02-16 11:57:37,502   | DEBUG    | Received 25:DD:44:4B:BB:54: .[0m
[34m2026-02-16 11:57:37,543   | DEBUG    | Received 2D:4A:43:4F:8D:68: .[0m
[34m2026-02-16 11:57:37,606   | DEBUG    | Received 25:DD:44:4B:BB:54: .[0m
[34m2026-02-16 11:57:37,642   | DEBUG    | Received CD:89:AF:2D:2B:2B: .[0m
[34m2026-02-16 11:57:37,646   | DEBUG    | Received CD:89:AF:2D:2B:2B: BioCoin.[0m
[34m2026-02-16 11:57:37,651   | DEBUG    | Received 2D:4A:43:4F:8D:68: .[0m
[34m2026-02-16 11:57:37,734   | DEBUG    | Received 7C:BC:96:E5:9E:61: .[0m
[34m2026-02-16 11:57:37,737   | DEBUG    | Received 7C:BC:96:E5:9E:61: .[0m
[34m2026-02-16 11:57:37,743   | DEBUG    | Received 34:81:F4:CE:83:FF: QT 13534207.[0m
[34m2026-02-16 11:57:37,755   | DEBUG    | Received 2D:4A:43:4F:8D:68: .[0m
[34m2026-02-16 11:57:37,861   | DEBUG    | Received 2D:4A:43:4F:8D:68: .[0m
[34m2026-02-16 11:57:37,982   | DEBUG    | Received 37:CB:C7:08:F0:CF: .[0m
[34m2026-02-16 11:57:37,987   | DEBUG    | Received 79:51:02:81:86:F3: .[0m
[34m2026-02-16 11:57:37,990   | DEBUG    | Received 79:51:02:81:86:F3: .[0m
[34m2026-02-16 11:57:38,002   | DEBUG    | Received 3E:55:76:6F:E6:64: .[0m
[34m2026-02-16 11:57:38,008   | DEBUG    | Received 3E:55:76:6F:E6:64: .[0m
[34m2026-02-16 11:57:38,209   | DEBUG    | Received 65:61:C1:BA:E1:46: .[0m
[34m2026-02-16 11:57:38,212   | DEBUG    | Received 65:61:C1:BA:E1:46: .[0m
[34m2026-02-16 11:57:38,335   | DEBUG    | Received 42:77:8F:D5:E7:6E: .[0m
[34m2026-02-16 11:57:38,338   | DEBUG    | Received 42:77:8F:D5:E7:6E: .[0m
[34m2026-02-16 11:57:38,344   | DEBUG    | Received 7C:BC:96:E5:9E:61: .[0m
[34m2026-02-16 11:57:38,347   | DEBUG    | Received 7C:BC:96:E5:9E:61: .[0m
[34m2026-02-16 11:57:38,456   | DEBUG    | Received 51:7C:21:CB:81:6C: .[0m
[34m2026-02-16 11:57:38,558   | DEBUG    | Received E0:70:EA:05:41:A8: .[0m
[34m2026-02-16 11:57:38,562   | DEBUG    | Received 28:E6:A9:38:5C:79: .[0m
[34m2026-02-16 11:57:38,673   | DEBUG    | Received 40:74:A0:E3:66:D5: .[0m
[34m2026-02-16 11:57:38,689   | DEBUG    | Received 25:DD:44:4B:BB:54: .[0m
[34m2026-02-16 11:57:38,693   | DEBUG    | Received 2D:4A:43:4F:8D:68: .[0m
[34m2026-02-16 11:57:38,701   | DEBUG    | Received 37:CB:C7:08:F0:CF: .[0m
[34m2026-02-16 11:57:38,827   | DEBUG    | Received 51:7C:21:CB:81:6C: .[0m
[34m2026-02-16 11:57:38,934   | DEBUG    | Received 7C:BC:96:E5:9E:61: .[0m
[34m2026-02-16 11:57:38,937   | DEBUG    | Received 7C:BC:96:E5:9E:61: .[0m
[34m2026-02-16 11:57:39,039   | DEBUG    | Received 7F:55:12:8C:93:E7: .[0m
[34m2026-02-16 11:57:39,054   | DEBUG    | Received 40:74:A0:E3:66:D5: .[0m
[34m2026-02-16 11:57:39,149   | DEBUG    | Received 3E:55:76:6F:E6:64: .[0m
[34m2026-02-16 11:57:39,154   | DEBUG    | Received 3E:55:76:6F:E6:64: .[0m
[34m2026-02-16 11:57:39,160   | DEBUG    | Received 78:04:B6:7F:28:E2: .[0m
[34m2026-02-16 11:57:39,163   | DEBUG    | Received 78:04:B6:7F:28:E2: .[0m
[34m2026-02-16 11:57:39,274   | DEBUG    | Received 34:81:F4:CE:83:FF: QT 13534207.[0m
[34m2026-02-16 11:57:39,384   | DEBUG    | Received 68:DA:06:3A:35:28: .[0m
[34m2026-02-16 11:57:39,426   | DEBUG    | Received 40:74:A0:E3:66:D5: .[0m
[34m2026-02-16 11:57:39,432   | DEBUG    | Received 78:04:B6:7F:28:E2: .[0m
[34m2026-02-16 11:57:39,435   | DEBUG    | Received 78:04:B6:7F:28:E2: .[0m
[34m2026-02-16 11:57:39,506   | DEBUG    | Received CC:84:49:D5:E3:D6: .[0m
[34m2026-02-16 11:57:39,509   | DEBUG    | Received CC:84:49:D5:E3:D6: .[0m
[34m2026-02-16 11:57:39,521   | DEBUG    | Received 34:81:F4:CE:83:FF: QT 13534207.[0m
[34m2026-02-16 11:57:39,535   | DEBUG    | Received 7C:BC:96:E5:9E:61: .[0m
[34m2026-02-16 11:57:39,538   | DEBUG    | Received 7C:BC:96:E5:9E:61: .[0m
[34m2026-02-16 11:57:39,743   | DEBUG    | Received 25:DD:44:4B:BB:54: .[0m
[34m2026-02-16 11:57:39,886   | DEBUG    | Received 3E:55:76:6F:E6:64: .[0m
[34m2026-02-16 11:57:39,891   | DEBUG    | Received 3E:55:76:6F:E6:64: .[0m
[34m2026-02-16 11:57:39,974   | DEBUG    | Received 2D:4A:43:4F:8D:68: .[0m
[34m2026-02-16 11:57:39,984   | DEBUG    | Received 78:04:B6:7F:28:E2: .[0m
[34m2026-02-16 11:57:39,987   | DEBUG    | Received 78:04:B6:7F:28:E2: .[0m
[34m2026-02-16 11:57:39,993   | DEBUG    | Received 3E:55:76:6F:E6:64: .[0m
[34m2026-02-16 11:57:40,091   | DEBUG    | Received CD:89:AF:2D:2B:2B: .[0m
[34m2026-02-16 11:57:40,243   | DEBUG    | Received 34:81:F4:CE:83:FF: QT 13534207.[0m
[34m2026-02-16 11:57:40,475   | DEBUG    | Received 37:CB:C7:08:F0:CF: .[0m
[34m2026-02-16 11:57:40,734   | DEBUG    | Received 7C:BC:96:E5:9E:61: .[0m
[34m2026-02-16 11:57:40,737   | DEBUG    | Received 7C:BC:96:E5:9E:61: .[0m
[34m2026-02-16 11:57:40,797   | DEBUG    | Received 78:04:B6:7F:28:E2: .[0m
[34m2026-02-16 11:57:40,800   | DEBUG    | Received 78:04:B6:7F:28:E2: .[0m
[34m2026-02-16 11:57:40,805   | DEBUG    | Received 25:DD:44:4B:BB:54: .[0m
[34m2026-02-16 11:57:40,810   | DEBUG    | Received 79:51:02:81:86:F3: .[0m
[34m2026-02-16 11:57:40,816   | DEBUG    | Received 78:4F:71:FD:26:50: .[0m
[34m2026-02-16 11:57:40,820   | DEBUG    | Received 78:4F:71:FD:26:50: .[0m
[34m2026-02-16 11:57:40,824   | DEBUG    | Received 2D:4A:43:4F:8D:68: .[0m
[34m2026-02-16 11:57:40,926   | DEBUG    | Received 7F:55:12:8C:93:E7: .[0m
[34m2026-02-16 11:57:40,951   | DEBUG    | Received 34:81:F4:CE:83:FF: QT 13534207.[0m
[34m2026-02-16 11:57:41,032   | DEBUG    | Received 42:77:8F:D5:E7:6E: .[0m
[34m2026-02-16 11:57:41,035   | DEBUG    | Received 42:77:8F:D5:E7:6E: .[0m
[34m2026-02-16 11:57:41,042   | DEBUG    | Received 7C:BC:96:E5:9E:61: .[0m
[34m2026-02-16 11:57:41,045   | DEBUG    | Received 7C:BC:96:E5:9E:61: .[0m
[34m2026-02-16 11:57:41,071   | DEBUG    | Received 78:04:B6:7F:28:E2: .[0m
[34m2026-02-16 11:57:41,074   | DEBUG    | Received 78:04:B6:7F:28:E2: .[0m
[34m2026-02-16 11:57:41,162   | DEBUG    | Received 6C:3A:03:A2:D6:ED: .[0m
[34m2026-02-16 11:57:41,165   | DEBUG    | Received 6C:3A:03:A2:D6:ED: .[0m
[34m2026-02-16 11:57:41,171   | DEBUG    | Received 34:81:F4:CE:83:FF: QT 13534207.[0m
[34m2026-02-16 11:57:41,174   | DEBUG    | Received 34:81:F4:CE:83:FF: .[0m
[34m2026-02-16 11:57:41,305   | DEBUG    | Received 34:81:F4:CE:83:FF: QT 13534207.[0m
[34m2026-02-16 11:57:41,411   | DEBUG    | Received 34:81:F4:CE:83:FF: QT 13534207.[0m
[34m2026-02-16 11:57:41,623   | DEBUG    | Received 51:7C:21:CB:81:6C: .[0m
[34m2026-02-16 11:57:41,629   | DEBUG    | Received 78:04:B6:7F:28:E2: .[0m
[34m2026-02-16 11:57:41,635   | DEBUG    | Received 78:04:B6:7F:28:E2: .[0m
[34m2026-02-16 11:57:41,642   | DEBUG    | Received 42:77:8F:D5:E7:6E: .[0m
[34m2026-02-16 11:57:41,645   | DEBUG    | Received 42:77:8F:D5:E7:6E: .[0m
[34m2026-02-16 11:57:41,653   | DEBUG    | Received 25:DD:44:4B:BB:54: .[0m
[34m2026-02-16 11:57:41,763   | DEBUG    | Received 25:DD:44:4B:BB:54: .[0m
[34m2026-02-16 11:57:41,871   | DEBUG    | Received 25:DD:44:4B:BB:54: .[0m
[34m2026-02-16 11:57:41,886   | DEBUG    | Received 2D:4A:43:4F:8D:68: .[0m
[34m2026-02-16 11:57:41,969   | DEBUG    | 20 devices found. Watcher status: <BluetoothLEAdvertisementWatcherStatus.STOPPED: 3>.[0m
[34m2026-02-16 11:57:41,970   | DEBUG    | 	Device: Unknown (6C:3A:03:A2:D6:ED) | UUIDs: [][0m
[34m2026-02-16 11:57:41,971   | DEBUG    | 	Device: Unknown (7C:BC:96:E5:9E:61) | UUIDs: [][0m
[34m2026-02-16 11:57:41,971   | DEBUG    | 	Device: Unknown (51:7C:21:CB:81:6C) | UUIDs: [][0m
[34m2026-02-16 11:57:41,971   | DEBUG    | 	Device: Unknown (3E:55:76:6F:E6:64) | UUIDs: ['0000fe78-0000-1000-8000-00805f9b34fb'][0m
[34m2026-02-16 11:57:41,971   | DEBUG    | 	Device: Unknown (25:DD:44:4B:BB:54) | UUIDs: [][0m
[34m2026-02-16 11:57:41,971   | DEBUG    | 	Device: Unknown (2D:4A:43:4F:8D:68) | UUIDs: [][0m
[34m2026-02-16 11:57:41,971   | DEBUG    | 	Device: BioCoin (CD:89:AF:2D:2B:2B) | UUIDs: ['00001523-1212-efde-1523-785feabc93aa'][0m
[34m2026-02-16 11:57:41,971   | DEBUG    | 	Device: QT 13534207 (34:81:F4:CE:83:FF) | UUIDs: [][0m
[34m2026-02-16 11:57:41,972   | DEBUG    | 	Device: Unknown (37:CB:C7:08:F0:CF) | UUIDs: [][0m
[34m2026-02-16 11:57:41,972   | DEBUG    | 	Device: Unknown (79:51:02:81:86:F3) | UUIDs: [][0m
[34m2026-02-16 11:57:41,972   | DEBUG    | 	Device: Unknown (65:61:C1:BA:E1:46) | UUIDs: [][0m
[34m2026-02-16 11:57:41,972   | DEBUG    | 	Device: Unknown (42:77:8F:D5:E7:6E) | UUIDs: [][0m
[34m2026-02-16 11:57:41,972   | DEBUG    | 	Device: Unknown (E0:70:EA:05:41:A8) | UUIDs: [][0m
[34m2026-02-16 11:57:41,972   | DEBUG    | 	Device: Unknown (28:E6:A9:38:5C:79) | UUIDs: [][0m
[34m2026-02-16 11:57:41,972   | DEBUG    | 	Device: Unknown (40:74:A0:E3:66:D5) | UUIDs: [][0m
[34m2026-02-16 11:57:41,973   | DEBUG    | 	Device: Unknown (7F:55:12:8C:93:E7) | UUIDs: [][0m
[34m2026-02-16 11:57:41,973   | DEBUG    | 	Device: Unknown (78:04:B6:7F:28:E2) | UUIDs: [][0m
[34m2026-02-16 11:57:41,973   | DEBUG    | 	Device: Unknown (68:DA:06:3A:35:28) | UUIDs: [][0m
[34m2026-02-16 11:57:41,973   | DEBUG    | 	Device: Unknown (CC:84:49:D5:E3:D6) | UUIDs: [][0m
[34m2026-02-16 11:57:41,973   | DEBUG    | 	Device: Unknown (78:4F:71:FD:26:50) | UUIDs: [][0m
2026-02-16 11:57:41,974   | INFO     | Found BioCoin device at CD:89:AF:2D:2B:2B![0m
[34m2026-02-16 11:57:42,675   | DEBUG    | Received 40:74:A0:E3:66:D5: .[0m
[34m2026-02-16 11:57:42,805   | DEBUG    | Received 34:81:F4:CE:83:FF: QT 13534207.[0m
[34m2026-02-16 11:57:42,814   | DEBUG    | Received 6C:3A:03:A2:D6:ED: .[0m
[34m2026-02-16 11:57:42,817   | DEBUG    | Received 6C:3A:03:A2:D6:ED: .[0m
[34m2026-02-16 11:57:42,832   | DEBUG    | Received 42:77:8F:D5:E7:6E: .[0m
[34m2026-02-16 11:57:42,835   | DEBUG    | Received 42:77:8F:D5:E7:6E: .[0m
[34m2026-02-16 11:57:42,841   | DEBUG    | Received 7C:BC:96:E5:9E:61: .[0m
[34m2026-02-16 11:57:42,844   | DEBUG    | Received 7C:BC:96:E5:9E:61: .[0m
[34m2026-02-16 11:57:42,919   | DEBUG    | Received 25:DD:44:4B:BB:54: .[0m
[34m2026-02-16 11:57:42,924   | DEBUG    | Received 51:7C:21:CB:81:6C: .[0m
[34m2026-02-16 11:57:42,948   | DEBUG    | Received 3E:55:76:6F:E6:64: .[0m
[34m2026-02-16 11:57:43,154   | DEBUG    | Received 3E:55:76:6F:E6:64: .[0m
[34m2026-02-16 11:57:43,161   | DEBUG    | Received 2D:4A:43:4F:8D:68: .[0m
[34m2026-02-16 11:57:43,167   | DEBUG    | Received CD:89:AF:2D:2B:2B: .[0m
[34m2026-02-16 11:57:43,169   | DEBUG    | 10 devices found. Watcher status: <BluetoothLEAdvertisementWatcherStatus.STOPPED: 3>.[0m
[34m2026-02-16 11:57:43,170   | DEBUG    | Connecting to BLE device @ CD:89:AF:2D:2B:2B[0m
[34m2026-02-16 11:57:43,244   | DEBUG    | getting services (service_cache_mode=None, cache_mode=None)...[0m
[34m2026-02-16 11:57:43,997   | DEBUG    | session_status_changed_event_handler: id: BluetoothLE#BluetoothLE2c:6d:c1:90:b4:0f-cd:89:af:2d:2b:2b, error: <BluetoothError.SUCCESS: 0>, status: <GattSessionStatus.ACTIVE: 1>[0m
[34m2026-02-16 11:57:44,108   | DEBUG    | max_pdu_size_changed_handler: 247[0m
[34m2026-02-16 11:57:44,499   | DEBUG    | CD:89:AF:2D:2B:2B: services changed[0m
[34m2026-02-16 11:57:45,011   | DEBUG    | CD:89:AF:2D:2B:2B: services changed[0m
2026-02-16 11:57:45,498   | INFO     | Connected to BioCoin device at CD:89:AF:2D:2B:2B.[0m
[34m2026-02-16 11:57:45,513   | DEBUG    | Read Characteristic 0022 : bytearray(b'd')[0m
2026-02-16 11:57:45,514   | INFO     | Battery Level: 100%[0m
2026-02-16 11:57:45,514   | INFO     | Sending IMP technique parameters...[0m
[34m2026-02-16 11:57:46,558   | DEBUG    | Read Characteristic 0026 : bytearray(b'\x00')[0m
[34m2026-02-16 11:57:46,558   | DEBUG    | Device status read: NOT_RUNNING (0)[0m
2026-02-16 11:57:46,578   | INFO     | Notification handler registered successfully.[0m
[34m2026-02-16 11:57:52,998   | DEBUG    | Received: bytearray(b'?\x02\x1bG\x08\xfb\x9d?')[0m
[34m2026-02-16 11:57:52,998   | DEBUG    | Received IMP value: Mag=39682.24609375, Phase=70.71578983583673[0m
[34m2026-02-16 11:57:57,844   | DEBUG    | Received: bytearray(b'\xb5\xbe\x05GH\xe7Q@')[0m
[34m2026-02-16 11:57:57,845   | DEBUG    | Received IMP value: Mag=34238.70703125, Phase=187.9153336531657[0m
[34m2026-02-16 11:58:02,808   | DEBUG    | Received: bytearray(b'\xd79\xc6E\xb9\xbb#\xc0')[0m
[34m2026-02-16 11:58:02,809   | DEBUG    | Received IMP value: Mag=6343.22998046875, Phase=-146.58166524926816[0m
2026-02-16 11:58:07,729   | INFO     | Received 3 data points from IMP.[0m
2026-02-16 11:58:07,737   | INFO     | Imp Data:
 [[39682.24609375    70.71578984]
 [34238.70703125   187.91533365]
 [ 6343.22998047  -146.58166525]][0m
[34m2026-02-16 11:58:07,743   | DEBUG    | Disconnecting from BLE device...[0m
[34m2026-02-16 11:58:11,059   | DEBUG    | session_status_changed_event_handler: id: BluetoothLE#BluetoothLE2c:6d:c1:90:b4:0f-cd:89:af:2d:2b:2b, error: <BluetoothError.SUCCESS: 0>, status: <GattSessionStatus.CLOSED: 0>[0m
[34m2026-02-16 11:58:11,060   | DEBUG    | max_pdu_size_changed_handler: 23[0m
[34m2026-02-16 11:58:11,061   | DEBUG    | closing requester[0m
[34m2026-02-16 11:58:11,062   | DEBUG    | closing session[0m
2026-02-16 11:58:11,066   | INFO     | Disconnected from BioCoin device.[0m
