2026-02-02 19:18:39,208   | INFO     | BioCoin Test Script[0m
2026-02-02 19:18:39,209   | INFO     | Searching for the BioCoin device named "Biocoin"...[0m
2026-02-02 19:18:39,209   | INFO     | Scanning for devices...[0m
[34m2026-02-02 19:18:41,140   | DEBUG    | Received 43:78:02:D5:96:80: .[0m
[34m2026-02-02 19:18:41,539   | DEBUG    | Received 43:78:02:D5:96:80: .[0m
[34m2026-02-02 19:18:41,539   | DEBUG    | Received 2A:ED:53:A6:B8:67: .[0m
[34m2026-02-02 19:18:41,539   | DEBUG    | Received 49:FF:63:9C:C1:EC: .[0m
[34m2026-02-02 19:18:41,539   | DEBUG    | Received 00:E0:4C:23:99:87: .[0m
[34m2026-02-02 19:18:41,540   | DEBUG    | Received 27:74:96:96:1F:A1: .[0m
[34m2026-02-02 19:18:41,540   | DEBUG    | Received 00:E0:4C:23:99:87: .[0m
[34m2026-02-02 19:18:41,540   | DEBUG    | Received 67:C2:8F:1B:6B:64: .[0m
[34m2026-02-02 19:18:41,540   | DEBUG    | Received 67:C2:8F:1B:6B:64: .[0m
[34m2026-02-02 19:18:41,540   | DEBUG    | Received 07:46:64:F2:74:57: .[0m
[34m2026-02-02 19:18:41,540   | DEBUG    | Received 90:DE:80:E1:73:6A: .[0m
[34m2026-02-02 19:18:41,540   | DEBUG    | Received 5A:BE:CF:53:BF:55: .[0m
[34m2026-02-02 19:18:41,540   | DEBUG    | Received 84:C0:EF:0A:5E:7B: .[0m
[34m2026-02-02 19:18:41,540   | DEBUG    | Received 90:DE:80:E1:73:6A: .[0m
[34m2026-02-02 19:18:41,541   | DEBUG    | Received 38:7C:5D:32:06:A3: .[0m
[34m2026-02-02 19:18:41,541   | DEBUG    | Received 47:D3:CB:A6:58:8F: .[0m
[34m2026-02-02 19:18:41,541   | DEBUG    | Received 43:57:3A:BB:A0:78: .[0m
[34m2026-02-02 19:18:41,541   | DEBUG    | Received 43:57:3A:BB:A0:78: .[0m
[34m2026-02-02 19:18:41,541   | DEBUG    | Received 32:9A:E3:6F:41:06: .[0m
[34m2026-02-02 19:18:41,541   | DEBUG    | Received 24:D4:9A:24:48:4F: .[0m
[34m2026-02-02 19:18:41,541   | DEBUG    | Received 47:D3:CB:A6:58:8F: .[0m
[34m2026-02-02 19:18:41,541   | DEBUG    | Received 84:C0:EF:0A:5E:7B: .[0m
[34m2026-02-02 19:18:41,541   | DEBUG    | Received 84:C0:EF:0A:5E:7B: [TV]Hall office TV.[0m
[34m2026-02-02 19:18:41,541   | DEBUG    | Received 32:9A:E3:6F:41:06: .[0m
[34m2026-02-02 19:18:41,542   | DEBUG    | Received 50:87:8C:B9:96:FD: .[0m
[34m2026-02-02 19:18:41,542   | DEBUG    | Received 49:FF:63:9C:C1:EC: .[0m
[34m2026-02-02 19:18:41,542   | DEBUG    | Received 67:1F:C3:93:B7:74: .[0m
[34m2026-02-02 19:18:41,596   | DEBUG    | Received 32:9A:E3:6F:41:06: .[0m
[34m2026-02-02 19:18:41,601   | DEBUG    | Received 42:6A:48:39:2C:BA: .[0m
[34m2026-02-02 19:18:41,613   | DEBUG    | Received CD:89:AF:2D:2B:2B: .[0m
[34m2026-02-02 19:18:41,615   | DEBUG    | Received CD:89:AF:2D:2B:2B: BioCoin.[0m
[34m2026-02-02 19:18:41,617   | DEBUG    | Received 19:FF:DB:0F:36:46: .[0m
[34m2026-02-02 19:18:41,713   | DEBUG    | Received 30:DA:31:C2:FE:47: .[0m
[34m2026-02-02 19:18:41,720   | DEBUG    | Received 59:15:F0:D2:F0:D2: .[0m
[34m2026-02-02 19:18:41,722   | DEBUG    | Received 19:FF:DB:0F:36:46: .[0m
[34m2026-02-02 19:18:41,726   | DEBUG    | Received 1E:93:DE:50:FD:8D: .[0m
[34m2026-02-02 19:18:41,729   | DEBUG    | Received 90:DE:80:E1:90:28: .[0m
[34m2026-02-02 19:18:41,730   | DEBUG    | Received 5F:2A:00:3B:0E:CC: .[0m
[34m2026-02-02 19:18:41,736   | DEBUG    | Received 90:DE:80:E1:81:C6: .[0m
[34m2026-02-02 19:18:41,739   | DEBUG    | Received 4B:D7:71:37:B8:7A: .[0m
[34m2026-02-02 19:18:41,741   | DEBUG    | Received 16:5F:79:42:6F:08: .[0m
[34m2026-02-02 19:18:41,742   | DEBUG    | Received 90:DE:80:99:19:CC: .[0m
[34m2026-02-02 19:18:41,831   | DEBUG    | Received 32:A6:A5:BA:C6:0A: .[0m
[34m2026-02-02 19:18:41,848   | DEBUG    | Received 90:DE:80:99:19:CC: .[0m
[34m2026-02-02 19:18:41,880   | DEBUG    | Received 47:D3:CB:A6:58:8F: .[0m
[34m2026-02-02 19:18:41,883   | DEBUG    | Received 03:F9:84:87:02:B4: .[0m
[34m2026-02-02 19:18:41,951   | DEBUG    | Received D4:FE:41:68:CC:F0: .[0m
[34m2026-02-02 19:18:41,953   | DEBUG    | Received 43:78:02:D5:96:80: .[0m
[34m2026-02-02 19:18:41,954   | DEBUG    | Received 43:78:02:D5:96:80: .[0m
[34m2026-02-02 19:18:41,959   | DEBUG    | Received 43:57:3A:BB:A0:78: .[0m
[34m2026-02-02 19:18:41,960   | DEBUG    | Received 43:57:3A:BB:A0:78: .[0m
[34m2026-02-02 19:18:41,962   | DEBUG    | Received 84:C0:EF:0A:5E:7B: .[0m
[34m2026-02-02 19:18:41,964   | DEBUG    | Received 84:C0:EF:0A:5E:7B: [TV]Hall office TV.[0m
[34m2026-02-02 19:18:41,966   | DEBUG    | Received 2A:ED:53:A6:B8:67: .[0m
[34m2026-02-02 19:18:41,978   | DEBUG    | Received 90:DE:80:99:18:82: .[0m
[34m2026-02-02 19:18:42,069   | DEBUG    | Received 43:57:3A:BB:A0:78: .[0m
[34m2026-02-02 19:18:42,074   | DEBUG    | Received 75:BD:4C:84:29:02: .[0m
[34m2026-02-02 19:18:42,076   | DEBUG    | Received 27:74:96:96:1F:A1: .[0m
[34m2026-02-02 19:18:42,080   | DEBUG    | Received 84:C0:EF:0A:5E:7B: .[0m
[34m2026-02-02 19:18:42,082   | DEBUG    | Received 84:C0:EF:0A:5E:7B: [TV]Hall office TV.[0m
[34m2026-02-02 19:18:42,086   | DEBUG    | Received 57:9F:ED:E8:42:61: .[0m
[34m2026-02-02 19:18:42,091   | DEBUG    | Received 47:D3:CB:A6:58:8F: .[0m
[34m2026-02-02 19:18:42,093   | DEBUG    | Received 90:DE:80:E1:73:6A: .[0m
[34m2026-02-02 19:18:42,190   | DEBUG    | Received 4B:1C:4A:8A:1E:9B: .[0m
[34m2026-02-02 19:18:42,193   | DEBUG    | Received 47:D3:CB:A6:58:8F: .[0m
[34m2026-02-02 19:18:42,211   | DEBUG    | Received 7E:14:C9:9A:31:93: .[0m
[34m2026-02-02 19:18:42,306   | DEBUG    | Received 76:B9:5E:7A:25:19: .[0m
[34m2026-02-02 19:18:42,308   | DEBUG    | Received 76:B9:5E:7A:25:19: .[0m
[34m2026-02-02 19:18:42,310   | DEBUG    | Received 07:46:64:F2:74:57: .[0m
[34m2026-02-02 19:18:42,323   | DEBUG    | Received 32:9A:E3:6F:41:06: .[0m
[34m2026-02-02 19:18:42,423   | DEBUG    | Received 50:8C:CB:6E:DF:13: .[0m
[34m2026-02-02 19:18:42,424   | DEBUG    | Received 50:8C:CB:6E:DF:13: .[0m
[34m2026-02-02 19:18:42,426   | DEBUG    | Received 38:7C:5D:32:06:A3: .[0m
[34m2026-02-02 19:18:42,430   | DEBUG    | Received CD:89:AF:2D:2B:2B: .[0m
[34m2026-02-02 19:18:42,432   | DEBUG    | Received CD:89:AF:2D:2B:2B: BioCoin.[0m
[34m2026-02-02 19:18:42,438   | DEBUG    | Received 43:57:3A:BB:A0:78: .[0m
[34m2026-02-02 19:18:42,440   | DEBUG    | Received 84:C0:EF:0A:5E:7B: .[0m
[34m2026-02-02 19:18:42,442   | DEBUG    | Received 84:C0:EF:0A:5E:7B: [TV]Hall office TV.[0m
[34m2026-02-02 19:18:42,444   | DEBUG    | Received 75:BD:4C:84:29:02: .[0m
[34m2026-02-02 19:18:42,446   | DEBUG    | Received 30:DA:31:C2:FE:47: .[0m
[34m2026-02-02 19:18:42,448   | DEBUG    | Received 1E:93:DE:50:FD:8D: .[0m
[34m2026-02-02 19:18:42,450   | DEBUG    | Received 19:FF:DB:0F:36:46: .[0m
[34m2026-02-02 19:18:42,457   | DEBUG    | Received 49:FF:63:9C:C1:EC: .[0m
[34m2026-02-02 19:18:42,459   | DEBUG    | Received 90:DE:80:99:19:1A: .[0m
[34m2026-02-02 19:18:42,461   | DEBUG    | Received E1:DC:E3:5A:60:2F: .[0m
[34m2026-02-02 19:18:42,542   | DEBUG    | Received 50:87:8C:B9:96:FD: .[0m
[34m2026-02-02 19:18:42,551   | DEBUG    | Received 67:C2:8F:1B:6B:64: .[0m
[34m2026-02-02 19:18:42,552   | DEBUG    | Received 67:C2:8F:1B:6B:64: .[0m
[34m2026-02-02 19:18:42,554   | DEBUG    | Received 19:FF:DB:0F:36:46: .[0m
[34m2026-02-02 19:18:42,560   | DEBUG    | Received 32:A6:A5:BA:C6:0A: .[0m
[34m2026-02-02 19:18:42,564   | DEBUG    | Received 6E:5D:02:E4:05:A0: .[0m
[34m2026-02-02 19:18:42,661   | DEBUG    | Received 32:A6:A5:BA:C6:0A: .[0m
[34m2026-02-02 19:18:42,673   | DEBUG    | Received 90:DE:80:E1:81:C6: .[0m
[34m2026-02-02 19:18:42,776   | DEBUG    | Received 90:DE:80:E1:81:C6: .[0m
[34m2026-02-02 19:18:42,783   | DEBUG    | Received 90:DE:80:99:19:1A: .[0m
[34m2026-02-02 19:18:42,787   | DEBUG    | Received 90:DE:80:99:19:CC: .[0m
[34m2026-02-02 19:18:42,790   | DEBUG    | Received A4:83:E7:D6:E4:D0: .[0m
[34m2026-02-02 19:18:42,792   | DEBUG    | Received A4:83:E7:D6:E4:D0: .[0m
[34m2026-02-02 19:18:42,794   | DEBUG    | Received 63:DF:26:E1:F1:DC: .[0m
[34m2026-02-02 19:18:42,796   | DEBUG    | Received 1C:69:20:85:D5:DE: Fellow Aiden D5DC.[0m
[34m2026-02-02 19:18:42,797   | DEBUG    | Received 1C:69:20:85:D5:DE: .[0m
[34m2026-02-02 19:18:42,802   | DEBUG    | Received 2D:C5:7E:F9:D7:6C: .[0m
[34m2026-02-02 19:18:42,803   | DEBUG    | Received 2A:ED:53:A6:B8:67: .[0m
[34m2026-02-02 19:18:42,893   | DEBUG    | Received 16:5C:E3:40:0A:BF: .[0m
[34m2026-02-02 19:18:42,897   | DEBUG    | Received DD:C6:47:70:9A:43: .[0m
[34m2026-02-02 19:18:42,903   | DEBUG    | Received 76:6F:76:8B:06:8D: .[0m
[34m2026-02-02 19:18:42,911   | DEBUG    | Received 57:9F:ED:E8:42:61: .[0m
[34m2026-02-02 19:18:42,912   | DEBUG    | Received 57:9F:ED:E8:42:61: .[0m
[34m2026-02-02 19:18:42,914   | DEBUG    | Received 6C:59:30:DA:31:C3: .[0m
[34m2026-02-02 19:18:42,916   | DEBUG    | Received 6C:59:30:DA:31:C3: .[0m
[34m2026-02-02 19:18:42,918   | DEBUG    | Received 27:74:96:96:1F:A1: .[0m
[34m2026-02-02 19:18:42,921   | DEBUG    | Received 67:C2:8F:1B:6B:64: .[0m
[34m2026-02-02 19:18:42,922   | DEBUG    | Received 67:C2:8F:1B:6B:64: .[0m
[34m2026-02-02 19:18:43,014   | DEBUG    | Received EB:9A:4D:C2:58:CE: .[0m
[34m2026-02-02 19:18:43,028   | DEBUG    | Received 90:DE:80:99:18:82: .[0m
[34m2026-02-02 19:18:43,032   | DEBUG    | Received 43:57:3A:BB:A0:78: .[0m
[34m2026-02-02 19:18:43,131   | DEBUG    | Received 27:74:96:96:1F:A1: .[0m
[34m2026-02-02 19:18:43,168   | DEBUG    | Received 30:DA:31:C2:FE:47: .[0m
[34m2026-02-02 19:18:43,170   | DEBUG    | Received 38:7C:5D:32:06:A3: .[0m
[34m2026-02-02 19:18:43,174   | DEBUG    | Received 32:A6:A5:BA:C6:0A: .[0m
[34m2026-02-02 19:18:43,178   | DEBUG    | Received 4B:D7:71:37:B8:7A: .[0m
[34m2026-02-02 19:18:43,179   | DEBUG    | Received 4B:D7:71:37:B8:7A: LE_WH-1000XM6.[0m
[34m2026-02-02 19:18:43,188   | DEBUG    | Received 6C:59:30:DA:31:C3: .[0m
[34m2026-02-02 19:18:43,189   | DEBUG    | Received 19:FF:DB:0F:36:46: .[0m
[34m2026-02-02 19:18:43,250   | DEBUG    | Received D4:FE:41:68:CC:F0: .[0m
[34m2026-02-02 19:18:43,252   | DEBUG    | Received D4:FE:41:68:CC:F0: .[0m
[34m2026-02-02 19:18:43,253   | DEBUG    | Received 47:D3:CB:A6:58:8F: .[0m
[34m2026-02-02 19:18:43,256   | DEBUG    | Received CD:89:AF:2D:2B:2B: .[0m
[34m2026-02-02 19:18:43,257   | DEBUG    | Received CD:89:AF:2D:2B:2B: BioCoin.[0m
[34m2026-02-02 19:18:43,265   | DEBUG    | Received 84:C0:EF:0A:5E:7B: .[0m
[34m2026-02-02 19:18:43,267   | DEBUG    | Received 84:C0:EF:0A:5E:7B: [TV]Hall office TV.[0m
[34m2026-02-02 19:18:43,275   | DEBUG    | Received 50:87:8C:B9:96:FD: .[0m
[34m2026-02-02 19:18:43,376   | DEBUG    | Received 07:46:64:F2:74:57: .[0m
[34m2026-02-02 19:18:43,383   | DEBUG    | Received D4:FE:41:68:CC:F0: .[0m
[34m2026-02-02 19:18:43,384   | DEBUG    | Received 32:A6:A5:BA:C6:0A: .[0m
[34m2026-02-02 19:18:43,393   | DEBUG    | Received 7E:EB:8B:AA:5C:CF: .[0m
[34m2026-02-02 19:18:43,394   | DEBUG    | Received 19:FF:DB:0F:36:46: .[0m
[34m2026-02-02 19:18:43,497   | DEBUG    | Received 4B:D7:71:37:B8:7A: .[0m
[34m2026-02-02 19:18:43,500   | DEBUG    | Received 19:FF:DB:0F:36:46: .[0m
[34m2026-02-02 19:18:43,501   | DEBUG    | Received 6E:5D:02:E4:05:A0: .[0m
[34m2026-02-02 19:18:43,619   | DEBUG    | Received 38:7C:5D:32:06:A3: .[0m
[34m2026-02-02 19:18:43,620   | DEBUG    | Received 90:DE:80:99:19:CC: .[0m
[34m2026-02-02 19:18:43,622   | DEBUG    | Received 2A:ED:53:A6:B8:67: .[0m
[34m2026-02-02 19:18:43,724   | DEBUG    | Received 2A:ED:53:A6:B8:67: .[0m
[34m2026-02-02 19:18:43,728   | DEBUG    | Received 6C:59:30:DA:31:C3: .[0m
[34m2026-02-02 19:18:43,732   | DEBUG    | Received 16:5C:E3:40:0A:BF: .[0m
[34m2026-02-02 19:18:43,736   | DEBUG    | Received 42:AD:39:C5:16:CA: .[0m
[34m2026-02-02 19:18:43,745   | DEBUG    | Received 84:C0:EF:0A:5E:7B: .[0m
[34m2026-02-02 19:18:43,746   | DEBUG    | Received 84:C0:EF:0A:5E:7B: [TV]Hall office TV.[0m
[34m2026-02-02 19:18:43,838   | DEBUG    | Received 16:5C:E3:40:0A:BF: .[0m
[34m2026-02-02 19:18:43,842   | DEBUG    | Received 84:C0:EF:0A:5E:7B: .[0m
[34m2026-02-02 19:18:43,844   | DEBUG    | Received 84:C0:EF:0A:5E:7B: [TV]Hall office TV.[0m
[34m2026-02-02 19:18:43,846   | DEBUG    | Received 6A:31:83:5C:56:E3: .[0m
[34m2026-02-02 19:18:43,852   | DEBUG    | Received 42:6A:48:39:2C:BA: .[0m
[34m2026-02-02 19:18:43,862   | DEBUG    | Received 67:C2:8F:1B:6B:64: .[0m
[34m2026-02-02 19:18:43,863   | DEBUG    | Received 67:C2:8F:1B:6B:64: .[0m
[34m2026-02-02 19:18:43,868   | DEBUG    | Received 00:E0:4C:23:99:87: .[0m
[34m2026-02-02 19:18:43,964   | DEBUG    | Received 49:FF:63:9C:C1:EC: .[0m
[34m2026-02-02 19:18:43,971   | DEBUG    | Received 00:E0:4C:23:99:87: .[0m
[34m2026-02-02 19:18:44,080   | DEBUG    | Received CD:89:AF:2D:2B:2B: .[0m
[34m2026-02-02 19:18:44,082   | DEBUG    | Received CD:89:AF:2D:2B:2B: BioCoin.[0m
[34m2026-02-02 19:18:44,084   | DEBUG    | Received 27:74:96:96:1F:A1: .[0m
[34m2026-02-02 19:18:44,086   | DEBUG    | Received 50:8C:CB:6E:DF:13: .[0m
[34m2026-02-02 19:18:44,087   | DEBUG    | Received 47:D3:CB:A6:58:8F: .[0m
[34m2026-02-02 19:18:44,090   | DEBUG    | Received 03:F9:84:87:02:B4: .[0m
[34m2026-02-02 19:18:44,196   | DEBUG    | Received 47:D3:CB:A6:58:8F: .[0m
[34m2026-02-02 19:18:44,204   | DEBUG    | Received 24:D4:9A:24:48:4F: .[0m
[34m2026-02-02 19:18:44,210   | DEBUG    | Received 35:AE:62:39:37:BD: .[0m
[34m2026-02-02 19:18:44,220   | DEBUG    | Received 32:9A:E3:6F:41:06: .[0m
[34m2026-02-02 19:18:44,221   | DEBUG    | Received 32:A6:A5:BA:C6:0A: .[0m
[34m2026-02-02 19:18:44,317   | DEBUG    | Received 50:87:8C:B9:96:FD: .[0m
[34m2026-02-02 19:18:44,321   | DEBUG    | Received 67:1F:C3:93:B7:74: .[0m
[34m2026-02-02 19:18:44,322   | DEBUG    | Received 67:1F:C3:93:B7:74: .[0m
[34m2026-02-02 19:18:44,328   | DEBUG    | Received 32:9A:E3:6F:41:06: .[0m
[34m2026-02-02 19:18:44,444   | DEBUG    | Received 7E:14:C9:9A:31:93: .[0m
[34m2026-02-02 19:18:44,446   | DEBUG    | Received 90:DE:80:99:19:CC: .[0m
[34m2026-02-02 19:18:44,449   | DEBUG    | Received 90:DE:80:E1:81:C6: .[0m
[34m2026-02-02 19:18:44,451   | DEBUG    | Received 19:FF:DB:0F:36:46: .[0m
[34m2026-02-02 19:18:44,463   | DEBUG    | Received 2A:ED:53:A6:B8:67: .[0m
[34m2026-02-02 19:18:44,554   | DEBUG    | Received A4:83:E7:D6:E4:D0: .[0m
[34m2026-02-02 19:18:44,555   | DEBUG    | Received A4:83:E7:D6:E4:D0: .[0m
[34m2026-02-02 19:18:44,557   | DEBUG    | Received 19:FF:DB:0F:36:46: .[0m
[34m2026-02-02 19:18:44,559   | DEBUG    | Received 57:9F:ED:E8:42:61: .[0m
[34m2026-02-02 19:18:44,561   | DEBUG    | Received 57:9F:ED:E8:42:61: .[0m
[34m2026-02-02 19:18:44,563   | DEBUG    | Received 90:DE:80:E1:90:28: .[0m
[34m2026-02-02 19:18:44,566   | DEBUG    | Received 2D:C5:7E:F9:D7:6C: .[0m
[34m2026-02-02 19:18:44,571   | DEBUG    | Received 16:5C:E3:40:0A:BF: .[0m
[34m2026-02-02 19:18:44,669   | DEBUG    | Received E4:E1:39:3E:EF:64: .[0m
[34m2026-02-02 19:18:44,682   | DEBUG    | Received 4B:D7:71:37:B8:7A: .[0m
[34m2026-02-02 19:18:44,686   | DEBUG    | Received 67:1F:C3:93:B7:74: .[0m
[34m2026-02-02 19:18:44,687   | DEBUG    | Received 67:1F:C3:93:B7:74: .[0m
[34m2026-02-02 19:18:44,784   | DEBUG    | Received 6A:31:83:5C:56:E3: .[0m
[34m2026-02-02 19:18:44,788   | DEBUG    | Received D4:FE:41:68:CC:F0: .[0m
[34m2026-02-02 19:18:44,790   | DEBUG    | Received D4:FE:41:68:CC:F0: .[0m
[34m2026-02-02 19:18:44,794   | DEBUG    | Received 00:E0:4C:23:99:87: .[0m
[34m2026-02-02 19:18:44,810   | DEBUG    | Received 84:C0:EF:0A:5E:7B: .[0m
[34m2026-02-02 19:18:44,812   | DEBUG    | Received 84:C0:EF:0A:5E:7B: [TV]Hall office TV.[0m
[34m2026-02-02 19:18:44,910   | DEBUG    | Received 84:C0:EF:0A:5E:7B: .[0m
[34m2026-02-02 19:18:44,912   | DEBUG    | Received 84:C0:EF:0A:5E:7B: [TV]Hall office TV.[0m
[34m2026-02-02 19:18:44,914   | DEBUG    | Received 43:57:3A:BB:A0:78: .[0m
[34m2026-02-02 19:18:44,916   | DEBUG    | Received A4:83:E7:D6:E4:D0: .[0m
[34m2026-02-02 19:18:44,919   | DEBUG    | Received 50:8C:CB:6E:DF:13: .[0m
[34m2026-02-02 19:18:44,921   | DEBUG    | Received D4:FE:41:68:CC:F0: .[0m
[34m2026-02-02 19:18:44,933   | DEBUG    | Received 38:7C:5D:32:06:A3: .[0m
[34m2026-02-02 19:18:44,934   | DEBUG    | Received 30:DA:31:C2:FE:47: .[0m
[34m2026-02-02 19:18:45,020   | DEBUG    | Received 27:74:96:96:1F:A1: .[0m
[34m2026-02-02 19:18:45,029   | DEBUG    | Received 47:D3:CB:A6:58:8F: .[0m
[34m2026-02-02 19:18:45,037   | DEBUG    | Received 24:D4:9A:24:48:4F: .[0m
[34m2026-02-02 19:18:45,038   | DEBUG    | Received 38:7C:5D:32:06:A3: .[0m
[34m2026-02-02 19:18:45,044   | DEBUG    | Received 90:DE:80:E1:73:6A: .[0m
[34m2026-02-02 19:18:45,140   | DEBUG    | Received 03:F9:84:87:02:B4: .[0m
[34m2026-02-02 19:18:45,143   | DEBUG    | Received 38:7C:5D:32:06:A3: .[0m
[34m2026-02-02 19:18:45,150   | DEBUG    | Received 07:46:64:F2:74:57: .[0m
[34m2026-02-02 19:18:45,163   | DEBUG    | Received 41:47:84:AD:89:D0: .[0m
[34m2026-02-02 19:18:45,256   | DEBUG    | Received 32:A6:A5:BA:C6:0A: .[0m
[34m2026-02-02 19:18:45,260   | DEBUG    | Received 90:DE:80:E1:73:6A: .[0m
[34m2026-02-02 19:18:45,267   | DEBUG    | Received 07:46:64:F2:74:57: .[0m
[34m2026-02-02 19:18:45,271   | DEBUG    | Received 32:9A:E3:6F:41:06: .[0m
[34m2026-02-02 19:18:45,283   | DEBUG    | Received 4B:D7:71:37:B8:7A: .[0m
[34m2026-02-02 19:18:45,284   | DEBUG    | Received 4B:D7:71:37:B8:7A: .[0m
[34m2026-02-02 19:18:45,286   | DEBUG    | Received A4:83:E7:D6:E4:D0: .[0m
[34m2026-02-02 19:18:45,288   | DEBUG    | Received A4:83:E7:D6:E4:D0: .[0m
[34m2026-02-02 19:18:45,379   | DEBUG    | Received 7E:14:C9:9A:31:93: .[0m
[34m2026-02-02 19:18:45,388   | DEBUG    | Received 19:FF:DB:0F:36:46: .[0m
[34m2026-02-02 19:18:45,390   | DEBUG    | Received 90:DE:80:99:19:CC: .[0m
[34m2026-02-02 19:18:45,400   | DEBUG    | Received 84:C0:EF:0A:5E:7B: .[0m
[34m2026-02-02 19:18:45,402   | DEBUG    | Received 84:C0:EF:0A:5E:7B: [TV]Hall office TV.[0m
[34m2026-02-02 19:18:45,495   | DEBUG    | Received 84:C0:EF:0A:5E:7B: .[0m
[34m2026-02-02 19:18:45,501   | DEBUG    | Received 84:C0:EF:0A:5E:7B: [TV]Hall office TV.[0m
[34m2026-02-02 19:18:45,504   | DEBUG    | Received 90:DE:80:99:19:CC: .[0m
[34m2026-02-02 19:18:45,621   | DEBUG    | Received 84:C0:EF:0A:5E:7B: .[0m
[34m2026-02-02 19:18:45,622   | DEBUG    | Received 84:C0:EF:0A:5E:7B: [TV]Hall office TV.[0m
[34m2026-02-02 19:18:45,626   | DEBUG    | Received 6A:31:83:5C:56:E3: .[0m
[34m2026-02-02 19:18:45,852   | DEBUG    | Received 27:74:96:96:1F:A1: .[0m
[34m2026-02-02 19:18:45,857   | DEBUG    | Received 47:D3:CB:A6:58:8F: .[0m
[34m2026-02-02 19:18:45,974   | DEBUG    | Received 30:DA:31:C2:FE:47: .[0m
[34m2026-02-02 19:18:45,981   | DEBUG    | Received 24:D4:9A:24:48:4F: .[0m
[34m2026-02-02 19:18:45,985   | DEBUG    | Received 84:C0:EF:0A:5E:7B: .[0m
[34m2026-02-02 19:18:45,986   | DEBUG    | Received 84:C0:EF:0A:5E:7B: [TV]Hall office TV.[0m
[34m2026-02-02 19:18:45,988   | DEBUG    | Received 03:F9:84:87:02:B4: .[0m
[34m2026-02-02 19:18:45,989   | DEBUG    | Received 38:7C:5D:32:06:A3: .[0m
[34m2026-02-02 19:18:45,994   | DEBUG    | Received 46:8D:2D:03:C5:54: .[0m
[34m2026-02-02 19:18:45,995   | DEBUG    | Received 32:9A:E3:6F:41:06: .[0m
[34m2026-02-02 19:18:46,076   | DEBUG    | 58 devices found. Watcher status: <BluetoothLEAdvertisementWatcherStatus.STOPPED: 3>.[0m
[34m2026-02-02 19:18:46,076   | DEBUG    | 	Device: Unknown (43:78:02:D5:96:80) | UUIDs: [][0m
[34m2026-02-02 19:18:46,077   | DEBUG    | 	Device: Unknown (2A:ED:53:A6:B8:67) | UUIDs: [][0m
[34m2026-02-02 19:18:46,077   | DEBUG    | 	Device: Unknown (49:FF:63:9C:C1:EC) | UUIDs: [][0m
[34m2026-02-02 19:18:46,077   | DEBUG    | 	Device: Unknown (00:E0:4C:23:99:87) | UUIDs: [][0m
[34m2026-02-02 19:18:46,077   | DEBUG    | 	Device: Unknown (27:74:96:96:1F:A1) | UUIDs: [][0m
[34m2026-02-02 19:18:46,077   | DEBUG    | 	Device: Unknown (67:C2:8F:1B:6B:64) | UUIDs: [][0m
[34m2026-02-02 19:18:46,077   | DEBUG    | 	Device: Unknown (07:46:64:F2:74:57) | UUIDs: [][0m
[34m2026-02-02 19:18:46,077   | DEBUG    | 	Device: Unknown (90:DE:80:E1:73:6A) | UUIDs: [][0m
[34m2026-02-02 19:18:46,077   | DEBUG    | 	Device: Unknown (5A:BE:CF:53:BF:55) | UUIDs: [][0m
[34m2026-02-02 19:18:46,077   | DEBUG    | 	Device: [TV]Hall office TV (84:C0:EF:0A:5E:7B) | UUIDs: [][0m
[34m2026-02-02 19:18:46,077   | DEBUG    | 	Device: Unknown (38:7C:5D:32:06:A3) | UUIDs: [][0m
[34m2026-02-02 19:18:46,077   | DEBUG    | 	Device: Unknown (47:D3:CB:A6:58:8F) | UUIDs: [][0m
[34m2026-02-02 19:18:46,077   | DEBUG    | 	Device: Unknown (43:57:3A:BB:A0:78) | UUIDs: [][0m
[34m2026-02-02 19:18:46,077   | DEBUG    | 	Device: Unknown (32:9A:E3:6F:41:06) | UUIDs: [][0m
[34m2026-02-02 19:18:46,077   | DEBUG    | 	Device: Unknown (24:D4:9A:24:48:4F) | UUIDs: [][0m
[34m2026-02-02 19:18:46,077   | DEBUG    | 	Device: Unknown (50:87:8C:B9:96:FD) | UUIDs: [][0m
[34m2026-02-02 19:18:46,077   | DEBUG    | 	Device: Unknown (67:1F:C3:93:B7:74) | UUIDs: [][0m
[34m2026-02-02 19:18:46,077   | DEBUG    | 	Device: Unknown (42:6A:48:39:2C:BA) | UUIDs: [][0m
[34m2026-02-02 19:18:46,077   | DEBUG    | 	Device: BioCoin (CD:89:AF:2D:2B:2B) | UUIDs: ['00001523-1212-efde-1523-785feabc93aa'][0m
[34m2026-02-02 19:18:46,077   | DEBUG    | 	Device: Unknown (19:FF:DB:0F:36:46) | UUIDs: [][0m
[34m2026-02-02 19:18:46,077   | DEBUG    | 	Device: Unknown (30:DA:31:C2:FE:47) | UUIDs: [][0m
[34m2026-02-02 19:18:46,077   | DEBUG    | 	Device: Unknown (59:15:F0:D2:F0:D2) | UUIDs: [][0m
[34m2026-02-02 19:18:46,077   | DEBUG    | 	Device: Unknown (1E:93:DE:50:FD:8D) | UUIDs: [][0m
[34m2026-02-02 19:18:46,077   | DEBUG    | 	Device: Unknown (90:DE:80:E1:90:28) | UUIDs: [][0m
[34m2026-02-02 19:18:46,077   | DEBUG    | 	Device: Unknown (5F:2A:00:3B:0E:CC) | UUIDs: [][0m
[34m2026-02-02 19:18:46,077   | DEBUG    | 	Device: Unknown (90:DE:80:E1:81:C6) | UUIDs: [][0m
[34m2026-02-02 19:18:46,077   | DEBUG    | 	Device: Unknown (4B:D7:71:37:B8:7A) | UUIDs: [][0m
[34m2026-02-02 19:18:46,077   | DEBUG    | 	Device: Unknown (16:5F:79:42:6F:08) | UUIDs: [][0m
[34m2026-02-02 19:18:46,077   | DEBUG    | 	Device: Unknown (90:DE:80:99:19:CC) | UUIDs: [][0m
[34m2026-02-02 19:18:46,077   | DEBUG    | 	Device: Unknown (32:A6:A5:BA:C6:0A) | UUIDs: [][0m
[34m2026-02-02 19:18:46,077   | DEBUG    | 	Device: Unknown (03:F9:84:87:02:B4) | UUIDs: [][0m
[34m2026-02-02 19:18:46,077   | DEBUG    | 	Device: Unknown (D4:FE:41:68:CC:F0) | UUIDs: [][0m
[34m2026-02-02 19:18:46,077   | DEBUG    | 	Device: Unknown (90:DE:80:99:18:82) | UUIDs: [][0m
[34m2026-02-02 19:18:46,078   | DEBUG    | 	Device: Unknown (75:BD:4C:84:29:02) | UUIDs: [][0m
[34m2026-02-02 19:18:46,078   | DEBUG    | 	Device: Unknown (57:9F:ED:E8:42:61) | UUIDs: [][0m
[34m2026-02-02 19:18:46,078   | DEBUG    | 	Device: Unknown (4B:1C:4A:8A:1E:9B) | UUIDs: [][0m
[34m2026-02-02 19:18:46,078   | DEBUG    | 	Device: Unknown (7E:14:C9:9A:31:93) | UUIDs: [][0m
[34m2026-02-02 19:18:46,078   | DEBUG    | 	Device: Unknown (76:B9:5E:7A:25:19) | UUIDs: [][0m
[34m2026-02-02 19:18:46,078   | DEBUG    | 	Device: Unknown (50:8C:CB:6E:DF:13) | UUIDs: [][0m
[34m2026-02-02 19:18:46,078   | DEBUG    | 	Device: Unknown (90:DE:80:99:19:1A) | UUIDs: [][0m
[34m2026-02-02 19:18:46,078   | DEBUG    | 	Device: Unknown (E1:DC:E3:5A:60:2F) | UUIDs: [][0m
[34m2026-02-02 19:18:46,078   | DEBUG    | 	Device: Unknown (6E:5D:02:E4:05:A0) | UUIDs: [][0m
[34m2026-02-02 19:18:46,078   | DEBUG    | 	Device: Unknown (A4:83:E7:D6:E4:D0) | UUIDs: [][0m
[34m2026-02-02 19:18:46,078   | DEBUG    | 	Device: Unknown (63:DF:26:E1:F1:DC) | UUIDs: [][0m
[34m2026-02-02 19:18:46,078   | DEBUG    | 	Device: Fellow Aiden D5DC (1C:69:20:85:D5:DE) | UUIDs: ['0000ffff-0000-1000-8000-00805f9b34fb'][0m
[34m2026-02-02 19:18:46,078   | DEBUG    | 	Device: Unknown (2D:C5:7E:F9:D7:6C) | UUIDs: [][0m
[34m2026-02-02 19:18:46,078   | DEBUG    | 	Device: Unknown (16:5C:E3:40:0A:BF) | UUIDs: [][0m
[34m2026-02-02 19:18:46,078   | DEBUG    | 	Device: Unknown (DD:C6:47:70:9A:43) | UUIDs: [][0m
[34m2026-02-02 19:18:46,078   | DEBUG    | 	Device: Unknown (76:6F:76:8B:06:8D) | UUIDs: [][0m
[34m2026-02-02 19:18:46,078   | DEBUG    | 	Device: Unknown (6C:59:30:DA:31:C3) | UUIDs: [][0m
[34m2026-02-02 19:18:46,078   | DEBUG    | 	Device: Unknown (EB:9A:4D:C2:58:CE) | UUIDs: [][0m
[34m2026-02-02 19:18:46,078   | DEBUG    | 	Device: Unknown (7E:EB:8B:AA:5C:CF) | UUIDs: [][0m
[34m2026-02-02 19:18:46,078   | DEBUG    | 	Device: Unknown (42:AD:39:C5:16:CA) | UUIDs: [][0m
[34m2026-02-02 19:18:46,078   | DEBUG    | 	Device: Unknown (6A:31:83:5C:56:E3) | UUIDs: [][0m
[34m2026-02-02 19:18:46,078   | DEBUG    | 	Device: Unknown (35:AE:62:39:37:BD) | UUIDs: [][0m
[34m2026-02-02 19:18:46,078   | DEBUG    | 	Device: Unknown (E4:E1:39:3E:EF:64) | UUIDs: [][0m
[34m2026-02-02 19:18:46,078   | DEBUG    | 	Device: Unknown (41:47:84:AD:89:D0) | UUIDs: [][0m
[34m2026-02-02 19:18:46,078   | DEBUG    | 	Device: Unknown (46:8D:2D:03:C5:54) | UUIDs: [][0m
2026-02-02 19:18:46,078   | INFO     | Found BioCoin device at CD:89:AF:2D:2B:2B![0m
[34m2026-02-02 19:18:46,802   | DEBUG    | Received 4B:D7:71:37:B8:7A: .[0m
[34m2026-02-02 19:18:46,810   | DEBUG    | Received 67:1F:C3:93:B7:74: .[0m
[34m2026-02-02 19:18:46,822   | DEBUG    | Received 38:7C:5D:32:06:A3: .[0m
[34m2026-02-02 19:18:46,910   | DEBUG    | Received 47:D3:CB:A6:58:8F: .[0m
[34m2026-02-02 19:18:46,919   | DEBUG    | Received 84:C0:EF:0A:5E:7B: .[0m
[34m2026-02-02 19:18:46,921   | DEBUG    | Received 84:C0:EF:0A:5E:7B: [TV]Hall office TV.[0m
[34m2026-02-02 19:18:47,089   | DEBUG    | Received 90:DE:80:E1:90:28: .[0m
[34m2026-02-02 19:18:47,096   | DEBUG    | Received 50:87:8C:B9:96:FD: .[0m
[34m2026-02-02 19:18:47,104   | DEBUG    | Received 42:AD:39:C5:16:CA: .[0m
[34m2026-02-02 19:18:47,105   | DEBUG    | Received 42:AD:39:C5:16:CA: .[0m
[34m2026-02-02 19:18:47,106   | DEBUG    | Received 67:1F:C3:93:B7:74: .[0m
[34m2026-02-02 19:18:47,108   | DEBUG    | Received 67:1F:C3:93:B7:74: .[0m
[34m2026-02-02 19:18:47,111   | DEBUG    | Received D4:FE:41:68:CC:F0: .[0m
[34m2026-02-02 19:18:47,202   | DEBUG    | Received 42:6A:48:39:2C:BA: .[0m
[34m2026-02-02 19:18:47,209   | DEBUG    | Received 6E:5D:02:E4:05:A0: .[0m
[34m2026-02-02 19:18:47,212   | DEBUG    | Received 49:FF:63:9C:C1:EC: .[0m
[34m2026-02-02 19:18:47,301   | DEBUG    | Received 50:87:8C:B9:96:FD: .[0m
[34m2026-02-02 19:18:47,309   | DEBUG    | Received 67:1F:C3:93:B7:74: .[0m
[34m2026-02-02 19:18:47,310   | DEBUG    | Received 67:1F:C3:93:B7:74: .[0m
[34m2026-02-02 19:18:47,312   | DEBUG    | Received 84:C0:EF:0A:5E:7B: .[0m
[34m2026-02-02 19:18:47,313   | DEBUG    | Received 84:C0:EF:0A:5E:7B: [TV]Hall office TV.[0m
[34m2026-02-02 19:18:47,397   | DEBUG    | Received 6E:5D:02:E4:05:A0: .[0m
[34m2026-02-02 19:18:47,399   | DEBUG    | Received 00:E0:4C:23:99:87: .[0m
[34m2026-02-02 19:18:47,404   | DEBUG    | Received 67:C2:8F:1B:6B:64: .[0m
[34m2026-02-02 19:18:47,406   | DEBUG    | Received 67:C2:8F:1B:6B:64: .[0m
[34m2026-02-02 19:18:47,407   | DEBUG    | Received 84:C0:EF:0A:5E:7B: .[0m
[34m2026-02-02 19:18:47,409   | DEBUG    | Received 84:C0:EF:0A:5E:7B: [TV]Hall office TV.[0m
[34m2026-02-02 19:18:47,418   | DEBUG    | Received 43:78:02:D5:96:80: .[0m
[34m2026-02-02 19:18:47,419   | DEBUG    | Received 43:78:02:D5:96:80: .[0m
[34m2026-02-02 19:18:47,493   | DEBUG    | Received 16:5C:E3:40:0A:BF: .[0m
[34m2026-02-02 19:18:47,505   | DEBUG    | Received 90:DE:80:E1:81:C6: .[0m
[34m2026-02-02 19:18:47,508   | DEBUG    | Received 84:C0:EF:0A:5E:7B: .[0m
[34m2026-02-02 19:18:47,510   | DEBUG    | Received 84:C0:EF:0A:5E:7B: [TV]Hall office TV.[0m
[34m2026-02-02 19:18:47,512   | DEBUG    | Received 7C:F0:37:27:E2:35: .[0m
[34m2026-02-02 19:18:47,513   | DEBUG    | Received 7C:F0:37:27:E2:35: .[0m
[34m2026-02-02 19:18:47,514   | DEBUG    | Received A4:83:E7:D6:E4:D0: .[0m
[34m2026-02-02 19:18:47,704   | DEBUG    | Received 4B:D7:71:37:B8:7A: .[0m
[34m2026-02-02 19:18:47,705   | DEBUG    | Received 4B:D7:71:37:B8:7A: LE_WH-1000XM6.[0m
[34m2026-02-02 19:18:47,711   | DEBUG    | Received 84:C0:EF:0A:5E:7B: .[0m
[34m2026-02-02 19:18:47,712   | DEBUG    | Received 84:C0:EF:0A:5E:7B: [TV]Hall office TV.[0m
[34m2026-02-02 19:18:47,720   | DEBUG    | Received 32:9A:E3:6F:41:06: .[0m
[34m2026-02-02 19:18:47,803   | DEBUG    | Received 19:FF:DB:0F:36:46: .[0m
[34m2026-02-02 19:18:47,810   | DEBUG    | Received 7E:14:C9:9A:31:93: .[0m
[34m2026-02-02 19:18:47,811   | DEBUG    | Received 7E:14:C9:9A:31:93: .[0m
[34m2026-02-02 19:18:47,818   | DEBUG    | Received 00:E0:4C:23:99:87: .[0m
[34m2026-02-02 19:18:47,905   | DEBUG    | Received 19:FF:DB:0F:36:46: .[0m
[34m2026-02-02 19:18:47,910   | DEBUG    | Received 2A:ED:53:A6:B8:67: .[0m
[34m2026-02-02 19:18:47,976   | DEBUG    | Received 32:A6:A5:BA:C6:0A: .[0m
[34m2026-02-02 19:18:47,985   | DEBUG    | Received 90:DE:80:99:18:82: .[0m
[34m2026-02-02 19:18:47,989   | DEBUG    | Received 74:81:B4:A2:94:FF: .[0m
[34m2026-02-02 19:18:47,990   | DEBUG    | Received 74:81:B4:A2:94:FF: .[0m
[34m2026-02-02 19:18:47,992   | DEBUG    | Received 07:46:64:F2:74:57: .[0m
[34m2026-02-02 19:18:47,994   | DEBUG    | Received 67:1F:C3:93:B7:74: .[0m
[34m2026-02-02 19:18:47,995   | DEBUG    | Received 67:1F:C3:93:B7:74: .[0m
[34m2026-02-02 19:18:48,088   | DEBUG    | Received 90:DE:80:99:18:82: .[0m
[34m2026-02-02 19:18:48,089   | DEBUG    | Received 07:46:64:F2:74:57: .[0m
[34m2026-02-02 19:18:48,100   | DEBUG    | Received 76:B9:5E:7A:25:19: .[0m
[34m2026-02-02 19:18:48,102   | DEBUG    | Received 76:B9:5E:7A:25:19: .[0m
[34m2026-02-02 19:18:48,104   | DEBUG    | Received 84:C0:EF:0A:5E:7B: .[0m
[34m2026-02-02 19:18:48,106   | DEBUG    | Received 84:C0:EF:0A:5E:7B: [TV]Hall office TV.[0m
[34m2026-02-02 19:18:48,108   | DEBUG    | Received 4B:D7:71:37:B8:7A: .[0m
[34m2026-02-02 19:18:48,109   | DEBUG    | Received 2D:C5:7E:F9:D7:6C: .[0m
[34m2026-02-02 19:18:48,313   | DEBUG    | Received 2D:C5:7E:F9:D7:6C: .[0m
[34m2026-02-02 19:18:48,314   | DEBUG    | Received 13:8F:65:0C:DB:79: .[0m
[34m2026-02-02 19:18:48,320   | DEBUG    | Received 1E:93:DE:50:FD:8D: .[0m
[34m2026-02-02 19:18:48,322   | DEBUG    | Received 6E:5D:02:E4:05:A0: .[0m
[34m2026-02-02 19:18:48,324   | DEBUG    | Received 16:5C:E3:40:0A:BF: .[0m
[34m2026-02-02 19:18:48,326   | DEBUG    | Received 42:6A:48:39:2C:BA: .[0m
[34m2026-02-02 19:18:48,420   | DEBUG    | Received 2D:C5:7E:F9:D7:6C: .[0m
[34m2026-02-02 19:18:48,422   | DEBUG    | Received 1E:93:DE:50:FD:8D: .[0m
[34m2026-02-02 19:18:48,425   | DEBUG    | Received 90:DE:80:99:19:CC: .[0m
[34m2026-02-02 19:18:48,427   | DEBUG    | Received 59:15:F0:D2:F0:D2: .[0m
[34m2026-02-02 19:18:48,434   | DEBUG    | Received 16:5C:E3:40:0A:BF: .[0m
[34m2026-02-02 19:18:48,442   | DEBUG    | Received 2A:ED:53:A6:B8:67: .[0m
[34m2026-02-02 19:18:48,508   | DEBUG    | Received 42:6A:48:39:2C:BA: .[0m
[34m2026-02-02 19:18:48,513   | DEBUG    | Received 50:8C:CB:6E:DF:13: .[0m
[34m2026-02-02 19:18:48,516   | DEBUG    | Received 43:78:02:D5:96:80: .[0m
[34m2026-02-02 19:18:48,521   | DEBUG    | Received 67:C2:8F:1B:6B:64: .[0m
[34m2026-02-02 19:18:48,526   | DEBUG    | Received 90:DE:80:99:19:CC: .[0m
[34m2026-02-02 19:18:48,533   | DEBUG    | Received 13:8F:65:0C:DB:79: .[0m
[34m2026-02-02 19:18:48,621   | DEBUG    | Received 4B:D7:71:37:B8:7A: .[0m
[34m2026-02-02 19:18:48,622   | DEBUG    | Received 35:AE:62:39:37:BD: .[0m
[34m2026-02-02 19:18:48,627   | DEBUG    | Received A4:83:E7:D6:E4:D0: .[0m
[34m2026-02-02 19:18:48,630   | DEBUG    | Received 84:C0:EF:0A:5E:7B: .[0m
[34m2026-02-02 19:18:48,631   | DEBUG    | Received 2D:C5:7E:F9:D7:6C: .[0m
[34m2026-02-02 19:18:48,635   | DEBUG    | Received 13:8F:65:0C:DB:79: .[0m
[34m2026-02-02 19:18:48,641   | DEBUG    | Received 07:46:64:F2:74:57: .[0m
[34m2026-02-02 19:18:48,824   | DEBUG    | Received 03:F9:84:87:02:B4: .[0m
[34m2026-02-02 19:18:48,830   | DEBUG    | Received 1E:93:DE:50:FD:8D: .[0m
[34m2026-02-02 19:18:48,831   | DEBUG    | Received 38:7C:5D:32:06:A3: .[0m
[34m2026-02-02 19:18:48,938   | DEBUG    | Received 77:47:39:EC:38:E2: .[0m
[34m2026-02-02 19:18:48,940   | DEBUG    | Received 57:9F:ED:E8:42:61: .[0m
[34m2026-02-02 19:18:48,943   | DEBUG    | Received 57:9F:ED:E8:42:61: .[0m
[34m2026-02-02 19:18:48,950   | DEBUG    | Received 1E:93:DE:50:FD:8D: .[0m
[34m2026-02-02 19:18:49,009   | DEBUG    | Received 32:A6:A5:BA:C6:0A: .[0m
[34m2026-02-02 19:18:49,012   | DEBUG    | Received 90:DE:80:E1:73:6A: .[0m
[34m2026-02-02 19:18:49,118   | DEBUG    | Received 74:81:B4:A2:94:FF: .[0m
[34m2026-02-02 19:18:49,121   | DEBUG    | Received 74:81:B4:A2:94:FF: .[0m
[34m2026-02-02 19:18:49,132   | DEBUG    | Received D3:5D:BD:31:5E:FB: .[0m
[34m2026-02-02 19:18:49,138   | DEBUG    | Received 90:DE:80:99:19:CC: .[0m
[34m2026-02-02 19:18:49,203   | DEBUG    | Received 90:DE:80:E1:90:28: .[0m
[34m2026-02-02 19:18:49,211   | DEBUG    | Received 47:D3:CB:A6:58:8F: .[0m
[34m2026-02-02 19:18:49,217   | DEBUG    | Received 90:DE:80:E1:73:6A: .[0m
[34m2026-02-02 19:18:49,334   | DEBUG    | Received 50:8C:CB:6E:DF:13: .[0m
[34m2026-02-02 19:18:49,336   | DEBUG    | Received 50:8C:CB:6E:DF:13: .[0m
[34m2026-02-02 19:18:49,338   | DEBUG    | Received 4B:D7:71:37:B8:7A: .[0m
[34m2026-02-02 19:18:49,339   | DEBUG    | Received 4B:D7:71:37:B8:7A: .[0m
[34m2026-02-02 19:18:49,341   | DEBUG    | Received 7D:7C:A9:5C:B8:F7: .[0m
[34m2026-02-02 19:18:49,343   | DEBUG    | Received 7D:7C:A9:5C:B8:F7: .[0m
[34m2026-02-02 19:18:49,345   | DEBUG    | Received C0:1F:73:FC:89:4F: .[0m
[34m2026-02-02 19:18:49,347   | DEBUG    | Received 03:F9:84:87:02:B4: .[0m
[34m2026-02-02 19:18:49,446   | DEBUG    | Received 42:6A:48:39:2C:BA: .[0m
[34m2026-02-02 19:18:49,461   | DEBUG    | Received 13:8F:65:0C:DB:79: .[0m
[34m2026-02-02 19:18:49,470   | DEBUG    | Received 58:29:16:27:95:49: .[0m
[34m2026-02-02 19:18:49,472   | DEBUG    | Received 58:29:16:27:95:49: LE-Bose QC Headphones.[0m
[34m2026-02-02 19:18:49,475   | DEBUG    | Received 76:B9:5E:7A:25:19: .[0m
[34m2026-02-02 19:18:49,476   | DEBUG    | Received 76:B9:5E:7A:25:19: .[0m
[34m2026-02-02 19:18:49,562   | DEBUG    | Received 13:8F:65:0C:DB:79: .[0m
[34m2026-02-02 19:18:49,571   | DEBUG    | Received D4:FE:41:68:CC:F0: .[0m
[34m2026-02-02 19:18:49,573   | DEBUG    | Received D4:FE:41:68:CC:F0: .[0m
[34m2026-02-02 19:18:49,589   | DEBUG    | Received 84:C0:EF:0A:5E:7B: .[0m
[34m2026-02-02 19:18:49,591   | DEBUG    | Received 84:C0:EF:0A:5E:7B: [TV]Hall office TV.[0m
[34m2026-02-02 19:18:49,690   | DEBUG    | Received 2A:ED:53:A6:B8:67: .[0m
[34m2026-02-02 19:18:49,692   | DEBUG    | Received 16:5C:E3:40:0A:BF: .[0m
[34m2026-02-02 19:18:49,697   | DEBUG    | Received D4:FE:41:68:CC:F0: .[0m
[34m2026-02-02 19:18:49,699   | DEBUG    | Received D4:FE:41:68:CC:F0: .[0m
[34m2026-02-02 19:18:49,705   | DEBUG    | Received 7E:14:C9:9A:31:93: .[0m
[34m2026-02-02 19:18:49,706   | DEBUG    | Received 07:46:64:F2:74:57: .[0m
[34m2026-02-02 19:18:49,804   | DEBUG    | Received 59:15:F0:D2:F0:D2: .[0m
[34m2026-02-02 19:18:49,836   | DEBUG    | Received 19:FF:DB:0F:36:46: .[0m
[34m2026-02-02 19:18:49,839   | DEBUG    | Received 67:C2:8F:1B:6B:64: .[0m
[34m2026-02-02 19:18:49,842   | DEBUG    | Received 67:C2:8F:1B:6B:64: .[0m
[34m2026-02-02 19:18:49,845   | DEBUG    | Received CD:89:AF:2D:2B:2B: .[0m
[34m2026-02-02 19:18:49,847   | DEBUG    | Received CD:89:AF:2D:2B:2B: BioCoin.[0m
[34m2026-02-02 19:18:49,848   | DEBUG    | 44 devices found. Watcher status: <BluetoothLEAdvertisementWatcherStatus.STOPPED: 3>.[0m
[34m2026-02-02 19:18:49,848   | DEBUG    | Connecting to BLE device @ CD:89:AF:2D:2B:2B[0m
[34m2026-02-02 19:18:49,955   | DEBUG    | getting services (service_cache_mode=None, cache_mode=None)...[0m
[34m2026-02-02 19:18:50,456   | DEBUG    | session_status_changed_event_handler: id: BluetoothLE#BluetoothLE2c:6d:c1:90:b4:0f-cd:89:af:2d:2b:2b, error: <BluetoothError.SUCCESS: 0>, status: <GattSessionStatus.ACTIVE: 1>[0m
[34m2026-02-02 19:18:50,558   | DEBUG    | max_pdu_size_changed_handler: 247[0m
[34m2026-02-02 19:18:50,940   | DEBUG    | CD:89:AF:2D:2B:2B: services changed[0m
[34m2026-02-02 19:18:51,418   | DEBUG    | CD:89:AF:2D:2B:2B: services changed[0m
2026-02-02 19:18:51,767   | INFO     | Connected to BioCoin device at CD:89:AF:2D:2B:2B.[0m
[34m2026-02-02 19:18:51,782   | DEBUG    | Read Characteristic 0022 : bytearray(b'\x00')[0m
2026-02-02 19:18:51,782   | INFO     | Battery Level: 0%[0m
2026-02-02 19:18:51,783   | INFO     | Sending IMP technique parameters...[0m
[34m2026-02-02 19:18:53,008   | DEBUG    | Read Characteristic 0026 : bytearray(b'\x00')[0m
[34m2026-02-02 19:18:53,009   | DEBUG    | Device status read: NOT_RUNNING (0)[0m
2026-02-02 19:18:53,029   | INFO     | Notification handler registered successfully.[0m
[34m2026-02-02 19:19:23,271   | DEBUG    | Received: bytearray(b']f\x9fE\xcc\x13I\xc0')[0m
[34m2026-02-02 19:19:23,271   | DEBUG    | Received IMP value: Mag=5100.79541015625, Phase=-180.01378833070143[0m
2026-02-02 19:19:29,302   | INFO     | Received 1 data points from IMP.[0m
2026-02-02 19:19:29,303   | INFO     | Imp Data:
 [[5100.79541016 -180.01378833]][0m
[34m2026-02-02 19:19:29,303   | DEBUG    | Disconnecting from BLE device...[0m
[34m2026-02-02 19:19:32,544   | DEBUG    | max_pdu_size_changed_handler: 23[0m
[34m2026-02-02 19:19:32,544   | DEBUG    | session_status_changed_event_handler: id: BluetoothLE#BluetoothLE2c:6d:c1:90:b4:0f-cd:89:af:2d:2b:2b, error: <BluetoothError.SUCCESS: 0>, status: <GattSessionStatus.CLOSED: 0>[0m
[34m2026-02-02 19:19:32,545   | DEBUG    | closing requester[0m
[34m2026-02-02 19:19:32,545   | DEBUG    | closing session[0m
2026-02-02 19:19:32,547   | INFO     | Disconnected from BioCoin device.[0m
