2026-02-16 11:37:48,813   | INFO     | BioCoin Test Script[0m
2026-02-16 11:37:48,815   | INFO     | Searching for the BioCoin device named "Biocoin"...[0m
2026-02-16 11:37:48,816   | INFO     | Scanning for devices...[0m
[34m2026-02-16 11:37:49,084   | DEBUG    | Received 53:5D:DC:E9:00:50: .[0m
[34m2026-02-16 11:37:49,187   | DEBUG    | Received 60:F4:E6:91:10:AA: .[0m
[34m2026-02-16 11:37:49,190   | DEBUG    | Received 60:F4:E6:91:10:AA: .[0m
[34m2026-02-16 11:37:49,222   | DEBUG    | Received 3E:55:76:6F:E6:64: .[0m
[34m2026-02-16 11:37:49,227   | DEBUG    | Received 3E:55:76:6F:E6:64: .[0m
[34m2026-02-16 11:37:49,321   | DEBUG    | Received 25:DD:44:4B:BB:54: .[0m
[34m2026-02-16 11:37:49,424   | DEBUG    | Received 34:81:F4:CE:83:FF: QT 13534207.[0m
[34m2026-02-16 11:37:49,444   | DEBUG    | Received 53:5D:DC:E9:00:50: .[0m
[34m2026-02-16 11:37:49,451   | DEBUG    | Received 3E:55:76:6F:E6:64: .[0m
[34m2026-02-16 11:37:49,699   | DEBUG    | Received C1:77:E5:DF:38:39: .[0m
[34m2026-02-16 11:37:49,804   | DEBUG    | Received 4A:4C:61:1D:58:B3: .[0m
[34m2026-02-16 11:37:49,807   | DEBUG    | Received 4A:4C:61:1D:58:B3: .[0m
[34m2026-02-16 11:37:49,903   | DEBUG    | Received 78:4F:71:FD:26:50: .[0m
[34m2026-02-16 11:37:49,905   | DEBUG    | Received 78:4F:71:FD:26:50: .[0m
[34m2026-02-16 11:37:50,012   | DEBUG    | Received FA:DF:F6:1D:E7:B4: .[0m
[34m2026-02-16 11:37:50,024   | DEBUG    | Received 50:2C:08:42:FE:0C: .[0m
[34m2026-02-16 11:37:50,031   | DEBUG    | Received CD:89:AF:2D:2B:2B: .[0m
[34m2026-02-16 11:37:50,034   | DEBUG    | Received CD:89:AF:2D:2B:2B: BioCoin.[0m
[34m2026-02-16 11:37:50,134   | DEBUG    | Received 34:81:F4:CE:83:FF: QT 13534207.[0m
[34m2026-02-16 11:37:50,358   | DEBUG    | Received 2D:4A:43:4F:8D:68: .[0m
[34m2026-02-16 11:37:50,372   | DEBUG    | Received 34:81:F4:CE:83:FF: QT 13534207.[0m
[34m2026-02-16 11:37:50,375   | DEBUG    | Received 34:81:F4:CE:83:FF: .[0m
[34m2026-02-16 11:37:50,382   | DEBUG    | Received 25:DD:44:4B:BB:54: .[0m
[34m2026-02-16 11:37:50,477   | DEBUG    | Received 3E:55:76:6F:E6:64: .[0m
[34m2026-02-16 11:37:50,503   | DEBUG    | Received 61:16:A8:DE:90:79: .[0m
[34m2026-02-16 11:37:50,610   | DEBUG    | Received 40:49:D7:10:84:30: .[0m
[34m2026-02-16 11:37:50,612   | DEBUG    | Received 40:49:D7:10:84:30: .[0m
[34m2026-02-16 11:37:50,721   | DEBUG    | Received 34:81:F4:CE:83:FF: QT 13534207.[0m
[34m2026-02-16 11:37:50,725   | DEBUG    | Received 34:81:F4:CE:83:FF: .[0m
[34m2026-02-16 11:37:50,727   | DEBUG    | Received C9:3F:07:0B:01:BE: .[0m
[34m2026-02-16 11:37:50,735   | DEBUG    | Received 3E:55:76:6F:E6:64: .[0m
[34m2026-02-16 11:37:50,738   | DEBUG    | Received 3E:55:76:6F:E6:64: .[0m
[34m2026-02-16 11:37:50,863   | DEBUG    | Received 34:81:F4:CE:83:FF: QT 13534207.[0m
[34m2026-02-16 11:37:51,002   | DEBUG    | Received 3E:55:76:6F:E6:64: .[0m
[34m2026-02-16 11:37:51,006   | DEBUG    | Received 6B:C0:CA:D9:35:80: .[0m
[34m2026-02-16 11:37:51,008   | DEBUG    | Received 6B:C0:CA:D9:35:80: .[0m
[34m2026-02-16 11:37:51,194   | DEBUG    | Received 34:81:F4:CE:83:FF: QT 13534207.[0m
[34m2026-02-16 11:37:51,212   | DEBUG    | Received 3E:55:76:6F:E6:64: .[0m
[34m2026-02-16 11:37:51,303   | DEBUG    | Received 4A:4C:61:1D:58:B3: .[0m
[34m2026-02-16 11:37:51,304   | DEBUG    | Received 4A:4C:61:1D:58:B3: .[0m
[34m2026-02-16 11:37:51,307   | DEBUG    | Received 6B:C0:CA:D9:35:80: .[0m
[34m2026-02-16 11:37:51,309   | DEBUG    | Received 6B:C0:CA:D9:35:80: .[0m
[34m2026-02-16 11:37:51,321   | DEBUG    | Received 61:16:A8:DE:90:79: .[0m
[34m2026-02-16 11:37:51,327   | DEBUG    | Received 25:DD:44:4B:BB:54: .[0m
[34m2026-02-16 11:37:51,337   | DEBUG    | Received B0:81:84:69:F7:06: FB1304.[0m
[34m2026-02-16 11:37:51,340   | DEBUG    | Received 34:81:F4:CE:83:FF: QT 13534207.[0m
[34m2026-02-16 11:37:51,429   | DEBUG    | Received 25:DD:44:4B:BB:54: .[0m
[34m2026-02-16 11:37:51,437   | DEBUG    | Received 34:81:F4:CE:83:FF: QT 13534207.[0m
[34m2026-02-16 11:37:51,440   | DEBUG    | Received 34:81:F4:CE:83:FF: .[0m
[34m2026-02-16 11:37:51,443   | DEBUG    | Received 05:3A:9F:AB:97:E1: .[0m
[34m2026-02-16 11:37:51,457   | DEBUG    | Received CD:89:AF:2D:2B:2B: .[0m
[34m2026-02-16 11:37:51,460   | DEBUG    | Received CD:89:AF:2D:2B:2B: BioCoin.[0m
[34m2026-02-16 11:37:51,537   | DEBUG    | Received 40:49:D7:10:84:30: .[0m
[34m2026-02-16 11:37:51,539   | DEBUG    | Received 40:49:D7:10:84:30: .[0m
[34m2026-02-16 11:37:51,542   | DEBUG    | Received FD:78:73:B5:CB:43: .[0m
[34m2026-02-16 11:37:51,659   | DEBUG    | Received CD:89:AF:2D:2B:2B: .[0m
[34m2026-02-16 11:37:51,661   | DEBUG    | Received CD:89:AF:2D:2B:2B: BioCoin.[0m
[34m2026-02-16 11:37:51,673   | DEBUG    | Received 53:5D:DC:E9:00:50: .[0m
[34m2026-02-16 11:37:51,905   | DEBUG    | Received 4A:4C:61:1D:58:B3: .[0m
[34m2026-02-16 11:37:51,907   | DEBUG    | Received 4A:4C:61:1D:58:B3: .[0m
[34m2026-02-16 11:37:51,913   | DEBUG    | Received 34:81:F4:CE:83:FF: QT 13534207.[0m
[34m2026-02-16 11:37:51,931   | DEBUG    | Received 50:2C:08:42:FE:0C: .[0m
[34m2026-02-16 11:37:52,030   | DEBUG    | Received 2D:4A:43:4F:8D:68: .[0m
[34m2026-02-16 11:37:52,148   | DEBUG    | Received 61:16:A8:DE:90:79: .[0m
[34m2026-02-16 11:37:52,150   | DEBUG    | Received 61:16:A8:DE:90:79: .[0m
[34m2026-02-16 11:37:52,164   | DEBUG    | Received 05:3A:9F:AB:97:E1: .[0m
[34m2026-02-16 11:37:52,168   | DEBUG    | Received 3E:55:76:6F:E6:64: .[0m
[34m2026-02-16 11:37:52,269   | DEBUG    | Received 3E:55:76:6F:E6:64: .[0m
[34m2026-02-16 11:37:52,280   | DEBUG    | Received 25:DD:44:4B:BB:54: .[0m
[34m2026-02-16 11:37:52,371   | DEBUG    | Received 3E:55:76:6F:E6:64: .[0m
[34m2026-02-16 11:37:52,483   | DEBUG    | Received 3E:55:76:6F:E6:64: .[0m
[34m2026-02-16 11:37:52,486   | DEBUG    | Received 3E:55:76:6F:E6:64: .[0m
[34m2026-02-16 11:37:52,490   | DEBUG    | Received 34:81:F4:CE:83:FF: QT 13534207.[0m
[34m2026-02-16 11:37:52,494   | DEBUG    | Received 25:DD:44:4B:BB:54: .[0m
[34m2026-02-16 11:37:52,506   | DEBUG    | Received 4A:4C:61:1D:58:B3: .[0m
[34m2026-02-16 11:37:52,508   | DEBUG    | Received 4A:4C:61:1D:58:B3: .[0m
[34m2026-02-16 11:37:52,512   | DEBUG    | Received 6B:C0:CA:D9:35:80: .[0m
[34m2026-02-16 11:37:52,514   | DEBUG    | Received 6B:C0:CA:D9:35:80: .[0m
[34m2026-02-16 11:37:52,630   | DEBUG    | Received 34:81:F4:CE:83:FF: QT 13534207.[0m
[34m2026-02-16 11:37:52,725   | DEBUG    | Received C9:3F:07:0B:01:BE: .[0m
[34m2026-02-16 11:37:52,886   | DEBUG    | Received 34:81:F4:CE:83:FF: QT 13534207.[0m
[34m2026-02-16 11:37:52,888   | DEBUG    | Received 34:81:F4:CE:83:FF: .[0m
[34m2026-02-16 11:37:52,907   | DEBUG    | Received 05:3A:9F:AB:97:E1: .[0m
[34m2026-02-16 11:37:52,909   | DEBUG    | Received 25:DD:44:4B:BB:54: .[0m
[34m2026-02-16 11:37:52,972   | DEBUG    | Received 6C:6A:32:37:EB:4D: .[0m
[34m2026-02-16 11:37:52,976   | DEBUG    | Received 78:4F:71:FD:26:50: .[0m
[34m2026-02-16 11:37:52,979   | DEBUG    | Received 78:4F:71:FD:26:50: .[0m
[34m2026-02-16 11:37:52,982   | DEBUG    | Received 53:5D:DC:E9:00:50: .[0m
[34m2026-02-16 11:37:52,985   | DEBUG    | Received 65:A2:7E:37:F4:AB: .[0m
[34m2026-02-16 11:37:52,987   | DEBUG    | Received 65:A2:7E:37:F4:AB: .[0m
[34m2026-02-16 11:37:53,087   | DEBUG    | Received 2D:4A:43:4F:8D:68: .[0m
[34m2026-02-16 11:37:53,095   | DEBUG    | Received CD:89:AF:2D:2B:2B: .[0m
[34m2026-02-16 11:37:53,097   | DEBUG    | Received CD:89:AF:2D:2B:2B: BioCoin.[0m
[34m2026-02-16 11:37:53,102   | DEBUG    | Received 6B:C0:CA:D9:35:80: .[0m
[34m2026-02-16 11:37:53,104   | DEBUG    | Received 6B:C0:CA:D9:35:80: .[0m
[34m2026-02-16 11:37:53,107   | DEBUG    | Received 4A:4C:61:1D:58:B3: .[0m
[34m2026-02-16 11:37:53,109   | DEBUG    | Received 4A:4C:61:1D:58:B3: .[0m
[34m2026-02-16 11:37:53,118   | DEBUG    | Received 3E:55:76:6F:E6:64: .[0m
[34m2026-02-16 11:37:53,121   | DEBUG    | Received 3E:55:76:6F:E6:64: .[0m
[34m2026-02-16 11:37:53,194   | DEBUG    | Received 34:81:F4:CE:83:FF: QT 13534207.[0m
[34m2026-02-16 11:37:53,195   | DEBUG    | Received 34:81:F4:CE:83:FF: .[0m
[34m2026-02-16 11:37:53,225   | DEBUG    | Received 3E:55:76:6F:E6:64: .[0m
[34m2026-02-16 11:37:53,228   | DEBUG    | Received 3E:55:76:6F:E6:64: .[0m
[34m2026-02-16 11:37:53,327   | DEBUG    | Received 3E:55:76:6F:E6:64: .[0m
[34m2026-02-16 11:37:53,330   | DEBUG    | Received 3E:55:76:6F:E6:64: .[0m
[34m2026-02-16 11:37:53,435   | DEBUG    | Received 34:81:F4:CE:83:FF: QT 13534207.[0m
[34m2026-02-16 11:37:53,548   | DEBUG    | Received 25:DD:44:4B:BB:54: .[0m
[34m2026-02-16 11:37:53,672   | DEBUG    | Received 34:81:F4:CE:83:FF: QT 13534207.[0m
[34m2026-02-16 11:37:53,796   | DEBUG    | Received 61:16:A8:DE:90:79: .[0m
[34m2026-02-16 11:37:53,798   | DEBUG    | Received 61:16:A8:DE:90:79: .[0m
[34m2026-02-16 11:37:53,904   | DEBUG    | Received 6C:6A:32:37:EB:4D: .[0m
[34m2026-02-16 11:37:53,906   | DEBUG    | Received 6C:6A:32:37:EB:4D: .[0m
[34m2026-02-16 11:37:53,913   | DEBUG    | Received CD:89:AF:2D:2B:2B: .[0m
[34m2026-02-16 11:37:53,915   | DEBUG    | Received CD:89:AF:2D:2B:2B: BioCoin.[0m
[34m2026-02-16 11:37:53,919   | DEBUG    | Received 53:5D:DC:E9:00:50: .[0m
[34m2026-02-16 11:37:54,021   | DEBUG    | Received 2D:4A:43:4F:8D:68: .[0m
[34m2026-02-16 11:37:54,025   | DEBUG    | Received 34:81:F4:CE:83:FF: QT 13534207.[0m
[34m2026-02-16 11:37:54,057   | DEBUG    | 21 devices found. Watcher status: <BluetoothLEAdvertisementWatcherStatus.STOPPED: 3>.[0m
[34m2026-02-16 11:37:54,057   | DEBUG    | 	Device: Unknown (53:5D:DC:E9:00:50) | UUIDs: [][0m
[34m2026-02-16 11:37:54,057   | DEBUG    | 	Device: Unknown (60:F4:E6:91:10:AA) | UUIDs: [][0m
[34m2026-02-16 11:37:54,057   | DEBUG    | 	Device: Unknown (3E:55:76:6F:E6:64) | UUIDs: ['0000fe78-0000-1000-8000-00805f9b34fb'][0m
[34m2026-02-16 11:37:54,058   | DEBUG    | 	Device: Unknown (25:DD:44:4B:BB:54) | UUIDs: [][0m
[34m2026-02-16 11:37:54,058   | DEBUG    | 	Device: QT 13534207 (34:81:F4:CE:83:FF) | UUIDs: [][0m
[34m2026-02-16 11:37:54,058   | DEBUG    | 	Device: Unknown (C1:77:E5:DF:38:39) | UUIDs: [][0m
[34m2026-02-16 11:37:54,058   | DEBUG    | 	Device: Unknown (4A:4C:61:1D:58:B3) | UUIDs: [][0m
[34m2026-02-16 11:37:54,058   | DEBUG    | 	Device: Unknown (78:4F:71:FD:26:50) | UUIDs: [][0m
[34m2026-02-16 11:37:54,058   | DEBUG    | 	Device: Unknown (FA:DF:F6:1D:E7:B4) | UUIDs: [][0m
[34m2026-02-16 11:37:54,058   | DEBUG    | 	Device: Unknown (50:2C:08:42:FE:0C) | UUIDs: [][0m
[34m2026-02-16 11:37:54,058   | DEBUG    | 	Device: BioCoin (CD:89:AF:2D:2B:2B) | UUIDs: ['00001523-1212-efde-1523-785feabc93aa'][0m
[34m2026-02-16 11:37:54,058   | DEBUG    | 	Device: Unknown (2D:4A:43:4F:8D:68) | UUIDs: [][0m
[34m2026-02-16 11:37:54,058   | DEBUG    | 	Device: Unknown (61:16:A8:DE:90:79) | UUIDs: [][0m
[34m2026-02-16 11:37:54,058   | DEBUG    | 	Device: Unknown (40:49:D7:10:84:30) | UUIDs: [][0m
[34m2026-02-16 11:37:54,058   | DEBUG    | 	Device: Unknown (C9:3F:07:0B:01:BE) | UUIDs: [][0m
[34m2026-02-16 11:37:54,058   | DEBUG    | 	Device: Unknown (6B:C0:CA:D9:35:80) | UUIDs: [][0m
[34m2026-02-16 11:37:54,058   | DEBUG    | 	Device: FB1304 (B0:81:84:69:F7:06) | UUIDs: ['57b40210-2528-d6bc-b043-b49af0ec06c1'][0m
[34m2026-02-16 11:37:54,058   | DEBUG    | 	Device: Unknown (05:3A:9F:AB:97:E1) | UUIDs: [][0m
[34m2026-02-16 11:37:54,059   | DEBUG    | 	Device: Unknown (FD:78:73:B5:CB:43) | UUIDs: [][0m
[34m2026-02-16 11:37:54,059   | DEBUG    | 	Device: Unknown (6C:6A:32:37:EB:4D) | UUIDs: [][0m
[34m2026-02-16 11:37:54,059   | DEBUG    | 	Device: Unknown (65:A2:7E:37:F4:AB) | UUIDs: [][0m
2026-02-16 11:37:54,059   | INFO     | Found BioCoin device at CD:89:AF:2D:2B:2B![0m
[34m2026-02-16 11:37:54,102   | DEBUG    | Received 53:5D:DC:E9:00:50: .[0m
[34m2026-02-16 11:37:54,228   | DEBUG    | Received 2D:4A:43:4F:8D:68: .[0m
[34m2026-02-16 11:37:54,234   | DEBUG    | Received B0:81:84:69:F7:06: FB1304.[0m
[34m2026-02-16 11:37:54,341   | DEBUG    | Received 40:49:D7:10:84:30: .[0m
[34m2026-02-16 11:37:54,369   | DEBUG    | Received 34:81:F4:CE:83:FF: QT 13534207.[0m
[34m2026-02-16 11:37:54,371   | DEBUG    | Received 34:81:F4:CE:83:FF: .[0m
[34m2026-02-16 11:37:54,584   | DEBUG    | Received 3E:55:76:6F:E6:64: .[0m
[34m2026-02-16 11:37:54,587   | DEBUG    | Received 3E:55:76:6F:E6:64: .[0m
[34m2026-02-16 11:37:54,703   | DEBUG    | Received 05:3A:9F:AB:97:E1: .[0m
[34m2026-02-16 11:37:54,812   | DEBUG    | Received 34:81:F4:CE:83:FF: QT 13534207.[0m
[34m2026-02-16 11:37:55,062   | DEBUG    | Received 34:81:F4:CE:83:FF: QT 13534207.[0m
[34m2026-02-16 11:37:55,066   | DEBUG    | Received 2D:4A:43:4F:8D:68: .[0m
[34m2026-02-16 11:37:55,157   | DEBUG    | Received 61:16:A8:DE:90:79: .[0m
[34m2026-02-16 11:37:55,183   | DEBUG    | Received 65:A2:7E:37:F4:AB: .[0m
[34m2026-02-16 11:37:55,185   | DEBUG    | Received 65:A2:7E:37:F4:AB: .[0m
[34m2026-02-16 11:37:55,197   | DEBUG    | Received 34:81:F4:CE:83:FF: QT 13534207.[0m
[34m2026-02-16 11:37:55,282   | DEBUG    | Received 2D:4A:43:4F:8D:68: .[0m
[34m2026-02-16 11:37:55,445   | DEBUG    | Received 25:DD:44:4B:BB:54: .[0m
[34m2026-02-16 11:37:55,513   | DEBUG    | Received 60:F4:E6:91:10:AA: .[0m
[34m2026-02-16 11:37:55,516   | DEBUG    | Received 60:F4:E6:91:10:AA: .[0m
[34m2026-02-16 11:37:55,540   | DEBUG    | Received 3E:55:76:6F:E6:64: .[0m
[34m2026-02-16 11:37:55,542   | DEBUG    | Received FD:78:73:B5:CB:43: .[0m
[34m2026-02-16 11:37:55,544   | DEBUG    | Received FD:78:73:B5:CB:43: .[0m
[34m2026-02-16 11:37:55,547   | DEBUG    | Received CD:89:AF:2D:2B:2B: .[0m
[34m2026-02-16 11:37:55,550   | DEBUG    | 13 devices found. Watcher status: <BluetoothLEAdvertisementWatcherStatus.STOPPED: 3>.[0m
[34m2026-02-16 11:37:55,550   | DEBUG    | Connecting to BLE device @ CD:89:AF:2D:2B:2B[0m
[34m2026-02-16 11:37:55,645   | DEBUG    | getting services (service_cache_mode=None, cache_mode=None)...[0m
[34m2026-02-16 11:37:55,750   | DEBUG    | session_status_changed_event_handler: id: BluetoothLE#BluetoothLE2c:6d:c1:90:b4:0f-cd:89:af:2d:2b:2b, error: <BluetoothError.SUCCESS: 0>, status: <GattSessionStatus.ACTIVE: 1>[0m
[34m2026-02-16 11:37:55,768   | DEBUG    | max_pdu_size_changed_handler: 247[0m
[34m2026-02-16 11:37:55,852   | DEBUG    | CD:89:AF:2D:2B:2B: services changed[0m
[34m2026-02-16 11:37:56,216   | DEBUG    | CD:89:AF:2D:2B:2B: services changed[0m
2026-02-16 11:37:56,617   | INFO     | Connected to BioCoin device at CD:89:AF:2D:2B:2B.[0m
[34m2026-02-16 11:37:56,632   | DEBUG    | Read Characteristic 0022 : bytearray(b'd')[0m
2026-02-16 11:37:56,632   | INFO     | Battery Level: 100%[0m
2026-02-16 11:37:56,632   | INFO     | Sending IMP technique parameters...[0m
[31m2026-02-16 11:38:06,248   | ERROR    | [WinError -2147023673] The operation was canceled by the user
Traceback (most recent call last):
  File "C:\Users\akoruprolu\Documents\Biocoin\software\src\main.py", line 148, in main
    await Imp.configure(
    ...<10 lines>...
        sweepLog=True)
  File "C:\Users\akoruprolu\Documents\Biocoin\software\src\biocoin\techniques\Impedance.py", line 113, in configure
    await self.device.write_technique_config(payload)
  File "C:\Users\akoruprolu\Documents\Biocoin\software\src\biocoin\device.py", line 202, in write_technique_config
    await self.client.write_gatt_char(tech_char, bytearray(config_bytes))
  File "C:\Users\akoruprolu\Documents\Biocoin\software\.venv\Lib\site-packages\bleak\__init__.py", line 786, in write_gatt_char
    await self._backend.write_gatt_char(characteristic, data, response)
  File "C:\Users\akoruprolu\Documents\Biocoin\software\.venv\Lib\site-packages\bleak\backends\winrt\client.py", line 906, in write_gatt_char
    await characteristic.obj.write_value_with_result_async(buf, response),
    ^^^^^^^^^^^^^^^^^^^^^^^^^^^^^^^^^^^^^^^^^^^^^^^^^^^^^^^^^^^^^^^^^^^^^
OSError: [WinError -2147023673] The operation was canceled by the user[0m
[34m2026-02-16 11:38:06,311   | DEBUG    | session_status_changed_event_handler: id: BluetoothLE#BluetoothLE2c:6d:c1:90:b4:0f-cd:89:af:2d:2b:2b, error: <BluetoothError.SUCCESS: 0>, status: <GattSessionStatus.CLOSED: 0>[0m
[34m2026-02-16 11:38:06,328   | DEBUG    | max_pdu_size_changed_handler: 23[0m
[34m2026-02-16 11:38:06,353   | DEBUG    | CD:89:AF:2D:2B:2B: services changed[0m
[34m2026-02-16 11:38:06,391   | DEBUG    | session_status_changed_event_handler: id: BluetoothLE#BluetoothLE2c:6d:c1:90:b4:0f-cd:89:af:2d:2b:2b, error: <BluetoothError.SUCCESS: 0>, status: <GattSessionStatus.ACTIVE: 1>[0m
[34m2026-02-16 11:38:06,537   | DEBUG    | max_pdu_size_changed_handler: 247[0m
[34m2026-02-16 11:38:06,696   | DEBUG    | CD:89:AF:2D:2B:2B: services changed[0m
[34m2026-02-16 11:38:07,036   | DEBUG    | CD:89:AF:2D:2B:2B: services changed[0m
[34m2026-02-16 11:38:16,053   | DEBUG    | closing requester[0m
[34m2026-02-16 11:38:16,062   | DEBUG    | closing session[0m
[33m2026-02-16 11:38:16,087   | WARNING  | CD:89:AF:2D:2B:2B: unhandled services changed event[0m
[33m2026-02-16 11:38:16,088   | WARNING  | CD:89:AF:2D:2B:2B: unhandled services changed event[0m
[33m2026-02-16 11:38:16,088   | WARNING  | CD:89:AF:2D:2B:2B: unhandled services changed event[0m
