2025-12-03 15:55:27,914   | INFO     | BioCoin Test Script[0m
2025-12-03 15:55:27,916   | INFO     | Searching for the BioCoin device named "Biocoin"...[0m
2025-12-03 15:55:27,916   | INFO     | Scanning for devices...[0m
[34m2025-12-03 15:55:28,009   | DEBUG    | Received 78:73:73:1D:1E:23: .[0m
[34m2025-12-03 15:55:28,022   | DEBUG    | Received 78:73:73:1D:1E:23: .[0m
[34m2025-12-03 15:55:28,383   | DEBUG    | Received A8:51:AB:8B:CB:46: .[0m
[34m2025-12-03 15:55:28,386   | DEBUG    | Received A8:51:AB:8B:CB:46: .[0m
[34m2025-12-03 15:55:28,499   | DEBUG    | Received 68:FC:CA:05:66:49: .[0m
[34m2025-12-03 15:55:29,220   | DEBUG    | Received 41:0B:FF:99:76:02: .[0m
[34m2025-12-03 15:55:29,552   | DEBUG    | Received 46:4E:3D:B9:E6:C3: .[0m
[34m2025-12-03 15:55:29,562   | DEBUG    | Received F2:2C:52:61:FC:6A: .[0m
[34m2025-12-03 15:55:29,564   | DEBUG    | Received F2:2C:52:61:FC:6A: BioCoin.[0m
[34m2025-12-03 15:55:29,681   | DEBUG    | Received A8:51:AB:8B:CB:46: .[0m
[34m2025-12-03 15:55:29,911   | DEBUG    | Received 30:AF:7E:32:18:A7: .[0m
[34m2025-12-03 15:55:29,912   | DEBUG    | Received 30:AF:7E:32:18:A7: .[0m
[34m2025-12-03 15:55:30,034   | DEBUG    | Received 68:FC:CA:05:66:49: .[0m
[34m2025-12-03 15:55:30,051   | DEBUG    | Received A8:51:AB:8B:CB:46: .[0m
[34m2025-12-03 15:55:30,149   | DEBUG    | Received 41:0B:FF:99:76:02: .[0m
[34m2025-12-03 15:55:30,414   | DEBUG    | Received A8:51:AB:8B:CB:46: .[0m
[34m2025-12-03 15:55:30,501   | DEBUG    | Received 68:FC:CA:05:66:49: .[0m
[34m2025-12-03 15:55:30,755   | DEBUG    | Received 78:73:73:1D:1E:23: .[0m
[34m2025-12-03 15:55:30,757   | DEBUG    | Received 78:73:73:1D:1E:23: .[0m
[34m2025-12-03 15:55:31,001   | DEBUG    | Received F2:2C:52:61:FC:6A: .[0m
[34m2025-12-03 15:55:31,003   | DEBUG    | Received F2:2C:52:61:FC:6A: BioCoin.[0m
[34m2025-12-03 15:55:31,124   | DEBUG    | Received 68:FC:CA:05:66:49: .[0m
[34m2025-12-03 15:55:31,338   | DEBUG    | Received A8:51:AB:8B:CB:46: .[0m
[34m2025-12-03 15:55:31,340   | DEBUG    | Received A8:51:AB:8B:CB:46: .[0m
[34m2025-12-03 15:55:31,465   | DEBUG    | Received 41:0B:FF:99:76:02: .[0m
[34m2025-12-03 15:55:31,477   | DEBUG    | Received 46:4E:3D:B9:E6:C3: .[0m
[34m2025-12-03 15:55:31,478   | DEBUG    | Received 46:4E:3D:B9:E6:C3: .[0m
[34m2025-12-03 15:55:31,591   | DEBUG    | Received 68:FC:CA:05:66:49: .[0m
[34m2025-12-03 15:55:31,717   | DEBUG    | Received 4D:8B:04:B3:07:D0: .[0m
[34m2025-12-03 15:55:31,723   | DEBUG    | Received 4D:8B:04:B3:07:D0: .[0m
[34m2025-12-03 15:55:31,730   | DEBUG    | Received A8:51:AB:8B:CB:46: .[0m
[34m2025-12-03 15:55:31,734   | DEBUG    | Received A8:51:AB:8B:CB:46: .[0m
[34m2025-12-03 15:55:31,842   | DEBUG    | Received 41:0B:FF:99:76:02: .[0m
[34m2025-12-03 15:55:32,054   | DEBUG    | Received 68:FC:CA:05:66:49: .[0m
[34m2025-12-03 15:55:32,434   | DEBUG    | Received F2:2C:52:61:FC:6A: .[0m
[34m2025-12-03 15:55:32,435   | DEBUG    | Received F2:2C:52:61:FC:6A: BioCoin.[0m
[34m2025-12-03 15:55:32,584   | DEBUG    | Received 41:0B:FF:99:76:02: .[0m
[34m2025-12-03 15:55:32,661   | DEBUG    | Received A8:51:AB:8B:CB:46: .[0m
[34m2025-12-03 15:55:32,664   | DEBUG    | Received A8:51:AB:8B:CB:46: .[0m
[34m2025-12-03 15:55:32,897   | DEBUG    | Received 4D:8B:04:B3:07:D0: .[0m
[34m2025-12-03 15:55:32,902   | DEBUG    | Received 4D:8B:04:B3:07:D0: .[0m
[34m2025-12-03 15:55:33,039   | DEBUG    | 8 devices found. Watcher status: <BluetoothLEAdvertisementWatcherStatus.STOPPED: 3>.[0m
[34m2025-12-03 15:55:33,040   | DEBUG    | 	Device: Unknown (78:73:73:1D:1E:23) | UUIDs: [][0m
[34m2025-12-03 15:55:33,040   | DEBUG    | 	Device: Unknown (A8:51:AB:8B:CB:46) | UUIDs: [][0m
[34m2025-12-03 15:55:33,040   | DEBUG    | 	Device: Unknown (68:FC:CA:05:66:49) | UUIDs: [][0m
[34m2025-12-03 15:55:33,040   | DEBUG    | 	Device: Unknown (41:0B:FF:99:76:02) | UUIDs: [][0m
[34m2025-12-03 15:55:33,041   | DEBUG    | 	Device: Unknown (46:4E:3D:B9:E6:C3) | UUIDs: [][0m
[34m2025-12-03 15:55:33,041   | DEBUG    | 	Device: BioCoin (F2:2C:52:61:FC:6A) | UUIDs: ['00001523-1212-efde-1523-785feabc93aa'][0m
[34m2025-12-03 15:55:33,041   | DEBUG    | 	Device: Unknown (30:AF:7E:32:18:A7) | UUIDs: ['b42e90a2-ade7-11e4-89d3-123b93f75cba'][0m
[34m2025-12-03 15:55:33,041   | DEBUG    | 	Device: Unknown (4D:8B:04:B3:07:D0) | UUIDs: [][0m
2025-12-03 15:55:33,041   | INFO     | Found BioCoin device at F2:2C:52:61:FC:6A![0m
[34m2025-12-03 15:55:33,606   | DEBUG    | Received 68:FC:CA:05:66:49: .[0m
[34m2025-12-03 15:55:34,060   | DEBUG    | Received A8:51:AB:8B:CB:46: .[0m
[34m2025-12-03 15:55:34,064   | DEBUG    | Received 78:73:73:1D:1E:23: .[0m
[34m2025-12-03 15:55:34,067   | DEBUG    | Received 78:73:73:1D:1E:23: .[0m
[34m2025-12-03 15:55:34,071   | DEBUG    | Received F2:2C:52:61:FC:6A: .[0m
[34m2025-12-03 15:55:34,073   | DEBUG    | Received F2:2C:52:61:FC:6A: BioCoin.[0m
[34m2025-12-03 15:55:34,075   | DEBUG    | 4 devices found. Watcher status: <BluetoothLEAdvertisementWatcherStatus.STOPPED: 3>.[0m
[34m2025-12-03 15:55:34,075   | DEBUG    | Connecting to BLE device @ F2:2C:52:61:FC:6A[0m
[34m2025-12-03 15:55:34,140   | DEBUG    | getting services (service_cache_mode=None, cache_mode=None)...[0m
[34m2025-12-03 15:55:34,481   | DEBUG    | session_status_changed_event_handler: id: BluetoothLE#BluetoothLEfc:b0:de:31:dc:fe-f2:2c:52:61:fc:6a, error: <BluetoothError.SUCCESS: 0>, status: <GattSessionStatus.ACTIVE: 1>[0m
[34m2025-12-03 15:55:34,598   | DEBUG    | max_pdu_size_changed_handler: 247[0m
[34m2025-12-03 15:55:34,903   | DEBUG    | F2:2C:52:61:FC:6A: services changed[0m
[34m2025-12-03 15:55:41,860   | DEBUG    | F2:2C:52:61:FC:6A: services changed[0m
2025-12-03 15:55:45,063   | INFO     | Connected to BioCoin device at F2:2C:52:61:FC:6A.[0m
[34m2025-12-03 15:55:45,264   | DEBUG    | Read Characteristic 0022 : bytearray(b'd')[0m
2025-12-03 15:55:45,264   | INFO     | Battery Level: 100%[0m
2025-12-03 15:55:45,265   | INFO     | Sending SWV technique parameters...[0m
