2026-02-16 11:35:26,407   | INFO     | BioCoin Test Script[0m
2026-02-16 11:35:26,407   | INFO     | Searching for the BioCoin device named "Biocoin"...[0m
2026-02-16 11:35:26,408   | INFO     | Scanning for devices...[0m
[34m2026-02-16 11:35:26,589   | DEBUG    | Received 25:DD:44:4B:BB:54: .[0m
[34m2026-02-16 11:35:26,596   | DEBUG    | Received 65:A2:7E:37:F4:AB: .[0m
[34m2026-02-16 11:35:26,596   | DEBUG    | Received 65:A2:7E:37:F4:AB: .[0m
[34m2026-02-16 11:35:26,708   | DEBUG    | Received 40:49:D7:10:84:30: .[0m
[34m2026-02-16 11:35:26,838   | DEBUG    | Received 3E:55:76:6F:E6:64: .[0m
[34m2026-02-16 11:35:26,840   | DEBUG    | Received 3E:55:76:6F:E6:64: .[0m
[34m2026-02-16 11:35:26,847   | DEBUG    | Received CD:89:AF:2D:2B:2B: .[0m
[34m2026-02-16 11:35:26,848   | DEBUG    | Received CD:89:AF:2D:2B:2B: BioCoin.[0m
[34m2026-02-16 11:35:26,851   | DEBUG    | Received 28:E6:A9:38:5C:79: .[0m
[34m2026-02-16 11:35:26,991   | DEBUG    | Received CD:89:AF:2D:2B:2B: .[0m
[34m2026-02-16 11:35:26,993   | DEBUG    | Received CD:89:AF:2D:2B:2B: BioCoin.[0m
[34m2026-02-16 11:35:27,200   | DEBUG    | Received CD:89:AF:2D:2B:2B: .[0m
[34m2026-02-16 11:35:27,202   | DEBUG    | Received CD:89:AF:2D:2B:2B: BioCoin.[0m
[34m2026-02-16 11:35:27,297   | DEBUG    | Received 3E:55:76:6F:E6:64: .[0m
[34m2026-02-16 11:35:27,430   | DEBUG    | Received 25:DD:44:4B:BB:54: .[0m
[34m2026-02-16 11:35:27,442   | DEBUG    | Received CD:89:AF:2D:2B:2B: .[0m
[34m2026-02-16 11:35:27,443   | DEBUG    | Received CD:89:AF:2D:2B:2B: BioCoin.[0m
[34m2026-02-16 11:35:27,446   | DEBUG    | Received DD:AF:44:B9:D5:18: .[0m
[34m2026-02-16 11:35:27,447   | DEBUG    | Received DD:AF:44:B9:D5:18: .[0m
[34m2026-02-16 11:35:27,535   | DEBUG    | Received 25:DD:44:4B:BB:54: .[0m
[34m2026-02-16 11:35:27,538   | DEBUG    | Received CD:89:AF:2D:2B:2B: .[0m
[34m2026-02-16 11:35:27,540   | DEBUG    | Received CD:89:AF:2D:2B:2B: BioCoin.[0m
[34m2026-02-16 11:35:27,646   | DEBUG    | Received 40:49:D7:10:84:30: .[0m
[34m2026-02-16 11:35:27,647   | DEBUG    | Received 40:49:D7:10:84:30: .[0m
[34m2026-02-16 11:35:27,650   | DEBUG    | Received 53:5D:DC:E9:00:50: .[0m
[34m2026-02-16 11:35:27,662   | DEBUG    | Received 2D:4A:43:4F:8D:68: .[0m
[34m2026-02-16 11:35:27,670   | DEBUG    | Received 61:16:A8:DE:90:79: .[0m
[34m2026-02-16 11:35:27,672   | DEBUG    | Received 61:16:A8:DE:90:79: .[0m
[34m2026-02-16 11:35:27,793   | DEBUG    | Received 68:1E:9E:C1:8A:CA: .[0m
[34m2026-02-16 11:35:27,794   | DEBUG    | Received 68:1E:9E:C1:8A:CA: .[0m
[34m2026-02-16 11:35:27,880   | DEBUG    | Received 2A:3E:E7:90:95:F5: .[0m
[34m2026-02-16 11:35:27,883   | DEBUG    | Received 2D:4A:43:4F:8D:68: .[0m
[34m2026-02-16 11:35:27,908   | DEBUG    | Received 4F:F3:EB:93:90:7E: .[0m
[34m2026-02-16 11:35:28,120   | DEBUG    | Received 3E:55:76:6F:E6:64: .[0m
[34m2026-02-16 11:35:28,123   | DEBUG    | Received 3E:55:76:6F:E6:64: .[0m
[34m2026-02-16 11:35:28,126   | DEBUG    | Received 60:F4:E6:91:10:AA: .[0m
[34m2026-02-16 11:35:28,127   | DEBUG    | Received 60:F4:E6:91:10:AA: .[0m
[34m2026-02-16 11:35:28,137   | DEBUG    | Received CD:89:AF:2D:2B:2B: .[0m
[34m2026-02-16 11:35:28,140   | DEBUG    | Received CD:89:AF:2D:2B:2B: BioCoin.[0m
[34m2026-02-16 11:35:28,142   | DEBUG    | Received 3E:55:76:6F:E6:64: .[0m
[34m2026-02-16 11:35:28,144   | DEBUG    | Received 3E:55:76:6F:E6:64: .[0m
[34m2026-02-16 11:35:28,155   | DEBUG    | Received 40:D7:D2:F3:80:1B: .[0m
[34m2026-02-16 11:35:28,241   | DEBUG    | Received CD:89:AF:2D:2B:2B: .[0m
[34m2026-02-16 11:35:28,243   | DEBUG    | Received CD:89:AF:2D:2B:2B: BioCoin.[0m
[34m2026-02-16 11:35:28,473   | DEBUG    | Received 25:DD:44:4B:BB:54: .[0m
[34m2026-02-16 11:35:28,490   | DEBUG    | Received CD:89:AF:2D:2B:2B: .[0m
[34m2026-02-16 11:35:28,493   | DEBUG    | Received CD:89:AF:2D:2B:2B: BioCoin.[0m
[34m2026-02-16 11:35:28,502   | DEBUG    | Received 61:16:A8:DE:90:79: .[0m
[34m2026-02-16 11:35:28,504   | DEBUG    | Received 61:16:A8:DE:90:79: .[0m
[34m2026-02-16 11:35:28,597   | DEBUG    | Received 40:49:D7:10:84:30: .[0m
[34m2026-02-16 11:35:28,600   | DEBUG    | Received 40:49:D7:10:84:30: .[0m
[34m2026-02-16 11:35:28,620   | DEBUG    | Received 68:1E:9E:C1:8A:CA: .[0m
[34m2026-02-16 11:35:28,723   | DEBUG    | Received 2D:4A:43:4F:8D:68: .[0m
[34m2026-02-16 11:35:28,736   | DEBUG    | Received CD:89:AF:2D:2B:2B: .[0m
[34m2026-02-16 11:35:28,738   | DEBUG    | Received CD:89:AF:2D:2B:2B: BioCoin.[0m
[34m2026-02-16 11:35:28,884   | DEBUG    | Received CD:89:AF:2D:2B:2B: .[0m
[34m2026-02-16 11:35:28,886   | DEBUG    | Received CD:89:AF:2D:2B:2B: BioCoin.[0m
[34m2026-02-16 11:35:28,888   | DEBUG    | Received 7B:11:82:F4:71:D0: .[0m
[34m2026-02-16 11:35:28,890   | DEBUG    | Received 7B:11:82:F4:71:D0: .[0m
[34m2026-02-16 11:35:28,896   | DEBUG    | Received 25:DD:44:4B:BB:54: .[0m
[34m2026-02-16 11:35:28,954   | DEBUG    | Received CD:89:AF:2D:2B:2B: .[0m
[34m2026-02-16 11:35:28,956   | DEBUG    | Received CD:89:AF:2D:2B:2B: BioCoin.[0m
[34m2026-02-16 11:35:28,961   | DEBUG    | Received 6C:6A:32:37:EB:4D: .[0m
[34m2026-02-16 11:35:28,963   | DEBUG    | Received 6C:6A:32:37:EB:4D: .[0m
[34m2026-02-16 11:35:28,969   | DEBUG    | Received 40:49:D7:10:84:30: .[0m
[34m2026-02-16 11:35:28,971   | DEBUG    | Received 40:49:D7:10:84:30: .[0m
[34m2026-02-16 11:35:28,974   | DEBUG    | Received 5D:7D:45:4D:72:A7: .[0m
[34m2026-02-16 11:35:28,976   | DEBUG    | Received 5D:7D:45:4D:72:A7: .[0m
[34m2026-02-16 11:35:29,075   | DEBUG    | Received 3E:55:76:6F:E6:64: .[0m
[34m2026-02-16 11:35:29,077   | DEBUG    | Received 3E:55:76:6F:E6:64: .[0m
[34m2026-02-16 11:35:29,085   | DEBUG    | Received CD:89:AF:2D:2B:2B: .[0m
[34m2026-02-16 11:35:29,086   | DEBUG    | Received CD:89:AF:2D:2B:2B: BioCoin.[0m
[34m2026-02-16 11:35:29,180   | DEBUG    | Received 68:1E:9E:C1:8A:CA: .[0m
[34m2026-02-16 11:35:29,181   | DEBUG    | Received 68:1E:9E:C1:8A:CA: .[0m
[34m2026-02-16 11:35:29,194   | DEBUG    | Received CD:89:AF:2D:2B:2B: .[0m
[34m2026-02-16 11:35:29,196   | DEBUG    | Received CD:89:AF:2D:2B:2B: BioCoin.[0m
[34m2026-02-16 11:35:29,213   | DEBUG    | Received 60:F4:E6:91:10:AA: .[0m
[34m2026-02-16 11:35:29,214   | DEBUG    | Received 60:F4:E6:91:10:AA: .[0m
[34m2026-02-16 11:35:29,312   | DEBUG    | Received 61:16:A8:DE:90:79: .[0m
[34m2026-02-16 11:35:29,317   | DEBUG    | Received 25:DD:44:4B:BB:54: .[0m
[34m2026-02-16 11:35:29,329   | DEBUG    | Received 53:5D:DC:E9:00:50: .[0m
[34m2026-02-16 11:35:29,337   | DEBUG    | Received CD:89:AF:2D:2B:2B: .[0m
[34m2026-02-16 11:35:29,338   | DEBUG    | Received CD:89:AF:2D:2B:2B: BioCoin.[0m
[34m2026-02-16 11:35:29,423   | DEBUG    | Received 4A:ED:7D:28:CB:0A: .[0m
[34m2026-02-16 11:35:29,424   | DEBUG    | Received 4A:ED:7D:28:CB:0A: .[0m
[34m2026-02-16 11:35:29,426   | DEBUG    | Received 25:DD:44:4B:BB:54: .[0m
[34m2026-02-16 11:35:29,437   | DEBUG    | Received 7B:11:82:F4:71:D0: .[0m
[34m2026-02-16 11:35:29,439   | DEBUG    | Received 7B:11:82:F4:71:D0: .[0m
[34m2026-02-16 11:35:29,540   | DEBUG    | Received 40:D7:D2:F3:80:1B: .[0m
[34m2026-02-16 11:35:29,542   | DEBUG    | Received 40:D7:D2:F3:80:1B: .[0m
[34m2026-02-16 11:35:29,550   | DEBUG    | Received CD:89:AF:2D:2B:2B: .[0m
[34m2026-02-16 11:35:29,552   | DEBUG    | Received CD:89:AF:2D:2B:2B: BioCoin.[0m
[34m2026-02-16 11:35:29,561   | DEBUG    | Received 4F:F3:EB:93:90:7E: .[0m
[34m2026-02-16 11:35:29,562   | DEBUG    | Received 4F:F3:EB:93:90:7E: .[0m
[34m2026-02-16 11:35:29,672   | DEBUG    | Received 4A:39:DB:2B:07:E7: .[0m
[34m2026-02-16 11:35:29,693   | DEBUG    | Received 2D:4A:43:4F:8D:68: .[0m
[34m2026-02-16 11:35:29,791   | DEBUG    | Received CD:89:AF:2D:2B:2B: .[0m
[34m2026-02-16 11:35:29,793   | DEBUG    | Received CD:89:AF:2D:2B:2B: BioCoin.[0m
[34m2026-02-16 11:35:29,898   | DEBUG    | Received 2D:4A:43:4F:8D:68: .[0m
[34m2026-02-16 11:35:30,030   | DEBUG    | Received CD:89:AF:2D:2B:2B: .[0m
[34m2026-02-16 11:35:30,033   | DEBUG    | Received CD:89:AF:2D:2B:2B: BioCoin.[0m
[34m2026-02-16 11:35:30,036   | DEBUG    | Received 60:F4:E6:91:10:AA: .[0m
[34m2026-02-16 11:35:30,038   | DEBUG    | Received 60:F4:E6:91:10:AA: .[0m
[34m2026-02-16 11:35:30,041   | DEBUG    | Received 2A:3E:E7:90:95:F5: .[0m
[34m2026-02-16 11:35:30,163   | DEBUG    | Received CD:89:AF:2D:2B:2B: .[0m
[34m2026-02-16 11:35:30,165   | DEBUG    | Received CD:89:AF:2D:2B:2B: BioCoin.[0m
[34m2026-02-16 11:35:30,178   | DEBUG    | Received 25:DD:44:4B:BB:54: .[0m
[34m2026-02-16 11:35:30,254   | DEBUG    | Received 53:5D:DC:E9:00:50: .[0m
[34m2026-02-16 11:35:30,268   | DEBUG    | Received 7B:11:82:F4:71:D0: .[0m
[34m2026-02-16 11:35:30,270   | DEBUG    | Received 7B:11:82:F4:71:D0: .[0m
[34m2026-02-16 11:35:30,382   | DEBUG    | Received CD:89:AF:2D:2B:2B: .[0m
[34m2026-02-16 11:35:30,384   | DEBUG    | Received CD:89:AF:2D:2B:2B: BioCoin.[0m
[34m2026-02-16 11:35:30,488   | DEBUG    | Received CD:89:AF:2D:2B:2B: .[0m
[34m2026-02-16 11:35:30,490   | DEBUG    | Received CD:89:AF:2D:2B:2B: BioCoin.[0m
[34m2026-02-16 11:35:30,503   | DEBUG    | Received 25:DD:44:4B:BB:54: .[0m
[34m2026-02-16 11:35:30,603   | DEBUG    | Received 4A:39:DB:2B:07:E7: .[0m
[34m2026-02-16 11:35:30,634   | DEBUG    | Received 40:49:D7:10:84:30: .[0m
[34m2026-02-16 11:35:30,719   | DEBUG    | Received 28:E6:A9:38:5C:79: .[0m
[34m2026-02-16 11:35:30,734   | DEBUG    | Received CD:89:AF:2D:2B:2B: .[0m
[34m2026-02-16 11:35:30,736   | DEBUG    | Received CD:89:AF:2D:2B:2B: BioCoin.[0m
[34m2026-02-16 11:35:30,741   | DEBUG    | Received 2D:4A:43:4F:8D:68: .[0m
[34m2026-02-16 11:35:30,838   | DEBUG    | Received CD:89:AF:2D:2B:2B: .[0m
[34m2026-02-16 11:35:30,840   | DEBUG    | Received CD:89:AF:2D:2B:2B: BioCoin.[0m
[34m2026-02-16 11:35:30,959   | DEBUG    | Received 2D:4A:43:4F:8D:68: .[0m
[34m2026-02-16 11:35:31,088   | DEBUG    | Received 7B:11:82:F4:71:D0: .[0m
[34m2026-02-16 11:35:31,090   | DEBUG    | Received 7B:11:82:F4:71:D0: .[0m
[34m2026-02-16 11:35:31,451   | DEBUG    | Received 5D:7D:45:4D:72:A7: .[0m
[34m2026-02-16 11:35:31,453   | DEBUG    | Received 5D:7D:45:4D:72:A7: .[0m
[34m2026-02-16 11:35:31,458   | DEBUG    | Received 25:DD:44:4B:BB:54: .[0m
[34m2026-02-16 11:35:31,540   | DEBUG    | 20 devices found. Watcher status: <BluetoothLEAdvertisementWatcherStatus.STOPPED: 3>.[0m
[34m2026-02-16 11:35:31,540   | DEBUG    | 	Device: Unknown (25:DD:44:4B:BB:54) | UUIDs: [][0m
[34m2026-02-16 11:35:31,540   | DEBUG    | 	Device: Unknown (65:A2:7E:37:F4:AB) | UUIDs: [][0m
[34m2026-02-16 11:35:31,540   | DEBUG    | 	Device: Unknown (40:49:D7:10:84:30) | UUIDs: [][0m
[34m2026-02-16 11:35:31,540   | DEBUG    | 	Device: Unknown (3E:55:76:6F:E6:64) | UUIDs: ['0000fe78-0000-1000-8000-00805f9b34fb'][0m
[34m2026-02-16 11:35:31,540   | DEBUG    | 	Device: BioCoin (CD:89:AF:2D:2B:2B) | UUIDs: ['00001523-1212-efde-1523-785feabc93aa'][0m
[34m2026-02-16 11:35:31,541   | DEBUG    | 	Device: Unknown (28:E6:A9:38:5C:79) | UUIDs: [][0m
[34m2026-02-16 11:35:31,541   | DEBUG    | 	Device: Unknown (DD:AF:44:B9:D5:18) | UUIDs: [][0m
[34m2026-02-16 11:35:31,541   | DEBUG    | 	Device: Unknown (53:5D:DC:E9:00:50) | UUIDs: [][0m
[34m2026-02-16 11:35:31,541   | DEBUG    | 	Device: Unknown (2D:4A:43:4F:8D:68) | UUIDs: [][0m
[34m2026-02-16 11:35:31,541   | DEBUG    | 	Device: Unknown (61:16:A8:DE:90:79) | UUIDs: [][0m
[34m2026-02-16 11:35:31,541   | DEBUG    | 	Device: Unknown (68:1E:9E:C1:8A:CA) | UUIDs: [][0m
[34m2026-02-16 11:35:31,541   | DEBUG    | 	Device: Unknown (2A:3E:E7:90:95:F5) | UUIDs: [][0m
[34m2026-02-16 11:35:31,541   | DEBUG    | 	Device: Unknown (4F:F3:EB:93:90:7E) | UUIDs: [][0m
[34m2026-02-16 11:35:31,541   | DEBUG    | 	Device: Unknown (60:F4:E6:91:10:AA) | UUIDs: [][0m
[34m2026-02-16 11:35:31,541   | DEBUG    | 	Device: Unknown (40:D7:D2:F3:80:1B) | UUIDs: [][0m
[34m2026-02-16 11:35:31,541   | DEBUG    | 	Device: Unknown (7B:11:82:F4:71:D0) | UUIDs: [][0m
[34m2026-02-16 11:35:31,541   | DEBUG    | 	Device: Unknown (6C:6A:32:37:EB:4D) | UUIDs: [][0m
[34m2026-02-16 11:35:31,541   | DEBUG    | 	Device: Unknown (5D:7D:45:4D:72:A7) | UUIDs: [][0m
[34m2026-02-16 11:35:31,541   | DEBUG    | 	Device: Unknown (4A:ED:7D:28:CB:0A) | UUIDs: [][0m
[34m2026-02-16 11:35:31,541   | DEBUG    | 	Device: Unknown (4A:39:DB:2B:07:E7) | UUIDs: [][0m
2026-02-16 11:35:31,541   | INFO     | Found BioCoin device at CD:89:AF:2D:2B:2B![0m
[34m2026-02-16 11:35:31,660   | DEBUG    | Received F4:63:F3:FC:B4:56: .[0m
[34m2026-02-16 11:35:31,761   | DEBUG    | Received 40:49:D7:10:84:30: .[0m
[34m2026-02-16 11:35:31,763   | DEBUG    | Received 40:49:D7:10:84:30: .[0m
[34m2026-02-16 11:35:31,767   | DEBUG    | Received 61:16:A8:DE:90:79: .[0m
[34m2026-02-16 11:35:31,769   | DEBUG    | Received 61:16:A8:DE:90:79: .[0m
[34m2026-02-16 11:35:31,771   | DEBUG    | Received 4F:F3:EB:93:90:7E: .[0m
[34m2026-02-16 11:35:31,773   | DEBUG    | Received 4F:F3:EB:93:90:7E: .[0m
[34m2026-02-16 11:35:31,776   | DEBUG    | Received 25:DD:44:4B:BB:54: .[0m
[34m2026-02-16 11:35:31,881   | DEBUG    | Received 2A:3E:E7:90:95:F5: .[0m
[34m2026-02-16 11:35:31,886   | DEBUG    | Received CD:89:AF:2D:2B:2B: .[0m
[34m2026-02-16 11:35:31,887   | DEBUG    | 7 devices found. Watcher status: <BluetoothLEAdvertisementWatcherStatus.STOPPED: 3>.[0m
[34m2026-02-16 11:35:31,887   | DEBUG    | Connecting to BLE device @ CD:89:AF:2D:2B:2B[0m
[34m2026-02-16 11:35:31,968   | DEBUG    | getting services (service_cache_mode=None, cache_mode=None)...[0m
[34m2026-02-16 11:35:31,988   | DEBUG    | session_status_changed_event_handler: id: BluetoothLE#BluetoothLE2c:6d:c1:90:b4:0f-cd:89:af:2d:2b:2b, error: <BluetoothError.SUCCESS: 0>, status: <GattSessionStatus.ACTIVE: 1>[0m
[34m2026-02-16 11:35:32,013   | DEBUG    | max_pdu_size_changed_handler: 247[0m
[34m2026-02-16 11:35:32,093   | DEBUG    | CD:89:AF:2D:2B:2B: services changed[0m
[34m2026-02-16 11:35:32,451   | DEBUG    | CD:89:AF:2D:2B:2B: services changed[0m
2026-02-16 11:35:32,859   | INFO     | Connected to BioCoin device at CD:89:AF:2D:2B:2B.[0m
[34m2026-02-16 11:35:32,873   | DEBUG    | Read Characteristic 0022 : bytearray(b'\x00')[0m
2026-02-16 11:35:32,873   | INFO     | Battery Level: 0%[0m
2026-02-16 11:35:32,874   | INFO     | Sending IMP technique parameters...[0m
[34m2026-02-16 11:35:42,478   | DEBUG    | session_status_changed_event_handler: id: BluetoothLE#BluetoothLE2c:6d:c1:90:b4:0f-cd:89:af:2d:2b:2b, error: <BluetoothError.SUCCESS: 0>, status: <GattSessionStatus.CLOSED: 0>[0m
[34m2026-02-16 11:35:42,479   | DEBUG    | max_pdu_size_changed_handler: 23[0m
[34m2026-02-16 11:35:42,479   | DEBUG    | closing requester[0m
[34m2026-02-16 11:35:42,486   | DEBUG    | closing session[0m
[31m2026-02-16 11:35:42,488   | ERROR    | [WinError -2147023673] The operation was canceled by the user
Traceback (most recent call last):
  File "C:\Users\akoruprolu\Documents\Biocoin\software\src\main.py", line 148, in main
    await Imp.configure(
    ...<10 lines>...
        sweepLog=True)
  File "C:\Users\akoruprolu\Documents\Biocoin\software\src\biocoin\techniques\Impedance.py", line 113, in configure
    await self.device.write_technique_config(payload)
  File "C:\Users\akoruprolu\Documents\Biocoin\software\src\biocoin\device.py", line 202, in write_technique_config
    await self.client.write_gatt_char(tech_char, bytearray(config_bytes))
  File "C:\Users\akoruprolu\Documents\Biocoin\software\.venv\Lib\site-packages\bleak\__init__.py", line 786, in write_gatt_char
    await self._backend.write_gatt_char(characteristic, data, response)
  File "C:\Users\akoruprolu\Documents\Biocoin\software\.venv\Lib\site-packages\bleak\backends\winrt\client.py", line 906, in write_gatt_char
    await characteristic.obj.write_value_with_result_async(buf, response),
    ^^^^^^^^^^^^^^^^^^^^^^^^^^^^^^^^^^^^^^^^^^^^^^^^^^^^^^^^^^^^^^^^^^^^^
OSError: [WinError -2147023673] The operation was canceled by the user[0m
