2026-02-02 19:40:04,057   | INFO     | BioCoin Test Script[0m
2026-02-02 19:40:04,058   | INFO     | Searching for the BioCoin device named "Biocoin"...[0m
2026-02-02 19:40:04,058   | INFO     | Scanning for devices...[0m
[34m2026-02-02 19:40:04,264   | DEBUG    | Received 11:B9:A6:DF:91:3E: .[0m
[34m2026-02-02 19:40:04,356   | DEBUG    | Received 2D:09:76:89:A8:6D: .[0m
[34m2026-02-02 19:40:04,368   | DEBUG    | Received 11:B9:A6:DF:91:3E: .[0m
[34m2026-02-02 19:40:04,476   | DEBUG    | Received D4:FE:41:68:CC:F0: .[0m
[34m2026-02-02 19:40:04,478   | DEBUG    | Received D4:FE:41:68:CC:F0: .[0m
[34m2026-02-02 19:40:04,488   | DEBUG    | Received 4C:C1:FF:47:68:42: .[0m
[34m2026-02-02 19:40:04,489   | DEBUG    | Received 4C:C1:FF:47:68:42: .[0m
[34m2026-02-02 19:40:04,491   | DEBUG    | Received CD:89:AF:2D:2B:2B: .[0m
[34m2026-02-02 19:40:04,492   | DEBUG    | Received CD:89:AF:2D:2B:2B: BioCoin.[0m
[34m2026-02-02 19:40:04,494   | DEBUG    | Received 0F:C6:2B:FE:F4:5A: .[0m
[34m2026-02-02 19:40:04,593   | DEBUG    | Received CD:89:AF:2D:2B:2B: .[0m
[34m2026-02-02 19:40:04,595   | DEBUG    | Received CD:89:AF:2D:2B:2B: BioCoin.[0m
[34m2026-02-02 19:40:04,597   | DEBUG    | Received D4:FE:41:68:CC:F0: .[0m
[34m2026-02-02 19:40:04,602   | DEBUG    | Received 0F:C6:2B:FE:F4:5A: .[0m
[34m2026-02-02 19:40:04,605   | DEBUG    | Received 3B:E1:8B:4D:13:86: .[0m
[34m2026-02-02 19:40:04,714   | DEBUG    | Received 54:0D:D0:4A:F2:85: .[0m
[34m2026-02-02 19:40:04,716   | DEBUG    | Received 54:0D:D0:4A:F2:85: .[0m
[34m2026-02-02 19:40:04,717   | DEBUG    | Received 84:C0:EF:0A:5E:7B: .[0m
[34m2026-02-02 19:40:04,719   | DEBUG    | Received 84:C0:EF:0A:5E:7B: [TV]Hall office TV.[0m
[34m2026-02-02 19:40:04,724   | DEBUG    | Received CD:89:AF:2D:2B:2B: .[0m
[34m2026-02-02 19:40:04,726   | DEBUG    | Received CD:89:AF:2D:2B:2B: BioCoin.[0m
[34m2026-02-02 19:40:04,728   | DEBUG    | Received D4:FE:41:68:CC:F0: .[0m
[34m2026-02-02 19:40:04,730   | DEBUG    | Received D4:FE:41:68:CC:F0: .[0m
[34m2026-02-02 19:40:04,733   | DEBUG    | Received 00:E0:4C:23:99:87: .[0m
[34m2026-02-02 19:40:04,735   | DEBUG    | Received 61:3B:88:16:37:42: .[0m
[34m2026-02-02 19:40:04,736   | DEBUG    | Received 61:3B:88:16:37:42: .[0m
[34m2026-02-02 19:40:04,739   | DEBUG    | Received 41:FD:0A:72:60:56: .[0m
[34m2026-02-02 19:40:04,741   | DEBUG    | Received 41:FD:0A:72:60:56: .[0m
[34m2026-02-02 19:40:04,742   | DEBUG    | Received C8:2E:18:CF:ED:52: .[0m
[34m2026-02-02 19:40:04,744   | DEBUG    | Received C8:2E:18:CF:ED:52: classic300s.[0m
[34m2026-02-02 19:40:04,746   | DEBUG    | Received 20:61:98:92:2F:7C: .[0m
[34m2026-02-02 19:40:04,827   | DEBUG    | Received 90:DE:80:E1:81:C6: .[0m
[34m2026-02-02 19:40:04,833   | DEBUG    | Received CD:89:AF:2D:2B:2B: .[0m
[34m2026-02-02 19:40:04,835   | DEBUG    | Received CD:89:AF:2D:2B:2B: BioCoin.[0m
[34m2026-02-02 19:40:04,837   | DEBUG    | Received 00:E0:4C:23:99:87: .[0m
[34m2026-02-02 19:40:04,839   | DEBUG    | Received 0A:85:00:3B:A6:BC: .[0m
[34m2026-02-02 19:40:04,841   | DEBUG    | Received 90:DE:80:99:19:CC: .[0m
[34m2026-02-02 19:40:04,850   | DEBUG    | Received 1B:1E:F2:1E:77:A7: .[0m
[34m2026-02-02 19:40:04,945   | DEBUG    | Received CD:89:AF:2D:2B:2B: .[0m
[34m2026-02-02 19:40:04,947   | DEBUG    | Received CD:89:AF:2D:2B:2B: BioCoin.[0m
[34m2026-02-02 19:40:04,952   | DEBUG    | Received 4A:12:0B:01:6E:0D: .[0m
[34m2026-02-02 19:40:04,954   | DEBUG    | Received 0E:E5:1A:57:6D:ED: .[0m
[34m2026-02-02 19:40:04,961   | DEBUG    | Received 90:DE:80:E1:73:6A: .[0m
[34m2026-02-02 19:40:04,963   | DEBUG    | Received 5D:EB:05:9F:AB:92: .[0m
[34m2026-02-02 19:40:04,964   | DEBUG    | Received 5D:EB:05:9F:AB:92: .[0m
[34m2026-02-02 19:40:04,969   | DEBUG    | Received 5C:D7:90:04:76:3D: .[0m
[34m2026-02-02 19:40:05,063   | DEBUG    | Received C8:2E:18:CF:ED:52: .[0m
[34m2026-02-02 19:40:05,066   | DEBUG    | Received C8:2E:18:CF:ED:52: classic300s.[0m
[34m2026-02-02 19:40:05,068   | DEBUG    | Received 0A:ED:37:F3:19:DA: .[0m
[34m2026-02-02 19:40:05,070   | DEBUG    | Received 84:C0:EF:0A:5E:7B: .[0m
[34m2026-02-02 19:40:05,072   | DEBUG    | Received 84:C0:EF:0A:5E:7B: [TV]Hall office TV.[0m
[34m2026-02-02 19:40:05,075   | DEBUG    | Received 54:0D:D0:4A:F2:85: .[0m
[34m2026-02-02 19:40:05,076   | DEBUG    | Received 54:0D:D0:4A:F2:85: .[0m
[34m2026-02-02 19:40:05,078   | DEBUG    | Received 90:DE:80:E1:90:28: .[0m
[34m2026-02-02 19:40:05,183   | DEBUG    | Received 54:9F:7B:7E:04:D2: .[0m
[34m2026-02-02 19:40:05,184   | DEBUG    | Received 15:3C:EF:DE:FA:6F: .[0m
[34m2026-02-02 19:40:05,186   | DEBUG    | Received 4E:B6:60:1B:4F:49: .[0m
[34m2026-02-02 19:40:05,189   | DEBUG    | Received 69:97:D5:E7:73:79: .[0m
[34m2026-02-02 19:40:05,192   | DEBUG    | Received 5E:9E:4D:1D:0A:0E: .[0m
[34m2026-02-02 19:40:05,193   | DEBUG    | Received 5E:9E:4D:1D:0A:0E: .[0m
[34m2026-02-02 19:40:05,195   | DEBUG    | Received 68:06:4B:B9:B6:9B: .[0m
[34m2026-02-02 19:40:05,196   | DEBUG    | Received 2F:DD:8F:9E:5D:59: .[0m
[34m2026-02-02 19:40:05,199   | DEBUG    | Received 16:5F:79:42:6F:08: .[0m
[34m2026-02-02 19:40:05,304   | DEBUG    | Received 4C:C1:FF:47:68:42: .[0m
[34m2026-02-02 19:40:05,305   | DEBUG    | Received 4C:C1:FF:47:68:42: .[0m
[34m2026-02-02 19:40:05,307   | DEBUG    | Received 84:C0:EF:0A:5E:7B: .[0m
[34m2026-02-02 19:40:05,308   | DEBUG    | Received 84:C0:EF:0A:5E:7B: [TV]Hall office TV.[0m
[34m2026-02-02 19:40:05,428   | DEBUG    | Received 53:E0:3E:BD:5D:06: .[0m
[34m2026-02-02 19:40:05,433   | DEBUG    | Received 6D:04:87:48:8E:82: .[0m
[34m2026-02-02 19:40:05,435   | DEBUG    | Received 6D:04:87:48:8E:82: .[0m
[34m2026-02-02 19:40:05,437   | DEBUG    | Received CD:89:AF:2D:2B:2B: .[0m
[34m2026-02-02 19:40:05,438   | DEBUG    | Received CD:89:AF:2D:2B:2B: BioCoin.[0m
[34m2026-02-02 19:40:05,440   | DEBUG    | Received 0A:ED:37:F3:19:DA: .[0m
[34m2026-02-02 19:40:05,543   | DEBUG    | Received CD:89:AF:2D:2B:2B: .[0m
[34m2026-02-02 19:40:05,544   | DEBUG    | Received CD:89:AF:2D:2B:2B: BioCoin.[0m
[34m2026-02-02 19:40:05,546   | DEBUG    | Received 0F:C6:2B:FE:F4:5A: .[0m
[34m2026-02-02 19:40:05,658   | DEBUG    | Received 3B:E1:8B:4D:13:86: .[0m
[34m2026-02-02 19:40:05,660   | DEBUG    | Received 84:C0:EF:0A:5E:7B: .[0m
[34m2026-02-02 19:40:05,662   | DEBUG    | Received 84:C0:EF:0A:5E:7B: [TV]Hall office TV.[0m
[34m2026-02-02 19:40:05,668   | DEBUG    | Received 61:3B:88:16:37:42: .[0m
[34m2026-02-02 19:40:05,669   | DEBUG    | Received 61:3B:88:16:37:42: .[0m
[34m2026-02-02 19:40:05,671   | DEBUG    | Received 0E:E5:1A:57:6D:ED: .[0m
[34m2026-02-02 19:40:05,673   | DEBUG    | Received CD:89:AF:2D:2B:2B: .[0m
[34m2026-02-02 19:40:05,675   | DEBUG    | Received CD:89:AF:2D:2B:2B: BioCoin.[0m
[34m2026-02-02 19:40:05,677   | DEBUG    | Received 90:DE:80:E1:73:6A: .[0m
[34m2026-02-02 19:40:05,679   | DEBUG    | Received 00:E0:4C:23:99:87: .[0m
[34m2026-02-02 19:40:05,680   | DEBUG    | Received 11:00:4C:EF:D3:0F: .[0m
[34m2026-02-02 19:40:05,777   | DEBUG    | Received 20:61:98:92:2F:7C: .[0m
[34m2026-02-02 19:40:05,782   | DEBUG    | Received CD:89:AF:2D:2B:2B: .[0m
[34m2026-02-02 19:40:05,784   | DEBUG    | Received CD:89:AF:2D:2B:2B: BioCoin.[0m
[34m2026-02-02 19:40:05,785   | DEBUG    | Received 4D:14:8E:78:81:C0: .[0m
[34m2026-02-02 19:40:05,787   | DEBUG    | Received 00:E0:4C:23:99:87: .[0m
[34m2026-02-02 19:40:05,789   | DEBUG    | Received 90:DE:80:99:19:CC: .[0m
[34m2026-02-02 19:40:05,791   | DEBUG    | Received 0A:85:00:3B:A6:BC: .[0m
[34m2026-02-02 19:40:05,793   | DEBUG    | Received 11:B9:A6:DF:91:3E: .[0m
[34m2026-02-02 19:40:05,795   | DEBUG    | Received 1B:1E:F2:1E:77:A7: .[0m
[34m2026-02-02 19:40:05,890   | DEBUG    | Received CD:89:AF:2D:2B:2B: .[0m
[34m2026-02-02 19:40:05,892   | DEBUG    | Received CD:89:AF:2D:2B:2B: BioCoin.[0m
[34m2026-02-02 19:40:05,900   | DEBUG    | Received 5C:D7:90:04:76:3D: .[0m
[34m2026-02-02 19:40:05,903   | DEBUG    | Received 1B:1E:F2:1E:77:A7: .[0m
[34m2026-02-02 19:40:05,910   | DEBUG    | Received 70:ED:CA:E8:31:16: .[0m
[34m2026-02-02 19:40:06,008   | DEBUG    | Received 0A:85:00:3B:A6:BC: .[0m
[34m2026-02-02 19:40:06,010   | DEBUG    | Received 0A:ED:37:F3:19:DA: .[0m
[34m2026-02-02 19:40:06,012   | DEBUG    | Received 54:0D:D0:4A:F2:85: .[0m
[34m2026-02-02 19:40:06,014   | DEBUG    | Received 54:0D:D0:4A:F2:85: .[0m
[34m2026-02-02 19:40:06,018   | DEBUG    | Received D4:FE:41:68:CC:F0: .[0m
[34m2026-02-02 19:40:06,020   | DEBUG    | Received D4:FE:41:68:CC:F0: .[0m
[34m2026-02-02 19:40:06,022   | DEBUG    | Received 84:C0:EF:0A:5E:7B: .[0m
[34m2026-02-02 19:40:06,023   | DEBUG    | Received 84:C0:EF:0A:5E:7B: [TV]Hall office TV.[0m
[34m2026-02-02 19:40:06,027   | DEBUG    | Received CD:89:AF:2D:2B:2B: .[0m
[34m2026-02-02 19:40:06,028   | DEBUG    | Received CD:89:AF:2D:2B:2B: BioCoin.[0m
[34m2026-02-02 19:40:06,126   | DEBUG    | Received 15:3C:EF:DE:FA:6F: .[0m
[34m2026-02-02 19:40:06,130   | DEBUG    | Received 4C:C1:FF:47:68:42: .[0m
[34m2026-02-02 19:40:06,132   | DEBUG    | Received 4C:C1:FF:47:68:42: .[0m
[34m2026-02-02 19:40:06,246   | DEBUG    | Received 90:DE:80:99:19:18: .[0m
[34m2026-02-02 19:40:06,249   | DEBUG    | Received 3A:FE:26:0E:D5:1F: .[0m
[34m2026-02-02 19:40:06,251   | DEBUG    | Received E2:43:B8:5B:34:08: .[0m
[34m2026-02-02 19:40:06,252   | DEBUG    | Received E2:43:B8:5B:34:08: .[0m
[34m2026-02-02 19:40:06,253   | DEBUG    | Received 2D:09:76:89:A8:6D: .[0m
[34m2026-02-02 19:40:06,256   | DEBUG    | Received 16:5F:79:42:6F:08: .[0m
[34m2026-02-02 19:40:06,261   | DEBUG    | Received DF:AC:E9:57:A1:84: .[0m
[34m2026-02-02 19:40:06,271   | DEBUG    | Received 0F:C6:2B:FE:F4:5A: .[0m
[34m2026-02-02 19:40:06,278   | DEBUG    | Received 54:9F:7B:7E:04:D2: .[0m
[34m2026-02-02 19:40:06,280   | DEBUG    | Received 54:9F:7B:7E:04:D2: .[0m
[34m2026-02-02 19:40:06,282   | DEBUG    | Received D4:FE:41:68:CC:F0: .[0m
[34m2026-02-02 19:40:06,283   | DEBUG    | Received D4:FE:41:68:CC:F0: .[0m
[34m2026-02-02 19:40:06,366   | DEBUG    | Received 6D:04:87:48:8E:82: .[0m
[34m2026-02-02 19:40:06,369   | DEBUG    | Received CD:89:AF:2D:2B:2B: .[0m
[34m2026-02-02 19:40:06,370   | DEBUG    | Received CD:89:AF:2D:2B:2B: BioCoin.[0m
[34m2026-02-02 19:40:06,377   | DEBUG    | Received 0F:C6:2B:FE:F4:5A: .[0m
[34m2026-02-02 19:40:06,385   | DEBUG    | Received 54:0D:D0:4A:F2:85: .[0m
[34m2026-02-02 19:40:06,387   | DEBUG    | Received 54:0D:D0:4A:F2:85: .[0m
[34m2026-02-02 19:40:06,389   | DEBUG    | Received 41:FD:0A:72:60:56: .[0m
[34m2026-02-02 19:40:06,390   | DEBUG    | Received 41:FD:0A:72:60:56: .[0m
[34m2026-02-02 19:40:06,478   | DEBUG    | Received 53:E0:3E:BD:5D:06: .[0m
[34m2026-02-02 19:40:06,494   | DEBUG    | Received 90:DE:80:99:18:82: .[0m
[34m2026-02-02 19:40:06,500   | DEBUG    | Received 84:C0:EF:0A:5E:7B: .[0m
[34m2026-02-02 19:40:06,501   | DEBUG    | Received 84:C0:EF:0A:5E:7B: [TV]Hall office TV.[0m
[34m2026-02-02 19:40:06,503   | DEBUG    | Received 90:DE:80:E1:81:C6: .[0m
[34m2026-02-02 19:40:06,602   | DEBUG    | Received 61:3B:88:16:37:42: .[0m
[34m2026-02-02 19:40:06,604   | DEBUG    | Received 61:3B:88:16:37:42: .[0m
[34m2026-02-02 19:40:06,606   | DEBUG    | Received 0E:E5:1A:57:6D:ED: .[0m
[34m2026-02-02 19:40:06,608   | DEBUG    | Received 3B:E1:8B:4D:13:86: .[0m
[34m2026-02-02 19:40:06,614   | DEBUG    | Received 20:61:98:92:2F:7C: .[0m
[34m2026-02-02 19:40:06,621   | DEBUG    | Received CD:89:AF:2D:2B:2B: .[0m
[34m2026-02-02 19:40:06,623   | DEBUG    | Received CD:89:AF:2D:2B:2B: BioCoin.[0m
[34m2026-02-02 19:40:06,719   | DEBUG    | Received 20:61:98:92:2F:7C: .[0m
[34m2026-02-02 19:40:06,724   | DEBUG    | Received CD:89:AF:2D:2B:2B: .[0m
[34m2026-02-02 19:40:06,726   | DEBUG    | Received CD:89:AF:2D:2B:2B: BioCoin.[0m
[34m2026-02-02 19:40:06,727   | DEBUG    | Received 4D:14:8E:78:81:C0: .[0m
[34m2026-02-02 19:40:06,734   | DEBUG    | Received 90:DE:80:99:19:CC: .[0m
[34m2026-02-02 19:40:06,835   | DEBUG    | Received 4D:14:8E:78:81:C0: .[0m
[34m2026-02-02 19:40:06,837   | DEBUG    | Received 5C:D7:90:04:76:3D: .[0m
[34m2026-02-02 19:40:06,843   | DEBUG    | Received 61:9A:8B:EE:F0:7D: .[0m
[34m2026-02-02 19:40:06,844   | DEBUG    | Received 61:9A:8B:EE:F0:7D: .[0m
[34m2026-02-02 19:40:06,850   | DEBUG    | Received 0A:85:00:3B:A6:BC: .[0m
[34m2026-02-02 19:40:06,852   | DEBUG    | Received 15:3C:EF:DE:FA:6F: .[0m
[34m2026-02-02 19:40:06,855   | DEBUG    | Received 84:C0:EF:0A:5E:7B: .[0m
[34m2026-02-02 19:40:06,857   | DEBUG    | Received 84:C0:EF:0A:5E:7B: [TV]Hall office TV.[0m
[34m2026-02-02 19:40:06,859   | DEBUG    | Received 6D:7E:A5:A6:DD:2E: .[0m
[34m2026-02-02 19:40:06,861   | DEBUG    | Received 6D:7E:A5:A6:DD:2E: .[0m
[34m2026-02-02 19:40:06,863   | DEBUG    | Received CD:89:AF:2D:2B:2B: .[0m
[34m2026-02-02 19:40:06,864   | DEBUG    | Received CD:89:AF:2D:2B:2B: BioCoin.[0m
[34m2026-02-02 19:40:06,956   | DEBUG    | Received 0D:E0:04:14:EC:F7: .[0m
[34m2026-02-02 19:40:06,958   | DEBUG    | Received 0D:E0:04:14:EC:F7: Hotline Miami.[0m
[34m2026-02-02 19:40:06,959   | DEBUG    | Received 70:ED:CA:E8:31:16: .[0m
[34m2026-02-02 19:40:06,962   | DEBUG    | Received 15:3C:EF:DE:FA:6F: .[0m
[34m2026-02-02 19:40:06,964   | DEBUG    | Received CD:89:AF:2D:2B:2B: .[0m
[34m2026-02-02 19:40:06,968   | DEBUG    | Received CD:89:AF:2D:2B:2B: BioCoin.[0m
[34m2026-02-02 19:40:06,971   | DEBUG    | Received CD:59:91:E6:81:05: .[0m
[34m2026-02-02 19:40:06,973   | DEBUG    | Received 2F:DD:8F:9E:5D:59: .[0m
[34m2026-02-02 19:40:06,975   | DEBUG    | Received 61:3B:88:16:37:42: .[0m
[34m2026-02-02 19:40:06,976   | DEBUG    | Received 61:3B:88:16:37:42: .[0m
[34m2026-02-02 19:40:07,082   | DEBUG    | Received 84:C0:EF:0A:5E:7B: .[0m
[34m2026-02-02 19:40:07,084   | DEBUG    | Received 84:C0:EF:0A:5E:7B: [TV]Hall office TV.[0m
[34m2026-02-02 19:40:07,199   | DEBUG    | Received 2D:09:76:89:A8:6D: .[0m
[34m2026-02-02 19:40:07,201   | DEBUG    | Received 53:E0:3E:BD:5D:06: .[0m
[34m2026-02-02 19:40:07,206   | DEBUG    | Received 41:FD:0A:72:60:56: .[0m
[34m2026-02-02 19:40:07,207   | DEBUG    | Received 41:FD:0A:72:60:56: .[0m
[34m2026-02-02 19:40:07,209   | DEBUG    | Received 5C:D7:90:04:76:3D: .[0m
[34m2026-02-02 19:40:07,333   | DEBUG    | Received 0E:E5:1A:57:6D:ED: .[0m
[34m2026-02-02 19:40:07,335   | DEBUG    | Received 0F:C6:2B:FE:F4:5A: .[0m
[34m2026-02-02 19:40:07,343   | DEBUG    | Received 90:DE:80:E1:81:C6: .[0m
[34m2026-02-02 19:40:07,345   | DEBUG    | Received CD:89:AF:2D:2B:2B: .[0m
[34m2026-02-02 19:40:07,346   | DEBUG    | Received CD:89:AF:2D:2B:2B: BioCoin.[0m
[34m2026-02-02 19:40:07,452   | DEBUG    | Received CD:89:AF:2D:2B:2B: .[0m
[34m2026-02-02 19:40:07,453   | DEBUG    | Received CD:89:AF:2D:2B:2B: BioCoin.[0m
[34m2026-02-02 19:40:07,460   | DEBUG    | Received 00:E0:4C:23:99:87: .[0m
[34m2026-02-02 19:40:07,465   | DEBUG    | Received 84:C0:EF:0A:5E:7B: .[0m
[34m2026-02-02 19:40:07,467   | DEBUG    | Received 84:C0:EF:0A:5E:7B: [TV]Hall office TV.[0m
[34m2026-02-02 19:40:07,470   | DEBUG    | Received 84:C0:EF:0A:5E:7B: .[0m
[34m2026-02-02 19:40:07,472   | DEBUG    | Received 84:C0:EF:0A:5E:7B: [TV]Hall office TV.[0m
[34m2026-02-02 19:40:07,549   | DEBUG    | Received 66:A7:68:D6:59:23: .[0m
[34m2026-02-02 19:40:07,550   | DEBUG    | Received 66:A7:68:D6:59:23: .[0m
[34m2026-02-02 19:40:07,553   | DEBUG    | Received 90:DE:80:E1:81:C6: .[0m
[34m2026-02-02 19:40:07,554   | DEBUG    | Received 3B:E1:8B:4D:13:86: .[0m
[34m2026-02-02 19:40:07,560   | DEBUG    | Received 84:C0:EF:0A:5E:7B: .[0m
[34m2026-02-02 19:40:07,562   | DEBUG    | Received 84:C0:EF:0A:5E:7B: [TV]Hall office TV.[0m
[34m2026-02-02 19:40:07,568   | DEBUG    | Received 5D:EB:05:9F:AB:92: .[0m
[34m2026-02-02 19:40:07,668   | DEBUG    | Received 6A:25:EF:84:3B:7B: .[0m
[34m2026-02-02 19:40:07,671   | DEBUG    | Received 6D:04:87:48:8E:82: .[0m
[34m2026-02-02 19:40:07,679   | DEBUG    | Received 5E:9E:4D:1D:0A:0E: .[0m
[34m2026-02-02 19:40:07,680   | DEBUG    | Received 5E:9E:4D:1D:0A:0E: .[0m
[34m2026-02-02 19:40:07,683   | DEBUG    | Received 4D:14:8E:78:81:C0: .[0m
[34m2026-02-02 19:40:07,686   | DEBUG    | Received 6D:7E:A5:A6:DD:2E: .[0m
[34m2026-02-02 19:40:07,688   | DEBUG    | Received 6D:7E:A5:A6:DD:2E: .[0m
[34m2026-02-02 19:40:07,783   | DEBUG    | Received 4C:C1:FF:47:68:42: .[0m
[34m2026-02-02 19:40:07,785   | DEBUG    | Received 4C:C1:FF:47:68:42: .[0m
[34m2026-02-02 19:40:07,787   | DEBUG    | Received 4D:14:8E:78:81:C0: .[0m
[34m2026-02-02 19:40:07,790   | DEBUG    | Received 0A:85:00:3B:A6:BC: .[0m
[34m2026-02-02 19:40:07,797   | DEBUG    | Received CD:89:AF:2D:2B:2B: .[0m
[34m2026-02-02 19:40:07,799   | DEBUG    | Received CD:89:AF:2D:2B:2B: BioCoin.[0m
[34m2026-02-02 19:40:07,900   | DEBUG    | Received 15:3C:EF:DE:FA:6F: .[0m
[34m2026-02-02 19:40:07,903   | DEBUG    | Received CD:89:AF:2D:2B:2B: .[0m
[34m2026-02-02 19:40:07,905   | DEBUG    | Received CD:89:AF:2D:2B:2B: BioCoin.[0m
[34m2026-02-02 19:40:07,907   | DEBUG    | Received 61:3B:88:16:37:42: .[0m
[34m2026-02-02 19:40:07,909   | DEBUG    | Received 61:3B:88:16:37:42: .[0m
[34m2026-02-02 19:40:07,915   | DEBUG    | Received 11:B9:A6:DF:91:3E: .[0m
[34m2026-02-02 19:40:07,920   | DEBUG    | Received 66:A7:68:D6:59:23: .[0m
[34m2026-02-02 19:40:08,017   | DEBUG    | Received 1B:1E:F2:1E:77:A7: .[0m
[34m2026-02-02 19:40:08,020   | DEBUG    | Received 11:B9:A6:DF:91:3E: .[0m
[34m2026-02-02 19:40:08,021   | DEBUG    | Received 90:DE:80:99:19:18: .[0m
[34m2026-02-02 19:40:08,026   | DEBUG    | Received 41:FD:0A:72:60:56: .[0m
[34m2026-02-02 19:40:08,027   | DEBUG    | Received 41:FD:0A:72:60:56: .[0m
[34m2026-02-02 19:40:08,029   | DEBUG    | Received 4E:B6:60:1B:4F:49: .[0m
[34m2026-02-02 19:40:08,032   | DEBUG    | Received 2D:09:76:89:A8:6D: .[0m
[34m2026-02-02 19:40:08,037   | DEBUG    | Received 1C:69:20:85:D5:DE: Fellow Aiden D5DC.[0m
[34m2026-02-02 19:40:08,038   | DEBUG    | Received 1C:69:20:85:D5:DE: .[0m
[34m2026-02-02 19:40:08,045   | DEBUG    | Received CD:89:AF:2D:2B:2B: .[0m
[34m2026-02-02 19:40:08,047   | DEBUG    | Received CD:89:AF:2D:2B:2B: BioCoin.[0m
[34m2026-02-02 19:40:08,049   | DEBUG    | Received 84:C0:EF:0A:5E:7B: .[0m
[34m2026-02-02 19:40:08,051   | DEBUG    | Received 4C:C1:FF:47:68:42: .[0m
[34m2026-02-02 19:40:08,138   | DEBUG    | Received 4A:12:0B:01:6E:0D: .[0m
[34m2026-02-02 19:40:08,140   | DEBUG    | Received CD:89:AF:2D:2B:2B: .[0m
[34m2026-02-02 19:40:08,142   | DEBUG    | Received CD:89:AF:2D:2B:2B: BioCoin.[0m
[34m2026-02-02 19:40:08,155   | DEBUG    | Received 74:F6:05:B0:54:FD: .[0m
[34m2026-02-02 19:40:08,157   | DEBUG    | Received 74:F6:05:B0:54:FD: .[0m
[34m2026-02-02 19:40:08,257   | DEBUG    | Received 84:C0:EF:0A:5E:7B: .[0m
[34m2026-02-02 19:40:08,259   | DEBUG    | Received 84:C0:EF:0A:5E:7B: [TV]Hall office TV.[0m
[34m2026-02-02 19:40:08,268   | DEBUG    | Received 84:C0:EF:0A:5E:7B: .[0m
[34m2026-02-02 19:40:08,269   | DEBUG    | Received 84:C0:EF:0A:5E:7B: [TV]Hall office TV.[0m
[34m2026-02-02 19:40:08,271   | DEBUG    | Received 20:61:98:92:2F:7C: .[0m
[34m2026-02-02 19:40:08,276   | DEBUG    | Received CD:89:AF:2D:2B:2B: .[0m
[34m2026-02-02 19:40:08,277   | DEBUG    | Received CD:89:AF:2D:2B:2B: BioCoin.[0m
[34m2026-02-02 19:40:08,375   | DEBUG    | Received 0E:E5:1A:57:6D:ED: .[0m
[34m2026-02-02 19:40:08,377   | DEBUG    | Received 0F:C6:2B:FE:F4:5A: .[0m
[34m2026-02-02 19:40:08,380   | DEBUG    | Received CD:89:AF:2D:2B:2B: .[0m
[34m2026-02-02 19:40:08,382   | DEBUG    | Received CD:89:AF:2D:2B:2B: BioCoin.[0m
[34m2026-02-02 19:40:08,492   | DEBUG    | Received CD:89:AF:2D:2B:2B: .[0m
[34m2026-02-02 19:40:08,494   | DEBUG    | Received CD:89:AF:2D:2B:2B: BioCoin.[0m
[34m2026-02-02 19:40:08,496   | DEBUG    | Received 90:DE:80:99:18:82: .[0m
[34m2026-02-02 19:40:08,498   | DEBUG    | Received 5D:EB:05:9F:AB:92: .[0m
[34m2026-02-02 19:40:08,502   | DEBUG    | Received 54:0D:D0:4A:F2:85: .[0m
[34m2026-02-02 19:40:08,503   | DEBUG    | Received 54:0D:D0:4A:F2:85: .[0m
[34m2026-02-02 19:40:08,606   | DEBUG    | Received D4:FE:41:68:CC:F0: .[0m
[34m2026-02-02 19:40:08,607   | DEBUG    | Received D4:FE:41:68:CC:F0: .[0m
[34m2026-02-02 19:40:08,617   | DEBUG    | Received C8:2E:18:CF:ED:52: .[0m
[34m2026-02-02 19:40:08,619   | DEBUG    | Received C8:2E:18:CF:ED:52: classic300s.[0m
[34m2026-02-02 19:40:08,621   | DEBUG    | Received 3B:E1:8B:4D:13:86: .[0m
[34m2026-02-02 19:40:08,622   | DEBUG    | Received 4D:14:8E:78:81:C0: .[0m
[34m2026-02-02 19:40:08,728   | DEBUG    | Received 70:ED:CA:E8:31:16: .[0m
[34m2026-02-02 19:40:08,731   | DEBUG    | Received 76:F5:60:DB:7C:BA: .[0m
[34m2026-02-02 19:40:08,733   | DEBUG    | Received 76:F5:60:DB:7C:BA: .[0m
[34m2026-02-02 19:40:08,734   | DEBUG    | Received D4:FE:41:68:CC:F0: .[0m
[34m2026-02-02 19:40:08,736   | DEBUG    | Received D4:FE:41:68:CC:F0: .[0m
[34m2026-02-02 19:40:08,739   | DEBUG    | Received CD:89:AF:2D:2B:2B: .[0m
[34m2026-02-02 19:40:08,741   | DEBUG    | Received CD:89:AF:2D:2B:2B: BioCoin.[0m
[34m2026-02-02 19:40:08,742   | DEBUG    | Received 90:DE:80:E1:90:28: .[0m
[34m2026-02-02 19:40:08,744   | DEBUG    | Received 1B:1E:F2:1E:77:A7: .[0m
[34m2026-02-02 19:40:08,746   | DEBUG    | Received 1D:5B:76:BF:51:C7: .[0m
[34m2026-02-02 19:40:08,846   | DEBUG    | Received 0A:85:00:3B:A6:BC: .[0m
[34m2026-02-02 19:40:08,849   | DEBUG    | Received 84:C0:EF:0A:5E:7B: .[0m
[34m2026-02-02 19:40:08,851   | DEBUG    | Received 84:C0:EF:0A:5E:7B: [TV]Hall office TV.[0m
[34m2026-02-02 19:40:08,854   | DEBUG    | Received 41:FD:0A:72:60:56: .[0m
[34m2026-02-02 19:40:08,855   | DEBUG    | Received 41:FD:0A:72:60:56: .[0m
[34m2026-02-02 19:40:08,861   | DEBUG    | Received D4:FE:41:68:CC:F0: .[0m
[34m2026-02-02 19:40:08,965   | DEBUG    | Received 90:DE:80:99:19:CC: .[0m
[34m2026-02-02 19:40:08,967   | DEBUG    | Received 3B:E1:8B:4D:13:86: .[0m
[34m2026-02-02 19:40:08,968   | DEBUG    | Received D6:E6:53:AC:8D:16: .[0m
[34m2026-02-02 19:40:08,970   | DEBUG    | Received CD:59:91:E6:81:05: .[0m
[34m2026-02-02 19:40:08,980   | DEBUG    | Received CD:89:AF:2D:2B:2B: .[0m
[34m2026-02-02 19:40:08,982   | DEBUG    | Received CD:89:AF:2D:2B:2B: BioCoin.[0m
[34m2026-02-02 19:40:08,983   | DEBUG    | Received 4E:B6:60:1B:4F:49: .[0m
[34m2026-02-02 19:40:09,094   | DEBUG    | Received 2D:09:76:89:A8:6D: .[0m
[34m2026-02-02 19:40:09,097   | DEBUG    | Received 20:61:98:92:2F:7C: .[0m
[34m2026-02-02 19:40:09,111   | DEBUG    | Received 90:DE:80:E1:72:A4: .[0m
[34m2026-02-02 19:40:09,116   | DEBUG    | Received 90:DE:80:99:18:82: .[0m
[34m2026-02-02 19:40:09,172   | DEBUG    | 55 devices found. Watcher status: <BluetoothLEAdvertisementWatcherStatus.STOPPED: 3>.[0m
[34m2026-02-02 19:40:09,172   | DEBUG    | 	Device: Unknown (11:B9:A6:DF:91:3E) | UUIDs: [][0m
[34m2026-02-02 19:40:09,172   | DEBUG    | 	Device: Unknown (2D:09:76:89:A8:6D) | UUIDs: [][0m
[34m2026-02-02 19:40:09,172   | DEBUG    | 	Device: Unknown (D4:FE:41:68:CC:F0) | UUIDs: [][0m
[34m2026-02-02 19:40:09,172   | DEBUG    | 	Device: Unknown (4C:C1:FF:47:68:42) | UUIDs: [][0m
[34m2026-02-02 19:40:09,173   | DEBUG    | 	Device: BioCoin (CD:89:AF:2D:2B:2B) | UUIDs: ['00001523-1212-efde-1523-785feabc93aa'][0m
[34m2026-02-02 19:40:09,173   | DEBUG    | 	Device: Unknown (0F:C6:2B:FE:F4:5A) | UUIDs: [][0m
[34m2026-02-02 19:40:09,173   | DEBUG    | 	Device: Unknown (3B:E1:8B:4D:13:86) | UUIDs: [][0m
[34m2026-02-02 19:40:09,173   | DEBUG    | 	Device: Unknown (54:0D:D0:4A:F2:85) | UUIDs: [][0m
[34m2026-02-02 19:40:09,173   | DEBUG    | 	Device: [TV]Hall office TV (84:C0:EF:0A:5E:7B) | UUIDs: [][0m
[34m2026-02-02 19:40:09,173   | DEBUG    | 	Device: Unknown (00:E0:4C:23:99:87) | UUIDs: [][0m
[34m2026-02-02 19:40:09,173   | DEBUG    | 	Device: Unknown (61:3B:88:16:37:42) | UUIDs: [][0m
[34m2026-02-02 19:40:09,173   | DEBUG    | 	Device: Unknown (41:FD:0A:72:60:56) | UUIDs: [][0m
[34m2026-02-02 19:40:09,173   | DEBUG    | 	Device: classic300s (C8:2E:18:CF:ED:52) | UUIDs: [][0m
[34m2026-02-02 19:40:09,173   | DEBUG    | 	Device: Unknown (20:61:98:92:2F:7C) | UUIDs: [][0m
[34m2026-02-02 19:40:09,173   | DEBUG    | 	Device: Unknown (90:DE:80:E1:81:C6) | UUIDs: [][0m
[34m2026-02-02 19:40:09,173   | DEBUG    | 	Device: Unknown (0A:85:00:3B:A6:BC) | UUIDs: [][0m
[34m2026-02-02 19:40:09,173   | DEBUG    | 	Device: Unknown (90:DE:80:99:19:CC) | UUIDs: [][0m
[34m2026-02-02 19:40:09,173   | DEBUG    | 	Device: Unknown (1B:1E:F2:1E:77:A7) | UUIDs: [][0m
[34m2026-02-02 19:40:09,173   | DEBUG    | 	Device: Unknown (4A:12:0B:01:6E:0D) | UUIDs: [][0m
[34m2026-02-02 19:40:09,173   | DEBUG    | 	Device: Unknown (0E:E5:1A:57:6D:ED) | UUIDs: [][0m
[34m2026-02-02 19:40:09,173   | DEBUG    | 	Device: Unknown (90:DE:80:E1:73:6A) | UUIDs: [][0m
[34m2026-02-02 19:40:09,173   | DEBUG    | 	Device: Unknown (5D:EB:05:9F:AB:92) | UUIDs: [][0m
[34m2026-02-02 19:40:09,173   | DEBUG    | 	Device: Unknown (5C:D7:90:04:76:3D) | UUIDs: [][0m
[34m2026-02-02 19:40:09,173   | DEBUG    | 	Device: Unknown (0A:ED:37:F3:19:DA) | UUIDs: [][0m
[34m2026-02-02 19:40:09,173   | DEBUG    | 	Device: Unknown (90:DE:80:E1:90:28) | UUIDs: [][0m
[34m2026-02-02 19:40:09,173   | DEBUG    | 	Device: Unknown (54:9F:7B:7E:04:D2) | UUIDs: [][0m
[34m2026-02-02 19:40:09,173   | DEBUG    | 	Device: Unknown (15:3C:EF:DE:FA:6F) | UUIDs: [][0m
[34m2026-02-02 19:40:09,173   | DEBUG    | 	Device: Unknown (4E:B6:60:1B:4F:49) | UUIDs: [][0m
[34m2026-02-02 19:40:09,173   | DEBUG    | 	Device: Unknown (69:97:D5:E7:73:79) | UUIDs: [][0m
[34m2026-02-02 19:40:09,173   | DEBUG    | 	Device: Unknown (5E:9E:4D:1D:0A:0E) | UUIDs: [][0m
[34m2026-02-02 19:40:09,173   | DEBUG    | 	Device: Unknown (68:06:4B:B9:B6:9B) | UUIDs: [][0m
[34m2026-02-02 19:40:09,173   | DEBUG    | 	Device: Unknown (2F:DD:8F:9E:5D:59) | UUIDs: [][0m
[34m2026-02-02 19:40:09,173   | DEBUG    | 	Device: Unknown (16:5F:79:42:6F:08) | UUIDs: [][0m
[34m2026-02-02 19:40:09,173   | DEBUG    | 	Device: Unknown (53:E0:3E:BD:5D:06) | UUIDs: [][0m
[34m2026-02-02 19:40:09,173   | DEBUG    | 	Device: Unknown (6D:04:87:48:8E:82) | UUIDs: [][0m
[34m2026-02-02 19:40:09,173   | DEBUG    | 	Device: Unknown (11:00:4C:EF:D3:0F) | UUIDs: [][0m
[34m2026-02-02 19:40:09,173   | DEBUG    | 	Device: Unknown (4D:14:8E:78:81:C0) | UUIDs: [][0m
[34m2026-02-02 19:40:09,174   | DEBUG    | 	Device: Unknown (70:ED:CA:E8:31:16) | UUIDs: [][0m
[34m2026-02-02 19:40:09,174   | DEBUG    | 	Device: Unknown (90:DE:80:99:19:18) | UUIDs: [][0m
[34m2026-02-02 19:40:09,174   | DEBUG    | 	Device: Unknown (3A:FE:26:0E:D5:1F) | UUIDs: [][0m
[34m2026-02-02 19:40:09,174   | DEBUG    | 	Device: Unknown (E2:43:B8:5B:34:08) | UUIDs: [][0m
[34m2026-02-02 19:40:09,174   | DEBUG    | 	Device: Unknown (DF:AC:E9:57:A1:84) | UUIDs: [][0m
[34m2026-02-02 19:40:09,174   | DEBUG    | 	Device: Unknown (90:DE:80:99:18:82) | UUIDs: [][0m
[34m2026-02-02 19:40:09,174   | DEBUG    | 	Device: Unknown (61:9A:8B:EE:F0:7D) | UUIDs: [][0m
[34m2026-02-02 19:40:09,174   | DEBUG    | 	Device: Unknown (6D:7E:A5:A6:DD:2E) | UUIDs: [][0m
[34m2026-02-02 19:40:09,174   | DEBUG    | 	Device: Hotline Miami (0D:E0:04:14:EC:F7) | UUIDs: [][0m
[34m2026-02-02 19:40:09,174   | DEBUG    | 	Device: Unknown (CD:59:91:E6:81:05) | UUIDs: [][0m
[34m2026-02-02 19:40:09,174   | DEBUG    | 	Device: Unknown (66:A7:68:D6:59:23) | UUIDs: [][0m
[34m2026-02-02 19:40:09,174   | DEBUG    | 	Device: Unknown (6A:25:EF:84:3B:7B) | UUIDs: ['0000febe-0000-1000-8000-00805f9b34fb'][0m
[34m2026-02-02 19:40:09,174   | DEBUG    | 	Device: Fellow Aiden D5DC (1C:69:20:85:D5:DE) | UUIDs: ['0000ffff-0000-1000-8000-00805f9b34fb'][0m
[34m2026-02-02 19:40:09,174   | DEBUG    | 	Device: Unknown (74:F6:05:B0:54:FD) | UUIDs: [][0m
[34m2026-02-02 19:40:09,174   | DEBUG    | 	Device: Unknown (76:F5:60:DB:7C:BA) | UUIDs: [][0m
[34m2026-02-02 19:40:09,174   | DEBUG    | 	Device: Unknown (1D:5B:76:BF:51:C7) | UUIDs: [][0m
[34m2026-02-02 19:40:09,174   | DEBUG    | 	Device: Unknown (D6:E6:53:AC:8D:16) | UUIDs: [][0m
[34m2026-02-02 19:40:09,174   | DEBUG    | 	Device: Unknown (90:DE:80:E1:72:A4) | UUIDs: [][0m
2026-02-02 19:40:09,174   | INFO     | Found BioCoin device at CD:89:AF:2D:2B:2B![0m
[34m2026-02-02 19:40:09,213   | DEBUG    | Received 0E:E5:1A:57:6D:ED: .[0m
[34m2026-02-02 19:40:09,219   | DEBUG    | Received CD:89:AF:2D:2B:2B: .[0m
[34m2026-02-02 19:40:09,221   | DEBUG    | 2 devices found. Watcher status: <BluetoothLEAdvertisementWatcherStatus.STOPPED: 3>.[0m
[34m2026-02-02 19:40:09,221   | DEBUG    | Received CD:89:AF:2D:2B:2B: BioCoin.[0m
[34m2026-02-02 19:40:09,221   | DEBUG    | Connecting to BLE device @ CD:89:AF:2D:2B:2B[0m
[34m2026-02-02 19:40:09,316   | DEBUG    | getting services (service_cache_mode=None, cache_mode=None)...[0m
[34m2026-02-02 19:40:09,395   | DEBUG    | session_status_changed_event_handler: id: BluetoothLE#BluetoothLE2c:6d:c1:90:b4:0f-cd:89:af:2d:2b:2b, error: <BluetoothError.SUCCESS: 0>, status: <GattSessionStatus.ACTIVE: 1>[0m
[34m2026-02-02 19:40:09,533   | DEBUG    | max_pdu_size_changed_handler: 247[0m
[34m2026-02-02 19:40:09,624   | DEBUG    | CD:89:AF:2D:2B:2B: services changed[0m
[34m2026-02-02 19:40:09,992   | DEBUG    | CD:89:AF:2D:2B:2B: services changed[0m
2026-02-02 19:40:10,377   | INFO     | Connected to BioCoin device at CD:89:AF:2D:2B:2B.[0m
[34m2026-02-02 19:40:10,392   | DEBUG    | Read Characteristic 0022 : bytearray(b'd')[0m
2026-02-02 19:40:10,393   | INFO     | Battery Level: 100%[0m
2026-02-02 19:40:10,393   | INFO     | Sending IMP technique parameters...[0m
[34m2026-02-02 19:40:11,427   | DEBUG    | Read Characteristic 0026 : bytearray(b'\x00')[0m
[34m2026-02-02 19:40:11,427   | DEBUG    | Device status read: NOT_RUNNING (0)[0m
2026-02-02 19:40:11,449   | INFO     | Notification handler registered successfully.[0m
2026-02-02 19:40:22,735   | INFO     | Received 0 data points from IMP.[0m
2026-02-02 19:40:22,736   | INFO     | Imp Data:
 [][0m
[34m2026-02-02 19:40:22,736   | DEBUG    | Disconnecting from BLE device...[0m
[34m2026-02-02 19:40:25,958   | DEBUG    | max_pdu_size_changed_handler: 23[0m
[34m2026-02-02 19:40:25,958   | DEBUG    | session_status_changed_event_handler: id: BluetoothLE#BluetoothLE2c:6d:c1:90:b4:0f-cd:89:af:2d:2b:2b, error: <BluetoothError.SUCCESS: 0>, status: <GattSessionStatus.CLOSED: 0>[0m
[34m2026-02-02 19:40:25,959   | DEBUG    | closing requester[0m
[34m2026-02-02 19:40:25,959   | DEBUG    | closing session[0m
2026-02-02 19:40:25,960   | INFO     | Disconnected from BioCoin device.[0m
