2025-12-03 15:27:02,155   | INFO     | BioCoin Test Script[0m
2025-12-03 15:27:02,155   | INFO     | Searching for the BioCoin device named "Biocoin"...[0m
2025-12-03 15:27:02,156   | INFO     | Scanning for devices...[0m
[34m2025-12-03 15:27:02,574   | DEBUG    | Received 47:3D:1D:7E:38:8A: .[0m
[34m2025-12-03 15:27:02,661   | DEBUG    | Received 47:3D:1D:7E:38:8A: .[0m
[34m2025-12-03 15:27:02,661   | DEBUG    | Received F2:2C:52:61:FC:6A: .[0m
[34m2025-12-03 15:27:02,662   | DEBUG    | Received F2:2C:52:61:FC:6A: BioCoin.[0m
[34m2025-12-03 15:27:02,681   | DEBUG    | Received 61:E2:29:6B:CB:22: .[0m
[34m2025-12-03 15:27:02,682   | DEBUG    | Received 61:E2:29:6B:CB:22: .[0m
[34m2025-12-03 15:27:03,395   | DEBUG    | Received F2:2C:52:61:FC:6A: .[0m
[34m2025-12-03 15:27:03,397   | DEBUG    | Received F2:2C:52:61:FC:6A: BioCoin.[0m
[34m2025-12-03 15:27:03,400   | DEBUG    | Received 68:FC:CA:05:66:49: .[0m
[34m2025-12-03 15:27:03,516   | DEBUG    | Received 78:E5:F9:B4:5E:D6: .[0m
[34m2025-12-03 15:27:03,521   | DEBUG    | Received A8:51:AB:8B:CB:46: .[0m
[34m2025-12-03 15:27:03,526   | DEBUG    | Received A8:51:AB:8B:CB:46: .[0m
[34m2025-12-03 15:27:04,335   | DEBUG    | Received E5:D9:E8:1C:10:F5: .[0m
[34m2025-12-03 15:27:04,339   | DEBUG    | Received E5:D9:E8:1C:10:F5: .[0m
[34m2025-12-03 15:27:04,822   | DEBUG    | Received A8:51:AB:8B:CB:46: .[0m
[34m2025-12-03 15:27:04,823   | DEBUG    | Received A8:51:AB:8B:CB:46: .[0m
[34m2025-12-03 15:27:04,937   | DEBUG    | Received 68:FC:CA:05:66:49: .[0m
[34m2025-12-03 15:27:05,165   | DEBUG    | Received 61:E2:29:6B:CB:22: .[0m
[34m2025-12-03 15:27:05,166   | DEBUG    | Received 61:E2:29:6B:CB:22: .[0m
[34m2025-12-03 15:27:06,004   | DEBUG    | Received 61:E2:29:6B:CB:22: .[0m
[34m2025-12-03 15:27:06,006   | DEBUG    | Received 61:E2:29:6B:CB:22: .[0m
[34m2025-12-03 15:27:06,128   | DEBUG    | Received A8:51:AB:8B:CB:46: .[0m
[34m2025-12-03 15:27:06,130   | DEBUG    | Received A8:51:AB:8B:CB:46: .[0m
[34m2025-12-03 15:27:06,600   | DEBUG    | Received 28:AF:42:22:8D:3B: .[0m
[34m2025-12-03 15:27:06,722   | DEBUG    | Received 7A:E2:10:D8:BF:32: .[0m
[34m2025-12-03 15:27:06,959   | DEBUG    | Received DB:96:FF:41:4D:B2: .[0m
[34m2025-12-03 15:27:07,434   | DEBUG    | 10 devices found. Watcher status: <BluetoothLEAdvertisementWatcherStatus.STOPPED: 3>.[0m
[34m2025-12-03 15:27:07,435   | DEBUG    | 	Device: Unknown (47:3D:1D:7E:38:8A) | UUIDs: [][0m
[34m2025-12-03 15:27:07,435   | DEBUG    | 	Device: BioCoin (F2:2C:52:61:FC:6A) | UUIDs: ['00001523-1212-efde-1523-785feabc93aa'][0m
[34m2025-12-03 15:27:07,435   | DEBUG    | 	Device: Unknown (61:E2:29:6B:CB:22) | UUIDs: [][0m
[34m2025-12-03 15:27:07,435   | DEBUG    | 	Device: Unknown (68:FC:CA:05:66:49) | UUIDs: [][0m
[34m2025-12-03 15:27:07,435   | DEBUG    | 	Device: Unknown (78:E5:F9:B4:5E:D6) | UUIDs: [][0m
[34m2025-12-03 15:27:07,435   | DEBUG    | 	Device: Unknown (A8:51:AB:8B:CB:46) | UUIDs: [][0m
[34m2025-12-03 15:27:07,435   | DEBUG    | 	Device: Unknown (E5:D9:E8:1C:10:F5) | UUIDs: [][0m
[34m2025-12-03 15:27:07,435   | DEBUG    | 	Device: Unknown (28:AF:42:22:8D:3B) | UUIDs: [][0m
[34m2025-12-03 15:27:07,435   | DEBUG    | 	Device: Unknown (7A:E2:10:D8:BF:32) | UUIDs: [][0m
[34m2025-12-03 15:27:07,435   | DEBUG    | 	Device: Unknown (DB:96:FF:41:4D:B2) | UUIDs: [][0m
2025-12-03 15:27:07,435   | INFO     | Found BioCoin device at F2:2C:52:61:FC:6A![0m
[34m2025-12-03 15:27:07,572   | DEBUG    | Received 68:FC:CA:05:66:49: .[0m
[34m2025-12-03 15:27:08,056   | DEBUG    | Received F9:B6:CB:9B:58:DA: .[0m
[34m2025-12-03 15:27:08,173   | DEBUG    | Received A8:51:AB:8B:CB:46: .[0m
[34m2025-12-03 15:27:08,174   | DEBUG    | Received A8:51:AB:8B:CB:46: .[0m
[34m2025-12-03 15:27:08,297   | DEBUG    | Received F2:2C:52:61:FC:6A: .[0m
[34m2025-12-03 15:27:08,300   | DEBUG    | Received F2:2C:52:61:FC:6A: BioCoin.[0m
[34m2025-12-03 15:27:08,300   | DEBUG    | 4 devices found. Watcher status: <BluetoothLEAdvertisementWatcherStatus.STOPPED: 3>.[0m
[34m2025-12-03 15:27:08,301   | DEBUG    | Connecting to BLE device @ F2:2C:52:61:FC:6A[0m
[34m2025-12-03 15:27:08,359   | DEBUG    | getting services (service_cache_mode=None, cache_mode=None)...[0m
[34m2025-12-03 15:27:09,443   | DEBUG    | session_status_changed_event_handler: id: BluetoothLE#BluetoothLEfc:b0:de:31:dc:fe-f2:2c:52:61:fc:6a, error: <BluetoothError.SUCCESS: 0>, status: <GattSessionStatus.ACTIVE: 1>[0m
[34m2025-12-03 15:27:09,527   | DEBUG    | max_pdu_size_changed_handler: 247[0m
[34m2025-12-03 15:27:09,822   | DEBUG    | F2:2C:52:61:FC:6A: services changed[0m
[34m2025-12-03 15:27:13,291   | DEBUG    | F2:2C:52:61:FC:6A: services changed[0m
2025-12-03 15:27:16,888   | INFO     | Connected to BioCoin device at F2:2C:52:61:FC:6A.[0m
[34m2025-12-03 15:27:17,089   | DEBUG    | Read Characteristic 0022 : bytearray(b'd')[0m
2025-12-03 15:27:17,090   | INFO     | Battery Level: 100%[0m
2025-12-03 15:27:17,091   | INFO     | Sending SWV technique parameters...[0m
[34m2025-12-03 15:27:18,589   | DEBUG    | Read Characteristic 0026 : bytearray(b'\x03')[0m
[34m2025-12-03 15:27:18,589   | DEBUG    | Device status read: ERROR (3)[0m
2025-12-03 15:27:18,787   | INFO     | Notification handler registered successfully.[0m
[34m2025-12-03 15:27:19,186   | DEBUG    | Read Characteristic 0026 : bytearray(b'\x03')[0m
[34m2025-12-03 15:27:19,186   | DEBUG    | Device status read: ERROR (3)[0m
2025-12-03 15:27:19,489   | INFO     | Received 0 data points from SWV.[0m
[31m2025-12-03 15:27:19,492   | ERROR    | all the input array dimensions except for the concatenation axis must match exactly, but along dimension 0, the array at index 0 has size 3 and the array at index 1 has size 0
Traceback (most recent call last):
  File "e:\Dropbox\Work in Progress\Research Projects\BioCoin\Design (on Repo)\software\src\main.py", line 140, in main
    SWV_data = await SWV.run()
               ^^^^^^^^^^^^^^^
  File "e:\Dropbox\Work in Progress\Research Projects\BioCoin\Design (on Repo)\software\src\biocoin\techniques\SWV.py", line 208, in run
    return np.column_stack((self.V, diffs))
           ~~~~~~~~~~~~~~~^^^^^^^^^^^^^^^^^
  File "e:\Dropbox\Work in Progress\Research Projects\BioCoin\Design (on Repo)\software\.venv\Lib\site-packages\numpy\lib\_shape_base_impl.py", line 669, in column_stack
    return _nx.concatenate(arrays, 1)
           ~~~~~~~~~~~~~~~^^^^^^^^^^^
ValueError: all the input array dimensions except for the concatenation axis must match exactly, but along dimension 0, the array at index 0 has size 3 and the array at index 1 has size 0[0m
[34m2025-12-03 15:27:19,519   | DEBUG    | Disconnecting from BLE device...[0m
[34m2025-12-03 15:27:22,690   | DEBUG    | max_pdu_size_changed_handler: 23[0m
[34m2025-12-03 15:27:22,691   | DEBUG    | session_status_changed_event_handler: id: BluetoothLE#BluetoothLEfc:b0:de:31:dc:fe-f2:2c:52:61:fc:6a, error: <BluetoothError.SUCCESS: 0>, status: <GattSessionStatus.CLOSED: 0>[0m
[34m2025-12-03 15:27:22,692   | DEBUG    | closing requester[0m
[34m2025-12-03 15:27:22,693   | DEBUG    | closing session[0m
2025-12-03 15:27:22,696   | INFO     | Disconnected from BioCoin device.[0m
