2026-02-16 14:58:51,144   | INFO     | BioCoin Test Script[0m
2026-02-16 14:58:51,144   | INFO     | Searching for the BioCoin device named "Biocoin"...[0m
2026-02-16 14:58:51,145   | INFO     | Scanning for devices...[0m
[34m2026-02-16 14:58:51,309   | DEBUG    | Received CA:93:7B:2F:13:28: .[0m
[34m2026-02-16 14:58:51,314   | DEBUG    | Received CA:93:7B:2F:13:28: .[0m
[34m2026-02-16 14:58:51,317   | DEBUG    | Received 5C:F9:20:8E:32:DC: .[0m
[34m2026-02-16 14:58:51,318   | DEBUG    | Received 5C:F9:20:8E:32:DC: .[0m
[34m2026-02-16 14:58:51,322   | DEBUG    | Received 03:0F:4C:E3:4C:E9: .[0m
[34m2026-02-16 14:58:51,333   | DEBUG    | Received 13:80:AC:9B:3B:F6: .[0m
[34m2026-02-16 14:58:51,333   | DEBUG    | Received 84:C0:EF:0A:5E:7B: .[0m
[34m2026-02-16 14:58:51,421   | DEBUG    | Received 90:DE:80:99:19:18: .[0m
[34m2026-02-16 14:58:51,424   | DEBUG    | Received 75:A0:8F:EE:61:D3: .[0m
[34m2026-02-16 14:58:51,428   | DEBUG    | Received 4D:03:F6:56:9E:74: .[0m
[34m2026-02-16 14:58:51,430   | DEBUG    | Received 08:AC:47:67:04:0C: .[0m
[34m2026-02-16 14:58:51,432   | DEBUG    | Received 84:C0:EF:0A:5E:7B: .[0m
[34m2026-02-16 14:58:51,541   | DEBUG    | Received 23:61:9E:90:19:ED: .[0m
[34m2026-02-16 14:58:51,544   | DEBUG    | Received 84:C0:EF:0A:5E:7B: .[0m
[34m2026-02-16 14:58:51,546   | DEBUG    | Received 84:C0:EF:0A:5E:7B: [TV]Hall office TV.[0m
[34m2026-02-16 14:58:51,551   | DEBUG    | Received 1B:AC:E6:61:85:3B: .[0m
[34m2026-02-16 14:58:51,557   | DEBUG    | Received 62:2A:6B:C4:93:D9: .[0m
[34m2026-02-16 14:58:51,558   | DEBUG    | Received 62:2A:6B:C4:93:D9: .[0m
[34m2026-02-16 14:58:51,566   | DEBUG    | Received 2A:D4:15:1D:D0:D2: .[0m
[34m2026-02-16 14:58:51,570   | DEBUG    | Received 90:DE:80:E1:72:A4: .[0m
[34m2026-02-16 14:58:51,572   | DEBUG    | Received 90:DE:80:2C:2E:10: .[0m
[34m2026-02-16 14:58:51,574   | DEBUG    | Received 55:3C:78:1E:74:59: .[0m
[34m2026-02-16 14:58:51,666   | DEBUG    | Received 90:DE:80:99:19:CC: .[0m
[34m2026-02-16 14:58:51,672   | DEBUG    | Received 3A:3D:C5:59:F8:CB: .[0m
[34m2026-02-16 14:58:51,678   | DEBUG    | Received 7F:7A:62:7C:9A:5B: .[0m
[34m2026-02-16 14:58:51,679   | DEBUG    | Received 7F:7A:62:7C:9A:5B: .[0m
[34m2026-02-16 14:58:51,778   | DEBUG    | Received 90:DE:80:99:19:CC: .[0m
[34m2026-02-16 14:58:51,779   | DEBUG    | Received 3A:3D:C5:59:F8:CB: .[0m
[34m2026-02-16 14:58:51,788   | DEBUG    | Received 84:C0:EF:0A:5E:7B: .[0m
[34m2026-02-16 14:58:51,790   | DEBUG    | Received 84:C0:EF:0A:5E:7B: [TV]Hall office TV.[0m
[34m2026-02-16 14:58:51,792   | DEBUG    | Received 09:34:D4:8A:1E:5A: .[0m
[34m2026-02-16 14:58:51,796   | DEBUG    | Received 90:DE:80:E1:73:6A: .[0m
[34m2026-02-16 14:58:51,799   | DEBUG    | Received 75:A0:8F:EE:61:D3: .[0m
[34m2026-02-16 14:58:51,801   | DEBUG    | Received 7A:30:B9:85:26:9E: .[0m
[34m2026-02-16 14:58:51,803   | DEBUG    | Received 7A:30:B9:85:26:9E: .[0m
[34m2026-02-16 14:58:51,805   | DEBUG    | Received 1A:29:C2:32:01:CB: .[0m
[34m2026-02-16 14:58:51,808   | DEBUG    | Received CD:89:AF:2D:2B:2B: .[0m
[34m2026-02-16 14:58:51,809   | DEBUG    | Received CD:89:AF:2D:2B:2B: BioCoin.[0m
[34m2026-02-16 14:58:51,896   | DEBUG    | Received 09:34:D4:8A:1E:5A: .[0m
[34m2026-02-16 14:58:51,904   | DEBUG    | Received 4A:6A:D3:38:21:AD: .[0m
[34m2026-02-16 14:58:51,906   | DEBUG    | Received 4A:6A:D3:38:21:AD: JBL Wave Beam 2-GFP.[0m
[34m2026-02-16 14:58:51,908   | DEBUG    | Received 6A:C8:36:F6:58:C9: .[0m
[34m2026-02-16 14:58:51,910   | DEBUG    | Received 1A:29:C2:32:01:CB: .[0m
[34m2026-02-16 14:58:51,913   | DEBUG    | Received 57:07:D2:C8:0D:3E: .[0m
[34m2026-02-16 14:58:51,914   | DEBUG    | Received 57:07:D2:C8:0D:3E: .[0m
[34m2026-02-16 14:58:51,920   | DEBUG    | Received F7:93:C5:85:7D:0A: .[0m
[34m2026-02-16 14:58:51,921   | DEBUG    | Received F7:93:C5:85:7D:0A: .[0m
[34m2026-02-16 14:58:51,924   | DEBUG    | Received 5B:C9:7E:10:22:BB: .[0m
[34m2026-02-16 14:58:51,926   | DEBUG    | Received 5B:C9:7E:10:22:BB: .[0m
[34m2026-02-16 14:58:51,927   | DEBUG    | Received 84:C0:EF:0A:5E:7B: .[0m
[34m2026-02-16 14:58:51,929   | DEBUG    | Received 84:C0:EF:0A:5E:7B: [TV]Hall office TV.[0m
[34m2026-02-16 14:58:51,931   | DEBUG    | Received 1C:69:20:85:D5:DE: Fellow Aiden D5DC.[0m
[34m2026-02-16 14:58:52,013   | DEBUG    | Received 1A:29:C2:32:01:CB: .[0m
[34m2026-02-16 14:58:52,022   | DEBUG    | Received 84:C0:EF:0A:5E:7B: .[0m
[34m2026-02-16 14:58:52,024   | DEBUG    | Received 84:C0:EF:0A:5E:7B: [TV]Hall office TV.[0m
[34m2026-02-16 14:58:52,140   | DEBUG    | Received 5C:F9:20:8E:32:DC: .[0m
[34m2026-02-16 14:58:52,141   | DEBUG    | Received 5C:F9:20:8E:32:DC: .[0m
[34m2026-02-16 14:58:52,149   | DEBUG    | Received 68:3B:2F:D4:CA:2C: .[0m
[34m2026-02-16 14:58:52,262   | DEBUG    | Received 13:80:AC:9B:3B:F6: .[0m
[34m2026-02-16 14:58:52,266   | DEBUG    | Received 58:B8:8A:09:F0:01: .[0m
[34m2026-02-16 14:58:52,268   | DEBUG    | Received 58:B8:8A:09:F0:01: .[0m
[34m2026-02-16 14:58:52,270   | DEBUG    | Received 1B:AC:E6:61:85:3B: .[0m
[34m2026-02-16 14:58:52,376   | DEBUG    | Received 84:C0:EF:0A:5E:7B: .[0m
[34m2026-02-16 14:58:52,379   | DEBUG    | Received 84:C0:EF:0A:5E:7B: [TV]Hall office TV.[0m
[34m2026-02-16 14:58:52,387   | DEBUG    | Received 23:61:9E:90:19:ED: .[0m
[34m2026-02-16 14:58:52,488   | DEBUG    | Received 23:61:9E:90:19:ED: .[0m
[34m2026-02-16 14:58:52,492   | DEBUG    | Received 90:DE:80:E1:90:28: .[0m
[34m2026-02-16 14:58:52,495   | DEBUG    | Received 3D:65:62:F9:99:7F: .[0m
[34m2026-02-16 14:58:52,497   | DEBUG    | Received 07:39:EA:35:97:32: .[0m
[34m2026-02-16 14:58:52,499   | DEBUG    | Received 62:2A:6B:C4:93:D9: .[0m
[34m2026-02-16 14:58:52,502   | DEBUG    | Received 55:3C:78:1E:74:59: .[0m
[34m2026-02-16 14:58:52,504   | DEBUG    | Received 55:3C:78:1E:74:59: .[0m
[34m2026-02-16 14:58:52,605   | DEBUG    | Received 16:5F:79:42:6F:08: .[0m
[34m2026-02-16 14:58:52,616   | DEBUG    | Received 79:60:B7:CF:19:2A: .[0m
[34m2026-02-16 14:58:52,623   | DEBUG    | Received 90:DE:80:2C:2E:10: .[0m
[34m2026-02-16 14:58:52,625   | DEBUG    | Received 3A:3D:C5:59:F8:CB: .[0m
[34m2026-02-16 14:58:52,633   | DEBUG    | Received CD:89:AF:2D:2B:2B: .[0m
[34m2026-02-16 14:58:52,634   | DEBUG    | Received CD:89:AF:2D:2B:2B: BioCoin.[0m
[34m2026-02-16 14:58:52,721   | DEBUG    | Received FD:F5:D1:84:9F:62: .[0m
[34m2026-02-16 14:58:52,722   | DEBUG    | Received FD:F5:D1:84:9F:62: .[0m
[34m2026-02-16 14:58:52,731   | DEBUG    | Received 75:A0:8F:EE:61:D3: .[0m
[34m2026-02-16 14:58:52,744   | DEBUG    | Received 1A:29:C2:32:01:CB: .[0m
[34m2026-02-16 14:58:52,846   | DEBUG    | Received 6A:C8:36:F6:58:C9: .[0m
[34m2026-02-16 14:58:52,849   | DEBUG    | Received 1A:29:C2:32:01:CB: .[0m
[34m2026-02-16 14:58:52,852   | DEBUG    | Received 6B:BE:1C:A0:78:73: .[0m
[34m2026-02-16 14:58:52,855   | DEBUG    | Received 2E:0B:D5:D9:2F:2B: .[0m
[34m2026-02-16 14:58:52,958   | DEBUG    | Received 6B:BE:1C:A0:78:73: .[0m
[34m2026-02-16 14:58:52,964   | DEBUG    | Received 5C:F9:20:8E:32:DC: .[0m
[34m2026-02-16 14:58:52,965   | DEBUG    | Received 5C:F9:20:8E:32:DC: .[0m
[34m2026-02-16 14:58:52,966   | DEBUG    | Received 2E:0B:D5:D9:2F:2B: .[0m
[34m2026-02-16 14:58:52,973   | DEBUG    | Received 84:C0:EF:0A:5E:7B: .[0m
[34m2026-02-16 14:58:52,974   | DEBUG    | Received 84:C0:EF:0A:5E:7B: [TV]Hall office TV.[0m
[34m2026-02-16 14:58:53,010   | DEBUG    | Received 84:C0:EF:0A:5E:7B: .[0m
[34m2026-02-16 14:58:53,012   | DEBUG    | Received 84:C0:EF:0A:5E:7B: [TV]Hall office TV.[0m
[34m2026-02-16 14:58:53,013   | DEBUG    | Received 47:81:79:EB:EB:1B: .[0m
[34m2026-02-16 14:58:53,078   | DEBUG    | Received 90:DE:80:E1:81:C6: .[0m
[34m2026-02-16 14:58:53,084   | DEBUG    | Received 68:3B:2F:D4:CA:2C: .[0m
[34m2026-02-16 14:58:53,088   | DEBUG    | Received 58:B8:8A:09:F0:01: .[0m
[34m2026-02-16 14:58:53,095   | DEBUG    | Received 08:AC:47:67:04:0C: .[0m
[34m2026-02-16 14:58:53,201   | DEBUG    | Received 03:0F:4C:E3:4C:E9: .[0m
[34m2026-02-16 14:58:53,204   | DEBUG    | Received 08:AC:47:67:04:0C: .[0m
[34m2026-02-16 14:58:53,212   | DEBUG    | Received 1B:AC:E6:61:85:3B: .[0m
[34m2026-02-16 14:58:53,215   | DEBUG    | Received 13:80:AC:9B:3B:F6: .[0m
[34m2026-02-16 14:58:53,313   | DEBUG    | Received CA:93:7B:2F:13:28: .[0m
[34m2026-02-16 14:58:53,314   | DEBUG    | Received CA:93:7B:2F:13:28: .[0m
[34m2026-02-16 14:58:53,318   | DEBUG    | Received 1B:AC:E6:61:85:3B: .[0m
[34m2026-02-16 14:58:53,321   | DEBUG    | Received 47:81:79:EB:EB:1B: .[0m
[34m2026-02-16 14:58:53,323   | DEBUG    | Received 3D:65:62:F9:99:7F: .[0m
[34m2026-02-16 14:58:53,327   | DEBUG    | Received 23:61:9E:90:19:ED: .[0m
[34m2026-02-16 14:58:53,331   | DEBUG    | Received 07:39:EA:35:97:32: .[0m
[34m2026-02-16 14:58:53,432   | DEBUG    | Received 77:50:85:BB:8B:FE: .[0m
[34m2026-02-16 14:58:53,433   | DEBUG    | Received 77:50:85:BB:8B:FE: .[0m
[34m2026-02-16 14:58:53,435   | DEBUG    | Received 79:60:B7:CF:19:2A: .[0m
[34m2026-02-16 14:58:53,443   | DEBUG    | Received D4:FE:41:68:CC:F0: .[0m
[34m2026-02-16 14:58:53,445   | DEBUG    | Received D4:FE:41:68:CC:F0: .[0m
[34m2026-02-16 14:58:53,453   | DEBUG    | Received 00:E0:4C:23:99:87: .[0m
[34m2026-02-16 14:58:53,570   | DEBUG    | Received 90:DE:80:E1:73:6A: .[0m
[34m2026-02-16 14:58:53,572   | DEBUG    | Received 3A:3D:C5:59:F8:CB: .[0m
[34m2026-02-16 14:58:53,574   | DEBUG    | Received 1A:29:C2:32:01:CB: .[0m
[34m2026-02-16 14:58:53,579   | DEBUG    | Received 1C:69:20:85:D5:DE: Fellow Aiden D5DC.[0m
[34m2026-02-16 14:58:53,581   | DEBUG    | Received 1C:69:20:85:D5:DE: .[0m
[34m2026-02-16 14:58:53,593   | DEBUG    | Received C5:A9:B8:AD:47:9B: .[0m
[34m2026-02-16 14:58:53,595   | DEBUG    | Received 6A:C8:36:F6:58:C9: .[0m
[34m2026-02-16 14:58:53,597   | DEBUG    | Received 2E:0B:D5:D9:2F:2B: .[0m
[34m2026-02-16 14:58:53,672   | DEBUG    | Received 90:DE:80:E1:73:6A: .[0m
[34m2026-02-16 14:58:53,688   | DEBUG    | Received 16:5F:79:42:6F:08: .[0m
[34m2026-02-16 14:58:53,793   | DEBUG    | Received 5C:F9:20:8E:32:DC: .[0m
[34m2026-02-16 14:58:53,795   | DEBUG    | Received 5C:F9:20:8E:32:DC: .[0m
[34m2026-02-16 14:58:53,910   | DEBUG    | Received 1C:69:20:85:D5:DE: Fellow Aiden D5DC.[0m
[34m2026-02-16 14:58:53,911   | DEBUG    | Received 1C:69:20:85:D5:DE: .[0m
[34m2026-02-16 14:58:53,913   | DEBUG    | Received 5A:79:06:0B:0A:DE: .[0m
[34m2026-02-16 14:58:53,915   | DEBUG    | Received 5A:79:06:0B:0A:DE: LE-Bose QuietComfort 45.[0m
[34m2026-02-16 14:58:53,916   | DEBUG    | Received 2E:0B:D5:D9:2F:2B: .[0m
[34m2026-02-16 14:58:53,923   | DEBUG    | Received F2:91:4C:FD:F2:68: .[0m
[34m2026-02-16 14:58:53,932   | DEBUG    | Received 08:AC:47:67:04:0C: .[0m
[34m2026-02-16 14:58:54,022   | DEBUG    | Received 03:0F:4C:E3:4C:E9: .[0m
[34m2026-02-16 14:58:54,028   | DEBUG    | Received 2A:D4:15:1D:D0:D2: .[0m
[34m2026-02-16 14:58:54,034   | DEBUG    | Received 08:AC:47:67:04:0C: .[0m
[34m2026-02-16 14:58:54,039   | DEBUG    | Received 22:C4:2F:23:E0:3A: .[0m
[34m2026-02-16 14:58:54,142   | DEBUG    | Received 08:AC:47:67:04:0C: .[0m
[34m2026-02-16 14:58:54,147   | DEBUG    | Received 55:3C:78:1E:74:59: .[0m
[34m2026-02-16 14:58:54,148   | DEBUG    | Received 55:3C:78:1E:74:59: .[0m
[34m2026-02-16 14:58:54,159   | DEBUG    | Received 23:61:9E:90:19:ED: .[0m
[34m2026-02-16 14:58:54,162   | DEBUG    | Received 84:C0:EF:0A:5E:7B: .[0m
[34m2026-02-16 14:58:54,163   | DEBUG    | Received 84:C0:EF:0A:5E:7B: [TV]Hall office TV.[0m
[34m2026-02-16 14:58:54,296   | DEBUG    | Received 37:85:74:DD:E1:53: .[0m
[34m2026-02-16 14:58:54,299   | DEBUG    | Received 3A:3D:C5:59:F8:CB: .[0m
[34m2026-02-16 14:58:54,300   | DEBUG    | Received 1A:29:C2:32:01:CB: .[0m
[34m2026-02-16 14:58:54,378   | DEBUG    | Received 84:C0:EF:0A:5E:7B: .[0m
[34m2026-02-16 14:58:54,380   | DEBUG    | Received 76:5D:5F:BA:8E:7F: .[0m
[34m2026-02-16 14:58:54,382   | DEBUG    | Received 62:2A:6B:C4:93:D9: .[0m
[34m2026-02-16 14:58:54,383   | DEBUG    | Received 62:2A:6B:C4:93:D9: .[0m
[34m2026-02-16 14:58:54,385   | DEBUG    | Received 6E:5E:23:61:D7:E7: .[0m
[34m2026-02-16 14:58:54,387   | DEBUG    | Received 07:39:EA:35:97:32: .[0m
[34m2026-02-16 14:58:54,389   | DEBUG    | Received 90:DE:80:E1:90:28: .[0m
[34m2026-02-16 14:58:54,391   | DEBUG    | Received 55:3C:78:1E:74:59: .[0m
[34m2026-02-16 14:58:54,393   | DEBUG    | Received 55:3C:78:1E:74:59: .[0m
[34m2026-02-16 14:58:54,396   | DEBUG    | Received 3A:24:CF:3E:EE:1A: .[0m
[34m2026-02-16 14:58:54,400   | DEBUG    | Received 5B:C9:7E:10:22:BB: .[0m
[34m2026-02-16 14:58:54,403   | DEBUG    | Received 90:DE:80:2C:2E:10: .[0m
[34m2026-02-16 14:58:54,408   | DEBUG    | Received 75:A0:8F:EE:61:D3: .[0m
[34m2026-02-16 14:58:54,410   | DEBUG    | Received 00:E0:4C:23:99:87: .[0m
[34m2026-02-16 14:58:54,503   | DEBUG    | Received 3A:3D:C5:59:F8:CB: .[0m
[34m2026-02-16 14:58:54,515   | DEBUG    | Received 1A:29:C2:32:01:CB: .[0m
[34m2026-02-16 14:58:54,613   | DEBUG    | Received 57:07:D2:C8:0D:3E: .[0m
[34m2026-02-16 14:58:54,615   | DEBUG    | Received 1A:29:C2:32:01:CB: .[0m
[34m2026-02-16 14:58:54,620   | DEBUG    | Received D4:FE:41:68:CC:F0: .[0m
[34m2026-02-16 14:58:54,622   | DEBUG    | Received 00:E0:4C:23:99:87: .[0m
[34m2026-02-16 14:58:54,730   | DEBUG    | Received FD:F5:D1:84:9F:62: .[0m
[34m2026-02-16 14:58:54,732   | DEBUG    | Received FD:F5:D1:84:9F:62: .[0m
[34m2026-02-16 14:58:54,744   | DEBUG    | Received 6B:BE:1C:A0:78:73: .[0m
[34m2026-02-16 14:58:54,749   | DEBUG    | Received 84:C0:EF:0A:5E:7B: .[0m
[34m2026-02-16 14:58:54,751   | DEBUG    | Received 84:C0:EF:0A:5E:7B: [TV]Hall office TV.[0m
[34m2026-02-16 14:58:54,755   | DEBUG    | Received 5B:8B:FC:B4:A2:5C: .[0m
[34m2026-02-16 14:58:54,758   | DEBUG    | Received 68:3B:2F:D4:CA:2C: .[0m
[34m2026-02-16 14:58:54,760   | DEBUG    | Received 90:DE:80:99:18:82: .[0m
[34m2026-02-16 14:58:54,849   | DEBUG    | Received 2E:0B:D5:D9:2F:2B: .[0m
[34m2026-02-16 14:58:54,852   | DEBUG    | Received 84:C0:EF:0A:5E:7B: .[0m
[34m2026-02-16 14:58:54,854   | DEBUG    | Received 84:C0:EF:0A:5E:7B: [TV]Hall office TV.[0m
[34m2026-02-16 14:58:54,859   | DEBUG    | Received 16:5F:79:42:6F:08: .[0m
[34m2026-02-16 14:58:54,863   | DEBUG    | Received 03:0F:4C:E3:4C:E9: .[0m
[34m2026-02-16 14:58:54,872   | DEBUG    | Received 84:C0:EF:0A:5E:7B: .[0m
[34m2026-02-16 14:58:54,874   | DEBUG    | Received 84:C0:EF:0A:5E:7B: [TV]Hall office TV.[0m
[34m2026-02-16 14:58:54,968   | DEBUG    | Received 03:0F:4C:E3:4C:E9: .[0m
[34m2026-02-16 14:58:54,973   | DEBUG    | Received 58:46:DF:CC:14:EB: .[0m
[34m2026-02-16 14:58:54,975   | DEBUG    | Received 58:46:DF:CC:14:EB: .[0m
[34m2026-02-16 14:58:54,977   | DEBUG    | Received 75:A0:8F:EE:61:D3: .[0m
[34m2026-02-16 14:58:54,986   | DEBUG    | Received 5A:79:06:0B:0A:DE: .[0m
[34m2026-02-16 14:58:54,988   | DEBUG    | Received 5A:79:06:0B:0A:DE: LE-Bose QuietComfort 45.[0m
[34m2026-02-16 14:58:54,989   | DEBUG    | Received 3D:65:62:F9:99:7F: .[0m
[34m2026-02-16 14:58:55,090   | DEBUG    | Received 79:60:B7:CF:19:2A: .[0m
[34m2026-02-16 14:58:55,093   | DEBUG    | Received CD:89:AF:2D:2B:2B: .[0m
[34m2026-02-16 14:58:55,095   | DEBUG    | Received CD:89:AF:2D:2B:2B: BioCoin.[0m
[34m2026-02-16 14:58:55,098   | DEBUG    | Received 23:61:9E:90:19:ED: .[0m
[34m2026-02-16 14:58:55,207   | DEBUG    | Received 32:06:15:61:E2:38: .[0m
[34m2026-02-16 14:58:55,214   | DEBUG    | Received 13:80:AC:9B:3B:F6: .[0m
[34m2026-02-16 14:58:55,216   | DEBUG    | Received 62:2A:6B:C4:93:D9: .[0m
[34m2026-02-16 14:58:55,217   | DEBUG    | Received 62:2A:6B:C4:93:D9: .[0m
[34m2026-02-16 14:58:55,220   | DEBUG    | Received D9:BC:93:B7:96:4A: .[0m
[34m2026-02-16 14:58:55,338   | DEBUG    | Received 09:34:D4:8A:1E:5A: .[0m
[34m2026-02-16 14:58:55,341   | DEBUG    | Received 3A:3D:C5:59:F8:CB: .[0m
[34m2026-02-16 14:58:55,349   | DEBUG    | Received 47:D3:BC:ED:60:C0: .[0m
[34m2026-02-16 14:58:55,351   | DEBUG    | Received 47:D3:BC:ED:60:C0: .[0m
[34m2026-02-16 14:58:55,354   | DEBUG    | Received 84:C0:EF:0A:5E:7B: .[0m
[34m2026-02-16 14:58:55,356   | DEBUG    | Received 84:C0:EF:0A:5E:7B: [TV]Hall office TV.[0m
[34m2026-02-16 14:58:55,357   | DEBUG    | Received 1A:29:C2:32:01:CB: .[0m
[34m2026-02-16 14:58:55,359   | DEBUG    | Received 6B:BE:1C:A0:78:73: .[0m
[34m2026-02-16 14:58:55,361   | DEBUG    | Received 90:DE:80:E1:73:6A: .[0m
[34m2026-02-16 14:58:55,439   | DEBUG    | Received 5C:F9:20:8E:32:DC: .[0m
[34m2026-02-16 14:58:55,440   | DEBUG    | Received 5C:F9:20:8E:32:DC: .[0m
[34m2026-02-16 14:58:55,448   | DEBUG    | Received 90:DE:80:E1:72:A4: .[0m
[34m2026-02-16 14:58:55,450   | DEBUG    | Received 3A:3D:C5:59:F8:CB: .[0m
[34m2026-02-16 14:58:55,452   | DEBUG    | Received 71:DC:68:98:1C:72: .[0m
[34m2026-02-16 14:58:55,454   | DEBUG    | Received 56:0C:E2:D7:A8:1A: .[0m
[34m2026-02-16 14:58:55,458   | DEBUG    | Received 59:35:25:A8:6D:8A: .[0m
[34m2026-02-16 14:58:55,461   | DEBUG    | Received 6A:C8:36:F6:58:C9: .[0m
[34m2026-02-16 14:58:55,464   | DEBUG    | Received 1A:29:C2:32:01:CB: .[0m
[34m2026-02-16 14:58:55,469   | DEBUG    | Received 84:C0:EF:0A:5E:7B: .[0m
[34m2026-02-16 14:58:55,569   | DEBUG    | Received 1A:29:C2:32:01:CB: .[0m
[34m2026-02-16 14:58:55,574   | DEBUG    | Received 2E:0B:D5:D9:2F:2B: .[0m
[34m2026-02-16 14:58:55,577   | DEBUG    | Received 55:3C:78:1E:74:59: .[0m
[34m2026-02-16 14:58:55,679   | DEBUG    | Received 2E:0B:D5:D9:2F:2B: .[0m
[34m2026-02-16 14:58:55,687   | DEBUG    | Received 90:DE:80:99:18:82: .[0m
[34m2026-02-16 14:58:55,689   | DEBUG    | Received 68:3B:2F:D4:CA:2C: .[0m
[34m2026-02-16 14:58:55,802   | DEBUG    | Received 58:46:DF:CC:14:EB: .[0m
[34m2026-02-16 14:58:55,804   | DEBUG    | Received 58:46:DF:CC:14:EB: .[0m
[34m2026-02-16 14:58:55,806   | DEBUG    | Received 62:2A:6B:C4:93:D9: .[0m
[34m2026-02-16 14:58:55,810   | DEBUG    | Received 1B:AC:E6:61:85:3B: .[0m
[34m2026-02-16 14:58:55,813   | DEBUG    | Received 68:4F:2A:FF:95:1A: .[0m
[34m2026-02-16 14:58:55,814   | DEBUG    | Received 68:4F:2A:FF:95:1A: .[0m
[34m2026-02-16 14:58:55,816   | DEBUG    | Received 03:0F:4C:E3:4C:E9: .[0m
[34m2026-02-16 14:58:55,918   | DEBUG    | Received 75:A0:8F:EE:61:D3: .[0m
[34m2026-02-16 14:58:55,919   | DEBUG    | Received 03:0F:4C:E3:4C:E9: .[0m
[34m2026-02-16 14:58:55,923   | DEBUG    | Received 55:3C:78:1E:74:59: .[0m
[34m2026-02-16 14:58:55,924   | DEBUG    | Received 55:3C:78:1E:74:59: .[0m
[34m2026-02-16 14:58:55,925   | DEBUG    | Received F2:91:4C:FD:F2:68: .[0m
[34m2026-02-16 14:58:55,929   | DEBUG    | Received 3D:65:62:F9:99:7F: .[0m
[34m2026-02-16 14:58:55,934   | DEBUG    | Received F7:93:C5:85:7D:0A: .[0m
[34m2026-02-16 14:58:55,936   | DEBUG    | Received F7:93:C5:85:7D:0A: .[0m
[34m2026-02-16 14:58:56,033   | DEBUG    | Received D4:FE:41:68:CC:F0: .[0m
[34m2026-02-16 14:58:56,035   | DEBUG    | Received D4:FE:41:68:CC:F0: .[0m
[34m2026-02-16 14:58:56,037   | DEBUG    | Received 3D:65:62:F9:99:7F: .[0m
[34m2026-02-16 14:58:56,041   | DEBUG    | Received 1C:69:20:85:D5:DE: Fellow Aiden D5DC.[0m
[34m2026-02-16 14:58:56,042   | DEBUG    | Received 1C:69:20:85:D5:DE: .[0m
[34m2026-02-16 14:58:56,049   | DEBUG    | Received 32:06:15:61:E2:38: .[0m
[34m2026-02-16 14:58:56,149   | DEBUG    | Received 13:80:AC:9B:3B:F6: .[0m
[34m2026-02-16 14:58:56,157   | DEBUG    | Received 84:C0:EF:0A:5E:7B: .[0m
[34m2026-02-16 14:58:56,164   | DEBUG    | Received 45:B4:D4:3A:C0:45: .[0m
[34m2026-02-16 14:58:56,165   | DEBUG    | Received 45:B4:D4:3A:C0:45: .[0m
[34m2026-02-16 14:58:56,169   | DEBUG    | Received 3A:3D:C5:59:F8:CB: .[0m
[34m2026-02-16 14:58:56,245   | DEBUG    | 64 devices found. Watcher status: <BluetoothLEAdvertisementWatcherStatus.STOPPED: 3>.[0m
[34m2026-02-16 14:58:56,245   | DEBUG    | 	Device: Unknown (CA:93:7B:2F:13:28) | UUIDs: [][0m
[34m2026-02-16 14:58:56,245   | DEBUG    | 	Device: Unknown (5C:F9:20:8E:32:DC) | UUIDs: [][0m
[34m2026-02-16 14:58:56,245   | DEBUG    | 	Device: Unknown (03:0F:4C:E3:4C:E9) | UUIDs: [][0m
[34m2026-02-16 14:58:56,245   | DEBUG    | 	Device: Unknown (13:80:AC:9B:3B:F6) | UUIDs: [][0m
[34m2026-02-16 14:58:56,246   | DEBUG    | 	Device: [TV]Hall office TV (84:C0:EF:0A:5E:7B) | UUIDs: [][0m
[34m2026-02-16 14:58:56,246   | DEBUG    | 	Device: Unknown (90:DE:80:99:19:18) | UUIDs: [][0m
[34m2026-02-16 14:58:56,246   | DEBUG    | 	Device: Unknown (75:A0:8F:EE:61:D3) | UUIDs: [][0m
[34m2026-02-16 14:58:56,246   | DEBUG    | 	Device: Unknown (4D:03:F6:56:9E:74) | UUIDs: [][0m
[34m2026-02-16 14:58:56,246   | DEBUG    | 	Device: Unknown (08:AC:47:67:04:0C) | UUIDs: [][0m
[34m2026-02-16 14:58:56,246   | DEBUG    | 	Device: Unknown (23:61:9E:90:19:ED) | UUIDs: [][0m
[34m2026-02-16 14:58:56,246   | DEBUG    | 	Device: Unknown (1B:AC:E6:61:85:3B) | UUIDs: [][0m
[34m2026-02-16 14:58:56,246   | DEBUG    | 	Device: Unknown (62:2A:6B:C4:93:D9) | UUIDs: [][0m
[34m2026-02-16 14:58:56,246   | DEBUG    | 	Device: Unknown (2A:D4:15:1D:D0:D2) | UUIDs: [][0m
[34m2026-02-16 14:58:56,246   | DEBUG    | 	Device: Unknown (90:DE:80:E1:72:A4) | UUIDs: [][0m
[34m2026-02-16 14:58:56,246   | DEBUG    | 	Device: Unknown (90:DE:80:2C:2E:10) | UUIDs: [][0m
[34m2026-02-16 14:58:56,246   | DEBUG    | 	Device: Unknown (55:3C:78:1E:74:59) | UUIDs: [][0m
[34m2026-02-16 14:58:56,246   | DEBUG    | 	Device: Unknown (90:DE:80:99:19:CC) | UUIDs: [][0m
[34m2026-02-16 14:58:56,246   | DEBUG    | 	Device: Unknown (3A:3D:C5:59:F8:CB) | UUIDs: [][0m
[34m2026-02-16 14:58:56,246   | DEBUG    | 	Device: Unknown (7F:7A:62:7C:9A:5B) | UUIDs: [][0m
[34m2026-02-16 14:58:56,246   | DEBUG    | 	Device: Unknown (09:34:D4:8A:1E:5A) | UUIDs: [][0m
[34m2026-02-16 14:58:56,246   | DEBUG    | 	Device: Unknown (90:DE:80:E1:73:6A) | UUIDs: [][0m
[34m2026-02-16 14:58:56,246   | DEBUG    | 	Device: Unknown (7A:30:B9:85:26:9E) | UUIDs: [][0m
[34m2026-02-16 14:58:56,246   | DEBUG    | 	Device: Unknown (1A:29:C2:32:01:CB) | UUIDs: [][0m
[34m2026-02-16 14:58:56,246   | DEBUG    | 	Device: BioCoin (CD:89:AF:2D:2B:2B) | UUIDs: ['00001523-1212-efde-1523-785feabc93aa'][0m
[34m2026-02-16 14:58:56,246   | DEBUG    | 	Device: JBL Wave Beam 2-GFP (4A:6A:D3:38:21:AD) | UUIDs: [][0m
[34m2026-02-16 14:58:56,246   | DEBUG    | 	Device: Unknown (6A:C8:36:F6:58:C9) | UUIDs: [][0m
[34m2026-02-16 14:58:56,246   | DEBUG    | 	Device: Unknown (57:07:D2:C8:0D:3E) | UUIDs: [][0m
[34m2026-02-16 14:58:56,246   | DEBUG    | 	Device: Unknown (F7:93:C5:85:7D:0A) | UUIDs: [][0m
[34m2026-02-16 14:58:56,246   | DEBUG    | 	Device: Unknown (5B:C9:7E:10:22:BB) | UUIDs: [][0m
[34m2026-02-16 14:58:56,246   | DEBUG    | 	Device: Fellow Aiden D5DC (1C:69:20:85:D5:DE) | UUIDs: ['0000ffff-0000-1000-8000-00805f9b34fb'][0m
[34m2026-02-16 14:58:56,246   | DEBUG    | 	Device: Unknown (68:3B:2F:D4:CA:2C) | UUIDs: [][0m
[34m2026-02-16 14:58:56,246   | DEBUG    | 	Device: Unknown (58:B8:8A:09:F0:01) | UUIDs: [][0m
[34m2026-02-16 14:58:56,246   | DEBUG    | 	Device: Unknown (90:DE:80:E1:90:28) | UUIDs: [][0m
[34m2026-02-16 14:58:56,246   | DEBUG    | 	Device: Unknown (3D:65:62:F9:99:7F) | UUIDs: [][0m
[34m2026-02-16 14:58:56,246   | DEBUG    | 	Device: Unknown (07:39:EA:35:97:32) | UUIDs: [][0m
[34m2026-02-16 14:58:56,246   | DEBUG    | 	Device: Unknown (16:5F:79:42:6F:08) | UUIDs: [][0m
[34m2026-02-16 14:58:56,246   | DEBUG    | 	Device: Unknown (79:60:B7:CF:19:2A) | UUIDs: [][0m
[34m2026-02-16 14:58:56,246   | DEBUG    | 	Device: Unknown (FD:F5:D1:84:9F:62) | UUIDs: [][0m
[34m2026-02-16 14:58:56,247   | DEBUG    | 	Device: Unknown (6B:BE:1C:A0:78:73) | UUIDs: [][0m
[34m2026-02-16 14:58:56,247   | DEBUG    | 	Device: Unknown (2E:0B:D5:D9:2F:2B) | UUIDs: [][0m
[34m2026-02-16 14:58:56,247   | DEBUG    | 	Device: Unknown (47:81:79:EB:EB:1B) | UUIDs: [][0m
[34m2026-02-16 14:58:56,247   | DEBUG    | 	Device: Unknown (90:DE:80:E1:81:C6) | UUIDs: [][0m
[34m2026-02-16 14:58:56,247   | DEBUG    | 	Device: Unknown (77:50:85:BB:8B:FE) | UUIDs: [][0m
[34m2026-02-16 14:58:56,247   | DEBUG    | 	Device: Unknown (D4:FE:41:68:CC:F0) | UUIDs: [][0m
[34m2026-02-16 14:58:56,247   | DEBUG    | 	Device: Unknown (00:E0:4C:23:99:87) | UUIDs: [][0m
[34m2026-02-16 14:58:56,247   | DEBUG    | 	Device: Unknown (C5:A9:B8:AD:47:9B) | UUIDs: ['0000fddf-0000-1000-8000-00805f9b34fb'][0m
[34m2026-02-16 14:58:56,247   | DEBUG    | 	Device: LE-Bose QuietComfort 45 (5A:79:06:0B:0A:DE) | UUIDs: ['0000febe-0000-1000-8000-00805f9b34fb'][0m
[34m2026-02-16 14:58:56,247   | DEBUG    | 	Device: Unknown (F2:91:4C:FD:F2:68) | UUIDs: [][0m
[34m2026-02-16 14:58:56,247   | DEBUG    | 	Device: Unknown (22:C4:2F:23:E0:3A) | UUIDs: [][0m
[34m2026-02-16 14:58:56,247   | DEBUG    | 	Device: Unknown (37:85:74:DD:E1:53) | UUIDs: [][0m
[34m2026-02-16 14:58:56,247   | DEBUG    | 	Device: Unknown (76:5D:5F:BA:8E:7F) | UUIDs: [][0m
[34m2026-02-16 14:58:56,247   | DEBUG    | 	Device: Unknown (6E:5E:23:61:D7:E7) | UUIDs: [][0m
[34m2026-02-16 14:58:56,247   | DEBUG    | 	Device: Unknown (3A:24:CF:3E:EE:1A) | UUIDs: [][0m
[34m2026-02-16 14:58:56,247   | DEBUG    | 	Device: Unknown (5B:8B:FC:B4:A2:5C) | UUIDs: [][0m
[34m2026-02-16 14:58:56,247   | DEBUG    | 	Device: Unknown (90:DE:80:99:18:82) | UUIDs: [][0m
[34m2026-02-16 14:58:56,247   | DEBUG    | 	Device: Unknown (58:46:DF:CC:14:EB) | UUIDs: [][0m
[34m2026-02-16 14:58:56,247   | DEBUG    | 	Device: Unknown (32:06:15:61:E2:38) | UUIDs: [][0m
[34m2026-02-16 14:58:56,247   | DEBUG    | 	Device: Unknown (D9:BC:93:B7:96:4A) | UUIDs: [][0m
[34m2026-02-16 14:58:56,247   | DEBUG    | 	Device: Unknown (47:D3:BC:ED:60:C0) | UUIDs: [][0m
[34m2026-02-16 14:58:56,247   | DEBUG    | 	Device: Unknown (71:DC:68:98:1C:72) | UUIDs: [][0m
[34m2026-02-16 14:58:56,247   | DEBUG    | 	Device: Unknown (56:0C:E2:D7:A8:1A) | UUIDs: [][0m
[34m2026-02-16 14:58:56,247   | DEBUG    | 	Device: Unknown (59:35:25:A8:6D:8A) | UUIDs: [][0m
[34m2026-02-16 14:58:56,247   | DEBUG    | 	Device: Unknown (68:4F:2A:FF:95:1A) | UUIDs: [][0m
[34m2026-02-16 14:58:56,248   | DEBUG    | 	Device: Unknown (45:B4:D4:3A:C0:45) | UUIDs: [][0m
2026-02-16 14:58:56,248   | INFO     | Found BioCoin device at CD:89:AF:2D:2B:2B![0m
[34m2026-02-16 14:58:56,298   | DEBUG    | Received 75:A0:8F:EE:61:D3: .[0m
[34m2026-02-16 14:58:56,299   | DEBUG    | Received 1A:29:C2:32:01:CB: .[0m
[34m2026-02-16 14:58:56,404   | DEBUG    | Received 1A:29:C2:32:01:CB: .[0m
[34m2026-02-16 14:58:56,407   | DEBUG    | Received 58:B8:8A:09:F0:01: .[0m
[34m2026-02-16 14:58:56,408   | DEBUG    | Received 58:B8:8A:09:F0:01: .[0m
[34m2026-02-16 14:58:56,411   | DEBUG    | Received 57:07:D2:C8:0D:3E: .[0m
[34m2026-02-16 14:58:56,418   | DEBUG    | Received 2E:0B:D5:D9:2F:2B: .[0m
[34m2026-02-16 14:58:56,525   | DEBUG    | Received 2A:D4:15:1D:D0:D2: .[0m
[34m2026-02-16 14:58:56,527   | DEBUG    | Received 2E:0B:D5:D9:2F:2B: .[0m
[34m2026-02-16 14:58:56,534   | DEBUG    | Received 6E:5E:23:61:D7:E7: .[0m
[34m2026-02-16 14:58:56,646   | DEBUG    | Received 03:0F:4C:E3:4C:E9: .[0m
[34m2026-02-16 14:58:56,653   | DEBUG    | Received 84:C0:EF:0A:5E:7B: .[0m
[34m2026-02-16 14:58:56,655   | DEBUG    | Received 84:C0:EF:0A:5E:7B: [TV]Hall office TV.[0m
[34m2026-02-16 14:58:56,657   | DEBUG    | Received 68:F6:B5:A5:C0:9F: .[0m
[34m2026-02-16 14:58:56,658   | DEBUG    | Received 68:F6:B5:A5:C0:9F: .[0m
[34m2026-02-16 14:58:56,661   | DEBUG    | Received 16:5F:79:42:6F:08: .[0m
[34m2026-02-16 14:58:56,663   | DEBUG    | Received 7F:7A:62:7C:9A:5B: .[0m
[34m2026-02-16 14:58:56,664   | DEBUG    | Received 7F:7A:62:7C:9A:5B: .[0m
[34m2026-02-16 14:58:56,666   | DEBUG    | Received 84:C0:EF:0A:5E:7B: .[0m
[34m2026-02-16 14:58:56,668   | DEBUG    | Received 84:C0:EF:0A:5E:7B: [TV]Hall office TV.[0m
[34m2026-02-16 14:58:56,756   | DEBUG    | Received 03:0F:4C:E3:4C:E9: .[0m
[34m2026-02-16 14:58:56,765   | DEBUG    | Received 84:C0:EF:0A:5E:7B: .[0m
[34m2026-02-16 14:58:56,767   | DEBUG    | Received 84:C0:EF:0A:5E:7B: [TV]Hall office TV.[0m
[34m2026-02-16 14:58:56,882   | DEBUG    | Received 5B:C9:7E:10:22:BB: .[0m
[34m2026-02-16 14:58:56,884   | DEBUG    | Received 5B:C9:7E:10:22:BB: .[0m
[34m2026-02-16 14:58:56,886   | DEBUG    | Received 16:5F:79:42:6F:08: .[0m
[34m2026-02-16 14:58:56,887   | DEBUG    | Received 23:61:9E:90:19:ED: .[0m
[34m2026-02-16 14:58:56,891   | DEBUG    | Received EE:96:09:FF:FC:BD: .[0m
[34m2026-02-16 14:58:56,896   | DEBUG    | Received 32:06:15:61:E2:38: .[0m
[34m2026-02-16 14:58:56,992   | DEBUG    | Received 23:61:9E:90:19:ED: .[0m
[34m2026-02-16 14:58:56,997   | DEBUG    | Received 32:06:15:61:E2:38: .[0m
[34m2026-02-16 14:58:57,002   | DEBUG    | Received 84:C0:EF:0A:5E:7B: .[0m
[34m2026-02-16 14:58:57,004   | DEBUG    | Received 84:C0:EF:0A:5E:7B: [TV]Hall office TV.[0m
[34m2026-02-16 14:58:57,007   | DEBUG    | Received 84:C0:EF:0A:5E:7B: .[0m
[34m2026-02-16 14:58:57,009   | DEBUG    | Received 84:C0:EF:0A:5E:7B: [TV]Hall office TV.[0m
[34m2026-02-16 14:58:57,011   | DEBUG    | Received 3A:3D:C5:59:F8:CB: .[0m
[34m2026-02-16 14:58:57,115   | DEBUG    | Received 59:35:25:A8:6D:8A: .[0m
[34m2026-02-16 14:58:57,131   | DEBUG    | Received C8:2E:18:CF:ED:52: .[0m
[34m2026-02-16 14:58:57,133   | DEBUG    | Received C8:2E:18:CF:ED:52: classic300s.[0m
[34m2026-02-16 14:58:57,135   | DEBUG    | Received 90:DE:80:99:18:82: .[0m
[34m2026-02-16 14:58:57,139   | DEBUG    | Received 00:E0:4C:23:99:87: .[0m
[34m2026-02-16 14:58:57,230   | DEBUG    | Received 5B:8B:FC:B4:A2:5C: .[0m
[34m2026-02-16 14:58:57,233   | DEBUG    | Received 90:DE:80:99:19:CC: .[0m
[34m2026-02-16 14:58:57,235   | DEBUG    | Received 75:A0:8F:EE:61:D3: .[0m
[34m2026-02-16 14:58:57,241   | DEBUG    | Received DC:8E:4C:81:98:C1: .[0m
[34m2026-02-16 14:58:57,249   | DEBUG    | Received 1A:29:C2:32:01:CB: .[0m
[34m2026-02-16 14:58:57,252   | DEBUG    | Received D1:54:AF:9C:F0:D4: .[0m
[34m2026-02-16 14:58:57,254   | DEBUG    | Received 2E:0B:D5:D9:2F:2B: .[0m
[34m2026-02-16 14:58:57,349   | DEBUG    | Received 1A:29:C2:32:01:CB: .[0m
[34m2026-02-16 14:58:57,354   | DEBUG    | Received CD:89:AF:2D:2B:2B: .[0m
[34m2026-02-16 14:58:57,355   | DEBUG    | 26 devices found. Watcher status: <BluetoothLEAdvertisementWatcherStatus.STOPPED: 3>.[0m
[34m2026-02-16 14:58:57,355   | DEBUG    | Connecting to BLE device @ CD:89:AF:2D:2B:2B[0m
[34m2026-02-16 14:58:57,413   | DEBUG    | getting services (service_cache_mode=None, cache_mode=None)...[0m
[34m2026-02-16 14:58:58,180   | DEBUG    | session_status_changed_event_handler: id: BluetoothLE#BluetoothLE2c:6d:c1:90:b4:0f-cd:89:af:2d:2b:2b, error: <BluetoothError.SUCCESS: 0>, status: <GattSessionStatus.ACTIVE: 1>[0m
[34m2026-02-16 14:58:58,201   | DEBUG    | max_pdu_size_changed_handler: 247[0m
[34m2026-02-16 14:58:58,277   | DEBUG    | CD:89:AF:2D:2B:2B: services changed[0m
[34m2026-02-16 14:58:58,627   | DEBUG    | CD:89:AF:2D:2B:2B: services changed[0m
2026-02-16 14:58:59,050   | INFO     | Connected to BioCoin device at CD:89:AF:2D:2B:2B.[0m
[34m2026-02-16 14:58:59,065   | DEBUG    | Read Characteristic 0022 : bytearray(b'd')[0m
2026-02-16 14:58:59,065   | INFO     | Battery Level: 100%[0m
2026-02-16 14:58:59,065   | INFO     | Sending IMP technique parameters...[0m
[34m2026-02-16 14:59:00,100   | DEBUG    | Read Characteristic 0026 : bytearray(b'\x00')[0m
[34m2026-02-16 14:59:00,100   | DEBUG    | Device status read: NOT_RUNNING (0)[0m
2026-02-16 14:59:00,115   | INFO     | Notification handler registered successfully.[0m
2026-02-16 14:59:31,404   | INFO     | Received 0 data points from IMP.[0m
2026-02-16 14:59:31,405   | INFO     | Imp Data:
 [][0m
[34m2026-02-16 14:59:31,405   | DEBUG    | Disconnecting from BLE device...[0m
[34m2026-02-16 14:59:34,616   | DEBUG    | max_pdu_size_changed_handler: 23[0m
[34m2026-02-16 14:59:34,616   | DEBUG    | session_status_changed_event_handler: id: BluetoothLE#BluetoothLE2c:6d:c1:90:b4:0f-cd:89:af:2d:2b:2b, error: <BluetoothError.SUCCESS: 0>, status: <GattSessionStatus.CLOSED: 0>[0m
[34m2026-02-16 14:59:34,617   | DEBUG    | closing requester[0m
[34m2026-02-16 14:59:34,617   | DEBUG    | closing session[0m
2026-02-16 14:59:34,618   | INFO     | Disconnected from BioCoin device.[0m
