2026-01-16 17:52:45,435   | INFO     | BioCoin Test Script[0m
2026-01-16 17:52:45,435   | INFO     | Searching for the BioCoin device named "Biocoin"...[0m
2026-01-16 17:52:45,436   | INFO     | Scanning for devices...[0m
[34m2026-01-16 17:52:45,704   | DEBUG    | Received 27:88:AA:A4:D4:6D: .[0m
[34m2026-01-16 17:52:45,772   | DEBUG    | Received 5B:54:C6:C0:12:FD: .[0m
[34m2026-01-16 17:52:45,772   | DEBUG    | Received 5B:54:C6:C0:12:FD: .[0m
[34m2026-01-16 17:52:45,772   | DEBUG    | Received C8:2E:18:CF:ED:52: .[0m
[34m2026-01-16 17:52:45,772   | DEBUG    | Received C8:2E:18:CF:ED:52: classic300s.[0m
[34m2026-01-16 17:52:45,773   | DEBUG    | Received 23:C5:87:BF:E7:25: .[0m
[34m2026-01-16 17:52:45,773   | DEBUG    | Received 59:06:62:04:6E:30: .[0m
[34m2026-01-16 17:52:45,773   | DEBUG    | Received 59:06:62:04:6E:30: .[0m
[34m2026-01-16 17:52:45,818   | DEBUG    | Received 23:C5:87:BF:E7:25: .[0m
[34m2026-01-16 17:52:45,819   | DEBUG    | Received 02:6B:59:DB:3D:73: .[0m
[34m2026-01-16 17:52:45,822   | DEBUG    | Received CD:53:86:D7:92:F4: .[0m
[34m2026-01-16 17:52:45,823   | DEBUG    | Received CD:53:86:D7:92:F4: BioCoin.[0m
[34m2026-01-16 17:52:45,828   | DEBUG    | Received 4B:B2:08:D1:76:B9: .[0m
[34m2026-01-16 17:52:45,828   | DEBUG    | Received 4B:B2:08:D1:76:B9: .[0m
[34m2026-01-16 17:52:45,834   | DEBUG    | Received 90:DE:80:99:19:CC: .[0m
[34m2026-01-16 17:52:45,837   | DEBUG    | Received 84:C0:EF:0A:5E:7B: .[0m
[34m2026-01-16 17:52:45,843   | DEBUG    | Received 84:C0:EF:0A:5E:7B: .[0m
[34m2026-01-16 17:52:45,844   | DEBUG    | Received 84:C0:EF:0A:5E:7B: [TV]Hall office TV.[0m
[34m2026-01-16 17:52:45,878   | DEBUG    | Received 33:31:4B:CE:5C:02: .[0m
[34m2026-01-16 17:52:45,883   | DEBUG    | Received 58:AB:51:25:2F:4E: .[0m
[34m2026-01-16 17:52:45,941   | DEBUG    | Received 84:C0:EF:0A:5E:7B: .[0m
[34m2026-01-16 17:52:45,942   | DEBUG    | Received 84:C0:EF:0A:5E:7B: [TV]Hall office TV.[0m
[34m2026-01-16 17:52:45,944   | DEBUG    | Received 84:C0:EF:0A:5E:7B: .[0m
[34m2026-01-16 17:52:45,946   | DEBUG    | Received 84:C0:EF:0A:5E:7B: [TV]Hall office TV.[0m
[34m2026-01-16 17:52:45,952   | DEBUG    | Received 02:42:2E:F6:07:13: .[0m
[34m2026-01-16 17:52:46,057   | DEBUG    | Received C0:49:EF:3D:C2:2E: .[0m
[34m2026-01-16 17:52:46,058   | DEBUG    | Received C0:49:EF:3D:C2:2E: EKG-3d-c2-2c.[0m
[34m2026-01-16 17:52:46,080   | DEBUG    | Received 18:AE:7B:D9:F8:86: .[0m
[34m2026-01-16 17:52:46,177   | DEBUG    | Received 5B:CA:B8:35:83:72: .[0m
[34m2026-01-16 17:52:46,178   | DEBUG    | Received 5B:CA:B8:35:83:72: .[0m
[34m2026-01-16 17:52:46,184   | DEBUG    | Received 18:AE:7B:D9:F8:86: .[0m
[34m2026-01-16 17:52:46,187   | DEBUG    | Received D4:FE:41:68:CC:F0: .[0m
[34m2026-01-16 17:52:46,188   | DEBUG    | Received D4:FE:41:68:CC:F0: .[0m
[34m2026-01-16 17:52:46,190   | DEBUG    | Received C0:49:EF:3D:C2:2E: .[0m
[34m2026-01-16 17:52:46,191   | DEBUG    | Received C0:49:EF:3D:C2:2E: EKG-3d-c2-2c.[0m
[34m2026-01-16 17:52:46,195   | DEBUG    | Received 58:AB:51:25:2F:4E: .[0m
[34m2026-01-16 17:52:46,290   | DEBUG    | Received 18:AE:7B:D9:F8:86: .[0m
[34m2026-01-16 17:52:46,291   | DEBUG    | Received 5C:49:7D:76:01:05: .[0m
[34m2026-01-16 17:52:46,309   | DEBUG    | Received F2:82:A9:C9:29:59: .[0m
[34m2026-01-16 17:52:46,310   | DEBUG    | Received F2:82:A9:C9:29:59: .[0m
[34m2026-01-16 17:52:46,408   | DEBUG    | Received 33:31:4B:CE:5C:02: .[0m
[34m2026-01-16 17:52:46,419   | DEBUG    | Received 56:9D:D6:2F:FB:85: .[0m
[34m2026-01-16 17:52:46,420   | DEBUG    | Received 56:9D:D6:2F:FB:85: .[0m
[34m2026-01-16 17:52:46,421   | DEBUG    | Received 3B:60:51:49:AE:0A: .[0m
[34m2026-01-16 17:52:46,424   | DEBUG    | Received 69:4B:FE:5C:49:19: .[0m
[34m2026-01-16 17:52:46,430   | DEBUG    | Received CD:53:86:D7:92:F4: .[0m
[34m2026-01-16 17:52:46,431   | DEBUG    | Received CD:53:86:D7:92:F4: BioCoin.[0m
[34m2026-01-16 17:52:46,433   | DEBUG    | Received 84:C0:EF:0A:5E:7B: .[0m
[34m2026-01-16 17:52:46,434   | DEBUG    | Received 84:C0:EF:0A:5E:7B: [TV]Hall office TV.[0m
[34m2026-01-16 17:52:46,442   | DEBUG    | Received 7D:77:95:9A:4C:35: .[0m
[34m2026-01-16 17:52:46,443   | DEBUG    | Received 7D:77:95:9A:4C:35: .[0m
[34m2026-01-16 17:52:46,444   | DEBUG    | Received 90:DE:80:99:19:CC: .[0m
[34m2026-01-16 17:52:46,530   | DEBUG    | Received 84:C0:EF:0A:5E:7B: .[0m
[34m2026-01-16 17:52:46,531   | DEBUG    | Received 84:C0:EF:0A:5E:7B: [TV]Hall office TV.[0m
[34m2026-01-16 17:52:46,532   | DEBUG    | Received 69:4B:FE:5C:49:19: .[0m
[34m2026-01-16 17:52:46,533   | DEBUG    | Received 34:3D:C9:81:B7:F1: .[0m
[34m2026-01-16 17:52:46,534   | DEBUG    | Received 84:C0:EF:0A:5E:7B: .[0m
[34m2026-01-16 17:52:46,535   | DEBUG    | Received 84:C0:EF:0A:5E:7B: [TV]Hall office TV.[0m
[34m2026-01-16 17:52:46,538   | DEBUG    | Received 02:90:B4:9A:99:79: .[0m
[34m2026-01-16 17:52:46,544   | DEBUG    | Received 27:88:AA:A4:D4:6D: .[0m
[34m2026-01-16 17:52:46,546   | DEBUG    | Received 90:DE:80:E1:90:28: .[0m
[34m2026-01-16 17:52:46,553   | DEBUG    | Received 02:6B:59:DB:3D:73: .[0m
[34m2026-01-16 17:52:46,648   | DEBUG    | Received 34:3D:C9:81:B7:F1: .[0m
[34m2026-01-16 17:52:46,649   | DEBUG    | Received 00:2C:1E:86:01:9B: .[0m
[34m2026-01-16 17:52:46,651   | DEBUG    | Received C0:49:EF:3D:C2:2E: .[0m
[34m2026-01-16 17:52:46,655   | DEBUG    | Received 5B:CA:B8:35:83:72: .[0m
[34m2026-01-16 17:52:46,655   | DEBUG    | Received 5B:CA:B8:35:83:72: .[0m
[34m2026-01-16 17:52:46,657   | DEBUG    | Received 02:6B:59:DB:3D:73: .[0m
[34m2026-01-16 17:52:46,659   | DEBUG    | Received 90:DE:80:99:19:CC: .[0m
[34m2026-01-16 17:52:46,662   | DEBUG    | Received 72:3A:4C:00:C0:4E: .[0m
[34m2026-01-16 17:52:46,662   | DEBUG    | Received 72:3A:4C:00:C0:4E: .[0m
[34m2026-01-16 17:52:46,666   | DEBUG    | Received 1C:85:4E:1D:E4:72: .[0m
[34m2026-01-16 17:52:46,674   | DEBUG    | Received 0C:E2:DB:98:DA:0B: .[0m
[34m2026-01-16 17:52:46,763   | DEBUG    | Received C8:F6:4B:55:AB:C5: .[0m
[34m2026-01-16 17:52:46,765   | DEBUG    | Received 56:55:32:C6:58:45: .[0m
[34m2026-01-16 17:52:46,765   | DEBUG    | Received 56:55:32:C6:58:45: .[0m
[34m2026-01-16 17:52:46,771   | DEBUG    | Received 1C:85:4E:1D:E4:72: .[0m
[34m2026-01-16 17:52:46,774   | DEBUG    | Received C0:49:EF:3D:C2:2E: .[0m
[34m2026-01-16 17:52:46,775   | DEBUG    | Received C0:49:EF:3D:C2:2E: EKG-3d-c2-2c.[0m
[34m2026-01-16 17:52:46,782   | DEBUG    | Received 02:42:2E:F6:07:13: .[0m
[34m2026-01-16 17:52:46,786   | DEBUG    | Received 02:EA:A1:0F:43:5F: .[0m
[34m2026-01-16 17:52:46,883   | DEBUG    | Received 23:C5:87:BF:E7:25: .[0m
[34m2026-01-16 17:52:46,885   | DEBUG    | Received 0C:E2:DB:98:DA:0B: .[0m
[34m2026-01-16 17:52:46,889   | DEBUG    | Received 02:42:2E:F6:07:13: .[0m
[34m2026-01-16 17:52:46,894   | DEBUG    | Received 1C:69:20:85:D5:DE: Fellow Aiden D5DC.[0m
[34m2026-01-16 17:52:46,895   | DEBUG    | Received 1C:69:20:85:D5:DE: .[0m
[34m2026-01-16 17:52:46,896   | DEBUG    | Received 6C:01:35:E8:7F:BA: .[0m
[34m2026-01-16 17:52:46,900   | DEBUG    | Received 5C:D2:49:FD:18:44: .[0m
[34m2026-01-16 17:52:46,900   | DEBUG    | Received 5C:D2:49:FD:18:44: .[0m
[34m2026-01-16 17:52:46,901   | DEBUG    | Received 5C:49:7D:76:01:05: .[0m
[34m2026-01-16 17:52:46,905   | DEBUG    | Received 56:55:32:C6:58:45: .[0m
[34m2026-01-16 17:52:46,906   | DEBUG    | Received 56:55:32:C6:58:45: .[0m
[34m2026-01-16 17:52:46,908   | DEBUG    | Received C0:49:EF:3D:C2:2E: .[0m
[34m2026-01-16 17:52:46,908   | DEBUG    | Received C0:49:EF:3D:C2:2E: EKG-3d-c2-2c.[0m
[34m2026-01-16 17:52:47,001   | DEBUG    | Received 56:55:32:C6:58:45: .[0m
[34m2026-01-16 17:52:47,002   | DEBUG    | Received 56:55:32:C6:58:45: .[0m
[34m2026-01-16 17:52:47,004   | DEBUG    | Received 5B:CA:B8:35:83:72: .[0m
[34m2026-01-16 17:52:47,004   | DEBUG    | Received 5B:CA:B8:35:83:72: .[0m
[34m2026-01-16 17:52:47,016   | DEBUG    | Received C8:2E:18:CF:ED:52: .[0m
[34m2026-01-16 17:52:47,017   | DEBUG    | Received C8:2E:18:CF:ED:52: classic300s.[0m
[34m2026-01-16 17:52:47,023   | DEBUG    | Received 84:C0:EF:0A:5E:7B: .[0m
[34m2026-01-16 17:52:47,023   | DEBUG    | Received 84:C0:EF:0A:5E:7B: [TV]Hall office TV.[0m
[34m2026-01-16 17:52:47,118   | DEBUG    | Received 84:C0:EF:0A:5E:7B: .[0m
[34m2026-01-16 17:52:47,119   | DEBUG    | Received 84:C0:EF:0A:5E:7B: [TV]Hall office TV.[0m
[34m2026-01-16 17:52:47,120   | DEBUG    | Received 75:50:EF:D0:C3:8B: .[0m
[34m2026-01-16 17:52:47,121   | DEBUG    | Received 75:50:EF:D0:C3:8B: .[0m
[34m2026-01-16 17:52:47,167   | DEBUG    | Received 56:9D:D6:2F:FB:85: .[0m
[34m2026-01-16 17:52:47,168   | DEBUG    | Received 56:9D:D6:2F:FB:85: .[0m
[34m2026-01-16 17:52:47,174   | DEBUG    | Received 56:55:32:C6:58:45: .[0m
[34m2026-01-16 17:52:47,174   | DEBUG    | Received 56:55:32:C6:58:45: .[0m
[34m2026-01-16 17:52:47,175   | DEBUG    | Received 27:88:AA:A4:D4:6D: .[0m
[34m2026-01-16 17:52:47,176   | DEBUG    | Received 5B:CA:B8:35:83:72: .[0m
[34m2026-01-16 17:52:47,179   | DEBUG    | Received 34:3D:C9:81:B7:F1: .[0m
[34m2026-01-16 17:52:47,183   | DEBUG    | Received 02:6B:59:DB:3D:73: .[0m
[34m2026-01-16 17:52:47,241   | DEBUG    | Received 18:AE:7B:D9:F8:86: .[0m
[34m2026-01-16 17:52:47,241   | DEBUG    | Received 02:90:B4:9A:99:79: .[0m
[34m2026-01-16 17:52:47,243   | DEBUG    | Received 56:55:32:C6:58:45: .[0m
[34m2026-01-16 17:52:47,244   | DEBUG    | Received 56:55:32:C6:58:45: .[0m
[34m2026-01-16 17:52:47,247   | DEBUG    | Received CD:53:86:D7:92:F4: .[0m
[34m2026-01-16 17:52:47,247   | DEBUG    | Received CD:53:86:D7:92:F4: BioCoin.[0m
[34m2026-01-16 17:52:47,258   | DEBUG    | Received 70:B4:F7:E0:3D:45: .[0m
[34m2026-01-16 17:52:47,268   | DEBUG    | Received 7D:77:95:9A:4C:35: .[0m
[34m2026-01-16 17:52:47,268   | DEBUG    | Received 7D:77:95:9A:4C:35: .[0m
[34m2026-01-16 17:52:47,358   | DEBUG    | Received 56:9D:D6:2F:FB:85: .[0m
[34m2026-01-16 17:52:47,359   | DEBUG    | Received 3B:60:51:49:AE:0A: .[0m
[34m2026-01-16 17:52:47,365   | DEBUG    | Received D4:FE:41:68:CC:F0: .[0m
[34m2026-01-16 17:52:47,366   | DEBUG    | Received D4:FE:41:68:CC:F0: .[0m
[34m2026-01-16 17:52:47,367   | DEBUG    | Received 7F:57:4C:E2:A4:B0: .[0m
[34m2026-01-16 17:52:47,367   | DEBUG    | Received 7F:57:4C:E2:A4:B0: .[0m
[34m2026-01-16 17:52:47,373   | DEBUG    | Received C0:49:EF:3D:C2:2E: .[0m
[34m2026-01-16 17:52:47,373   | DEBUG    | Received C0:49:EF:3D:C2:2E: EKG-3d-c2-2c.[0m
[34m2026-01-16 17:52:47,379   | DEBUG    | Received 5B:CA:B8:35:83:72: .[0m
[34m2026-01-16 17:52:47,380   | DEBUG    | Received 5B:CA:B8:35:83:72: .[0m
[34m2026-01-16 17:52:47,382   | DEBUG    | Received 56:55:32:C6:58:45: .[0m
[34m2026-01-16 17:52:47,383   | DEBUG    | Received 56:55:32:C6:58:45: .[0m
[34m2026-01-16 17:52:47,386   | DEBUG    | Received 00:2C:1E:86:01:9B: .[0m
[34m2026-01-16 17:52:47,472   | DEBUG    | Received 3B:60:51:49:AE:0A: .[0m
[34m2026-01-16 17:52:47,479   | DEBUG    | Received 6C:01:35:E8:7F:BA: .[0m
[34m2026-01-16 17:52:47,486   | DEBUG    | Received 4B:B2:08:D1:76:B9: .[0m
[34m2026-01-16 17:52:47,487   | DEBUG    | Received 4B:B2:08:D1:76:B9: .[0m
[34m2026-01-16 17:52:47,488   | DEBUG    | Received 72:3A:4C:00:C0:4E: .[0m
[34m2026-01-16 17:52:47,491   | DEBUG    | Received 75:50:EF:D0:C3:8B: .[0m
[34m2026-01-16 17:52:47,492   | DEBUG    | Received 75:50:EF:D0:C3:8B: .[0m
[34m2026-01-16 17:52:47,493   | DEBUG    | Received 90:DE:80:E1:90:28: .[0m
[34m2026-01-16 17:52:47,498   | DEBUG    | Received 34:3D:C9:81:B7:F1: .[0m
[34m2026-01-16 17:52:47,501   | DEBUG    | Received 7D:9B:2F:FD:3C:AE: .[0m
[34m2026-01-16 17:52:47,590   | DEBUG    | Received 27:88:AA:A4:D4:6D: .[0m
[34m2026-01-16 17:52:47,598   | DEBUG    | Received 90:DE:80:E1:90:28: .[0m
[34m2026-01-16 17:52:47,603   | DEBUG    | Received 50:4D:01:33:01:94: .[0m
[34m2026-01-16 17:52:47,610   | DEBUG    | Received 02:42:2E:F6:07:13: .[0m
[34m2026-01-16 17:52:47,617   | DEBUG    | Received D4:FE:41:68:CC:F0: .[0m
[34m2026-01-16 17:52:47,710   | DEBUG    | Received 90:DE:80:99:19:CC: .[0m
[34m2026-01-16 17:52:47,711   | DEBUG    | Received 5B:CA:B8:35:83:72: .[0m
[34m2026-01-16 17:52:47,712   | DEBUG    | Received 5B:CA:B8:35:83:72: .[0m
[34m2026-01-16 17:52:47,715   | DEBUG    | Received 5C:D2:49:FD:18:44: .[0m
[34m2026-01-16 17:52:47,716   | DEBUG    | Received 5C:D2:49:FD:18:44: .[0m
[34m2026-01-16 17:52:47,717   | DEBUG    | Received 02:6B:59:DB:3D:73: .[0m
[34m2026-01-16 17:52:47,717   | DEBUG    | Received 0C:E2:DB:98:DA:0B: .[0m
[34m2026-01-16 17:52:47,722   | DEBUG    | Received 84:C0:EF:0A:5E:7B: .[0m
[34m2026-01-16 17:52:47,723   | DEBUG    | Received 84:C0:EF:0A:5E:7B: [TV]Hall office TV.[0m
[34m2026-01-16 17:52:47,728   | DEBUG    | Received 56:9D:D6:2F:FB:85: .[0m
[34m2026-01-16 17:52:47,729   | DEBUG    | Received 56:9D:D6:2F:FB:85: .[0m
[34m2026-01-16 17:52:47,828   | DEBUG    | Received 84:C0:EF:0A:5E:7B: .[0m
[34m2026-01-16 17:52:47,829   | DEBUG    | Received 84:C0:EF:0A:5E:7B: [TV]Hall office TV.[0m
[34m2026-01-16 17:52:47,848   | DEBUG    | Received 56:55:32:C6:58:45: .[0m
[34m2026-01-16 17:52:47,849   | DEBUG    | Received 56:55:32:C6:58:45: .[0m
[34m2026-01-16 17:52:47,948   | DEBUG    | Received 23:C5:87:BF:E7:25: .[0m
[34m2026-01-16 17:52:47,963   | DEBUG    | Received C0:49:EF:3D:C2:2E: .[0m
[34m2026-01-16 17:52:47,964   | DEBUG    | Received C0:49:EF:3D:C2:2E: EKG-3d-c2-2c.[0m
[34m2026-01-16 17:52:48,066   | DEBUG    | Received 7D:9B:2F:FD:3C:AE: .[0m
[34m2026-01-16 17:52:48,067   | DEBUG    | Received CD:53:86:D7:92:F4: .[0m
[34m2026-01-16 17:52:48,068   | DEBUG    | Received CD:53:86:D7:92:F4: BioCoin.[0m
[34m2026-01-16 17:52:48,069   | DEBUG    | Received 03:1C:D7:D8:ED:FB: .[0m
[34m2026-01-16 17:52:48,073   | DEBUG    | Received 90:DE:80:E1:73:6A: .[0m
[34m2026-01-16 17:52:48,079   | DEBUG    | Received 18:AE:7B:D9:F8:86: .[0m
[34m2026-01-16 17:52:48,097   | DEBUG    | Received C0:49:EF:3D:C2:2E: .[0m
[34m2026-01-16 17:52:48,098   | DEBUG    | Received C0:49:EF:3D:C2:2E: EKG-3d-c2-2c.[0m
[34m2026-01-16 17:52:48,185   | DEBUG    | Received 59:06:62:04:6E:30: .[0m
[34m2026-01-16 17:52:48,186   | DEBUG    | Received 59:06:62:04:6E:30: .[0m
[34m2026-01-16 17:52:48,189   | DEBUG    | Received 45:63:58:44:B7:A6: .[0m
[34m2026-01-16 17:52:48,189   | DEBUG    | Received 45:63:58:44:B7:A6: .[0m
[34m2026-01-16 17:52:48,198   | DEBUG    | Received 52:C5:29:12:55:8A: .[0m
[34m2026-01-16 17:52:48,203   | DEBUG    | Received 5B:CA:B8:35:83:72: .[0m
[34m2026-01-16 17:52:48,203   | DEBUG    | Received 5B:CA:B8:35:83:72: .[0m
[34m2026-01-16 17:52:48,208   | DEBUG    | Received 84:C0:EF:0A:5E:7B: .[0m
[34m2026-01-16 17:52:48,208   | DEBUG    | Received 84:C0:EF:0A:5E:7B: [TV]Hall office TV.[0m
[34m2026-01-16 17:52:48,303   | DEBUG    | Received 56:9D:D6:2F:FB:85: .[0m
[34m2026-01-16 17:52:48,304   | DEBUG    | Received 56:9D:D6:2F:FB:85: .[0m
[34m2026-01-16 17:52:48,305   | DEBUG    | Received 4E:F1:C9:D8:C8:E9: .[0m
[34m2026-01-16 17:52:48,306   | DEBUG    | Received 4E:F1:C9:D8:C8:E9: .[0m
[34m2026-01-16 17:52:48,307   | DEBUG    | Received 84:C0:EF:0A:5E:7B: .[0m
[34m2026-01-16 17:52:48,311   | DEBUG    | Received E2:45:E5:26:48:44: .[0m
[34m2026-01-16 17:52:48,319   | DEBUG    | Received 4B:B2:08:D1:76:B9: .[0m
[34m2026-01-16 17:52:48,319   | DEBUG    | Received 4B:B2:08:D1:76:B9: .[0m
[34m2026-01-16 17:52:48,321   | DEBUG    | Received 4E:97:13:4C:8B:FB: .[0m
[34m2026-01-16 17:52:48,326   | DEBUG    | Received 63:78:42:2C:B6:C6: .[0m
[34m2026-01-16 17:52:48,327   | DEBUG    | Received 63:78:42:2C:B6:C6: .[0m
[34m2026-01-16 17:52:48,434   | DEBUG    | Received 7F:57:4C:E2:A4:B0: .[0m
[34m2026-01-16 17:52:48,441   | DEBUG    | Received 7D:9B:2F:FD:3C:AE: .[0m
[34m2026-01-16 17:52:48,445   | DEBUG    | Received 56:55:32:C6:58:45: .[0m
[34m2026-01-16 17:52:48,445   | DEBUG    | Received 56:55:32:C6:58:45: .[0m
[34m2026-01-16 17:52:48,449   | DEBUG    | Received 02:42:2E:F6:07:13: .[0m
[34m2026-01-16 17:52:48,453   | DEBUG    | Received 34:3D:C9:81:B7:F1: .[0m
[34m2026-01-16 17:52:48,454   | DEBUG    | Received 00:2C:1E:86:01:9B: .[0m
[34m2026-01-16 17:52:48,538   | DEBUG    | Received 56:55:32:C6:58:45: .[0m
[34m2026-01-16 17:52:48,541   | DEBUG    | Received 1C:85:4E:1D:E4:72: .[0m
[34m2026-01-16 17:52:48,546   | DEBUG    | Received 5C:D2:49:FD:18:44: .[0m
[34m2026-01-16 17:52:48,550   | DEBUG    | Received C0:49:EF:3D:C2:2E: .[0m
[34m2026-01-16 17:52:48,556   | DEBUG    | Received 34:3D:C9:81:B7:F1: .[0m
[34m2026-01-16 17:52:48,653   | DEBUG    | Received 90:DE:80:E1:90:28: .[0m
[34m2026-01-16 17:52:48,661   | DEBUG    | Received 02:42:2E:F6:07:13: .[0m
[34m2026-01-16 17:52:48,663   | DEBUG    | Received 34:3D:C9:81:B7:F1: .[0m
[34m2026-01-16 17:52:48,664   | DEBUG    | Received 50:4D:01:33:01:94: .[0m
[34m2026-01-16 17:52:48,670   | DEBUG    | Received 00:2C:1E:86:01:9B: .[0m
[34m2026-01-16 17:52:48,681   | DEBUG    | Received 56:9D:D6:2F:FB:85: .[0m
[34m2026-01-16 17:52:48,681   | DEBUG    | Received 56:9D:D6:2F:FB:85: .[0m
[34m2026-01-16 17:52:48,682   | DEBUG    | Received 23:C5:87:BF:E7:25: .[0m
[34m2026-01-16 17:52:48,771   | DEBUG    | Received 00:2C:1E:86:01:9B: .[0m
[34m2026-01-16 17:52:48,772   | DEBUG    | Received 02:6B:59:DB:3D:73: .[0m
[34m2026-01-16 17:52:48,777   | DEBUG    | Received 34:3D:C9:81:B7:F1: .[0m
[34m2026-01-16 17:52:48,784   | DEBUG    | Received 02:90:B4:9A:99:79: .[0m
[34m2026-01-16 17:52:48,787   | DEBUG    | Received 3B:60:51:49:AE:0A: .[0m
[34m2026-01-16 17:52:48,795   | DEBUG    | Received 75:50:EF:D0:C3:8B: .[0m
[34m2026-01-16 17:52:48,796   | DEBUG    | Received 75:50:EF:D0:C3:8B: .[0m
[34m2026-01-16 17:52:48,797   | DEBUG    | Received 7F:57:4C:E2:A4:B0: .[0m
[34m2026-01-16 17:52:48,798   | DEBUG    | Received 7F:57:4C:E2:A4:B0: .[0m
[34m2026-01-16 17:52:48,899   | DEBUG    | Received 00:E0:4C:23:99:87: .[0m
[34m2026-01-16 17:52:48,902   | DEBUG    | Received 58:AB:51:25:2F:4E: .[0m
[34m2026-01-16 17:52:48,905   | DEBUG    | Received 18:AE:7B:D9:F8:86: .[0m
[34m2026-01-16 17:52:49,011   | DEBUG    | Received 18:AE:7B:D9:F8:86: .[0m
[34m2026-01-16 17:52:49,013   | DEBUG    | Received 84:C0:EF:0A:5E:7B: .[0m
[34m2026-01-16 17:52:49,014   | DEBUG    | Received 84:C0:EF:0A:5E:7B: [TV]Hall office TV.[0m
[34m2026-01-16 17:52:49,031   | DEBUG    | Received 50:4D:01:33:01:94: .[0m
[34m2026-01-16 17:52:49,133   | DEBUG    | Received C0:49:EF:3D:C2:2E: .[0m
[34m2026-01-16 17:52:49,134   | DEBUG    | Received C0:49:EF:3D:C2:2E: EKG-3d-c2-2c.[0m
[34m2026-01-16 17:52:49,145   | DEBUG    | Received 4B:B2:08:D1:76:B9: .[0m
[34m2026-01-16 17:52:49,145   | DEBUG    | Received 4B:B2:08:D1:76:B9: .[0m
[34m2026-01-16 17:52:49,244   | DEBUG    | Received 56:55:32:C6:58:45: .[0m
[34m2026-01-16 17:52:49,245   | DEBUG    | Received 56:55:32:C6:58:45: .[0m
[34m2026-01-16 17:52:49,245   | DEBUG    | Received 1A:08:B4:32:A2:31: .[0m
[34m2026-01-16 17:52:49,261   | DEBUG    | Received 27:88:AA:A4:D4:6D: .[0m
[34m2026-01-16 17:52:49,262   | DEBUG    | Received C0:49:EF:3D:C2:2E: .[0m
[34m2026-01-16 17:52:49,367   | DEBUG    | Received 62:01:39:F8:06:BD: .[0m
[34m2026-01-16 17:52:49,368   | DEBUG    | Received 62:01:39:F8:06:BD: .[0m
[34m2026-01-16 17:52:49,369   | DEBUG    | Received 27:88:AA:A4:D4:6D: .[0m
[34m2026-01-16 17:52:49,382   | DEBUG    | Received 7D:9B:2F:FD:3C:AE: .[0m
[34m2026-01-16 17:52:49,385   | DEBUG    | Received 1C:85:4E:1D:E4:72: .[0m
[34m2026-01-16 17:52:49,482   | DEBUG    | Received 7F:57:4C:E2:A4:B0: .[0m
[34m2026-01-16 17:52:49,483   | DEBUG    | Received 7F:57:4C:E2:A4:B0: .[0m
[34m2026-01-16 17:52:49,499   | DEBUG    | Received 84:C0:EF:0A:5E:7B: .[0m
[34m2026-01-16 17:52:49,500   | DEBUG    | Received 84:C0:EF:0A:5E:7B: [TV]Hall office TV.[0m
[34m2026-01-16 17:52:49,501   | DEBUG    | Received 02:42:2E:F6:07:13: .[0m
[34m2026-01-16 17:52:49,502   | DEBUG    | Received 00:2C:1E:86:01:9B: .[0m
[34m2026-01-16 17:52:49,506   | DEBUG    | Received CD:53:86:D7:92:F4: .[0m
[34m2026-01-16 17:52:49,507   | DEBUG    | Received CD:53:86:D7:92:F4: BioCoin.[0m
[34m2026-01-16 17:52:49,508   | DEBUG    | Received 02:6B:59:DB:3D:73: .[0m
[34m2026-01-16 17:52:49,599   | DEBUG    | Received 02:90:B4:9A:99:79: .[0m
[34m2026-01-16 17:52:49,608   | DEBUG    | Received 02:42:2E:F6:07:13: .[0m
[34m2026-01-16 17:52:49,609   | DEBUG    | Received C0:2C:36:F0:CF:0F: .[0m
[34m2026-01-16 17:52:49,612   | DEBUG    | Received 56:9D:D6:2F:FB:85: .[0m
[34m2026-01-16 17:52:49,613   | DEBUG    | Received 02:6B:59:DB:3D:73: .[0m
[34m2026-01-16 17:52:49,722   | DEBUG    | Received 02:6B:59:DB:3D:73: .[0m
[34m2026-01-16 17:52:49,728   | DEBUG    | Received 48:CA:07:93:67:D0: .[0m
[34m2026-01-16 17:52:49,729   | DEBUG    | Received 48:CA:07:93:67:D0: .[0m
[34m2026-01-16 17:52:49,737   | DEBUG    | Received 7D:77:95:9A:4C:35: .[0m
[34m2026-01-16 17:52:49,738   | DEBUG    | Received 7D:77:95:9A:4C:35: .[0m
[34m2026-01-16 17:52:49,844   | DEBUG    | Received 90:DE:80:E1:73:6A: .[0m
[34m2026-01-16 17:52:49,846   | DEBUG    | Received 58:AB:51:25:2F:4E: .[0m
[34m2026-01-16 17:52:49,955   | DEBUG    | Received 72:3A:4C:00:C0:4E: .[0m
[34m2026-01-16 17:52:49,956   | DEBUG    | Received 72:3A:4C:00:C0:4E: .[0m
[34m2026-01-16 17:52:49,961   | DEBUG    | Received 5B:CA:B8:35:83:72: .[0m
[34m2026-01-16 17:52:49,962   | DEBUG    | Received 5B:CA:B8:35:83:72: .[0m
[34m2026-01-16 17:52:49,967   | DEBUG    | Received C0:49:EF:3D:C2:2E: .[0m
[34m2026-01-16 17:52:49,979   | DEBUG    | Received 23:C5:87:BF:E7:25: .[0m
[34m2026-01-16 17:52:49,984   | DEBUG    | Received 84:C0:EF:0A:5E:7B: .[0m
[34m2026-01-16 17:52:49,985   | DEBUG    | Received 84:C0:EF:0A:5E:7B: [TV]Hall office TV.[0m
[34m2026-01-16 17:52:50,070   | DEBUG    | Received 03:1C:D7:D8:ED:FB: .[0m
[34m2026-01-16 17:52:50,092   | DEBUG    | Received C0:49:EF:3D:C2:2E: .[0m
[34m2026-01-16 17:52:50,097   | DEBUG    | Received 5B:54:C6:C0:12:FD: .[0m
[34m2026-01-16 17:52:50,097   | DEBUG    | Received 5B:54:C6:C0:12:FD: .[0m
[34m2026-01-16 17:52:50,193   | DEBUG    | Received 62:01:39:F8:06:BD: .[0m
[34m2026-01-16 17:52:50,207   | DEBUG    | Received 4E:F1:C9:D8:C8:E9: .[0m
[34m2026-01-16 17:52:50,208   | DEBUG    | Received 4E:F1:C9:D8:C8:E9: .[0m
[34m2026-01-16 17:52:50,210   | DEBUG    | Received 0C:E2:DB:98:DA:0B: .[0m
[34m2026-01-16 17:52:50,212   | DEBUG    | Received 02:90:B4:9A:99:79: .[0m
[34m2026-01-16 17:52:50,308   | DEBUG    | Received 69:4B:FE:5C:49:19: .[0m
[34m2026-01-16 17:52:50,315   | DEBUG    | Received 7D:9B:2F:FD:3C:AE: .[0m
[34m2026-01-16 17:52:50,318   | DEBUG    | Received 27:88:AA:A4:D4:6D: .[0m
[34m2026-01-16 17:52:50,319   | DEBUG    | Received E2:45:E5:26:48:44: .[0m
[34m2026-01-16 17:52:50,356   | DEBUG    | Received C0:49:EF:3D:C2:2E: .[0m
[34m2026-01-16 17:52:50,357   | DEBUG    | Received C0:49:EF:3D:C2:2E: EKG-3d-c2-2c.[0m
[34m2026-01-16 17:52:50,358   | DEBUG    | Received 18:AE:7B:D9:F8:86: .[0m
[34m2026-01-16 17:52:50,361   | DEBUG    | Received 1A:2E:0F:30:F5:83: .[0m
[34m2026-01-16 17:52:50,363   | DEBUG    | Received 6C:01:35:E8:7F:BA: .[0m
[34m2026-01-16 17:52:50,372   | DEBUG    | Received 00:E0:4C:23:99:87: .[0m
[34m2026-01-16 17:52:50,373   | DEBUG    | Received 6D:E2:EB:BE:56:16: .[0m
[34m2026-01-16 17:52:50,544   | DEBUG    | Received 56:9D:D6:2F:FB:85: .[0m
[34m2026-01-16 17:52:50,545   | DEBUG    | Received 56:9D:D6:2F:FB:85: .[0m
[34m2026-01-16 17:52:50,546   | DEBUG    | Received 1C:85:4E:1D:E4:72: .[0m
[34m2026-01-16 17:52:50,549   | DEBUG    | Received 02:42:2E:F6:07:13: .[0m
[34m2026-01-16 17:52:50,554   | DEBUG    | Received 5C:49:7D:76:01:05: .[0m
[34m2026-01-16 17:52:50,558   | DEBUG    | Received 50:4D:01:33:01:94: .[0m
[34m2026-01-16 17:52:50,561   | DEBUG    | Received 02:6B:59:DB:3D:73: .[0m
[34m2026-01-16 17:52:50,564   | DEBUG    | Received C0:49:EF:3D:C2:2E: .[0m
[34m2026-01-16 17:52:50,571   | DEBUG    | Received 18:AE:7B:D9:F8:86: .[0m
[34m2026-01-16 17:52:50,666   | DEBUG    | 56 devices found. Watcher status: <BluetoothLEAdvertisementWatcherStatus.STOPPED: 3>.[0m
[34m2026-01-16 17:52:50,678   | DEBUG    | 	Device: Unknown (27:88:AA:A4:D4:6D) | UUIDs: [][0m
[34m2026-01-16 17:52:50,678   | DEBUG    | 	Device: Unknown (5B:54:C6:C0:12:FD) | UUIDs: [][0m
[34m2026-01-16 17:52:50,678   | DEBUG    | 	Device: classic300s (C8:2E:18:CF:ED:52) | UUIDs: [][0m
[34m2026-01-16 17:52:50,678   | DEBUG    | 	Device: Unknown (23:C5:87:BF:E7:25) | UUIDs: [][0m
[34m2026-01-16 17:52:50,678   | DEBUG    | 	Device: Unknown (59:06:62:04:6E:30) | UUIDs: [][0m
[34m2026-01-16 17:52:50,678   | DEBUG    | 	Device: Unknown (02:6B:59:DB:3D:73) | UUIDs: [][0m
[34m2026-01-16 17:52:50,678   | DEBUG    | 	Device: BioCoin (CD:53:86:D7:92:F4) | UUIDs: ['00001523-1212-efde-1523-785feabc93aa'][0m
[34m2026-01-16 17:52:50,678   | DEBUG    | 	Device: Unknown (4B:B2:08:D1:76:B9) | UUIDs: [][0m
[34m2026-01-16 17:52:50,678   | DEBUG    | 	Device: Unknown (90:DE:80:99:19:CC) | UUIDs: [][0m
[34m2026-01-16 17:52:50,678   | DEBUG    | 	Device: [TV]Hall office TV (84:C0:EF:0A:5E:7B) | UUIDs: [][0m
[34m2026-01-16 17:52:50,678   | DEBUG    | 	Device: Unknown (33:31:4B:CE:5C:02) | UUIDs: [][0m
[34m2026-01-16 17:52:50,678   | DEBUG    | 	Device: Unknown (58:AB:51:25:2F:4E) | UUIDs: [][0m
[34m2026-01-16 17:52:50,678   | DEBUG    | 	Device: Unknown (02:42:2E:F6:07:13) | UUIDs: [][0m
[34m2026-01-16 17:52:50,678   | DEBUG    | 	Device: EKG-3d-c2-2c (C0:49:EF:3D:C2:2E) | UUIDs: ['021a9004-0382-4aea-bff4-6b3f1c5adfb4'][0m
[34m2026-01-16 17:52:50,678   | DEBUG    | 	Device: Unknown (18:AE:7B:D9:F8:86) | UUIDs: [][0m
[34m2026-01-16 17:52:50,678   | DEBUG    | 	Device: Unknown (5B:CA:B8:35:83:72) | UUIDs: [][0m
[34m2026-01-16 17:52:50,678   | DEBUG    | 	Device: Unknown (D4:FE:41:68:CC:F0) | UUIDs: [][0m
[34m2026-01-16 17:52:50,678   | DEBUG    | 	Device: Unknown (5C:49:7D:76:01:05) | UUIDs: [][0m
[34m2026-01-16 17:52:50,678   | DEBUG    | 	Device: Unknown (F2:82:A9:C9:29:59) | UUIDs: [][0m
[34m2026-01-16 17:52:50,678   | DEBUG    | 	Device: Unknown (56:9D:D6:2F:FB:85) | UUIDs: [][0m
[34m2026-01-16 17:52:50,678   | DEBUG    | 	Device: Unknown (3B:60:51:49:AE:0A) | UUIDs: [][0m
[34m2026-01-16 17:52:50,678   | DEBUG    | 	Device: Unknown (69:4B:FE:5C:49:19) | UUIDs: [][0m
[34m2026-01-16 17:52:50,678   | DEBUG    | 	Device: Unknown (7D:77:95:9A:4C:35) | UUIDs: [][0m
[34m2026-01-16 17:52:50,678   | DEBUG    | 	Device: Unknown (34:3D:C9:81:B7:F1) | UUIDs: [][0m
[34m2026-01-16 17:52:50,678   | DEBUG    | 	Device: Unknown (02:90:B4:9A:99:79) | UUIDs: [][0m
[34m2026-01-16 17:52:50,678   | DEBUG    | 	Device: Unknown (90:DE:80:E1:90:28) | UUIDs: [][0m
[34m2026-01-16 17:52:50,678   | DEBUG    | 	Device: Unknown (00:2C:1E:86:01:9B) | UUIDs: [][0m
[34m2026-01-16 17:52:50,678   | DEBUG    | 	Device: Unknown (72:3A:4C:00:C0:4E) | UUIDs: [][0m
[34m2026-01-16 17:52:50,679   | DEBUG    | 	Device: Unknown (1C:85:4E:1D:E4:72) | UUIDs: [][0m
[34m2026-01-16 17:52:50,679   | DEBUG    | 	Device: Unknown (0C:E2:DB:98:DA:0B) | UUIDs: [][0m
[34m2026-01-16 17:52:50,679   | DEBUG    | 	Device: Unknown (C8:F6:4B:55:AB:C5) | UUIDs: [][0m
[34m2026-01-16 17:52:50,679   | DEBUG    | 	Device: Unknown (56:55:32:C6:58:45) | UUIDs: [][0m
[34m2026-01-16 17:52:50,679   | DEBUG    | 	Device: Unknown (02:EA:A1:0F:43:5F) | UUIDs: [][0m
[34m2026-01-16 17:52:50,679   | DEBUG    | 	Device: Fellow Aiden D5DC (1C:69:20:85:D5:DE) | UUIDs: ['0000ffff-0000-1000-8000-00805f9b34fb'][0m
[34m2026-01-16 17:52:50,679   | DEBUG    | 	Device: Unknown (6C:01:35:E8:7F:BA) | UUIDs: [][0m
[34m2026-01-16 17:52:50,679   | DEBUG    | 	Device: Unknown (5C:D2:49:FD:18:44) | UUIDs: [][0m
[34m2026-01-16 17:52:50,679   | DEBUG    | 	Device: Unknown (75:50:EF:D0:C3:8B) | UUIDs: [][0m
[34m2026-01-16 17:52:50,679   | DEBUG    | 	Device: Unknown (70:B4:F7:E0:3D:45) | UUIDs: [][0m
[34m2026-01-16 17:52:50,679   | DEBUG    | 	Device: Unknown (7F:57:4C:E2:A4:B0) | UUIDs: [][0m
[34m2026-01-16 17:52:50,679   | DEBUG    | 	Device: Unknown (7D:9B:2F:FD:3C:AE) | UUIDs: [][0m
[34m2026-01-16 17:52:50,679   | DEBUG    | 	Device: Unknown (50:4D:01:33:01:94) | UUIDs: [][0m
[34m2026-01-16 17:52:50,679   | DEBUG    | 	Device: Unknown (03:1C:D7:D8:ED:FB) | UUIDs: [][0m
[34m2026-01-16 17:52:50,679   | DEBUG    | 	Device: Unknown (90:DE:80:E1:73:6A) | UUIDs: [][0m
[34m2026-01-16 17:52:50,679   | DEBUG    | 	Device: Unknown (45:63:58:44:B7:A6) | UUIDs: [][0m
[34m2026-01-16 17:52:50,679   | DEBUG    | 	Device: Unknown (52:C5:29:12:55:8A) | UUIDs: ['0000febe-0000-1000-8000-00805f9b34fb'][0m
[34m2026-01-16 17:52:50,679   | DEBUG    | 	Device: Unknown (4E:F1:C9:D8:C8:E9) | UUIDs: [][0m
[34m2026-01-16 17:52:50,679   | DEBUG    | 	Device: Unknown (E2:45:E5:26:48:44) | UUIDs: [][0m
[34m2026-01-16 17:52:50,679   | DEBUG    | 	Device: Unknown (4E:97:13:4C:8B:FB) | UUIDs: [][0m
[34m2026-01-16 17:52:50,679   | DEBUG    | 	Device: Unknown (63:78:42:2C:B6:C6) | UUIDs: [][0m
[34m2026-01-16 17:52:50,679   | DEBUG    | 	Device: Unknown (00:E0:4C:23:99:87) | UUIDs: [][0m
[34m2026-01-16 17:52:50,679   | DEBUG    | 	Device: Unknown (1A:08:B4:32:A2:31) | UUIDs: [][0m
[34m2026-01-16 17:52:50,679   | DEBUG    | 	Device: Unknown (62:01:39:F8:06:BD) | UUIDs: [][0m
[34m2026-01-16 17:52:50,679   | DEBUG    | 	Device: Unknown (C0:2C:36:F0:CF:0F) | UUIDs: [][0m
[34m2026-01-16 17:52:50,679   | DEBUG    | 	Device: Unknown (48:CA:07:93:67:D0) | UUIDs: [][0m
[34m2026-01-16 17:52:50,679   | DEBUG    | 	Device: Unknown (1A:2E:0F:30:F5:83) | UUIDs: [][0m
[34m2026-01-16 17:52:50,679   | DEBUG    | 	Device: Unknown (6D:E2:EB:BE:56:16) | UUIDs: [][0m
2026-01-16 17:52:50,681   | INFO     | Found BioCoin device at CD:53:86:D7:92:F4![0m
[34m2026-01-16 17:52:51,326   | DEBUG    | Received 34:3D:C9:81:B7:F1: .[0m
[34m2026-01-16 17:52:51,329   | DEBUG    | Received 72:3A:4C:00:C0:4E: .[0m
[34m2026-01-16 17:52:51,339   | DEBUG    | Received 56:9D:D6:2F:FB:85: .[0m
[34m2026-01-16 17:52:51,340   | DEBUG    | Received 56:9D:D6:2F:FB:85: .[0m
[34m2026-01-16 17:52:51,342   | DEBUG    | Received C0:49:EF:3D:C2:2E: .[0m
[34m2026-01-16 17:52:51,343   | DEBUG    | Received 03:1C:D7:D8:ED:FB: .[0m
[34m2026-01-16 17:52:51,452   | DEBUG    | Received 03:1C:D7:D8:ED:FB: .[0m
[34m2026-01-16 17:52:51,453   | DEBUG    | Received 5B:CA:B8:35:83:72: .[0m
[34m2026-01-16 17:52:51,454   | DEBUG    | Received 5B:CA:B8:35:83:72: .[0m
[34m2026-01-16 17:52:51,455   | DEBUG    | Received 69:4B:FE:5C:49:19: .[0m
[34m2026-01-16 17:52:51,563   | DEBUG    | Received 56:9D:D6:2F:FB:85: .[0m
[34m2026-01-16 17:52:51,564   | DEBUG    | Received 56:9D:D6:2F:FB:85: .[0m
[34m2026-01-16 17:52:51,570   | DEBUG    | Received 0C:E2:DB:98:DA:0B: .[0m
[34m2026-01-16 17:52:51,572   | DEBUG    | Received 90:DE:80:99:19:CC: .[0m
[34m2026-01-16 17:52:51,688   | DEBUG    | Received 1C:85:4E:1D:E4:72: .[0m
[34m2026-01-16 17:52:51,689   | DEBUG    | Received 84:C0:EF:0A:5E:7B: .[0m
[34m2026-01-16 17:52:51,690   | DEBUG    | Received 84:C0:EF:0A:5E:7B: [TV]Hall office TV.[0m
[34m2026-01-16 17:52:51,696   | DEBUG    | Received 7D:9B:2F:FD:3C:AE: .[0m
[34m2026-01-16 17:52:51,701   | DEBUG    | Received 6C:01:35:E8:7F:BA: .[0m
[34m2026-01-16 17:52:51,800   | DEBUG    | Received 02:6B:59:DB:3D:73: .[0m
[34m2026-01-16 17:52:51,802   | DEBUG    | Received 27:88:AA:A4:D4:6D: .[0m
[34m2026-01-16 17:52:51,805   | DEBUG    | Received 16:5F:79:42:6F:08: .[0m
[34m2026-01-16 17:52:51,816   | DEBUG    | Received 02:42:2E:F6:07:13: .[0m
[34m2026-01-16 17:52:51,823   | DEBUG    | Received 5B:CA:B8:35:83:72: .[0m
[34m2026-01-16 17:52:51,823   | DEBUG    | Received 5B:CA:B8:35:83:72: .[0m
[34m2026-01-16 17:52:51,825   | DEBUG    | Received 75:50:EF:D0:C3:8B: .[0m
[34m2026-01-16 17:52:51,825   | DEBUG    | Received 75:50:EF:D0:C3:8B: .[0m
[34m2026-01-16 17:52:51,826   | DEBUG    | Received 00:2C:1E:86:01:9B: .[0m
[34m2026-01-16 17:52:51,929   | DEBUG    | Received 75:50:EF:D0:C3:8B: .[0m
[34m2026-01-16 17:52:52,034   | DEBUG    | Received 18:AE:7B:D9:F8:86: .[0m
[34m2026-01-16 17:52:52,154   | DEBUG    | Received 58:AB:51:25:2F:4E: .[0m
[34m2026-01-16 17:52:52,160   | DEBUG    | Received 02:90:B4:9A:99:79: .[0m
[34m2026-01-16 17:52:52,164   | DEBUG    | Received 90:DE:80:E1:73:6A: .[0m
[34m2026-01-16 17:52:52,169   | DEBUG    | Received 56:9D:D6:2F:FB:85: .[0m
[34m2026-01-16 17:52:52,169   | DEBUG    | Received 56:9D:D6:2F:FB:85: .[0m
[34m2026-01-16 17:52:52,171   | DEBUG    | Received D4:FE:41:68:CC:F0: .[0m
[34m2026-01-16 17:52:52,171   | DEBUG    | Received D4:FE:41:68:CC:F0: .[0m
[34m2026-01-16 17:52:52,173   | DEBUG    | Received 4B:B2:08:D1:76:B9: .[0m
[34m2026-01-16 17:52:52,178   | DEBUG    | Received C0:49:EF:3D:C2:2E: .[0m
[34m2026-01-16 17:52:52,179   | DEBUG    | Received C0:49:EF:3D:C2:2E: EKG-3d-c2-2c.[0m
[34m2026-01-16 17:52:52,180   | DEBUG    | Received 03:1C:D7:D8:ED:FB: .[0m
[34m2026-01-16 17:52:52,278   | DEBUG    | Received 00:E0:4C:23:99:87: .[0m
[34m2026-01-16 17:52:52,289   | DEBUG    | Received 75:50:EF:D0:C3:8B: .[0m
[34m2026-01-16 17:52:52,293   | DEBUG    | Received 33:31:4B:CE:5C:02: .[0m
[34m2026-01-16 17:52:52,297   | DEBUG    | Received 0C:E2:DB:98:DA:0B: .[0m
[34m2026-01-16 17:52:52,395   | DEBUG    | Received 5C:D2:49:FD:18:44: .[0m
[34m2026-01-16 17:52:52,396   | DEBUG    | Received 5C:D2:49:FD:18:44: .[0m
[34m2026-01-16 17:52:52,397   | DEBUG    | Received 5B:CA:B8:35:83:72: .[0m
[34m2026-01-16 17:52:52,399   | DEBUG    | Received 75:50:EF:D0:C3:8B: .[0m
[34m2026-01-16 17:52:52,400   | DEBUG    | Received 75:50:EF:D0:C3:8B: .[0m
[34m2026-01-16 17:52:52,412   | DEBUG    | Received FF:9B:DC:8D:06:C1: .[0m
[34m2026-01-16 17:52:52,522   | DEBUG    | Received 02:6B:59:DB:3D:73: .[0m
[34m2026-01-16 17:52:52,628   | DEBUG    | Received 02:6B:59:DB:3D:73: .[0m
[34m2026-01-16 17:52:52,633   | DEBUG    | Received 7D:9B:2F:FD:3C:AE: .[0m
[34m2026-01-16 17:52:52,638   | DEBUG    | Received C0:49:EF:3D:C2:2E: .[0m
[34m2026-01-16 17:52:52,639   | DEBUG    | Received C0:49:EF:3D:C2:2E: EKG-3d-c2-2c.[0m
[34m2026-01-16 17:52:52,640   | DEBUG    | Received 3B:60:51:49:AE:0A: .[0m
[34m2026-01-16 17:52:52,648   | DEBUG    | Received 7F:57:4C:E2:A4:B0: .[0m
[34m2026-01-16 17:52:52,648   | DEBUG    | Received 7F:57:4C:E2:A4:B0: .[0m
[34m2026-01-16 17:52:52,753   | DEBUG    | Received 56:9D:D6:2F:FB:85: .[0m
[34m2026-01-16 17:52:52,754   | DEBUG    | Received CC:29:6B:4B:3B:5B: .[0m
[34m2026-01-16 17:52:52,755   | DEBUG    | Received 75:50:EF:D0:C3:8B: .[0m
[34m2026-01-16 17:52:52,756   | DEBUG    | Received 75:50:EF:D0:C3:8B: .[0m
[34m2026-01-16 17:52:52,763   | DEBUG    | Received 02:42:2E:F6:07:13: .[0m
[34m2026-01-16 17:52:52,768   | DEBUG    | Received 18:AE:7B:D9:F8:86: .[0m
[34m2026-01-16 17:52:52,769   | DEBUG    | Received 58:AB:51:25:2F:4E: .[0m
[34m2026-01-16 17:52:52,911   | DEBUG    | Received 75:50:EF:D0:C3:8B: .[0m
[34m2026-01-16 17:52:52,912   | DEBUG    | Received 75:50:EF:D0:C3:8B: .[0m
[34m2026-01-16 17:52:52,913   | DEBUG    | Received 34:3D:C9:81:B7:F1: .[0m
[34m2026-01-16 17:52:52,928   | DEBUG    | Received 90:DE:80:E1:90:28: .[0m
[34m2026-01-16 17:52:52,930   | DEBUG    | Received 1C:85:4E:1D:E4:72: .[0m
[34m2026-01-16 17:52:52,981   | DEBUG    | Received 56:9D:D6:2F:FB:85: .[0m
[34m2026-01-16 17:52:52,982   | DEBUG    | Received 56:9D:D6:2F:FB:85: .[0m
[34m2026-01-16 17:52:52,982   | DEBUG    | Received 5C:49:7D:76:01:05: .[0m
[34m2026-01-16 17:52:52,987   | DEBUG    | Received 00:2C:1E:86:01:9B: .[0m
[34m2026-01-16 17:52:52,994   | DEBUG    | Received 84:C0:EF:0A:5E:7B: .[0m
[34m2026-01-16 17:52:52,994   | DEBUG    | Received 84:C0:EF:0A:5E:7B: [TV]Hall office TV.[0m
[34m2026-01-16 17:52:52,996   | DEBUG    | Received CD:53:86:D7:92:F4: .[0m
[34m2026-01-16 17:52:52,997   | DEBUG    | 35 devices found. Watcher status: <BluetoothLEAdvertisementWatcherStatus.STOPPED: 3>.[0m
[34m2026-01-16 17:52:52,997   | DEBUG    | Received CD:53:86:D7:92:F4: BioCoin.[0m
[34m2026-01-16 17:52:52,997   | DEBUG    | Connecting to BLE device @ CD:53:86:D7:92:F4[0m
[34m2026-01-16 17:52:53,048   | DEBUG    | getting services (service_cache_mode=None, cache_mode=None)...[0m
[34m2026-01-16 17:52:54,423   | DEBUG    | session_status_changed_event_handler: id: BluetoothLE#BluetoothLE14:18:c3:bb:ba:ce-cd:53:86:d7:92:f4, error: <BluetoothError.SUCCESS: 0>, status: <GattSessionStatus.ACTIVE: 1>[0m
[34m2026-01-16 17:52:54,522   | DEBUG    | max_pdu_size_changed_handler: 247[0m
[34m2026-01-16 17:52:56,555   | DEBUG    | CD:53:86:D7:92:F4: services changed[0m
[34m2026-01-16 17:52:56,587   | DEBUG    | CD:53:86:D7:92:F4: services changed[0m
[34m2026-01-16 17:52:56,618   | DEBUG    | CD:53:86:D7:92:F4: services changed[0m
[34m2026-01-16 17:52:56,650   | DEBUG    | CD:53:86:D7:92:F4: services changed[0m
[34m2026-01-16 17:52:56,680   | DEBUG    | CD:53:86:D7:92:F4: services changed[0m
[34m2026-01-16 17:52:56,711   | DEBUG    | CD:53:86:D7:92:F4: services changed[0m
2026-01-16 17:53:00,583   | INFO     | Connected to BioCoin device at CD:53:86:D7:92:F4.[0m
[34m2026-01-16 17:53:00,784   | DEBUG    | Read Characteristic 0022 : bytearray(b'd')[0m
2026-01-16 17:53:00,784   | INFO     | Battery Level: 100%[0m
2026-01-16 17:53:00,784   | INFO     | Sending IMP technique parameters...[0m
[34m2026-01-16 17:53:02,182   | DEBUG    | Read Characteristic 0026 : bytearray(b'\x01')[0m
[34m2026-01-16 17:53:02,183   | DEBUG    | Device status read: INVALID_PARAMETERS (1)[0m
[31m2026-01-16 17:53:02,183   | ERROR    | Invalid parameters
Traceback (most recent call last):
  File "C:\Biocoin\software\src\main.py", line 128, in main
    await Imp.configure(
    ...<6 lines>...
        frequency=100.0)
  File "C:\Biocoin\software\src\biocoin\techniques\Impedance.py", line 97, in configure
    await self.assert_config_ok()
  File "C:\Biocoin\software\src\biocoin\techniques\base_technique.py", line 165, in assert_config_ok
    raise ValueError('Invalid parameters')
ValueError: Invalid parameters[0m
[34m2026-01-16 17:53:02,184   | DEBUG    | Disconnecting from BLE device...[0m
2026-01-16 17:53:02,288   | INFO     | Disconnected from BioCoin device.[0m
