2026-02-08 20:55:17,527   | INFO     | BioCoin Test Script[0m
2026-02-08 20:55:17,527   | INFO     | Searching for the BioCoin device named "Biocoin"...[0m
2026-02-08 20:55:17,527   | INFO     | Scanning for devices...[0m
[34m2026-02-08 20:55:17,785   | DEBUG    | Received C8:8B:29:34:3C:F2: CoolingSystem LCT22002.[0m
[34m2026-02-08 20:55:17,814   | DEBUG    | Received 44:4A:F9:29:EF:2B: .[0m
[34m2026-02-08 20:55:17,844   | DEBUG    | Received 44:4A:F9:29:EF:2B: .[0m
[34m2026-02-08 20:55:17,844   | DEBUG    | Received 46:09:1A:90:FE:0B: .[0m
[34m2026-02-08 20:55:17,844   | DEBUG    | Received 44:1E:E2:27:B5:96: .[0m
[34m2026-02-08 20:55:17,844   | DEBUG    | Received 44:1E:E2:27:B5:96: .[0m
[34m2026-02-08 20:55:17,844   | DEBUG    | Received 74:50:9C:94:DF:F4: .[0m
[34m2026-02-08 20:55:17,899   | DEBUG    | Received 75:1F:5D:E7:A9:64: .[0m
[34m2026-02-08 20:55:17,901   | DEBUG    | Received 44:1E:E2:27:B5:96: .[0m
[34m2026-02-08 20:55:17,912   | DEBUG    | Received 56:59:E6:F9:AA:C0: .[0m
[34m2026-02-08 20:55:17,912   | DEBUG    | Received 56:59:E6:F9:AA:C0: .[0m
[34m2026-02-08 20:55:17,915   | DEBUG    | Received C2:DA:CC:16:27:E3: .[0m
[34m2026-02-08 20:55:17,916   | DEBUG    | Received C2:DA:CC:16:27:E3: BioCoin.[0m
[34m2026-02-08 20:55:17,918   | DEBUG    | Received 6F:C1:88:0C:3D:76: .[0m
[34m2026-02-08 20:55:18,013   | DEBUG    | Received 44:1E:E2:27:B5:96: .[0m
[34m2026-02-08 20:55:18,014   | DEBUG    | Received 44:1E:E2:27:B5:96: .[0m
[34m2026-02-08 20:55:18,134   | DEBUG    | Received 56:59:E6:F9:AA:C0: .[0m
[34m2026-02-08 20:55:18,135   | DEBUG    | Received 56:59:E6:F9:AA:C0: .[0m
[34m2026-02-08 20:55:18,246   | DEBUG    | Received 78:EC:06:CF:CC:7F: .[0m
[34m2026-02-08 20:55:18,256   | DEBUG    | Received 46:83:D2:77:CA:F0: .[0m
[34m2026-02-08 20:55:18,259   | DEBUG    | Received 74:01:C4:20:CA:4B: .[0m
[34m2026-02-08 20:55:18,259   | DEBUG    | Received 74:01:C4:20:CA:4B: .[0m
[34m2026-02-08 20:55:18,274   | DEBUG    | Received 56:59:E6:F9:AA:C0: .[0m
[34m2026-02-08 20:55:18,275   | DEBUG    | Received 56:59:E6:F9:AA:C0: .[0m
[34m2026-02-08 20:55:18,381   | DEBUG    | Received 65:20:9C:2F:67:C1: .[0m
[34m2026-02-08 20:55:18,382   | DEBUG    | Received 65:20:9C:2F:67:C1: .[0m
[34m2026-02-08 20:55:18,387   | DEBUG    | Received 7C:48:BF:CE:FB:5C: .[0m
[34m2026-02-08 20:55:18,388   | DEBUG    | Received 7C:48:BF:CE:FB:5C: .[0m
[34m2026-02-08 20:55:18,390   | DEBUG    | Received 44:1E:E2:27:B5:96: .[0m
[34m2026-02-08 20:55:18,391   | DEBUG    | Received 44:1E:E2:27:B5:96: .[0m
[34m2026-02-08 20:55:18,488   | DEBUG    | Received 56:59:E6:F9:AA:C0: .[0m
[34m2026-02-08 20:55:18,489   | DEBUG    | Received 56:59:E6:F9:AA:C0: .[0m
[34m2026-02-08 20:55:18,491   | DEBUG    | Received 44:1E:E2:27:B5:96: .[0m
[34m2026-02-08 20:55:18,492   | DEBUG    | Received 44:1E:E2:27:B5:96: .[0m
[34m2026-02-08 20:55:18,495   | DEBUG    | Received 57:6B:82:BC:5E:24: .[0m
[34m2026-02-08 20:55:18,496   | DEBUG    | Received 57:6B:82:BC:5E:24: .[0m
[34m2026-02-08 20:55:18,509   | DEBUG    | Received C2:DA:CC:16:27:E3: .[0m
[34m2026-02-08 20:55:18,511   | DEBUG    | Received C2:DA:CC:16:27:E3: BioCoin.[0m
[34m2026-02-08 20:55:18,512   | DEBUG    | Received 63:6E:4D:BA:75:FC: .[0m
[34m2026-02-08 20:55:18,606   | DEBUG    | Received 44:4A:F9:29:EF:2B: .[0m
[34m2026-02-08 20:55:18,607   | DEBUG    | Received 44:4A:F9:29:EF:2B: .[0m
[34m2026-02-08 20:55:18,615   | DEBUG    | Received C2:DA:CC:16:27:E3: .[0m
[34m2026-02-08 20:55:18,616   | DEBUG    | Received C2:DA:CC:16:27:E3: BioCoin.[0m
[34m2026-02-08 20:55:18,617   | DEBUG    | Received 78:EC:06:CF:CC:7F: .[0m
[34m2026-02-08 20:55:18,620   | DEBUG    | Received 56:59:E6:F9:AA:C0: .[0m
[34m2026-02-08 20:55:18,725   | DEBUG    | Received 74:50:9C:94:DF:F4: .[0m
[34m2026-02-08 20:55:18,728   | DEBUG    | Received 56:59:E6:F9:AA:C0: .[0m
[34m2026-02-08 20:55:18,837   | DEBUG    | Received E5:2C:C5:0E:A3:CC: .[0m
[34m2026-02-08 20:55:18,848   | DEBUG    | Received 4A:28:00:DE:81:A6: .[0m
[34m2026-02-08 20:55:18,851   | DEBUG    | Received C2:DA:CC:16:27:E3: .[0m
[34m2026-02-08 20:55:18,852   | DEBUG    | Received C2:DA:CC:16:27:E3: BioCoin.[0m
[34m2026-02-08 20:55:18,853   | DEBUG    | Received FD:7A:88:62:EF:6F: .[0m
[34m2026-02-08 20:55:18,865   | DEBUG    | Received 44:1E:E2:27:B5:96: .[0m
[34m2026-02-08 20:55:18,866   | DEBUG    | Received 44:1E:E2:27:B5:96: .[0m
[34m2026-02-08 20:55:18,968   | DEBUG    | Received 54:53:32:FB:E9:5F: .[0m
[34m2026-02-08 20:55:19,078   | DEBUG    | Received 63:6E:4D:BA:75:FC: .[0m
[34m2026-02-08 20:55:19,078   | DEBUG    | Received 63:6E:4D:BA:75:FC: .[0m
[34m2026-02-08 20:55:19,082   | DEBUG    | Received 56:59:E6:F9:AA:C0: .[0m
[34m2026-02-08 20:55:19,083   | DEBUG    | Received 56:59:E6:F9:AA:C0: .[0m
[34m2026-02-08 20:55:19,086   | DEBUG    | Received 74:01:C4:20:CA:4B: .[0m
[34m2026-02-08 20:55:19,087   | DEBUG    | Received 74:01:C4:20:CA:4B: .[0m
[34m2026-02-08 20:55:19,096   | DEBUG    | Received 42:42:53:84:EF:91: .[0m
[34m2026-02-08 20:55:19,097   | DEBUG    | Received 42:42:53:84:EF:91: .[0m
[34m2026-02-08 20:55:19,101   | DEBUG    | Received 74:50:9C:94:DF:F4: .[0m
[34m2026-02-08 20:55:19,205   | DEBUG    | Received C2:DA:CC:16:27:E3: .[0m
[34m2026-02-08 20:55:19,205   | DEBUG    | Received C2:DA:CC:16:27:E3: BioCoin.[0m
[34m2026-02-08 20:55:19,209   | DEBUG    | Received 44:1E:E2:27:B5:96: .[0m
[34m2026-02-08 20:55:19,214   | DEBUG    | Received 33:30:7E:CC:AB:E6: .[0m
[34m2026-02-08 20:55:19,217   | DEBUG    | Received 80:64:6F:10:8E:B2: SPCARE_108EB0.[0m
[34m2026-02-08 20:55:19,311   | DEBUG    | Received 10:9F:57:EA:07:13: .[0m
[34m2026-02-08 20:55:19,317   | DEBUG    | Received C2:DA:CC:16:27:E3: .[0m
[34m2026-02-08 20:55:19,321   | DEBUG    | Received 6B:61:84:00:4B:5B: .[0m
[34m2026-02-08 20:55:19,324   | DEBUG    | Received 56:59:E6:F9:AA:C0: .[0m
[34m2026-02-08 20:55:19,433   | DEBUG    | Received 56:59:E6:F9:AA:C0: .[0m
[34m2026-02-08 20:55:19,434   | DEBUG    | Received 56:59:E6:F9:AA:C0: .[0m
[34m2026-02-08 20:55:19,443   | DEBUG    | Received 63:6E:4D:BA:75:FC: .[0m
[34m2026-02-08 20:55:19,449   | DEBUG    | Received C2:DA:CC:16:27:E3: .[0m
[34m2026-02-08 20:55:19,450   | DEBUG    | Received C2:DA:CC:16:27:E3: BioCoin.[0m
[34m2026-02-08 20:55:19,550   | DEBUG    | Received 4B:52:B6:20:DA:96: .[0m
[34m2026-02-08 20:55:19,551   | DEBUG    | Received 4B:52:B6:20:DA:96: .[0m
[34m2026-02-08 20:55:19,552   | DEBUG    | Received 80:64:6F:10:8E:B2: SPCARE_108EB0.[0m
[34m2026-02-08 20:55:19,555   | DEBUG    | Received 32:48:B8:39:4B:C8: .[0m
[34m2026-02-08 20:55:19,558   | DEBUG    | Received 78:EC:06:CF:CC:7F: .[0m
[34m2026-02-08 20:55:19,595   | DEBUG    | Received C2:DA:CC:16:27:E3: .[0m
[34m2026-02-08 20:55:19,596   | DEBUG    | Received C2:DA:CC:16:27:E3: BioCoin.[0m
[34m2026-02-08 20:55:19,667   | DEBUG    | Received 76:21:A6:60:09:EA: .[0m
[34m2026-02-08 20:55:19,671   | DEBUG    | Received C2:DA:CC:16:27:E3: .[0m
[34m2026-02-08 20:55:19,672   | DEBUG    | Received C2:DA:CC:16:27:E3: BioCoin.[0m
[34m2026-02-08 20:55:19,673   | DEBUG    | Received 44:1E:E2:27:B5:96: .[0m
[34m2026-02-08 20:55:19,674   | DEBUG    | Received 44:1E:E2:27:B5:96: .[0m
[34m2026-02-08 20:55:19,685   | DEBUG    | Received 6A:45:44:CB:C1:B2: .[0m
[34m2026-02-08 20:55:19,694   | DEBUG    | Received 5A:80:24:EB:F4:8B: .[0m
[34m2026-02-08 20:55:19,790   | DEBUG    | Received 56:59:E6:F9:AA:C0: .[0m
[34m2026-02-08 20:55:19,806   | DEBUG    | Received 44:1E:E2:27:B5:96: .[0m
[34m2026-02-08 20:55:19,807   | DEBUG    | Received 44:1E:E2:27:B5:96: .[0m
[34m2026-02-08 20:55:19,901   | DEBUG    | Received C2:DA:CC:16:27:E3: .[0m
[34m2026-02-08 20:55:19,902   | DEBUG    | Received C2:DA:CC:16:27:E3: BioCoin.[0m
[34m2026-02-08 20:55:19,903   | DEBUG    | Received 54:53:32:FB:E9:5F: .[0m
[34m2026-02-08 20:55:19,904   | DEBUG    | Received 54:53:32:FB:E9:5F: .[0m
[34m2026-02-08 20:55:19,909   | DEBUG    | Received 42:42:53:84:EF:91: .[0m
[34m2026-02-08 20:55:19,911   | DEBUG    | Received 44:1E:E2:27:B5:96: .[0m
[34m2026-02-08 20:55:19,912   | DEBUG    | Received 44:1E:E2:27:B5:96: .[0m
[34m2026-02-08 20:55:19,922   | DEBUG    | Received 4B:52:B6:20:DA:96: .[0m
[34m2026-02-08 20:55:19,925   | DEBUG    | Received 78:EC:06:CF:CC:7F: .[0m
[34m2026-02-08 20:55:20,020   | DEBUG    | Received 65:20:9C:2F:67:C1: .[0m
[34m2026-02-08 20:55:20,021   | DEBUG    | Received 65:20:9C:2F:67:C1: .[0m
[34m2026-02-08 20:55:20,023   | DEBUG    | Received 44:1E:E2:27:B5:96: .[0m
[34m2026-02-08 20:55:20,035   | DEBUG    | Received 46:09:1A:90:FE:0B: .[0m
[34m2026-02-08 20:55:20,042   | DEBUG    | Received 7C:48:BF:CE:FB:5C: .[0m
[34m2026-02-08 20:55:20,043   | DEBUG    | Received 7C:48:BF:CE:FB:5C: .[0m
[34m2026-02-08 20:55:20,046   | DEBUG    | Received 4A:28:00:DE:81:A6: .[0m
[34m2026-02-08 20:55:20,048   | DEBUG    | Received 10:9F:57:EA:07:13: .[0m
[34m2026-02-08 20:55:20,136   | DEBUG    | Received C2:DA:CC:16:27:E3: .[0m
[34m2026-02-08 20:55:20,137   | DEBUG    | Received C2:DA:CC:16:27:E3: BioCoin.[0m
[34m2026-02-08 20:55:20,141   | DEBUG    | Received 56:59:E6:F9:AA:C0: .[0m
[34m2026-02-08 20:55:20,142   | DEBUG    | Received 56:59:E6:F9:AA:C0: .[0m
[34m2026-02-08 20:55:20,152   | DEBUG    | Received 57:6B:82:BC:5E:24: .[0m
[34m2026-02-08 20:55:20,153   | DEBUG    | Received 57:6B:82:BC:5E:24: .[0m
[34m2026-02-08 20:55:20,154   | DEBUG    | Received 33:30:7E:CC:AB:E6: .[0m
[34m2026-02-08 20:55:20,158   | DEBUG    | Received 44:1E:E2:27:B5:96: .[0m
[34m2026-02-08 20:55:20,159   | DEBUG    | Received 44:1E:E2:27:B5:96: .[0m
[34m2026-02-08 20:55:20,267   | DEBUG    | Received 76:21:A6:60:09:EA: .[0m
[34m2026-02-08 20:55:20,270   | DEBUG    | Received C2:DA:CC:16:27:E3: .[0m
[34m2026-02-08 20:55:20,271   | DEBUG    | Received C2:DA:CC:16:27:E3: BioCoin.[0m
[34m2026-02-08 20:55:20,388   | DEBUG    | Received 7B:85:3D:00:09:4E: .[0m
[34m2026-02-08 20:55:20,389   | DEBUG    | Received 7B:85:3D:00:09:4E: .[0m
[34m2026-02-08 20:55:20,392   | DEBUG    | Received 74:50:9C:94:DF:F4: .[0m
[34m2026-02-08 20:55:20,396   | DEBUG    | Received 56:59:E6:F9:AA:C0: .[0m
[34m2026-02-08 20:55:20,396   | DEBUG    | Received 56:59:E6:F9:AA:C0: .[0m
[34m2026-02-08 20:55:20,610   | DEBUG    | Received 4A:28:00:DE:81:A6: .[0m
[34m2026-02-08 20:55:20,611   | DEBUG    | Received 4A:28:00:DE:81:A6: STANMORE III [LE].[0m
[34m2026-02-08 20:55:20,614   | DEBUG    | Received 53:5E:AD:BB:AB:7C: .[0m
[34m2026-02-08 20:55:20,615   | DEBUG    | Received 53:5E:AD:BB:AB:7C: .[0m
[34m2026-02-08 20:55:20,622   | DEBUG    | Received C2:DA:CC:16:27:E3: .[0m
[34m2026-02-08 20:55:20,623   | DEBUG    | Received C2:DA:CC:16:27:E3: BioCoin.[0m
[34m2026-02-08 20:55:20,629   | DEBUG    | Received 5C:06:8B:57:3D:4A: .[0m
[34m2026-02-08 20:55:20,630   | DEBUG    | Received 5C:06:8B:57:3D:4A: Living Room TV.[0m
[34m2026-02-08 20:55:20,631   | DEBUG    | Received 44:1E:E2:27:B5:96: .[0m
[34m2026-02-08 20:55:20,632   | DEBUG    | Received 44:1E:E2:27:B5:96: .[0m
[34m2026-02-08 20:55:20,635   | DEBUG    | Received C0:28:8D:90:7F:00: .[0m
[34m2026-02-08 20:55:20,636   | DEBUG    | Received C0:28:8D:90:7F:00: .[0m
[34m2026-02-08 20:55:20,642   | DEBUG    | Received 56:59:E6:F9:AA:C0: .[0m
[34m2026-02-08 20:55:20,642   | DEBUG    | Received 56:59:E6:F9:AA:C0: .[0m
[34m2026-02-08 20:55:20,742   | DEBUG    | Received 44:1E:E2:27:B5:96: .[0m
[34m2026-02-08 20:55:20,742   | DEBUG    | Received 44:1E:E2:27:B5:96: .[0m
[34m2026-02-08 20:55:20,744   | DEBUG    | Received 56:59:E6:F9:AA:C0: .[0m
[34m2026-02-08 20:55:20,746   | DEBUG    | Received 74:01:C4:20:CA:4B: .[0m
[34m2026-02-08 20:55:20,747   | DEBUG    | Received 74:01:C4:20:CA:4B: .[0m
[34m2026-02-08 20:55:20,874   | DEBUG    | Received 17:0D:A8:B5:5F:3D: .[0m
[34m2026-02-08 20:55:20,880   | DEBUG    | Received C2:51:8E:FB:60:84: .[0m
[34m2026-02-08 20:55:20,881   | DEBUG    | Received C2:51:8E:FB:60:84: .[0m
[34m2026-02-08 20:55:20,883   | DEBUG    | Received 56:59:E6:F9:AA:C0: .[0m
[34m2026-02-08 20:55:20,884   | DEBUG    | Received 56:59:E6:F9:AA:C0: .[0m
[34m2026-02-08 20:55:20,885   | DEBUG    | Received 00:1C:C2:98:50:C7: DREOtf07bC6.[0m
[34m2026-02-08 20:55:20,890   | DEBUG    | Received 53:5E:AD:BB:AB:7C: .[0m
[34m2026-02-08 20:55:20,891   | DEBUG    | Received 53:5E:AD:BB:AB:7C: .[0m
[34m2026-02-08 20:55:20,904   | DEBUG    | Received 33:30:7E:CC:AB:E6: .[0m
[34m2026-02-08 20:55:20,965   | DEBUG    | Received C2:DA:CC:16:27:E3: .[0m
[34m2026-02-08 20:55:20,966   | DEBUG    | Received C2:DA:CC:16:27:E3: BioCoin.[0m
[34m2026-02-08 20:55:20,985   | DEBUG    | Received EA:8A:DA:D9:89:A2: .[0m
[34m2026-02-08 20:55:20,986   | DEBUG    | Received 44:1E:E2:27:B5:96: .[0m
[34m2026-02-08 20:55:21,091   | DEBUG    | Received 33:30:7E:CC:AB:E6: .[0m
[34m2026-02-08 20:55:21,105   | DEBUG    | Received 56:59:E6:F9:AA:C0: .[0m
[34m2026-02-08 20:55:21,106   | DEBUG    | Received 56:59:E6:F9:AA:C0: .[0m
[34m2026-02-08 20:55:21,107   | DEBUG    | Received C2:DA:CC:16:27:E3: .[0m
[34m2026-02-08 20:55:21,108   | DEBUG    | Received C2:DA:CC:16:27:E3: BioCoin.[0m
[34m2026-02-08 20:55:21,199   | DEBUG    | Received 54:53:32:FB:E9:5F: .[0m
[34m2026-02-08 20:55:21,212   | DEBUG    | Received FE:8C:C8:54:74:70: .[0m
[34m2026-02-08 20:55:21,224   | DEBUG    | Received 44:1E:E2:27:B5:96: .[0m
[34m2026-02-08 20:55:21,225   | DEBUG    | Received 44:1E:E2:27:B5:96: .[0m
[34m2026-02-08 20:55:21,226   | DEBUG    | Received 32:48:B8:39:4B:C8: .[0m
[34m2026-02-08 20:55:21,317   | DEBUG    | Received 62:B6:03:37:95:AF: .[0m
[34m2026-02-08 20:55:21,324   | DEBUG    | Received 44:1E:E2:27:B5:96: .[0m
[34m2026-02-08 20:55:21,325   | DEBUG    | Received 44:1E:E2:27:B5:96: .[0m
[34m2026-02-08 20:55:21,343   | DEBUG    | Received C2:DA:CC:16:27:E3: .[0m
[34m2026-02-08 20:55:21,344   | DEBUG    | Received C2:DA:CC:16:27:E3: BioCoin.[0m
[34m2026-02-08 20:55:21,345   | DEBUG    | Received 56:59:E6:F9:AA:C0: .[0m
[34m2026-02-08 20:55:21,346   | DEBUG    | Received 56:59:E6:F9:AA:C0: .[0m
[34m2026-02-08 20:55:21,441   | DEBUG    | Received C2:DA:CC:16:27:E3: .[0m
[34m2026-02-08 20:55:21,442   | DEBUG    | Received C2:DA:CC:16:27:E3: BioCoin.[0m
[34m2026-02-08 20:55:21,454   | DEBUG    | Received 56:59:E6:F9:AA:C0: .[0m
[34m2026-02-08 20:55:21,454   | DEBUG    | Received 56:59:E6:F9:AA:C0: .[0m
[34m2026-02-08 20:55:21,463   | DEBUG    | Received 44:1E:E2:27:B5:96: .[0m
[34m2026-02-08 20:55:21,566   | DEBUG    | Received 44:1E:E2:27:B5:96: .[0m
[34m2026-02-08 20:55:21,566   | DEBUG    | Received 44:1E:E2:27:B5:96: .[0m
[34m2026-02-08 20:55:21,576   | DEBUG    | Received 54:53:32:FB:E9:5F: .[0m
[34m2026-02-08 20:55:21,577   | DEBUG    | Received 54:53:32:FB:E9:5F: .[0m
[34m2026-02-08 20:55:21,675   | DEBUG    | Received 45:46:B3:99:45:48: .[0m
[34m2026-02-08 20:55:21,676   | DEBUG    | Received 45:46:B3:99:45:48: .[0m
[34m2026-02-08 20:55:21,677   | DEBUG    | Received 65:20:9C:2F:67:C1: .[0m
[34m2026-02-08 20:55:21,678   | DEBUG    | Received 65:20:9C:2F:67:C1: .[0m
[34m2026-02-08 20:55:21,683   | DEBUG    | Received C2:DA:CC:16:27:E3: .[0m
[34m2026-02-08 20:55:21,684   | DEBUG    | Received C2:DA:CC:16:27:E3: BioCoin.[0m
[34m2026-02-08 20:55:21,686   | DEBUG    | Received 63:6E:4D:BA:75:FC: .[0m
[34m2026-02-08 20:55:21,694   | DEBUG    | Received 74:50:9C:94:DF:F4: .[0m
[34m2026-02-08 20:55:21,697   | DEBUG    | Received 62:B6:03:37:95:AF: .[0m
[34m2026-02-08 20:55:21,700   | DEBUG    | Received 56:59:E6:F9:AA:C0: .[0m
[34m2026-02-08 20:55:21,701   | DEBUG    | Received 56:59:E6:F9:AA:C0: .[0m
[34m2026-02-08 20:55:21,795   | DEBUG    | Received 75:1F:5D:E7:A9:64: .[0m
[34m2026-02-08 20:55:21,796   | DEBUG    | Received 75:1F:5D:E7:A9:64: .[0m
[34m2026-02-08 20:55:21,800   | DEBUG    | Received 56:59:E6:F9:AA:C0: .[0m
[34m2026-02-08 20:55:21,800   | DEBUG    | Received 56:59:E6:F9:AA:C0: .[0m
[34m2026-02-08 20:55:21,809   | DEBUG    | Received 57:6B:82:BC:5E:24: .[0m
[34m2026-02-08 20:55:21,810   | DEBUG    | Received 57:6B:82:BC:5E:24: .[0m
[34m2026-02-08 20:55:21,813   | DEBUG    | Received 44:1E:E2:27:B5:96: .[0m
[34m2026-02-08 20:55:21,814   | DEBUG    | Received 44:1E:E2:27:B5:96: .[0m
[34m2026-02-08 20:55:21,908   | DEBUG    | Received A0:0B:16:06:E1:51: .[0m
[34m2026-02-08 20:55:21,910   | DEBUG    | Received 44:1E:E2:27:B5:96: .[0m
[34m2026-02-08 20:55:21,911   | DEBUG    | Received 44:1E:E2:27:B5:96: .[0m
[34m2026-02-08 20:55:21,933   | DEBUG    | Received A0:0B:16:06:E1:51: .[0m
[34m2026-02-08 20:55:22,040   | DEBUG    | Received 7B:85:3D:00:09:4E: .[0m
[34m2026-02-08 20:55:22,041   | DEBUG    | Received 7B:85:3D:00:09:4E: .[0m
[34m2026-02-08 20:55:22,042   | DEBUG    | Received 56:59:E6:F9:AA:C0: .[0m
[34m2026-02-08 20:55:22,043   | DEBUG    | Received 56:59:E6:F9:AA:C0: .[0m
[34m2026-02-08 20:55:22,045   | DEBUG    | Received C8:8B:29:34:3C:F2: CoolingSystem LCT22002.[0m
[34m2026-02-08 20:55:22,046   | DEBUG    | Received C8:8B:29:34:3C:F2: .[0m
[34m2026-02-08 20:55:22,048   | DEBUG    | Received C2:DA:CC:16:27:E3: .[0m
[34m2026-02-08 20:55:22,049   | DEBUG    | Received C2:DA:CC:16:27:E3: BioCoin.[0m
[34m2026-02-08 20:55:22,056   | DEBUG    | Received 45:46:B3:99:45:48: .[0m
[34m2026-02-08 20:55:22,157   | DEBUG    | Received 56:59:E6:F9:AA:C0: .[0m
[34m2026-02-08 20:55:22,157   | DEBUG    | Received 56:59:E6:F9:AA:C0: .[0m
[34m2026-02-08 20:55:22,159   | DEBUG    | Received C2:DA:CC:16:27:E3: .[0m
[34m2026-02-08 20:55:22,159   | DEBUG    | Received C2:DA:CC:16:27:E3: BioCoin.[0m
[34m2026-02-08 20:55:22,161   | DEBUG    | Received 78:EC:06:CF:CC:7F: .[0m
[34m2026-02-08 20:55:22,168   | DEBUG    | Received 4B:52:B6:20:DA:96: .[0m
[34m2026-02-08 20:55:22,169   | DEBUG    | Received 4B:52:B6:20:DA:96: .[0m
[34m2026-02-08 20:55:22,174   | DEBUG    | Received 44:4A:F9:29:EF:2B: .[0m
[34m2026-02-08 20:55:22,175   | DEBUG    | Received 44:4A:F9:29:EF:2B: .[0m
[34m2026-02-08 20:55:22,178   | DEBUG    | Received 44:1E:E2:27:B5:96: .[0m
[34m2026-02-08 20:55:22,179   | DEBUG    | Received 44:1E:E2:27:B5:96: .[0m
[34m2026-02-08 20:55:22,184   | DEBUG    | Received D0:B8:95:79:EA:8D: .[0m
[34m2026-02-08 20:55:22,265   | DEBUG    | Received 56:59:E6:F9:AA:C0: .[0m
[34m2026-02-08 20:55:22,265   | DEBUG    | Received 56:59:E6:F9:AA:C0: .[0m
[34m2026-02-08 20:55:22,386   | DEBUG    | Received 44:1E:E2:27:B5:96: .[0m
[34m2026-02-08 20:55:22,386   | DEBUG    | Received 44:1E:E2:27:B5:96: .[0m
[34m2026-02-08 20:55:22,394   | DEBUG    | Received 74:01:C4:20:CA:4B: .[0m
[34m2026-02-08 20:55:22,394   | DEBUG    | Received 74:01:C4:20:CA:4B: .[0m
[34m2026-02-08 20:55:22,401   | DEBUG    | Received CF:95:56:B6:D7:33: .[0m
[34m2026-02-08 20:55:22,504   | DEBUG    | Received 5D:3E:62:61:25:7C: .[0m
[34m2026-02-08 20:55:22,520   | DEBUG    | Received 80:64:6F:10:8E:B2: SPCARE_108EB0.[0m
[34m2026-02-08 20:55:22,520   | DEBUG    | Received 80:64:6F:10:8E:B2: .[0m
[34m2026-02-08 20:55:22,615   | DEBUG    | Received CE:B4:E5:52:6E:03: .[0m
[34m2026-02-08 20:55:22,617   | DEBUG    | Received 76:21:A6:60:09:EA: .[0m
[34m2026-02-08 20:55:22,622   | DEBUG    | Received 62:B6:03:37:95:AF: .[0m
[34m2026-02-08 20:55:22,643   | DEBUG    | Received A0:0B:16:06:E1:51: .[0m
[34m2026-02-08 20:55:22,732   | DEBUG    | 46 devices found. Watcher status: <BluetoothLEAdvertisementWatcherStatus.STOPPED: 3>.[0m
[34m2026-02-08 20:55:22,733   | DEBUG    | 	Device: CoolingSystem LCT22002 (C8:8B:29:34:3C:F2) | UUIDs: ['6e400001-b5a3-f393-e0a9-e50e24dcca9e'][0m
[34m2026-02-08 20:55:22,733   | DEBUG    | 	Device: Unknown (44:4A:F9:29:EF:2B) | UUIDs: [][0m
[34m2026-02-08 20:55:22,734   | DEBUG    | 	Device: Unknown (46:09:1A:90:FE:0B) | UUIDs: [][0m
[34m2026-02-08 20:55:22,734   | DEBUG    | 	Device: Unknown (44:1E:E2:27:B5:96) | UUIDs: [][0m
[34m2026-02-08 20:55:22,734   | DEBUG    | 	Device: Unknown (74:50:9C:94:DF:F4) | UUIDs: [][0m
[34m2026-02-08 20:55:22,734   | DEBUG    | 	Device: Unknown (75:1F:5D:E7:A9:64) | UUIDs: [][0m
[34m2026-02-08 20:55:22,734   | DEBUG    | 	Device: Unknown (56:59:E6:F9:AA:C0) | UUIDs: [][0m
[34m2026-02-08 20:55:22,734   | DEBUG    | 	Device: BioCoin (C2:DA:CC:16:27:E3) | UUIDs: ['00001523-1212-efde-1523-785feabc93aa'][0m
[34m2026-02-08 20:55:22,734   | DEBUG    | 	Device: Unknown (6F:C1:88:0C:3D:76) | UUIDs: ['0000febe-0000-1000-8000-00805f9b34fb'][0m
[34m2026-02-08 20:55:22,734   | DEBUG    | 	Device: Unknown (78:EC:06:CF:CC:7F) | UUIDs: [][0m
[34m2026-02-08 20:55:22,734   | DEBUG    | 	Device: Unknown (46:83:D2:77:CA:F0) | UUIDs: [][0m
[34m2026-02-08 20:55:22,734   | DEBUG    | 	Device: Unknown (74:01:C4:20:CA:4B) | UUIDs: [][0m
[34m2026-02-08 20:55:22,734   | DEBUG    | 	Device: Unknown (65:20:9C:2F:67:C1) | UUIDs: [][0m
[34m2026-02-08 20:55:22,734   | DEBUG    | 	Device: Unknown (7C:48:BF:CE:FB:5C) | UUIDs: [][0m
[34m2026-02-08 20:55:22,734   | DEBUG    | 	Device: Unknown (57:6B:82:BC:5E:24) | UUIDs: [][0m
[34m2026-02-08 20:55:22,734   | DEBUG    | 	Device: Unknown (63:6E:4D:BA:75:FC) | UUIDs: [][0m
[34m2026-02-08 20:55:22,734   | DEBUG    | 	Device: Unknown (E5:2C:C5:0E:A3:CC) | UUIDs: [][0m
[34m2026-02-08 20:55:22,734   | DEBUG    | 	Device: STANMORE III [LE] (4A:28:00:DE:81:A6) | UUIDs: [][0m
[34m2026-02-08 20:55:22,734   | DEBUG    | 	Device: Unknown (FD:7A:88:62:EF:6F) | UUIDs: [][0m
[34m2026-02-08 20:55:22,734   | DEBUG    | 	Device: Unknown (54:53:32:FB:E9:5F) | UUIDs: [][0m
[34m2026-02-08 20:55:22,734   | DEBUG    | 	Device: Unknown (42:42:53:84:EF:91) | UUIDs: [][0m
[34m2026-02-08 20:55:22,734   | DEBUG    | 	Device: Unknown (33:30:7E:CC:AB:E6) | UUIDs: [][0m
[34m2026-02-08 20:55:22,734   | DEBUG    | 	Device: SPCARE_108EB0 (80:64:6F:10:8E:B2) | UUIDs: ['0000ffff-0000-1000-8000-00805f9b34fb'][0m
[34m2026-02-08 20:55:22,734   | DEBUG    | 	Device: Unknown (10:9F:57:EA:07:13) | UUIDs: [][0m
[34m2026-02-08 20:55:22,734   | DEBUG    | 	Device: Unknown (6B:61:84:00:4B:5B) | UUIDs: [][0m
[34m2026-02-08 20:55:22,734   | DEBUG    | 	Device: Unknown (4B:52:B6:20:DA:96) | UUIDs: [][0m
[34m2026-02-08 20:55:22,734   | DEBUG    | 	Device: Unknown (32:48:B8:39:4B:C8) | UUIDs: [][0m
[34m2026-02-08 20:55:22,734   | DEBUG    | 	Device: Unknown (76:21:A6:60:09:EA) | UUIDs: [][0m
[34m2026-02-08 20:55:22,734   | DEBUG    | 	Device: Unknown (6A:45:44:CB:C1:B2) | UUIDs: [][0m
[34m2026-02-08 20:55:22,734   | DEBUG    | 	Device: Unknown (5A:80:24:EB:F4:8B) | UUIDs: [][0m
[34m2026-02-08 20:55:22,734   | DEBUG    | 	Device: Unknown (7B:85:3D:00:09:4E) | UUIDs: [][0m
[34m2026-02-08 20:55:22,734   | DEBUG    | 	Device: Unknown (53:5E:AD:BB:AB:7C) | UUIDs: [][0m
[34m2026-02-08 20:55:22,734   | DEBUG    | 	Device: Living Room TV (5C:06:8B:57:3D:4A) | UUIDs: ['0000fea0-0000-1000-8000-00805f9b34fb'][0m
[34m2026-02-08 20:55:22,734   | DEBUG    | 	Device: Unknown (C0:28:8D:90:7F:00) | UUIDs: ['72daa6c3-29c2-6283-0c4a-2818e4d37e75'][0m
[34m2026-02-08 20:55:22,734   | DEBUG    | 	Device: Unknown (17:0D:A8:B5:5F:3D) | UUIDs: [][0m
[34m2026-02-08 20:55:22,734   | DEBUG    | 	Device: Unknown (C2:51:8E:FB:60:84) | UUIDs: [][0m
[34m2026-02-08 20:55:22,734   | DEBUG    | 	Device: DREOtf07bC6 (00:1C:C2:98:50:C7) | UUIDs: ['00005348-0000-1000-8000-00805f9b34fb'][0m
[34m2026-02-08 20:55:22,734   | DEBUG    | 	Device: Unknown (EA:8A:DA:D9:89:A2) | UUIDs: [][0m
[34m2026-02-08 20:55:22,734   | DEBUG    | 	Device: Unknown (FE:8C:C8:54:74:70) | UUIDs: [][0m
[34m2026-02-08 20:55:22,734   | DEBUG    | 	Device: Unknown (62:B6:03:37:95:AF) | UUIDs: [][0m
[34m2026-02-08 20:55:22,734   | DEBUG    | 	Device: Unknown (45:46:B3:99:45:48) | UUIDs: [][0m
[34m2026-02-08 20:55:22,734   | DEBUG    | 	Device: Unknown (A0:0B:16:06:E1:51) | UUIDs: [][0m
[34m2026-02-08 20:55:22,734   | DEBUG    | 	Device: Unknown (D0:B8:95:79:EA:8D) | UUIDs: [][0m
[34m2026-02-08 20:55:22,735   | DEBUG    | 	Device: Unknown (CF:95:56:B6:D7:33) | UUIDs: [][0m
[34m2026-02-08 20:55:22,735   | DEBUG    | 	Device: Unknown (5D:3E:62:61:25:7C) | UUIDs: [][0m
[34m2026-02-08 20:55:22,735   | DEBUG    | 	Device: Unknown (CE:B4:E5:52:6E:03) | UUIDs: [][0m
2026-02-08 20:55:22,736   | INFO     | Found BioCoin device at C2:DA:CC:16:27:E3![0m
[34m2026-02-08 20:55:22,830   | DEBUG    | Received C0:28:8D:90:7F:00: .[0m
[34m2026-02-08 20:55:22,837   | DEBUG    | Received 4A:28:00:DE:81:A6: .[0m
[34m2026-02-08 20:55:22,839   | DEBUG    | Received 56:59:E6:F9:AA:C0: .[0m
[34m2026-02-08 20:55:22,840   | DEBUG    | Received 56:59:E6:F9:AA:C0: .[0m
[34m2026-02-08 20:55:22,842   | DEBUG    | Received E5:2C:C5:0E:A3:CC: .[0m
[34m2026-02-08 20:55:22,843   | DEBUG    | Received E5:2C:C5:0E:A3:CC: .[0m
[34m2026-02-08 20:55:22,845   | DEBUG    | Received 44:1E:E2:27:B5:96: .[0m
[34m2026-02-08 20:55:22,853   | DEBUG    | Received C5:10:6E:5F:4D:23: .[0m
[34m2026-02-08 20:55:22,948   | DEBUG    | Received 74:01:C4:20:CA:4B: .[0m
[34m2026-02-08 20:55:22,949   | DEBUG    | Received 74:01:C4:20:CA:4B: .[0m
[34m2026-02-08 20:55:22,950   | DEBUG    | Received 44:1E:E2:27:B5:96: .[0m
[34m2026-02-08 20:55:22,951   | DEBUG    | Received 44:1E:E2:27:B5:96: .[0m
[34m2026-02-08 20:55:22,954   | DEBUG    | Received 7E:F2:99:99:CF:A3: .[0m
[34m2026-02-08 20:55:22,955   | DEBUG    | Received 7E:F2:99:99:CF:A3: .[0m
[34m2026-02-08 20:55:22,956   | DEBUG    | Received 5F:A6:2B:B3:6C:A4: .[0m
[34m2026-02-08 20:55:23,056   | DEBUG    | Received 65:20:9C:2F:67:C1: .[0m
[34m2026-02-08 20:55:23,057   | DEBUG    | Received 65:20:9C:2F:67:C1: .[0m
[34m2026-02-08 20:55:23,058   | DEBUG    | Received 56:59:E6:F9:AA:C0: .[0m
[34m2026-02-08 20:55:23,059   | DEBUG    | Received 56:59:E6:F9:AA:C0: .[0m
[34m2026-02-08 20:55:23,060   | DEBUG    | Received 5D:3E:62:61:25:7C: .[0m
[34m2026-02-08 20:55:23,063   | DEBUG    | Received 5A:80:24:EB:F4:8B: .[0m
[34m2026-02-08 20:55:23,072   | DEBUG    | Received 54:53:32:FB:E9:5F: .[0m
[34m2026-02-08 20:55:23,073   | DEBUG    | Received 54:53:32:FB:E9:5F: .[0m
[34m2026-02-08 20:55:23,077   | DEBUG    | Received A0:0B:16:06:E1:51: .[0m
[34m2026-02-08 20:55:23,078   | DEBUG    | Received A0:0B:16:06:E1:51: S4e057882b97acd46C.[0m
[34m2026-02-08 20:55:23,183   | DEBUG    | Received 63:6E:4D:BA:75:FC: .[0m
[34m2026-02-08 20:55:23,183   | DEBUG    | Received 63:6E:4D:BA:75:FC: .[0m
[34m2026-02-08 20:55:23,188   | DEBUG    | Received 57:6B:82:BC:5E:24: .[0m
[34m2026-02-08 20:55:23,194   | DEBUG    | Received C2:DA:CC:16:27:E3: .[0m
[34m2026-02-08 20:55:23,195   | DEBUG    | Received C2:DA:CC:16:27:E3: BioCoin.[0m
[34m2026-02-08 20:55:23,205   | DEBUG    | 17 devices found. Watcher status: <BluetoothLEAdvertisementWatcherStatus.STOPPED: 3>.[0m
[34m2026-02-08 20:55:23,206   | DEBUG    | Connecting to BLE device @ C2:DA:CC:16:27:E3[0m
[34m2026-02-08 20:55:23,243   | DEBUG    | getting services (service_cache_mode=None, cache_mode=None)...[0m
[34m2026-02-08 20:55:23,944   | DEBUG    | session_status_changed_event_handler: id: BluetoothLE#BluetoothLE14:18:c3:bb:ba:ce-c2:da:cc:16:27:e3, error: <BluetoothError.SUCCESS: 0>, status: <GattSessionStatus.ACTIVE: 1>[0m
[34m2026-02-08 20:55:23,961   | DEBUG    | max_pdu_size_changed_handler: 247[0m
[34m2026-02-08 20:55:24,251   | DEBUG    | C2:DA:CC:16:27:E3: services changed[0m
[34m2026-02-08 20:55:24,281   | DEBUG    | C2:DA:CC:16:27:E3: services changed[0m
[34m2026-02-08 20:55:24,314   | DEBUG    | C2:DA:CC:16:27:E3: services changed[0m
[34m2026-02-08 20:55:24,344   | DEBUG    | C2:DA:CC:16:27:E3: services changed[0m
[34m2026-02-08 20:55:24,375   | DEBUG    | C2:DA:CC:16:27:E3: services changed[0m
[34m2026-02-08 20:55:24,405   | DEBUG    | C2:DA:CC:16:27:E3: services changed[0m
2026-02-08 20:55:24,932   | INFO     | Connected to BioCoin device at C2:DA:CC:16:27:E3.[0m
[34m2026-02-08 20:55:24,964   | DEBUG    | Read Characteristic 0022 : bytearray(b'\x00')[0m
2026-02-08 20:55:24,965   | INFO     | Battery Level: 0%[0m
2026-02-08 20:55:24,965   | INFO     | Sending IMP technique parameters...[0m
[34m2026-02-08 20:55:26,092   | DEBUG    | Read Characteristic 0026 : bytearray(b'\x00')[0m
[34m2026-02-08 20:55:26,092   | DEBUG    | Device status read: NOT_RUNNING (0)[0m
2026-02-08 20:55:26,111   | INFO     | Notification handler registered successfully.[0m
[34m2026-02-08 20:55:56,584   | DEBUG    | Received: bytearray(b'\x0e\xd7\x11D\x00t\x01\xbc')[0m
[34m2026-02-08 20:55:56,584   | DEBUG    | Received IMP value: Mag=583.3602294921875, Phase=-0.45270493818844515[0m
2026-02-08 20:56:02,393   | INFO     | Received 1 data points from IMP.[0m
2026-02-08 20:56:02,407   | INFO     | Imp Data:
 [[ 5.83360229e+02 -4.52704938e-01]][0m
[34m2026-02-08 20:56:02,408   | DEBUG    | Disconnecting from BLE device...[0m
2026-02-08 20:56:02,520   | INFO     | Disconnected from BioCoin device.[0m
