2026-02-15 12:36:37,290   | INFO     | BioCoin Test Script[0m
2026-02-15 12:36:37,291   | INFO     | Searching for the BioCoin device named "Biocoin"...[0m
2026-02-15 12:36:37,291   | INFO     | Scanning for devices...[0m
[34m2026-02-15 12:36:37,412   | DEBUG    | Received C8:84:47:4F:14:00: YamahaAV.[0m
[34m2026-02-15 12:36:37,417   | DEBUG    | Received 78:6D:EB:9E:05:FF: .[0m
[34m2026-02-15 12:36:37,423   | DEBUG    | Received 69:1E:06:A8:64:74: .[0m
[34m2026-02-15 12:36:37,426   | DEBUG    | Received 69:1E:06:A8:64:74: .[0m
[34m2026-02-15 12:36:37,429   | DEBUG    | Received 7A:34:E1:8B:3D:ED: .[0m
[34m2026-02-15 12:36:37,439   | DEBUG    | Received 48:BD:2F:35:43:FC: .[0m
[34m2026-02-15 12:36:37,440   | DEBUG    | Received 49:38:EC:BD:08:9C: .[0m
[34m2026-02-15 12:36:37,440   | DEBUG    | Received 49:38:EC:BD:08:9C: .[0m
[34m2026-02-15 12:36:37,532   | DEBUG    | Received 65:D0:87:EA:D6:6C: .[0m
[34m2026-02-15 12:36:37,533   | DEBUG    | Received 65:D0:87:EA:D6:6C: .[0m
[34m2026-02-15 12:36:37,544   | DEBUG    | Received 71:03:73:2B:C4:2B: .[0m
[34m2026-02-15 12:36:37,547   | DEBUG    | Received 67:CB:20:C6:CB:18: .[0m
[34m2026-02-15 12:36:37,648   | DEBUG    | Received E3:B0:FF:23:BD:67: .[0m
[34m2026-02-15 12:36:37,649   | DEBUG    | Received E3:B0:FF:23:BD:67: .[0m
[34m2026-02-15 12:36:37,651   | DEBUG    | Received C2:DA:CC:16:27:E3: .[0m
[34m2026-02-15 12:36:37,652   | DEBUG    | Received C2:DA:CC:16:27:E3: BioCoin.[0m
[34m2026-02-15 12:36:37,654   | DEBUG    | Received 64:7F:40:D2:1F:BE: .[0m
[34m2026-02-15 12:36:37,655   | DEBUG    | Received 64:7F:40:D2:1F:BE: .[0m
[34m2026-02-15 12:36:37,659   | DEBUG    | Received 78:6D:EB:9E:11:E2: .[0m
[34m2026-02-15 12:36:37,664   | DEBUG    | Received 4A:F8:68:8A:80:E0: .[0m
[34m2026-02-15 12:36:37,665   | DEBUG    | Received 4A:F8:68:8A:80:E0: .[0m
[34m2026-02-15 12:36:37,696   | DEBUG    | Received 5B:60:1D:DC:E0:AD: .[0m
[34m2026-02-15 12:36:37,769   | DEBUG    | Received 4F:5E:16:AB:4C:9F: .[0m
[34m2026-02-15 12:36:37,770   | DEBUG    | Received 4F:5E:16:AB:4C:9F: .[0m
[34m2026-02-15 12:36:37,781   | DEBUG    | Received 77:37:37:03:4F:1C: .[0m
[34m2026-02-15 12:36:37,782   | DEBUG    | Received 77:37:37:03:4F:1C: .[0m
[34m2026-02-15 12:36:37,783   | DEBUG    | Received 5B:87:0E:40:EF:45: .[0m
[34m2026-02-15 12:36:37,785   | DEBUG    | Received C4:4C:76:22:9E:14: .[0m
[34m2026-02-15 12:36:37,885   | DEBUG    | Received 7A:BF:9D:72:95:CA: .[0m
[34m2026-02-15 12:36:37,896   | DEBUG    | Received C2:DA:CC:16:27:E3: .[0m
[34m2026-02-15 12:36:37,896   | DEBUG    | Received C2:DA:CC:16:27:E3: BioCoin.[0m
[34m2026-02-15 12:36:37,908   | DEBUG    | Received 58:AF:A6:A7:0F:25: .[0m
[34m2026-02-15 12:36:37,908   | DEBUG    | Received 58:AF:A6:A7:0F:25: .[0m
[34m2026-02-15 12:36:38,117   | DEBUG    | Received 71:03:73:2B:C4:2B: .[0m
[34m2026-02-15 12:36:38,121   | DEBUG    | Received FE:CB:F7:AE:74:09: .[0m
[34m2026-02-15 12:36:38,124   | DEBUG    | Received 78:6D:EB:9E:05:FF: .[0m
[34m2026-02-15 12:36:38,130   | DEBUG    | Received 8C:26:AA:D7:1E:6D: .[0m
[34m2026-02-15 12:36:38,140   | DEBUG    | Received C2:DA:CC:16:27:E3: .[0m
[34m2026-02-15 12:36:38,141   | DEBUG    | Received C2:DA:CC:16:27:E3: BioCoin.[0m
[34m2026-02-15 12:36:38,240   | DEBUG    | Received C2:DA:CC:16:27:E3: .[0m
[34m2026-02-15 12:36:38,241   | DEBUG    | Received C2:DA:CC:16:27:E3: BioCoin.[0m
[34m2026-02-15 12:36:38,250   | DEBUG    | Received C8:84:47:4F:14:00: YamahaAV.[0m
[34m2026-02-15 12:36:38,251   | DEBUG    | Received C8:84:47:4F:14:00: .[0m
[34m2026-02-15 12:36:38,255   | DEBUG    | Received 69:1E:06:A8:64:74: .[0m
[34m2026-02-15 12:36:38,256   | DEBUG    | Received 69:1E:06:A8:64:74: .[0m
[34m2026-02-15 12:36:38,262   | DEBUG    | Received 49:38:EC:BD:08:9C: .[0m
[34m2026-02-15 12:36:38,263   | DEBUG    | Received 49:38:EC:BD:08:9C: .[0m
[34m2026-02-15 12:36:38,354   | DEBUG    | Received 50:70:25:B3:84:8B: .[0m
[34m2026-02-15 12:36:38,358   | DEBUG    | Received 67:F1:1A:8F:7A:11: .[0m
[34m2026-02-15 12:36:38,359   | DEBUG    | Received 67:F1:1A:8F:7A:11: .[0m
[34m2026-02-15 12:36:38,362   | DEBUG    | Received 68:A8:A8:AA:48:BC: .[0m
[34m2026-02-15 12:36:38,363   | DEBUG    | Received 68:A8:A8:AA:48:BC: .[0m
[34m2026-02-15 12:36:38,367   | DEBUG    | Received 80:47:86:73:E3:DB: .[0m
[34m2026-02-15 12:36:38,370   | DEBUG    | Received 7A:34:E1:8B:3D:ED: .[0m
[34m2026-02-15 12:36:38,372   | DEBUG    | Received 4B:7E:D9:FD:DA:00: .[0m
[34m2026-02-15 12:36:38,373   | DEBUG    | Received 4B:7E:D9:FD:DA:00: .[0m
[34m2026-02-15 12:36:38,472   | DEBUG    | Received 79:38:FD:EB:09:91: .[0m
[34m2026-02-15 12:36:38,473   | DEBUG    | Received 79:38:FD:EB:09:91: .[0m
[34m2026-02-15 12:36:38,479   | DEBUG    | Received C8:69:CD:62:83:CB: .[0m
[34m2026-02-15 12:36:38,479   | DEBUG    | Received C8:69:CD:62:83:CB: .[0m
[34m2026-02-15 12:36:38,481   | DEBUG    | Received 66:A4:7D:3C:35:AE: .[0m
[34m2026-02-15 12:36:38,490   | DEBUG    | Received 00:A0:50:2C:54:21: Geneva03.[0m
[34m2026-02-15 12:36:38,491   | DEBUG    | Received 00:A0:50:2C:54:21: .[0m
[34m2026-02-15 12:36:38,498   | DEBUG    | Received 59:DD:CE:C6:8E:0A: .[0m
[34m2026-02-15 12:36:38,590   | DEBUG    | Received 4F:6C:E7:E8:51:53: .[0m
[34m2026-02-15 12:36:38,591   | DEBUG    | Received 4F:6C:E7:E8:51:53: .[0m
[34m2026-02-15 12:36:38,593   | DEBUG    | Received 6D:74:9C:00:29:E1: .[0m
[34m2026-02-15 12:36:38,598   | DEBUG    | Received C2:DA:CC:16:27:E3: .[0m
[34m2026-02-15 12:36:38,599   | DEBUG    | Received C2:DA:CC:16:27:E3: BioCoin.[0m
[34m2026-02-15 12:36:38,617   | DEBUG    | Received 68:A8:A8:AA:48:BC: .[0m
[34m2026-02-15 12:36:38,619   | DEBUG    | Received 73:5A:C4:DA:9A:5A: .[0m
[34m2026-02-15 12:36:38,723   | DEBUG    | Received 6C:7E:88:93:CD:57: .[0m
[34m2026-02-15 12:36:38,833   | DEBUG    | Received 68:FC:CA:78:55:79: .[0m
[34m2026-02-15 12:36:38,834   | DEBUG    | Received 68:FC:CA:78:55:79: [TV] Teevo.[0m
[34m2026-02-15 12:36:38,835   | DEBUG    | Received 49:E0:2D:5E:D0:A1: .[0m
[34m2026-02-15 12:36:38,945   | DEBUG    | Received 47:E5:45:3A:11:50: .[0m
[34m2026-02-15 12:36:38,946   | DEBUG    | Received 47:E5:45:3A:11:50: .[0m
[34m2026-02-15 12:36:38,978   | DEBUG    | Received 62:C0:A5:C0:43:49: .[0m
[34m2026-02-15 12:36:38,979   | DEBUG    | Received 62:C0:A5:C0:43:49: .[0m
[34m2026-02-15 12:36:38,985   | DEBUG    | Received C0:4A:A1:03:75:83: .[0m
[34m2026-02-15 12:36:39,062   | DEBUG    | Received 71:03:73:2B:C4:2B: .[0m
[34m2026-02-15 12:36:39,067   | DEBUG    | Received 77:37:37:03:4F:1C: .[0m
[34m2026-02-15 12:36:39,069   | DEBUG    | Received C8:84:47:4F:14:00: YamahaAV.[0m
[34m2026-02-15 12:36:39,070   | DEBUG    | Received C8:84:47:4F:14:00: .[0m
[34m2026-02-15 12:36:39,075   | DEBUG    | Received 8C:26:AA:D7:1E:6D: .[0m
[34m2026-02-15 12:36:39,078   | DEBUG    | Received 69:1E:06:A8:64:74: .[0m
[34m2026-02-15 12:36:39,079   | DEBUG    | Received 69:1E:06:A8:64:74: .[0m
[34m2026-02-15 12:36:39,081   | DEBUG    | Received 76:D0:C3:17:99:78: .[0m
[34m2026-02-15 12:36:39,091   | DEBUG    | Received C2:DA:CC:16:27:E3: .[0m
[34m2026-02-15 12:36:39,092   | DEBUG    | Received C2:DA:CC:16:27:E3: BioCoin.[0m
[34m2026-02-15 12:36:39,096   | DEBUG    | Received 18:F6:B4:FF:40:78: .[0m
[34m2026-02-15 12:36:39,098   | DEBUG    | Received 69:8E:84:30:0F:65: .[0m
[34m2026-02-15 12:36:39,099   | DEBUG    | Received 69:8E:84:30:0F:65: .[0m
[34m2026-02-15 12:36:39,180   | DEBUG    | Received EC:BA:95:83:FC:EF: .[0m
[34m2026-02-15 12:36:39,183   | DEBUG    | Received 67:F1:1A:8F:7A:11: .[0m
[34m2026-02-15 12:36:39,183   | DEBUG    | Received 67:F1:1A:8F:7A:11: .[0m
[34m2026-02-15 12:36:39,191   | DEBUG    | Received C2:DA:CC:16:27:E3: .[0m
[34m2026-02-15 12:36:39,192   | DEBUG    | Received C2:DA:CC:16:27:E3: BioCoin.[0m
[34m2026-02-15 12:36:39,194   | DEBUG    | Received 6D:B3:54:F3:90:63: .[0m
[34m2026-02-15 12:36:39,195   | DEBUG    | Received 6D:B3:54:F3:90:63: .[0m
[34m2026-02-15 12:36:39,199   | DEBUG    | Received 4B:7E:D9:FD:DA:00: .[0m
[34m2026-02-15 12:36:39,200   | DEBUG    | Received 4B:7E:D9:FD:DA:00: .[0m
[34m2026-02-15 12:36:39,203   | DEBUG    | Received 74:E0:C4:B1:FA:A2: .[0m
[34m2026-02-15 12:36:39,204   | DEBUG    | Received 74:E0:C4:B1:FA:A2: .[0m
[34m2026-02-15 12:36:39,303   | DEBUG    | Received 5B:87:0E:40:EF:45: .[0m
[34m2026-02-15 12:36:39,306   | DEBUG    | Received 00:A0:50:2C:54:21: Geneva03.[0m
[34m2026-02-15 12:36:39,317   | DEBUG    | Received 4F:5E:16:AB:4C:9F: .[0m
[34m2026-02-15 12:36:39,432   | DEBUG    | Received C2:DA:CC:16:27:E3: .[0m
[34m2026-02-15 12:36:39,433   | DEBUG    | Received 59:DD:CE:C6:8E:0A: .[0m
[34m2026-02-15 12:36:39,434   | DEBUG    | Received 59:DD:CE:C6:8E:0A: .[0m
[34m2026-02-15 12:36:39,435   | DEBUG    | Received 48:BD:2F:35:43:FC: .[0m
[34m2026-02-15 12:36:39,439   | DEBUG    | Received 71:03:73:2B:C4:2B: .[0m
[34m2026-02-15 12:36:39,538   | DEBUG    | Received C2:DA:CC:16:27:E3: .[0m
[34m2026-02-15 12:36:39,539   | DEBUG    | Received C2:DA:CC:16:27:E3: BioCoin.[0m
[34m2026-02-15 12:36:39,544   | DEBUG    | Received F7:D2:88:81:D5:6B: .[0m
[34m2026-02-15 12:36:39,557   | DEBUG    | Received D5:99:E9:B8:04:BC: .[0m
[34m2026-02-15 12:36:39,666   | DEBUG    | Received 78:25:49:AD:52:8F: .[0m
[34m2026-02-15 12:36:39,669   | DEBUG    | Received 40:2A:54:13:63:03: .[0m
[34m2026-02-15 12:36:39,674   | DEBUG    | Received C2:DA:CC:16:27:E3: .[0m
[34m2026-02-15 12:36:39,675   | DEBUG    | Received C2:DA:CC:16:27:E3: BioCoin.[0m
[34m2026-02-15 12:36:39,784   | DEBUG    | Received C2:DA:CC:16:27:E3: .[0m
[34m2026-02-15 12:36:39,785   | DEBUG    | Received C2:DA:CC:16:27:E3: BioCoin.[0m
[34m2026-02-15 12:36:39,789   | DEBUG    | Received 49:6B:1E:F0:FA:F7: .[0m
[34m2026-02-15 12:36:39,790   | DEBUG    | Received 49:6B:1E:F0:FA:F7: .[0m
[34m2026-02-15 12:36:39,905   | DEBUG    | Received 49:38:EC:BD:08:9C: .[0m
[34m2026-02-15 12:36:39,906   | DEBUG    | Received 49:38:EC:BD:08:9C: .[0m
[34m2026-02-15 12:36:39,911   | DEBUG    | Received 68:A8:A8:AA:48:BC: .[0m
[34m2026-02-15 12:36:39,912   | DEBUG    | Received 68:A8:A8:AA:48:BC: .[0m
[34m2026-02-15 12:36:39,917   | DEBUG    | Received 80:47:86:73:E3:DB: .[0m
[34m2026-02-15 12:36:39,919   | DEBUG    | Received C2:DA:CC:16:27:E3: .[0m
[34m2026-02-15 12:36:39,920   | DEBUG    | Received C2:DA:CC:16:27:E3: BioCoin.[0m
[34m2026-02-15 12:36:40,008   | DEBUG    | Received 58:AF:A6:A7:0F:25: .[0m
[34m2026-02-15 12:36:40,009   | DEBUG    | Received 58:AF:A6:A7:0F:25: .[0m
[34m2026-02-15 12:36:40,023   | DEBUG    | Received 4B:7E:D9:FD:DA:00: .[0m
[34m2026-02-15 12:36:40,024   | DEBUG    | Received 4B:7E:D9:FD:DA:00: .[0m
[34m2026-02-15 12:36:40,027   | DEBUG    | Received 6D:B3:54:F3:90:63: .[0m
[34m2026-02-15 12:36:40,031   | DEBUG    | Received 50:70:25:B3:84:8B: .[0m
[34m2026-02-15 12:36:40,127   | DEBUG    | Received 66:A4:7D:3C:35:AE: .[0m
[34m2026-02-15 12:36:40,131   | DEBUG    | Received 6F:40:B5:EA:51:EE: .[0m
[34m2026-02-15 12:36:40,139   | DEBUG    | Received 65:D0:87:EA:D6:6C: .[0m
[34m2026-02-15 12:36:40,140   | DEBUG    | Received 65:D0:87:EA:D6:6C: .[0m
[34m2026-02-15 12:36:40,141   | DEBUG    | Received C2:DA:CC:16:27:E3: .[0m
[34m2026-02-15 12:36:40,142   | DEBUG    | Received C2:DA:CC:16:27:E3: BioCoin.[0m
[34m2026-02-15 12:36:40,255   | DEBUG    | Received 73:26:D2:68:A2:05: .[0m
[34m2026-02-15 12:36:40,256   | DEBUG    | Received 73:26:D2:68:A2:05: .[0m
[34m2026-02-15 12:36:40,266   | DEBUG    | Received 69:91:7C:24:F3:FB: .[0m
[34m2026-02-15 12:36:40,278   | DEBUG    | Received 6E:37:D6:F2:36:C8: .[0m
[34m2026-02-15 12:36:40,280   | DEBUG    | Received C2:DA:CC:16:27:E3: .[0m
[34m2026-02-15 12:36:40,281   | DEBUG    | Received C2:DA:CC:16:27:E3: BioCoin.[0m
[34m2026-02-15 12:36:40,363   | DEBUG    | Received 47:A7:50:74:4C:54: .[0m
[34m2026-02-15 12:36:40,364   | DEBUG    | Received 47:A7:50:74:4C:54: LE-Bose Color II SoundLink.[0m
[34m2026-02-15 12:36:40,371   | DEBUG    | Received 77:37:37:03:4F:1C: .[0m
[34m2026-02-15 12:36:40,372   | DEBUG    | Received 77:37:37:03:4F:1C: .[0m
[34m2026-02-15 12:36:40,377   | DEBUG    | Received C2:DA:CC:16:27:E3: .[0m
[34m2026-02-15 12:36:40,378   | DEBUG    | Received C2:DA:CC:16:27:E3: BioCoin.[0m
[34m2026-02-15 12:36:40,390   | DEBUG    | Received 8C:26:AA:D7:1E:6D: .[0m
[34m2026-02-15 12:36:40,390   | DEBUG    | Received 8C:26:AA:D7:1E:6D: .[0m
[34m2026-02-15 12:36:40,480   | DEBUG    | Received 69:8E:84:30:0F:65: .[0m
[34m2026-02-15 12:36:40,481   | DEBUG    | Received 69:8E:84:30:0F:65: .[0m
[34m2026-02-15 12:36:40,482   | DEBUG    | Received 5B:87:0E:40:EF:45: .[0m
[34m2026-02-15 12:36:40,488   | DEBUG    | Received 78:25:49:AD:52:8F: .[0m
[34m2026-02-15 12:36:40,489   | DEBUG    | Received 78:25:49:AD:52:8F: .[0m
[34m2026-02-15 12:36:40,493   | DEBUG    | Received 78:6D:EB:9E:11:E2: F3A151D22F91.[0m
[34m2026-02-15 12:36:40,494   | DEBUG    | Received 78:6D:EB:9E:11:E2: .[0m
[34m2026-02-15 12:36:40,497   | DEBUG    | Received C8:69:CD:62:83:CB: .[0m
[34m2026-02-15 12:36:40,500   | DEBUG    | Received 61:21:21:09:0E:A8: .[0m
[34m2026-02-15 12:36:40,505   | DEBUG    | Received 65:D0:87:EA:D6:6C: .[0m
[34m2026-02-15 12:36:40,506   | DEBUG    | Received 65:D0:87:EA:D6:6C: .[0m
[34m2026-02-15 12:36:40,508   | DEBUG    | Received C8:84:47:4F:14:00: YamahaAV.[0m
[34m2026-02-15 12:36:40,509   | DEBUG    | Received C8:84:47:4F:14:00: .[0m
[34m2026-02-15 12:36:40,511   | DEBUG    | Received 49:E0:2D:5E:D0:A1: .[0m
[34m2026-02-15 12:36:40,514   | DEBUG    | Received C2:DA:CC:16:27:E3: .[0m
[34m2026-02-15 12:36:40,515   | DEBUG    | Received C2:DA:CC:16:27:E3: BioCoin.[0m
[34m2026-02-15 12:36:40,516   | DEBUG    | Received CC:30:38:36:48:40: Govee_H6076_4840.[0m
[34m2026-02-15 12:36:40,517   | DEBUG    | Received CC:30:38:36:48:40: Govee_H6076_4840.[0m
[34m2026-02-15 12:36:40,519   | DEBUG    | Received 7A:61:FF:32:58:D9: N6TMR.[0m
[34m2026-02-15 12:36:40,520   | DEBUG    | Received 7A:61:FF:32:58:D9: .[0m
[34m2026-02-15 12:36:40,525   | DEBUG    | Received 74:E0:C4:B1:FA:A2: .[0m
[34m2026-02-15 12:36:40,526   | DEBUG    | Received 74:E0:C4:B1:FA:A2: .[0m
[34m2026-02-15 12:36:40,601   | DEBUG    | Received 79:9D:BB:BB:6B:2C: .[0m
[34m2026-02-15 12:36:40,607   | DEBUG    | Received 58:AF:A6:A7:0F:25: .[0m
[34m2026-02-15 12:36:40,608   | DEBUG    | Received 58:AF:A6:A7:0F:25: .[0m
[34m2026-02-15 12:36:40,615   | DEBUG    | Received CC:30:38:36:48:40: Govee_H6076_4840.[0m
[34m2026-02-15 12:36:40,616   | DEBUG    | Received CC:30:38:36:48:40: Govee_H6076_4840.[0m
[34m2026-02-15 12:36:40,720   | DEBUG    | Received CC:30:38:36:48:40: Govee_H6076_4840.[0m
[34m2026-02-15 12:36:40,726   | DEBUG    | Received 49:38:EC:BD:08:9C: .[0m
[34m2026-02-15 12:36:40,727   | DEBUG    | Received 49:38:EC:BD:08:9C: .[0m
[34m2026-02-15 12:36:40,729   | DEBUG    | Received 78:6D:EB:9E:05:FF: .[0m
[34m2026-02-15 12:36:40,734   | DEBUG    | Received 76:D0:C3:17:99:78: .[0m
[34m2026-02-15 12:36:40,735   | DEBUG    | Received 76:D0:C3:17:99:78: .[0m
[34m2026-02-15 12:36:40,743   | DEBUG    | Received 71:03:73:2B:C4:2B: .[0m
[34m2026-02-15 12:36:40,837   | DEBUG    | Received DE:61:0C:7A:F7:71: .[0m
[34m2026-02-15 12:36:40,851   | DEBUG    | Received C2:DA:CC:16:27:E3: .[0m
[34m2026-02-15 12:36:40,852   | DEBUG    | Received C2:DA:CC:16:27:E3: BioCoin.[0m
[34m2026-02-15 12:36:40,853   | DEBUG    | Received 4B:7E:D9:FD:DA:00: .[0m
[34m2026-02-15 12:36:40,854   | DEBUG    | Received 4B:7E:D9:FD:DA:00: .[0m
[34m2026-02-15 12:36:40,864   | DEBUG    | Received 68:FC:CA:78:55:79: .[0m
[34m2026-02-15 12:36:40,897   | DEBUG    | Received 6E:5E:FF:05:F6:8E: .[0m
[34m2026-02-15 12:36:40,951   | DEBUG    | Received 68:84:3A:F3:49:C5: .[0m
[34m2026-02-15 12:36:40,956   | DEBUG    | Received C2:DA:CC:16:27:E3: .[0m
[34m2026-02-15 12:36:40,957   | DEBUG    | Received C2:DA:CC:16:27:E3: BioCoin.[0m
[34m2026-02-15 12:36:40,958   | DEBUG    | Received 50:70:25:B3:84:8B: .[0m
[34m2026-02-15 12:36:40,959   | DEBUG    | Received D9:29:8B:85:B5:86: .[0m
[34m2026-02-15 12:36:40,960   | DEBUG    | Received D9:29:8B:85:B5:86: .[0m
[34m2026-02-15 12:36:40,970   | DEBUG    | Received 38:4E:F6:68:BD:B6: .[0m
[34m2026-02-15 12:36:40,976   | DEBUG    | Received 00:A0:50:2C:55:B4: Geneva03.[0m
[34m2026-02-15 12:36:40,977   | DEBUG    | Received 00:A0:50:2C:55:B4: .[0m
[34m2026-02-15 12:36:40,986   | DEBUG    | Received 41:FA:35:66:F6:7D: .[0m
[34m2026-02-15 12:36:41,078   | DEBUG    | Received 49:E0:2D:5E:D0:A1: .[0m
[34m2026-02-15 12:36:41,079   | DEBUG    | Received CD:75:D2:D8:7E:A3: .[0m
[34m2026-02-15 12:36:41,080   | DEBUG    | Received 5B:87:0E:40:EF:45: .[0m
[34m2026-02-15 12:36:41,082   | DEBUG    | Received 65:D0:87:EA:D6:6C: .[0m
[34m2026-02-15 12:36:41,083   | DEBUG    | Received 65:D0:87:EA:D6:6C: .[0m
[34m2026-02-15 12:36:41,089   | DEBUG    | Received 42:D8:3F:17:91:73: .[0m
[34m2026-02-15 12:36:41,199   | DEBUG    | Received C2:DA:CC:16:27:E3: .[0m
[34m2026-02-15 12:36:41,200   | DEBUG    | Received C2:DA:CC:16:27:E3: BioCoin.[0m
[34m2026-02-15 12:36:41,201   | DEBUG    | Received 78:6D:EB:9E:11:E2: .[0m
[34m2026-02-15 12:36:41,208   | DEBUG    | Received 58:AF:A6:A7:0F:25: .[0m
[34m2026-02-15 12:36:41,209   | DEBUG    | Received 58:AF:A6:A7:0F:25: .[0m
[34m2026-02-15 12:36:41,312   | DEBUG    | Received 71:03:73:2B:C4:2B: .[0m
[34m2026-02-15 12:36:41,325   | DEBUG    | Received C8:08:3A:66:F6:7D: .[0m
[34m2026-02-15 12:36:41,327   | DEBUG    | Received 50:70:25:B3:84:8B: .[0m
[34m2026-02-15 12:36:41,427   | DEBUG    | Received 8C:26:AA:D0:BF:B1: .[0m
[34m2026-02-15 12:36:41,440   | DEBUG    | Received C2:DA:CC:16:27:E3: .[0m
[34m2026-02-15 12:36:41,441   | DEBUG    | Received C2:DA:CC:16:27:E3: BioCoin.[0m
[34m2026-02-15 12:36:41,445   | DEBUG    | Received 48:BD:2F:35:43:FC: .[0m
[34m2026-02-15 12:36:41,450   | DEBUG    | Received 1C:69:20:D1:94:FE: .[0m
[34m2026-02-15 12:36:41,453   | DEBUG    | Received 62:C0:A5:C0:43:49: .[0m
[34m2026-02-15 12:36:41,454   | DEBUG    | Received 62:C0:A5:C0:43:49: .[0m
[34m2026-02-15 12:36:41,456   | DEBUG    | Received 65:D0:87:EA:D6:6C: .[0m
[34m2026-02-15 12:36:41,457   | DEBUG    | Received 65:D0:87:EA:D6:6C: .[0m
[34m2026-02-15 12:36:41,548   | DEBUG    | Received CC:30:38:36:48:40: Govee_H6076_4840.[0m
[34m2026-02-15 12:36:41,549   | DEBUG    | Received CC:30:38:36:48:40: Govee_H6076_4840.[0m
[34m2026-02-15 12:36:41,558   | DEBUG    | Received 69:1E:06:A8:64:74: .[0m
[34m2026-02-15 12:36:41,559   | DEBUG    | Received 69:1E:06:A8:64:74: .[0m
[34m2026-02-15 12:36:41,662   | DEBUG    | Received 4A:9C:7C:0A:A9:B3: .[0m
[34m2026-02-15 12:36:41,663   | DEBUG    | Received 4A:9C:7C:0A:A9:B3: .[0m
[34m2026-02-15 12:36:41,664   | DEBUG    | Received 18:F6:B4:FF:40:78: .[0m
[34m2026-02-15 12:36:41,672   | DEBUG    | Received 6D:B3:54:F3:90:63: .[0m
[34m2026-02-15 12:36:41,673   | DEBUG    | Received 6D:B3:54:F3:90:63: .[0m
[34m2026-02-15 12:36:41,674   | DEBUG    | Received D0:C8:46:46:11:55: Govee_H6076_1155.[0m
[34m2026-02-15 12:36:41,678   | DEBUG    | Received 5B:87:0E:40:EF:45: .[0m
[34m2026-02-15 12:36:41,682   | DEBUG    | Received C4:4A:CF:29:1B:B0: .[0m
[34m2026-02-15 12:36:41,687   | DEBUG    | Received 71:03:73:2B:C4:2B: .[0m
[34m2026-02-15 12:36:41,693   | DEBUG    | Received FC:B4:67:7E:52:AA: .[0m
[34m2026-02-15 12:36:41,782   | DEBUG    | Received 70:E7:08:3D:94:D0: .[0m
[34m2026-02-15 12:36:41,792   | DEBUG    | Received 8C:26:AA:D0:BF:B1: .[0m
[34m2026-02-15 12:36:41,902   | DEBUG    | Received 4F:5E:16:AB:4C:9F: .[0m
[34m2026-02-15 12:36:41,905   | DEBUG    | Received 5B:87:0E:40:EF:45: .[0m
[34m2026-02-15 12:36:41,915   | DEBUG    | Received C2:DA:CC:16:27:E3: .[0m
[34m2026-02-15 12:36:41,916   | DEBUG    | Received C2:DA:CC:16:27:E3: BioCoin.[0m
[34m2026-02-15 12:36:41,921   | DEBUG    | Received 67:F1:1A:8F:7A:11: .[0m
[34m2026-02-15 12:36:42,015   | DEBUG    | Received C2:DA:CC:16:27:E3: .[0m
[34m2026-02-15 12:36:42,016   | DEBUG    | Received C2:DA:CC:16:27:E3: BioCoin.[0m
[34m2026-02-15 12:36:42,019   | DEBUG    | Received 47:A7:50:74:4C:54: .[0m
[34m2026-02-15 12:36:42,020   | DEBUG    | Received 47:A7:50:74:4C:54: LE-Bose Color II SoundLink.[0m
[34m2026-02-15 12:36:42,024   | DEBUG    | Received 78:6D:EB:9E:05:60: F3A151D22F91.[0m
[34m2026-02-15 12:36:42,025   | DEBUG    | Received 78:6D:EB:9E:05:60: .[0m
[34m2026-02-15 12:36:42,026   | DEBUG    | Received 60:8B:83:0F:36:0F: .[0m
[34m2026-02-15 12:36:42,029   | DEBUG    | Received 65:D0:87:EA:D6:6C: .[0m
[34m2026-02-15 12:36:42,030   | DEBUG    | Received 65:D0:87:EA:D6:6C: .[0m
[34m2026-02-15 12:36:42,036   | DEBUG    | Received 79:38:FD:EB:09:91: .[0m
[34m2026-02-15 12:36:42,037   | DEBUG    | Received 79:38:FD:EB:09:91: .[0m
[34m2026-02-15 12:36:42,041   | DEBUG    | Received 64:7F:40:D2:1F:BE: .[0m
[34m2026-02-15 12:36:42,046   | DEBUG    | Received 8C:3B:4A:DB:37:60: .[0m
[34m2026-02-15 12:36:42,048   | DEBUG    | Received 61:21:21:09:0E:A8: .[0m
[34m2026-02-15 12:36:42,049   | DEBUG    | Received 61:21:21:09:0E:A8: .[0m
[34m2026-02-15 12:36:42,136   | DEBUG    | Received 02:6C:20:EC:53:05: .[0m
[34m2026-02-15 12:36:42,137   | DEBUG    | Received 02:6C:20:EC:53:05: .[0m
[34m2026-02-15 12:36:42,189   | DEBUG    | Received 49:E0:2D:5E:D0:A1: .[0m
[34m2026-02-15 12:36:42,190   | DEBUG    | Received C0:F8:53:25:71:09: .[0m
[34m2026-02-15 12:36:42,191   | DEBUG    | Received C0:F8:53:25:71:09: TY.[0m
[34m2026-02-15 12:36:42,253   | DEBUG    | Received 8C:26:AA:D7:1E:6D: .[0m
[34m2026-02-15 12:36:42,253   | DEBUG    | Received 8C:26:AA:D7:1E:6D: .[0m
[34m2026-02-15 12:36:42,255   | DEBUG    | Received 50:70:25:B3:84:8B: .[0m
[34m2026-02-15 12:36:42,265   | DEBUG    | Received C2:DA:CC:16:27:E3: .[0m
[34m2026-02-15 12:36:42,267   | DEBUG    | Received C2:DA:CC:16:27:E3: BioCoin.[0m
[34m2026-02-15 12:36:42,270   | DEBUG    | Received C8:84:47:4F:14:00: YamahaAV.[0m
[34m2026-02-15 12:36:42,271   | DEBUG    | Received C8:84:47:4F:14:00: .[0m
[34m2026-02-15 12:36:42,272   | DEBUG    | Received 49:6B:1E:F0:FA:F7: .[0m
[34m2026-02-15 12:36:42,273   | DEBUG    | Received 49:6B:1E:F0:FA:F7: .[0m
[34m2026-02-15 12:36:42,368   | DEBUG    | 84 devices found. Watcher status: <BluetoothLEAdvertisementWatcherStatus.STOPPED: 3>.[0m
[34m2026-02-15 12:36:42,368   | DEBUG    | 	Device: YamahaAV (C8:84:47:4F:14:00) | UUIDs: ['945ca2b0-852c-4ab8-b654-354df41c2795'][0m
[34m2026-02-15 12:36:42,368   | DEBUG    | 	Device: Unknown (78:6D:EB:9E:05:FF) | UUIDs: [][0m
[34m2026-02-15 12:36:42,368   | DEBUG    | 	Device: Unknown (69:1E:06:A8:64:74) | UUIDs: [][0m
[34m2026-02-15 12:36:42,368   | DEBUG    | 	Device: Unknown (7A:34:E1:8B:3D:ED) | UUIDs: [][0m
[34m2026-02-15 12:36:42,368   | DEBUG    | 	Device: Unknown (48:BD:2F:35:43:FC) | UUIDs: [][0m
[34m2026-02-15 12:36:42,369   | DEBUG    | 	Device: Unknown (49:38:EC:BD:08:9C) | UUIDs: [][0m
[34m2026-02-15 12:36:42,369   | DEBUG    | 	Device: Unknown (65:D0:87:EA:D6:6C) | UUIDs: [][0m
[34m2026-02-15 12:36:42,369   | DEBUG    | 	Device: Unknown (71:03:73:2B:C4:2B) | UUIDs: [][0m
[34m2026-02-15 12:36:42,369   | DEBUG    | 	Device: Unknown (67:CB:20:C6:CB:18) | UUIDs: [][0m
[34m2026-02-15 12:36:42,369   | DEBUG    | 	Device: Unknown (E3:B0:FF:23:BD:67) | UUIDs: [][0m
[34m2026-02-15 12:36:42,369   | DEBUG    | 	Device: BioCoin (C2:DA:CC:16:27:E3) | UUIDs: ['00001523-1212-efde-1523-785feabc93aa'][0m
[34m2026-02-15 12:36:42,369   | DEBUG    | 	Device: Unknown (64:7F:40:D2:1F:BE) | UUIDs: [][0m
[34m2026-02-15 12:36:42,369   | DEBUG    | 	Device: Unknown (78:6D:EB:9E:11:E2) | UUIDs: [][0m
[34m2026-02-15 12:36:42,369   | DEBUG    | 	Device: Unknown (4A:F8:68:8A:80:E0) | UUIDs: [][0m
[34m2026-02-15 12:36:42,369   | DEBUG    | 	Device: Unknown (5B:60:1D:DC:E0:AD) | UUIDs: [][0m
[34m2026-02-15 12:36:42,369   | DEBUG    | 	Device: Unknown (4F:5E:16:AB:4C:9F) | UUIDs: ['0000fe9f-0000-1000-8000-00805f9b34fb'][0m
[34m2026-02-15 12:36:42,369   | DEBUG    | 	Device: Unknown (77:37:37:03:4F:1C) | UUIDs: ['0000fe9f-0000-1000-8000-00805f9b34fb'][0m
[34m2026-02-15 12:36:42,369   | DEBUG    | 	Device: Unknown (5B:87:0E:40:EF:45) | UUIDs: [][0m
[34m2026-02-15 12:36:42,369   | DEBUG    | 	Device: Unknown (C4:4C:76:22:9E:14) | UUIDs: [][0m
[34m2026-02-15 12:36:42,369   | DEBUG    | 	Device: Unknown (7A:BF:9D:72:95:CA) | UUIDs: ['0000fe9f-0000-1000-8000-00805f9b34fb'][0m
[34m2026-02-15 12:36:42,369   | DEBUG    | 	Device: Unknown (58:AF:A6:A7:0F:25) | UUIDs: [][0m
[34m2026-02-15 12:36:42,369   | DEBUG    | 	Device: Unknown (FE:CB:F7:AE:74:09) | UUIDs: [][0m
[34m2026-02-15 12:36:42,369   | DEBUG    | 	Device: Unknown (8C:26:AA:D7:1E:6D) | UUIDs: [][0m
[34m2026-02-15 12:36:42,369   | DEBUG    | 	Device: Unknown (50:70:25:B3:84:8B) | UUIDs: [][0m
[34m2026-02-15 12:36:42,369   | DEBUG    | 	Device: Unknown (67:F1:1A:8F:7A:11) | UUIDs: [][0m
[34m2026-02-15 12:36:42,369   | DEBUG    | 	Device: Unknown (68:A8:A8:AA:48:BC) | UUIDs: ['0000fe9f-0000-1000-8000-00805f9b34fb'][0m
[34m2026-02-15 12:36:42,369   | DEBUG    | 	Device: Unknown (80:47:86:73:E3:DB) | UUIDs: [][0m
[34m2026-02-15 12:36:42,369   | DEBUG    | 	Device: Unknown (4B:7E:D9:FD:DA:00) | UUIDs: [][0m
[34m2026-02-15 12:36:42,369   | DEBUG    | 	Device: Unknown (79:38:FD:EB:09:91) | UUIDs: [][0m
[34m2026-02-15 12:36:42,369   | DEBUG    | 	Device: Unknown (C8:69:CD:62:83:CB) | UUIDs: [][0m
[34m2026-02-15 12:36:42,369   | DEBUG    | 	Device: Unknown (66:A4:7D:3C:35:AE) | UUIDs: [][0m
[34m2026-02-15 12:36:42,369   | DEBUG    | 	Device: Geneva03 (00:A0:50:2C:54:21) | UUIDs: ['e2081287-edb8-4f5c-80d7-6cfc8ac81b22'][0m
[34m2026-02-15 12:36:42,369   | DEBUG    | 	Device: Unknown (59:DD:CE:C6:8E:0A) | UUIDs: [][0m
[34m2026-02-15 12:36:42,369   | DEBUG    | 	Device: Unknown (4F:6C:E7:E8:51:53) | UUIDs: [][0m
[34m2026-02-15 12:36:42,369   | DEBUG    | 	Device: Unknown (6D:74:9C:00:29:E1) | UUIDs: [][0m
[34m2026-02-15 12:36:42,369   | DEBUG    | 	Device: Unknown (73:5A:C4:DA:9A:5A) | UUIDs: [][0m
[34m2026-02-15 12:36:42,369   | DEBUG    | 	Device: Unknown (6C:7E:88:93:CD:57) | UUIDs: [][0m
[34m2026-02-15 12:36:42,369   | DEBUG    | 	Device: [TV] Teevo (68:FC:CA:78:55:79) | UUIDs: [][0m
[34m2026-02-15 12:36:42,369   | DEBUG    | 	Device: Unknown (49:E0:2D:5E:D0:A1) | UUIDs: [][0m
[34m2026-02-15 12:36:42,369   | DEBUG    | 	Device: Unknown (47:E5:45:3A:11:50) | UUIDs: [][0m
[34m2026-02-15 12:36:42,369   | DEBUG    | 	Device: Unknown (62:C0:A5:C0:43:49) | UUIDs: [][0m
[34m2026-02-15 12:36:42,369   | DEBUG    | 	Device: Unknown (C0:4A:A1:03:75:83) | UUIDs: [][0m
[34m2026-02-15 12:36:42,369   | DEBUG    | 	Device: Unknown (76:D0:C3:17:99:78) | UUIDs: [][0m
[34m2026-02-15 12:36:42,370   | DEBUG    | 	Device: Unknown (18:F6:B4:FF:40:78) | UUIDs: [][0m
[34m2026-02-15 12:36:42,370   | DEBUG    | 	Device: Unknown (69:8E:84:30:0F:65) | UUIDs: [][0m
[34m2026-02-15 12:36:42,370   | DEBUG    | 	Device: Unknown (EC:BA:95:83:FC:EF) | UUIDs: [][0m
[34m2026-02-15 12:36:42,370   | DEBUG    | 	Device: Unknown (6D:B3:54:F3:90:63) | UUIDs: [][0m
[34m2026-02-15 12:36:42,370   | DEBUG    | 	Device: Unknown (74:E0:C4:B1:FA:A2) | UUIDs: [][0m
[34m2026-02-15 12:36:42,370   | DEBUG    | 	Device: Unknown (F7:D2:88:81:D5:6B) | UUIDs: [][0m
[34m2026-02-15 12:36:42,370   | DEBUG    | 	Device: Unknown (D5:99:E9:B8:04:BC) | UUIDs: [][0m
[34m2026-02-15 12:36:42,370   | DEBUG    | 	Device: Unknown (78:25:49:AD:52:8F) | UUIDs: [][0m
[34m2026-02-15 12:36:42,370   | DEBUG    | 	Device: Unknown (40:2A:54:13:63:03) | UUIDs: [][0m
[34m2026-02-15 12:36:42,370   | DEBUG    | 	Device: Unknown (49:6B:1E:F0:FA:F7) | UUIDs: [][0m
[34m2026-02-15 12:36:42,370   | DEBUG    | 	Device: Unknown (6F:40:B5:EA:51:EE) | UUIDs: [][0m
[34m2026-02-15 12:36:42,370   | DEBUG    | 	Device: Unknown (73:26:D2:68:A2:05) | UUIDs: [][0m
[34m2026-02-15 12:36:42,370   | DEBUG    | 	Device: Unknown (69:91:7C:24:F3:FB) | UUIDs: [][0m
[34m2026-02-15 12:36:42,370   | DEBUG    | 	Device: Unknown (6E:37:D6:F2:36:C8) | UUIDs: [][0m
[34m2026-02-15 12:36:42,370   | DEBUG    | 	Device: LE-Bose Color II SoundLink (47:A7:50:74:4C:54) | UUIDs: ['0000febe-0000-1000-8000-00805f9b34fb'][0m
[34m2026-02-15 12:36:42,370   | DEBUG    | 	Device: Unknown (61:21:21:09:0E:A8) | UUIDs: ['0000fe9f-0000-1000-8000-00805f9b34fb'][0m
[34m2026-02-15 12:36:42,370   | DEBUG    | 	Device: Govee_H6076_4840 (CC:30:38:36:48:40) | UUIDs: [][0m
[34m2026-02-15 12:36:42,370   | DEBUG    | 	Device: N6TMR (7A:61:FF:32:58:D9) | UUIDs: ['0000feaf-0000-1000-8000-00805f9b34fb'][0m
[34m2026-02-15 12:36:42,370   | DEBUG    | 	Device: Unknown (79:9D:BB:BB:6B:2C) | UUIDs: [][0m
[34m2026-02-15 12:36:42,370   | DEBUG    | 	Device: Unknown (DE:61:0C:7A:F7:71) | UUIDs: [][0m
[34m2026-02-15 12:36:42,370   | DEBUG    | 	Device: Unknown (6E:5E:FF:05:F6:8E) | UUIDs: [][0m
[34m2026-02-15 12:36:42,370   | DEBUG    | 	Device: Unknown (68:84:3A:F3:49:C5) | UUIDs: [][0m
[34m2026-02-15 12:36:42,370   | DEBUG    | 	Device: Unknown (D9:29:8B:85:B5:86) | UUIDs: [][0m
[34m2026-02-15 12:36:42,370   | DEBUG    | 	Device: Unknown (38:4E:F6:68:BD:B6) | UUIDs: [][0m
[34m2026-02-15 12:36:42,370   | DEBUG    | 	Device: Geneva03 (00:A0:50:2C:55:B4) | UUIDs: ['b3712e93-b3a8-4981-9a0f-89954ce8b0c9'][0m
[34m2026-02-15 12:36:42,370   | DEBUG    | 	Device: Unknown (41:FA:35:66:F6:7D) | UUIDs: ['0000a201-0000-1000-8000-00805f9b34fb'][0m
[34m2026-02-15 12:36:42,370   | DEBUG    | 	Device: Unknown (CD:75:D2:D8:7E:A3) | UUIDs: [][0m
[34m2026-02-15 12:36:42,370   | DEBUG    | 	Device: Unknown (42:D8:3F:17:91:73) | UUIDs: [][0m
[34m2026-02-15 12:36:42,370   | DEBUG    | 	Device: Unknown (C8:08:3A:66:F6:7D) | UUIDs: ['0000a201-0000-1000-8000-00805f9b34fb'][0m
[34m2026-02-15 12:36:42,370   | DEBUG    | 	Device: Unknown (8C:26:AA:D0:BF:B1) | UUIDs: [][0m
[34m2026-02-15 12:36:42,370   | DEBUG    | 	Device: Unknown (1C:69:20:D1:94:FE) | UUIDs: ['4772911e-d07c-4617-8241-f4d10948d6ae'][0m
[34m2026-02-15 12:36:42,370   | DEBUG    | 	Device: Unknown (4A:9C:7C:0A:A9:B3) | UUIDs: [][0m
[34m2026-02-15 12:36:42,370   | DEBUG    | 	Device: Govee_H6076_1155 (D0:C8:46:46:11:55) | UUIDs: [][0m
[34m2026-02-15 12:36:42,370   | DEBUG    | 	Device: Unknown (C4:4A:CF:29:1B:B0) | UUIDs: [][0m
[34m2026-02-15 12:36:42,370   | DEBUG    | 	Device: Unknown (FC:B4:67:7E:52:AA) | UUIDs: ['4772911e-d07c-4617-8241-f4d10948d6ae'][0m
[34m2026-02-15 12:36:42,370   | DEBUG    | 	Device: Unknown (70:E7:08:3D:94:D0) | UUIDs: ['0000febe-0000-1000-8000-00805f9b34fb'][0m
[34m2026-02-15 12:36:42,370   | DEBUG    | 	Device: F3A151D22F91 (78:6D:EB:9E:05:60) | UUIDs: [][0m
[34m2026-02-15 12:36:42,370   | DEBUG    | 	Device: Unknown (60:8B:83:0F:36:0F) | UUIDs: [][0m
[34m2026-02-15 12:36:42,370   | DEBUG    | 	Device: Unknown (8C:3B:4A:DB:37:60) | UUIDs: ['731893f9-744e-4899-b7e3-174106ff2b82'][0m
[34m2026-02-15 12:36:42,370   | DEBUG    | 	Device: Unknown (02:6C:20:EC:53:05) | UUIDs: [][0m
[34m2026-02-15 12:36:42,370   | DEBUG    | 	Device: TY (C0:F8:53:25:71:09) | UUIDs: ['0000a201-0000-1000-8000-00805f9b34fb'][0m
2026-02-15 12:36:42,373   | INFO     | Found BioCoin device at C2:DA:CC:16:27:E3![0m
[34m2026-02-15 12:36:42,398   | DEBUG    | Received 78:6D:EB:9E:11:E2: .[0m
[34m2026-02-15 12:36:42,403   | DEBUG    | Received 78:6D:EB:9E:05:FF: .[0m
[34m2026-02-15 12:36:42,407   | DEBUG    | Received 58:AF:A6:A7:0F:25: .[0m
[34m2026-02-15 12:36:42,408   | DEBUG    | Received 74:E0:C4:B1:FA:A2: .[0m
[34m2026-02-15 12:36:42,409   | DEBUG    | Received 74:E0:C4:B1:FA:A2: .[0m
[34m2026-02-15 12:36:42,413   | DEBUG    | Received 6E:37:D6:F2:36:C8: .[0m
[34m2026-02-15 12:36:42,420   | DEBUG    | Received 40:2A:54:13:63:03: .[0m
[34m2026-02-15 12:36:42,421   | DEBUG    | Received 40:2A:54:13:63:03: .[0m
[34m2026-02-15 12:36:42,422   | DEBUG    | Received 78:6D:EB:9E:11:E2: .[0m
[34m2026-02-15 12:36:42,426   | DEBUG    | Received 67:CB:20:C6:CB:18: .[0m
[34m2026-02-15 12:36:42,427   | DEBUG    | Received 67:CB:20:C6:CB:18: .[0m
[34m2026-02-15 12:36:42,434   | DEBUG    | Received 69:91:7C:24:F3:FB: .[0m
[34m2026-02-15 12:36:42,435   | DEBUG    | Received 69:91:7C:24:F3:FB: .[0m
[34m2026-02-15 12:36:42,437   | DEBUG    | Received 4F:6C:E7:E8:51:53: .[0m
[34m2026-02-15 12:36:42,438   | DEBUG    | Received 4F:6C:E7:E8:51:53: .[0m
[34m2026-02-15 12:36:42,440   | DEBUG    | Received C2:DA:CC:16:27:E3: .[0m
[34m2026-02-15 12:36:42,441   | DEBUG    | 10 devices found. Watcher status: <BluetoothLEAdvertisementWatcherStatus.STOPPED: 3>.[0m
[34m2026-02-15 12:36:42,441   | DEBUG    | Connecting to BLE device @ C2:DA:CC:16:27:E3[0m
[34m2026-02-15 12:36:42,466   | DEBUG    | getting services (service_cache_mode=None, cache_mode=None)...[0m
[34m2026-02-15 12:36:42,618   | DEBUG    | session_status_changed_event_handler: id: BluetoothLE#BluetoothLE14:18:c3:bb:ba:ce-c2:da:cc:16:27:e3, error: <BluetoothError.SUCCESS: 0>, status: <GattSessionStatus.ACTIVE: 1>[0m
[34m2026-02-15 12:36:42,638   | DEBUG    | max_pdu_size_changed_handler: 247[0m
[34m2026-02-15 12:36:42,958   | DEBUG    | C2:DA:CC:16:27:E3: services changed[0m
[34m2026-02-15 12:36:42,988   | DEBUG    | C2:DA:CC:16:27:E3: services changed[0m
[34m2026-02-15 12:36:43,021   | DEBUG    | C2:DA:CC:16:27:E3: services changed[0m
[34m2026-02-15 12:36:43,052   | DEBUG    | C2:DA:CC:16:27:E3: services changed[0m
[34m2026-02-15 12:36:43,083   | DEBUG    | C2:DA:CC:16:27:E3: services changed[0m
[34m2026-02-15 12:36:43,114   | DEBUG    | C2:DA:CC:16:27:E3: services changed[0m
2026-02-15 12:36:43,549   | INFO     | Connected to BioCoin device at C2:DA:CC:16:27:E3.[0m
[34m2026-02-15 12:36:43,569   | DEBUG    | Read Characteristic 0022 : bytearray(b'd')[0m
2026-02-15 12:36:43,569   | INFO     | Battery Level: 100%[0m
2026-02-15 12:36:43,569   | INFO     | Sending IMP technique parameters...[0m
[34m2026-02-15 12:36:44,708   | DEBUG    | Read Characteristic 0026 : bytearray(b'\x00')[0m
[34m2026-02-15 12:36:44,708   | DEBUG    | Device status read: NOT_RUNNING (0)[0m
2026-02-15 12:36:44,728   | INFO     | Notification handler registered successfully.[0m
2026-02-15 12:37:15,899   | INFO     | Received 0 data points from IMP.[0m
2026-02-15 12:37:15,899   | INFO     | Imp Data:
 [][0m
[34m2026-02-15 12:37:15,900   | DEBUG    | Disconnecting from BLE device...[0m
2026-02-15 12:37:16,020   | INFO     | Disconnected from BioCoin device.[0m
