2026-02-08 00:09:27,624   | INFO     | BioCoin Test Script[0m
2026-02-08 00:09:27,624   | INFO     | Searching for the BioCoin device named "Biocoin"...[0m
2026-02-08 00:09:27,625   | INFO     | Scanning for devices...[0m
[34m2026-02-08 00:09:27,752   | DEBUG    | Received 13:44:AB:48:AA:34: .[0m
[34m2026-02-08 00:09:27,757   | DEBUG    | Received 56:D4:74:EA:DD:F3: .[0m
[34m2026-02-08 00:09:27,766   | DEBUG    | Received 3D:65:93:5F:60:51: .[0m
[34m2026-02-08 00:09:27,768   | DEBUG    | Received 51:4E:3B:37:DE:C0: .[0m
[34m2026-02-08 00:09:27,769   | DEBUG    | Received 51:4E:3B:37:DE:C0: .[0m
[34m2026-02-08 00:09:27,780   | DEBUG    | Received D8:4D:CE:9B:F0:46: .[0m
[34m2026-02-08 00:09:27,862   | DEBUG    | Received 67:1F:7E:20:22:2D: .[0m
[34m2026-02-08 00:09:27,863   | DEBUG    | Received 67:1F:7E:20:22:2D: .[0m
[34m2026-02-08 00:09:27,867   | DEBUG    | Received 72:45:3E:84:AF:8A: .[0m
[34m2026-02-08 00:09:27,867   | DEBUG    | Received 72:45:3E:84:AF:8A: .[0m
[34m2026-02-08 00:09:27,870   | DEBUG    | Received 48:0D:37:15:58:3D: .[0m
[34m2026-02-08 00:09:27,870   | DEBUG    | Received 48:0D:37:15:58:3D: .[0m
[34m2026-02-08 00:09:27,873   | DEBUG    | Received 3D:65:93:5F:60:51: .[0m
[34m2026-02-08 00:09:27,883   | DEBUG    | Received C8:8B:29:34:3C:F2: CoolingSystem LCT22002.[0m
[34m2026-02-08 00:09:27,884   | DEBUG    | Received C8:8B:29:34:3C:F2: .[0m
[34m2026-02-08 00:09:28,011   | DEBUG    | Received 48:0D:37:15:58:3D: .[0m
[34m2026-02-08 00:09:28,013   | DEBUG    | Received 4A:A4:48:A9:01:D1: .[0m
[34m2026-02-08 00:09:28,013   | DEBUG    | Received 4A:A4:48:A9:01:D1: .[0m
[34m2026-02-08 00:09:28,022   | DEBUG    | Received 68:91:B5:9B:6C:97: .[0m
[34m2026-02-08 00:09:28,022   | DEBUG    | Received 68:91:B5:9B:6C:97: .[0m
[34m2026-02-08 00:09:28,035   | DEBUG    | Received 51:4E:3B:37:DE:C0: .[0m
[34m2026-02-08 00:09:28,035   | DEBUG    | Received 51:4E:3B:37:DE:C0: .[0m
[34m2026-02-08 00:09:28,107   | DEBUG    | Received 51:4E:3B:37:DE:C0: .[0m
[34m2026-02-08 00:09:28,108   | DEBUG    | Received 51:4E:3B:37:DE:C0: .[0m
[34m2026-02-08 00:09:28,112   | DEBUG    | Received F3:04:82:65:E9:FA: .[0m
[34m2026-02-08 00:09:28,119   | DEBUG    | Received 13:44:AB:48:AA:34: .[0m
[34m2026-02-08 00:09:28,121   | DEBUG    | Received 25:C5:32:BD:0A:1A: .[0m
[34m2026-02-08 00:09:28,125   | DEBUG    | Received 74:20:DA:A3:B9:3D: .[0m
[34m2026-02-08 00:09:28,125   | DEBUG    | Received 74:20:DA:A3:B9:3D: .[0m
[34m2026-02-08 00:09:28,127   | DEBUG    | Received 48:0D:37:15:58:3D: .[0m
[34m2026-02-08 00:09:28,216   | DEBUG    | Received 51:4E:3B:37:DE:C0: .[0m
[34m2026-02-08 00:09:28,217   | DEBUG    | Received 51:4E:3B:37:DE:C0: .[0m
[34m2026-02-08 00:09:28,240   | DEBUG    | Received 0B:34:7B:D1:14:CD: .[0m
[34m2026-02-08 00:09:28,240   | DEBUG    | Received 0B:34:7B:D1:14:CD: .[0m
[34m2026-02-08 00:09:28,333   | DEBUG    | Received C8:8B:29:34:3C:F2: CoolingSystem LCT22002.[0m
[34m2026-02-08 00:09:28,334   | DEBUG    | Received C8:8B:29:34:3C:F2: .[0m
[34m2026-02-08 00:09:28,335   | DEBUG    | Received 65:42:23:3F:40:05: .[0m
[34m2026-02-08 00:09:28,344   | DEBUG    | Received 52:63:9C:2D:B1:88: .[0m
[34m2026-02-08 00:09:28,361   | DEBUG    | Received 51:4E:3B:37:DE:C0: .[0m
[34m2026-02-08 00:09:28,460   | DEBUG    | Received 51:4E:3B:37:DE:C0: .[0m
[34m2026-02-08 00:09:28,464   | DEBUG    | Received 58:18:68:47:FB:52: .[0m
[34m2026-02-08 00:09:28,465   | DEBUG    | Received 58:18:68:47:FB:52: .[0m
[34m2026-02-08 00:09:28,469   | DEBUG    | Received 48:0D:37:15:58:3D: .[0m
[34m2026-02-08 00:09:28,469   | DEBUG    | Received 48:0D:37:15:58:3D: .[0m
[34m2026-02-08 00:09:28,573   | DEBUG    | Received 48:0D:37:15:58:3D: .[0m
[34m2026-02-08 00:09:28,573   | DEBUG    | Received 48:0D:37:15:58:3D: .[0m
[34m2026-02-08 00:09:28,691   | DEBUG    | Received C0:28:8D:90:7F:00: .[0m
[34m2026-02-08 00:09:28,692   | DEBUG    | Received C0:28:8D:90:7F:00: .[0m
[34m2026-02-08 00:09:28,699   | DEBUG    | Received 72:45:3E:84:AF:8A: .[0m
[34m2026-02-08 00:09:28,699   | DEBUG    | Received 72:45:3E:84:AF:8A: .[0m
[34m2026-02-08 00:09:28,808   | DEBUG    | Received C0:28:8D:90:7F:00: .[0m
[34m2026-02-08 00:09:28,811   | DEBUG    | Received C2:DA:CC:16:27:E3: .[0m
[34m2026-02-08 00:09:28,812   | DEBUG    | Received C2:DA:CC:16:27:E3: BioCoin.[0m
[34m2026-02-08 00:09:28,819   | DEBUG    | Received C8:8B:29:34:3C:F2: CoolingSystem LCT22002.[0m
[34m2026-02-08 00:09:28,820   | DEBUG    | Received C8:8B:29:34:3C:F2: .[0m
[34m2026-02-08 00:09:28,924   | DEBUG    | Received 3D:65:93:5F:60:51: .[0m
[34m2026-02-08 00:09:28,927   | DEBUG    | Received C0:28:8D:90:7F:00: .[0m
[34m2026-02-08 00:09:28,928   | DEBUG    | Received 48:0D:37:15:58:3D: .[0m
[34m2026-02-08 00:09:28,929   | DEBUG    | Received 48:0D:37:15:58:3D: .[0m
[34m2026-02-08 00:09:28,941   | DEBUG    | Received 51:4E:3B:37:DE:C0: .[0m
[34m2026-02-08 00:09:28,942   | DEBUG    | Received 51:4E:3B:37:DE:C0: .[0m
[34m2026-02-08 00:09:28,948   | DEBUG    | Received 16:34:37:35:4C:4A: .[0m
[34m2026-02-08 00:09:29,049   | DEBUG    | Received C0:28:8D:90:7F:00: .[0m
[34m2026-02-08 00:09:29,050   | DEBUG    | Received 25:C5:32:BD:0A:1A: .[0m
[34m2026-02-08 00:09:29,053   | DEBUG    | Received 51:4E:3B:37:DE:C0: .[0m
[34m2026-02-08 00:09:29,053   | DEBUG    | Received 51:4E:3B:37:DE:C0: .[0m
[34m2026-02-08 00:09:29,056   | DEBUG    | Received 54:3E:EF:97:32:DF: .[0m
[34m2026-02-08 00:09:29,057   | DEBUG    | Received 54:3E:EF:97:32:DF: .[0m
[34m2026-02-08 00:09:29,063   | DEBUG    | Received 6D:22:88:87:F3:F7: .[0m
[34m2026-02-08 00:09:29,063   | DEBUG    | Received 6D:22:88:87:F3:F7: .[0m
[34m2026-02-08 00:09:29,162   | DEBUG    | Received 51:4E:3B:37:DE:C0: .[0m
[34m2026-02-08 00:09:29,163   | DEBUG    | Received 51:4E:3B:37:DE:C0: .[0m
[34m2026-02-08 00:09:29,172   | DEBUG    | Received 40:DB:17:FC:02:AD: .[0m
[34m2026-02-08 00:09:29,172   | DEBUG    | Received 40:DB:17:FC:02:AD: .[0m
[34m2026-02-08 00:09:29,185   | DEBUG    | Received 44:CA:C2:F8:E5:68: .[0m
[34m2026-02-08 00:09:29,185   | DEBUG    | Received 44:CA:C2:F8:E5:68: .[0m
[34m2026-02-08 00:09:29,291   | DEBUG    | Received 58:18:68:47:FB:52: .[0m
[34m2026-02-08 00:09:29,292   | DEBUG    | Received 58:18:68:47:FB:52: .[0m
[34m2026-02-08 00:09:29,296   | DEBUG    | Received C0:28:8D:90:7F:00: .[0m
[34m2026-02-08 00:09:29,311   | DEBUG    | Received C8:8B:29:34:3C:F2: CoolingSystem LCT22002.[0m
[34m2026-02-08 00:09:29,396   | DEBUG    | Received 68:91:B5:9B:6C:97: .[0m
[34m2026-02-08 00:09:29,399   | DEBUG    | Received 4C:49:9E:FE:00:85: .[0m
[34m2026-02-08 00:09:29,403   | DEBUG    | Received F6:AB:B1:4A:45:A3: .[0m
[34m2026-02-08 00:09:29,421   | DEBUG    | Received 51:4E:3B:37:DE:C0: .[0m
[34m2026-02-08 00:09:29,421   | DEBUG    | Received 51:4E:3B:37:DE:C0: .[0m
[34m2026-02-08 00:09:29,515   | DEBUG    | Received 48:0D:37:15:58:3D: .[0m
[34m2026-02-08 00:09:29,516   | DEBUG    | Received 48:0D:37:15:58:3D: .[0m
[34m2026-02-08 00:09:29,523   | DEBUG    | Received C5:28:9F:6A:77:81: .[0m
[34m2026-02-08 00:09:29,524   | DEBUG    | Received C5:28:9F:6A:77:81: .[0m
[34m2026-02-08 00:09:29,528   | DEBUG    | Received 72:45:3E:84:AF:8A: .[0m
[34m2026-02-08 00:09:29,529   | DEBUG    | Received 72:45:3E:84:AF:8A: .[0m
[34m2026-02-08 00:09:29,530   | DEBUG    | Received 7E:1B:8E:26:55:92: .[0m
[34m2026-02-08 00:09:29,538   | DEBUG    | Received 65:9F:A9:46:E0:1F: .[0m
[34m2026-02-08 00:09:29,539   | DEBUG    | Received 65:9F:A9:46:E0:1F: .[0m
[34m2026-02-08 00:09:29,632   | DEBUG    | Received 52:63:9C:2D:B1:88: .[0m
[34m2026-02-08 00:09:29,641   | DEBUG    | Received C2:DA:CC:16:27:E3: .[0m
[34m2026-02-08 00:09:29,642   | DEBUG    | Received C2:DA:CC:16:27:E3: BioCoin.[0m
[34m2026-02-08 00:09:29,643   | DEBUG    | Received D0:EC:A9:29:79:38: .[0m
[34m2026-02-08 00:09:29,654   | DEBUG    | Received 48:0D:37:15:58:3D: .[0m
[34m2026-02-08 00:09:29,655   | DEBUG    | Received 48:0D:37:15:58:3D: .[0m
[34m2026-02-08 00:09:29,753   | DEBUG    | Received 3D:65:93:5F:60:51: .[0m
[34m2026-02-08 00:09:29,872   | DEBUG    | Received 16:34:37:35:4C:4A: .[0m
[34m2026-02-08 00:09:29,884   | DEBUG    | Received 4F:DA:BF:EA:89:5D: .[0m
[34m2026-02-08 00:09:29,885   | DEBUG    | Received 4F:DA:BF:EA:89:5D: .[0m
[34m2026-02-08 00:09:30,001   | DEBUG    | Received 51:4E:3B:37:DE:C0: .[0m
[34m2026-02-08 00:09:30,002   | DEBUG    | Received 51:4E:3B:37:DE:C0: .[0m
[34m2026-02-08 00:09:30,003   | DEBUG    | Received 52:63:9C:2D:B1:88: .[0m
[34m2026-02-08 00:09:30,013   | DEBUG    | Received 59:EE:25:0F:C1:25: .[0m
[34m2026-02-08 00:09:30,013   | DEBUG    | Received 59:EE:25:0F:C1:25: .[0m
[34m2026-02-08 00:09:30,112   | DEBUG    | Received 58:18:68:47:FB:52: .[0m
[34m2026-02-08 00:09:30,113   | DEBUG    | Received 58:18:68:47:FB:52: .[0m
[34m2026-02-08 00:09:30,114   | DEBUG    | Received 47:AE:76:F0:61:23: .[0m
[34m2026-02-08 00:09:30,120   | DEBUG    | Received F3:04:82:65:E9:FA: .[0m
[34m2026-02-08 00:09:30,228   | DEBUG    | Received 48:0D:37:15:58:3D: .[0m
[34m2026-02-08 00:09:30,229   | DEBUG    | Received 48:0D:37:15:58:3D: .[0m
[34m2026-02-08 00:09:30,243   | DEBUG    | Received 51:4E:3B:37:DE:C0: .[0m
[34m2026-02-08 00:09:30,346   | DEBUG    | Received C8:8B:29:34:3C:F2: CoolingSystem LCT22002.[0m
[34m2026-02-08 00:09:30,350   | DEBUG    | Received 51:4E:3B:37:DE:C0: .[0m
[34m2026-02-08 00:09:30,359   | DEBUG    | Received 25:C5:32:BD:0A:1A: .[0m
[34m2026-02-08 00:09:30,362   | DEBUG    | Received 74:B5:DF:B4:C7:DD: .[0m
[34m2026-02-08 00:09:30,459   | DEBUG    | Received 76:CC:59:79:49:B2: .[0m
[34m2026-02-08 00:09:30,460   | DEBUG    | Received 76:CC:59:79:49:B2: .[0m
[34m2026-02-08 00:09:30,467   | DEBUG    | Received 48:0D:37:15:58:3D: .[0m
[34m2026-02-08 00:09:30,467   | DEBUG    | Received 48:0D:37:15:58:3D: .[0m
[34m2026-02-08 00:09:30,471   | DEBUG    | Received 00:1C:C2:98:50:C7: DREOtf07bC6.[0m
[34m2026-02-08 00:09:30,483   | DEBUG    | Received 3D:65:93:5F:60:51: .[0m
[34m2026-02-08 00:09:30,582   | DEBUG    | Received 3D:65:93:5F:60:51: .[0m
[34m2026-02-08 00:09:30,586   | DEBUG    | Received 51:4E:3B:37:DE:C0: .[0m
[34m2026-02-08 00:09:30,587   | DEBUG    | Received 51:4E:3B:37:DE:C0: .[0m
[34m2026-02-08 00:09:30,588   | DEBUG    | Received 5C:1A:57:77:7C:62: .[0m
[34m2026-02-08 00:09:30,707   | DEBUG    | Received 48:0D:37:15:58:3D: .[0m
[34m2026-02-08 00:09:30,817   | DEBUG    | Received 16:34:37:35:4C:4A: .[0m
[34m2026-02-08 00:09:30,818   | DEBUG    | Received 32:E7:F5:FC:4A:53: .[0m
[34m2026-02-08 00:09:30,821   | DEBUG    | Received 4A:A4:48:A9:01:D1: .[0m
[34m2026-02-08 00:09:30,822   | DEBUG    | Received 4A:A4:48:A9:01:D1: .[0m
[34m2026-02-08 00:09:30,824   | DEBUG    | Received 6F:D7:19:1C:D6:52: .[0m
[34m2026-02-08 00:09:30,825   | DEBUG    | Received 6F:D7:19:1C:D6:52: .[0m
[34m2026-02-08 00:09:30,836   | DEBUG    | Received 6F:40:0B:CC:36:96: .[0m
[34m2026-02-08 00:09:30,836   | DEBUG    | Received 6F:40:0B:CC:36:96: .[0m
[34m2026-02-08 00:09:30,937   | DEBUG    | Received 58:18:68:47:FB:52: .[0m
[34m2026-02-08 00:09:30,938   | DEBUG    | Received 58:18:68:47:FB:52: .[0m
[34m2026-02-08 00:09:30,939   | DEBUG    | Received 51:4E:3B:37:DE:C0: .[0m
[34m2026-02-08 00:09:30,940   | DEBUG    | Received 51:4E:3B:37:DE:C0: .[0m
[34m2026-02-08 00:09:30,956   | DEBUG    | Received 45:E4:4F:A1:0E:7E: .[0m
[34m2026-02-08 00:09:30,956   | DEBUG    | Received 45:E4:4F:A1:0E:7E: .[0m
[34m2026-02-08 00:09:31,063   | DEBUG    | Received C2:DA:CC:16:27:E3: .[0m
[34m2026-02-08 00:09:31,064   | DEBUG    | Received C2:DA:CC:16:27:E3: BioCoin.[0m
[34m2026-02-08 00:09:31,171   | DEBUG    | Received 48:0D:37:15:58:3D: .[0m
[34m2026-02-08 00:09:31,172   | DEBUG    | Received 48:0D:37:15:58:3D: .[0m
[34m2026-02-08 00:09:31,210   | DEBUG    | Received 48:0D:37:15:58:3D: .[0m
[34m2026-02-08 00:09:31,211   | DEBUG    | Received 48:0D:37:15:58:3D: .[0m
[34m2026-02-08 00:09:31,218   | DEBUG    | Received 51:4E:3B:37:DE:C0: .[0m
[34m2026-02-08 00:09:31,218   | DEBUG    | Received 51:4E:3B:37:DE:C0: .[0m
[34m2026-02-08 00:09:31,287   | DEBUG    | Received 66:91:6A:07:6C:C2: .[0m
[34m2026-02-08 00:09:31,289   | DEBUG    | Received 4C:E2:FA:69:77:28: .[0m
[34m2026-02-08 00:09:31,291   | DEBUG    | Received C8:8B:29:34:3C:F2: CoolingSystem LCT22002.[0m
[34m2026-02-08 00:09:31,292   | DEBUG    | Received C8:8B:29:34:3C:F2: .[0m
[34m2026-02-08 00:09:31,303   | DEBUG    | Received 4A:42:90:FE:74:F8: .[0m
[34m2026-02-08 00:09:31,304   | DEBUG    | Received 4A:42:90:FE:74:F8: LE-Mau¡¯s Bose Flex Sound.[0m
[34m2026-02-08 00:09:31,305   | DEBUG    | Received 68:91:B5:9B:6C:97: .[0m
[34m2026-02-08 00:09:31,306   | DEBUG    | Received 68:91:B5:9B:6C:97: .[0m
[34m2026-02-08 00:09:31,307   | DEBUG    | Received 5A:2F:A0:7A:F0:9C: .[0m
[34m2026-02-08 00:09:31,416   | DEBUG    | Received 51:4E:3B:37:DE:C0: .[0m
[34m2026-02-08 00:09:31,417   | DEBUG    | Received 51:4E:3B:37:DE:C0: .[0m
[34m2026-02-08 00:09:31,418   | DEBUG    | Received 3D:65:93:5F:60:51: .[0m
[34m2026-02-08 00:09:31,425   | DEBUG    | Received 74:20:DA:A3:B9:3D: .[0m
[34m2026-02-08 00:09:31,425   | DEBUG    | Received 74:20:DA:A3:B9:3D: .[0m
[34m2026-02-08 00:09:31,524   | DEBUG    | Received 51:4E:3B:37:DE:C0: .[0m
[34m2026-02-08 00:09:31,528   | DEBUG    | Received 4F:DA:BF:EA:89:5D: .[0m
[34m2026-02-08 00:09:31,529   | DEBUG    | Received 4F:DA:BF:EA:89:5D: .[0m
[34m2026-02-08 00:09:31,535   | DEBUG    | Received C5:28:9F:6A:77:81: .[0m
[34m2026-02-08 00:09:31,536   | DEBUG    | Received C5:28:9F:6A:77:81: .[0m
[34m2026-02-08 00:09:31,646   | DEBUG    | Received 13:44:AB:48:AA:34: .[0m
[34m2026-02-08 00:09:31,651   | DEBUG    | Received D0:EC:A9:29:79:38: .[0m
[34m2026-02-08 00:09:31,660   | DEBUG    | Received 4C:E2:FA:69:77:28: .[0m
[34m2026-02-08 00:09:31,768   | DEBUG    | Received CE:16:8D:4D:6A:40: .[0m
[34m2026-02-08 00:09:31,770   | DEBUG    | Received 42:83:A9:5B:2E:DE: .[0m
[34m2026-02-08 00:09:31,771   | DEBUG    | Received 42:83:A9:5B:2E:DE: .[0m
[34m2026-02-08 00:09:31,772   | DEBUG    | Received 51:4E:3B:37:DE:C0: .[0m
[34m2026-02-08 00:09:31,773   | DEBUG    | Received 51:4E:3B:37:DE:C0: .[0m
[34m2026-02-08 00:09:31,781   | DEBUG    | Received DD:0E:04:29:1D:B7: .[0m
[34m2026-02-08 00:09:31,883   | DEBUG    | Received 51:4E:3B:37:DE:C0: .[0m
[34m2026-02-08 00:09:31,884   | DEBUG    | Received 51:4E:3B:37:DE:C0: .[0m
[34m2026-02-08 00:09:31,888   | DEBUG    | Received 56:2E:9C:66:E5:E4: .[0m
[34m2026-02-08 00:09:31,888   | DEBUG    | Received 56:2E:9C:66:E5:E4: .[0m
[34m2026-02-08 00:09:31,998   | DEBUG    | Received 51:4E:3B:37:DE:C0: .[0m
[34m2026-02-08 00:09:31,999   | DEBUG    | Received 51:4E:3B:37:DE:C0: .[0m
[34m2026-02-08 00:09:32,007   | DEBUG    | Received 65:9F:A9:46:E0:1F: .[0m
[34m2026-02-08 00:09:32,008   | DEBUG    | Received 65:9F:A9:46:E0:1F: .[0m
[34m2026-02-08 00:09:32,017   | DEBUG    | Received 7E:1B:8E:26:55:92: .[0m
[34m2026-02-08 00:09:32,117   | DEBUG    | Received 76:CC:59:79:49:B2: .[0m
[34m2026-02-08 00:09:32,118   | DEBUG    | Received 76:CC:59:79:49:B2: .[0m
[34m2026-02-08 00:09:32,122   | DEBUG    | Received C0:28:8D:90:7F:00: .[0m
[34m2026-02-08 00:09:32,132   | DEBUG    | Received 51:4E:3B:37:DE:C0: .[0m
[34m2026-02-08 00:09:32,132   | DEBUG    | Received 51:4E:3B:37:DE:C0: .[0m
[34m2026-02-08 00:09:32,135   | DEBUG    | Received 5A:2F:A0:7A:F0:9C: .[0m
[34m2026-02-08 00:09:32,232   | DEBUG    | Received 74:B5:DF:B4:C7:DD: .[0m
[34m2026-02-08 00:09:32,237   | DEBUG    | Received 44:CA:C2:F8:E5:68: .[0m
[34m2026-02-08 00:09:32,237   | DEBUG    | Received 44:CA:C2:F8:E5:68: .[0m
[34m2026-02-08 00:09:32,247   | DEBUG    | Received C0:28:8D:90:7F:00: .[0m
[34m2026-02-08 00:09:32,252   | DEBUG    | Received 3D:65:93:5F:60:51: .[0m
[34m2026-02-08 00:09:32,256   | DEBUG    | Received 65:42:23:3F:40:05: .[0m
[34m2026-02-08 00:09:32,487   | DEBUG    | Received C8:8B:29:34:3C:F2: CoolingSystem LCT22002.[0m
[34m2026-02-08 00:09:32,488   | DEBUG    | Received C8:8B:29:34:3C:F2: .[0m
[34m2026-02-08 00:09:32,489   | DEBUG    | Received 51:4E:3B:37:DE:C0: .[0m
[34m2026-02-08 00:09:32,490   | DEBUG    | Received 51:4E:3B:37:DE:C0: .[0m
[34m2026-02-08 00:09:32,493   | DEBUG    | Received C0:28:8D:90:7F:00: .[0m
[34m2026-02-08 00:09:32,504   | DEBUG    | Received C2:DA:CC:16:27:E3: .[0m
[34m2026-02-08 00:09:32,505   | DEBUG    | Received C2:DA:CC:16:27:E3: BioCoin.[0m
[34m2026-02-08 00:09:32,506   | DEBUG    | Received 73:9D:4D:3B:F3:7F: .[0m
[34m2026-02-08 00:09:32,517   | DEBUG    | Received 48:0D:37:15:58:3D: .[0m
[34m2026-02-08 00:09:32,517   | DEBUG    | Received 48:0D:37:15:58:3D: .[0m
[34m2026-02-08 00:09:32,586   | DEBUG    | Received C8:8B:29:34:3C:F2: CoolingSystem LCT22002.[0m
[34m2026-02-08 00:09:32,587   | DEBUG    | Received C8:8B:29:34:3C:F2: .[0m
[34m2026-02-08 00:09:32,588   | DEBUG    | Received 4C:E2:FA:69:77:28: .[0m
[34m2026-02-08 00:09:32,597   | DEBUG    | Received 52:63:9C:2D:B1:88: .[0m
[34m2026-02-08 00:09:32,606   | DEBUG    | Received 58:18:68:47:FB:52: .[0m
[34m2026-02-08 00:09:32,606   | DEBUG    | Received 58:18:68:47:FB:52: .[0m
[34m2026-02-08 00:09:32,610   | DEBUG    | Received 78:42:1C:AD:CD:96: .[0m
[34m2026-02-08 00:09:32,614   | DEBUG    | Received C0:28:8D:90:7F:00: .[0m
[34m2026-02-08 00:09:32,615   | DEBUG    | Received C0:28:8D:90:7F:00: .[0m
[34m2026-02-08 00:09:32,686   | DEBUG    | 52 devices found. Watcher status: <BluetoothLEAdvertisementWatcherStatus.STOPPED: 3>.[0m
[34m2026-02-08 00:09:32,686   | DEBUG    | 	Device: Unknown (13:44:AB:48:AA:34) | UUIDs: [][0m
[34m2026-02-08 00:09:32,686   | DEBUG    | 	Device: Unknown (56:D4:74:EA:DD:F3) | UUIDs: [][0m
[34m2026-02-08 00:09:32,686   | DEBUG    | 	Device: Unknown (3D:65:93:5F:60:51) | UUIDs: [][0m
[34m2026-02-08 00:09:32,686   | DEBUG    | 	Device: Unknown (51:4E:3B:37:DE:C0) | UUIDs: [][0m
[34m2026-02-08 00:09:32,687   | DEBUG    | 	Device: Unknown (D8:4D:CE:9B:F0:46) | UUIDs: [][0m
[34m2026-02-08 00:09:32,687   | DEBUG    | 	Device: Unknown (67:1F:7E:20:22:2D) | UUIDs: [][0m
[34m2026-02-08 00:09:32,687   | DEBUG    | 	Device: Unknown (72:45:3E:84:AF:8A) | UUIDs: [][0m
[34m2026-02-08 00:09:32,687   | DEBUG    | 	Device: Unknown (48:0D:37:15:58:3D) | UUIDs: [][0m
[34m2026-02-08 00:09:32,687   | DEBUG    | 	Device: CoolingSystem LCT22002 (C8:8B:29:34:3C:F2) | UUIDs: ['6e400001-b5a3-f393-e0a9-e50e24dcca9e'][0m
[34m2026-02-08 00:09:32,687   | DEBUG    | 	Device: Unknown (4A:A4:48:A9:01:D1) | UUIDs: [][0m
[34m2026-02-08 00:09:32,687   | DEBUG    | 	Device: Unknown (68:91:B5:9B:6C:97) | UUIDs: [][0m
[34m2026-02-08 00:09:32,687   | DEBUG    | 	Device: Unknown (F3:04:82:65:E9:FA) | UUIDs: [][0m
[34m2026-02-08 00:09:32,687   | DEBUG    | 	Device: Unknown (25:C5:32:BD:0A:1A) | UUIDs: [][0m
[34m2026-02-08 00:09:32,687   | DEBUG    | 	Device: Unknown (74:20:DA:A3:B9:3D) | UUIDs: [][0m
[34m2026-02-08 00:09:32,687   | DEBUG    | 	Device: Unknown (0B:34:7B:D1:14:CD) | UUIDs: [][0m
[34m2026-02-08 00:09:32,687   | DEBUG    | 	Device: Unknown (65:42:23:3F:40:05) | UUIDs: [][0m
[34m2026-02-08 00:09:32,687   | DEBUG    | 	Device: Unknown (52:63:9C:2D:B1:88) | UUIDs: [][0m
[34m2026-02-08 00:09:32,687   | DEBUG    | 	Device: Unknown (58:18:68:47:FB:52) | UUIDs: [][0m
[34m2026-02-08 00:09:32,687   | DEBUG    | 	Device: Unknown (C0:28:8D:90:7F:00) | UUIDs: ['72daa6c3-29c2-6283-0c4a-2818e4d37e75'][0m
[34m2026-02-08 00:09:32,687   | DEBUG    | 	Device: BioCoin (C2:DA:CC:16:27:E3) | UUIDs: ['00001523-1212-efde-1523-785feabc93aa'][0m
[34m2026-02-08 00:09:32,687   | DEBUG    | 	Device: Unknown (16:34:37:35:4C:4A) | UUIDs: [][0m
[34m2026-02-08 00:09:32,687   | DEBUG    | 	Device: Unknown (54:3E:EF:97:32:DF) | UUIDs: [][0m
[34m2026-02-08 00:09:32,687   | DEBUG    | 	Device: Unknown (6D:22:88:87:F3:F7) | UUIDs: [][0m
[34m2026-02-08 00:09:32,687   | DEBUG    | 	Device: Unknown (40:DB:17:FC:02:AD) | UUIDs: [][0m
[34m2026-02-08 00:09:32,687   | DEBUG    | 	Device: Unknown (44:CA:C2:F8:E5:68) | UUIDs: [][0m
[34m2026-02-08 00:09:32,687   | DEBUG    | 	Device: Unknown (4C:49:9E:FE:00:85) | UUIDs: [][0m
[34m2026-02-08 00:09:32,687   | DEBUG    | 	Device: Unknown (F6:AB:B1:4A:45:A3) | UUIDs: [][0m
[34m2026-02-08 00:09:32,687   | DEBUG    | 	Device: Unknown (C5:28:9F:6A:77:81) | UUIDs: [][0m
[34m2026-02-08 00:09:32,687   | DEBUG    | 	Device: Unknown (7E:1B:8E:26:55:92) | UUIDs: [][0m
[34m2026-02-08 00:09:32,687   | DEBUG    | 	Device: Unknown (65:9F:A9:46:E0:1F) | UUIDs: [][0m
[34m2026-02-08 00:09:32,687   | DEBUG    | 	Device: Unknown (D0:EC:A9:29:79:38) | UUIDs: [][0m
[34m2026-02-08 00:09:32,687   | DEBUG    | 	Device: Unknown (4F:DA:BF:EA:89:5D) | UUIDs: [][0m
[34m2026-02-08 00:09:32,687   | DEBUG    | 	Device: Unknown (59:EE:25:0F:C1:25) | UUIDs: [][0m
[34m2026-02-08 00:09:32,687   | DEBUG    | 	Device: Unknown (47:AE:76:F0:61:23) | UUIDs: ['0000febe-0000-1000-8000-00805f9b34fb'][0m
[34m2026-02-08 00:09:32,687   | DEBUG    | 	Device: Unknown (74:B5:DF:B4:C7:DD) | UUIDs: [][0m
[34m2026-02-08 00:09:32,687   | DEBUG    | 	Device: Unknown (76:CC:59:79:49:B2) | UUIDs: [][0m
[34m2026-02-08 00:09:32,687   | DEBUG    | 	Device: DREOtf07bC6 (00:1C:C2:98:50:C7) | UUIDs: ['00005348-0000-1000-8000-00805f9b34fb'][0m
[34m2026-02-08 00:09:32,687   | DEBUG    | 	Device: Unknown (5C:1A:57:77:7C:62) | UUIDs: [][0m
[34m2026-02-08 00:09:32,687   | DEBUG    | 	Device: Unknown (32:E7:F5:FC:4A:53) | UUIDs: [][0m
[34m2026-02-08 00:09:32,687   | DEBUG    | 	Device: Unknown (6F:D7:19:1C:D6:52) | UUIDs: [][0m
[34m2026-02-08 00:09:32,687   | DEBUG    | 	Device: Unknown (6F:40:0B:CC:36:96) | UUIDs: [][0m
[34m2026-02-08 00:09:32,687   | DEBUG    | 	Device: Unknown (45:E4:4F:A1:0E:7E) | UUIDs: [][0m
[34m2026-02-08 00:09:32,687   | DEBUG    | 	Device: Unknown (66:91:6A:07:6C:C2) | UUIDs: ['0000fea0-0000-1000-8000-00805f9b34fb'][0m
[34m2026-02-08 00:09:32,687   | DEBUG    | 	Device: Unknown (4C:E2:FA:69:77:28) | UUIDs: [][0m
[34m2026-02-08 00:09:32,688   | DEBUG    | 	Device: LE-Mau¡¯s Bose Flex Sound (4A:42:90:FE:74:F8) | UUIDs: ['0000febe-0000-1000-8000-00805f9b34fb'][0m
[34m2026-02-08 00:09:32,688   | DEBUG    | 	Device: Unknown (5A:2F:A0:7A:F0:9C) | UUIDs: [][0m
[34m2026-02-08 00:09:32,688   | DEBUG    | 	Device: Unknown (CE:16:8D:4D:6A:40) | UUIDs: [][0m
[34m2026-02-08 00:09:32,688   | DEBUG    | 	Device: Unknown (42:83:A9:5B:2E:DE) | UUIDs: [][0m
[34m2026-02-08 00:09:32,688   | DEBUG    | 	Device: Unknown (DD:0E:04:29:1D:B7) | UUIDs: [][0m
[34m2026-02-08 00:09:32,688   | DEBUG    | 	Device: Unknown (56:2E:9C:66:E5:E4) | UUIDs: [][0m
[34m2026-02-08 00:09:32,688   | DEBUG    | 	Device: Unknown (73:9D:4D:3B:F3:7F) | UUIDs: [][0m
[34m2026-02-08 00:09:32,688   | DEBUG    | 	Device: Unknown (78:42:1C:AD:CD:96) | UUIDs: ['06aa1910-f22a-11e3-9daa-0002a5d5c51b'][0m
2026-02-08 00:09:32,689   | INFO     | Found BioCoin device at C2:DA:CC:16:27:E3![0m
[34m2026-02-08 00:09:32,714   | DEBUG    | Received 56:2E:9C:66:E5:E4: .[0m
[34m2026-02-08 00:09:32,714   | DEBUG    | Received 56:2E:9C:66:E5:E4: .[0m
[34m2026-02-08 00:09:32,722   | DEBUG    | Received C8:8B:29:34:3C:F2: CoolingSystem LCT22002.[0m
[34m2026-02-08 00:09:32,723   | DEBUG    | Received C8:8B:29:34:3C:F2: .[0m
[34m2026-02-08 00:09:32,736   | DEBUG    | Received 5D:DC:A2:84:49:A1: .[0m
[34m2026-02-08 00:09:32,841   | DEBUG    | Received 5C:1A:57:77:7C:62: .[0m
[34m2026-02-08 00:09:32,846   | DEBUG    | Received 51:4E:3B:37:DE:C0: .[0m
[34m2026-02-08 00:09:32,847   | DEBUG    | Received 51:4E:3B:37:DE:C0: .[0m
[34m2026-02-08 00:09:32,851   | DEBUG    | Received 48:0D:37:15:58:3D: .[0m
[34m2026-02-08 00:09:32,851   | DEBUG    | Received 48:0D:37:15:58:3D: .[0m
[34m2026-02-08 00:09:32,950   | DEBUG    | Received 69:2E:1E:D5:8C:D3: .[0m
[34m2026-02-08 00:09:32,959   | DEBUG    | Received 4A:42:90:FE:74:F8: .[0m
[34m2026-02-08 00:09:32,960   | DEBUG    | Received 4A:42:90:FE:74:F8: LE-Mau¡¯s Bose Flex Sound.[0m
[34m2026-02-08 00:09:33,066   | DEBUG    | Received 66:58:00:C3:9A:8F: .[0m
[34m2026-02-08 00:09:33,071   | DEBUG    | Received 74:20:DA:A3:B9:3D: .[0m
[34m2026-02-08 00:09:33,071   | DEBUG    | Received 74:20:DA:A3:B9:3D: .[0m
[34m2026-02-08 00:09:33,080   | DEBUG    | Received CD:C5:E4:67:5D:C9: .[0m
[34m2026-02-08 00:09:33,081   | DEBUG    | Received 3D:65:93:5F:60:51: .[0m
[34m2026-02-08 00:09:33,083   | DEBUG    | Received C8:8B:29:34:3C:F2: CoolingSystem LCT22002.[0m
[34m2026-02-08 00:09:33,084   | DEBUG    | Received C8:8B:29:34:3C:F2: .[0m
[34m2026-02-08 00:09:33,087   | DEBUG    | Received 48:0D:37:15:58:3D: .[0m
[34m2026-02-08 00:09:33,088   | DEBUG    | Received 48:0D:37:15:58:3D: .[0m
[34m2026-02-08 00:09:33,090   | DEBUG    | Received 51:4E:3B:37:DE:C0: .[0m
[34m2026-02-08 00:09:33,091   | DEBUG    | Received 51:4E:3B:37:DE:C0: .[0m
[34m2026-02-08 00:09:33,123   | DEBUG    | Received 51:4E:3B:37:DE:C0: .[0m
[34m2026-02-08 00:09:33,123   | DEBUG    | Received 51:4E:3B:37:DE:C0: .[0m
[34m2026-02-08 00:09:33,189   | DEBUG    | Received 48:0D:37:15:58:3D: .[0m
[34m2026-02-08 00:09:33,190   | DEBUG    | Received 48:0D:37:15:58:3D: .[0m
[34m2026-02-08 00:09:33,191   | DEBUG    | Received 51:4E:3B:37:DE:C0: .[0m
[34m2026-02-08 00:09:33,192   | DEBUG    | Received 51:4E:3B:37:DE:C0: .[0m
[34m2026-02-08 00:09:33,304   | DEBUG    | Received D1:78:1D:44:58:50: .[0m
[34m2026-02-08 00:09:33,312   | DEBUG    | Received 00:1C:C2:98:50:C7: DREOtf07bC6.[0m
[34m2026-02-08 00:09:33,313   | DEBUG    | Received 25:C5:32:BD:0A:1A: .[0m
[34m2026-02-08 00:09:33,315   | DEBUG    | Received 59:EE:25:0F:C1:25: .[0m
[34m2026-02-08 00:09:33,316   | DEBUG    | Received 13:44:AB:48:AA:34: .[0m
[34m2026-02-08 00:09:33,318   | DEBUG    | Received 6F:40:0B:CC:36:96: .[0m
[34m2026-02-08 00:09:33,319   | DEBUG    | Received 6F:40:0B:CC:36:96: .[0m
[34m2026-02-08 00:09:33,325   | DEBUG    | Received 6D:B9:EA:19:37:A7: .[0m
[34m2026-02-08 00:09:33,330   | DEBUG    | Received C2:DA:CC:16:27:E3: .[0m
[34m2026-02-08 00:09:33,331   | DEBUG    | 20 devices found. Watcher status: <BluetoothLEAdvertisementWatcherStatus.STOPPED: 3>.[0m
[34m2026-02-08 00:09:33,332   | DEBUG    | Connecting to BLE device @ C2:DA:CC:16:27:E3[0m
[34m2026-02-08 00:09:33,359   | DEBUG    | getting services (service_cache_mode=None, cache_mode=None)...[0m
[34m2026-02-08 00:09:33,536   | DEBUG    | session_status_changed_event_handler: id: BluetoothLE#BluetoothLE14:18:c3:bb:ba:ce-c2:da:cc:16:27:e3, error: <BluetoothError.SUCCESS: 0>, status: <GattSessionStatus.ACTIVE: 1>[0m
[34m2026-02-08 00:09:33,552   | DEBUG    | max_pdu_size_changed_handler: 247[0m
[34m2026-02-08 00:09:33,877   | DEBUG    | C2:DA:CC:16:27:E3: services changed[0m
[34m2026-02-08 00:09:33,909   | DEBUG    | C2:DA:CC:16:27:E3: services changed[0m
[34m2026-02-08 00:09:33,942   | DEBUG    | C2:DA:CC:16:27:E3: services changed[0m
[34m2026-02-08 00:09:33,973   | DEBUG    | C2:DA:CC:16:27:E3: services changed[0m
[34m2026-02-08 00:09:34,005   | DEBUG    | C2:DA:CC:16:27:E3: services changed[0m
[34m2026-02-08 00:09:34,035   | DEBUG    | C2:DA:CC:16:27:E3: services changed[0m
2026-02-08 00:09:34,473   | INFO     | Connected to BioCoin device at C2:DA:CC:16:27:E3.[0m
[34m2026-02-08 00:09:34,493   | DEBUG    | Read Characteristic 0022 : bytearray(b'\x15')[0m
2026-02-08 00:09:34,493   | INFO     | Battery Level: 21%[0m
2026-02-08 00:09:34,493   | INFO     | Sending IMP technique parameters...[0m
[34m2026-02-08 00:09:35,653   | DEBUG    | Read Characteristic 0026 : bytearray(b'\x00')[0m
[34m2026-02-08 00:09:35,653   | DEBUG    | Device status read: NOT_RUNNING (0)[0m
2026-02-08 00:09:35,672   | INFO     | Notification handler registered successfully.[0m
[34m2026-02-08 00:10:06,105   | DEBUG    | Received: bytearray(b'B\xfd\x11D\x00B\x04\xbc')[0m
[34m2026-02-08 00:10:06,105   | DEBUG    | Received IMP value: Mag=583.9571533203125, Phase=-0.46251308983658346[0m
2026-02-08 00:10:11,893   | INFO     | Received 1 data points from IMP.[0m
2026-02-08 00:10:11,894   | INFO     | Imp Data:
 [[ 5.83957153e+02 -4.62513090e-01]][0m
[34m2026-02-08 00:10:11,895   | DEBUG    | Disconnecting from BLE device...[0m
2026-02-08 00:10:12,002   | INFO     | Disconnected from BioCoin device.[0m
